#
# There is insufficient memory for the Java Runtime Environment to continue.
# Native memory allocation (malloc) failed to allocate 170917888 bytes for committing reserved memory.
# Possible reasons:
#   The system is out of physical RAM or swap space
#   In 32 bit mode, the process size limit was hit
# Possible solutions:
#   Reduce memory load on the system
#   Increase physical memory or swap space
#   Check if swap backing store is full
#   Use 64 bit Java on a 64 bit OS
#   Decrease Java heap size (-Xmx/-Xms)
#   Decrease number of Java threads
#   Decrease Java thread stack sizes (-Xss)
#   Set larger code cache with -XX:ReservedCodeCacheSize=
# This output file may be truncated or incomplete.
#
#  Out of Memory Error (os_linux.cpp:2827), pid=11189, tid=139676060628736
#
# JRE version: OpenJDK Runtime Environment (7.0_95) (build 1.7.0_95-b00)
# Java VM: OpenJDK 64-Bit Server VM (24.95-b01 mixed mode linux-amd64 compressed oops)
# Derivative: IcedTea 2.6.4
# Distribution: Ubuntu 15.10, package 7u95-2.6.4-0ubuntu0.15.10.2
# Failed to write core dump. Core dumps have been disabled. To enable core dumping, try "ulimit -c unlimited" before starting Java again
#

---------------  T H R E A D  ---------------

Current thread (0x00007f08e4076000):  VMThread [stack: 0x00007f08ddea3000,0x00007f08ddfa4000] [id=11198]

Stack: [0x00007f08ddea3000,0x00007f08ddfa4000],  sp=0x00007f08ddfa24f0,  free space=1021k
Native frames: (J=compiled Java code, j=interpreted, Vv=VM code, C=native code)
V  [libjvm.so+0x9948f3]
V  [libjvm.so+0x48a9df]
V  [libjvm.so+0x80143b]
V  [libjvm.so+0x7fb82e]
V  [libjvm.so+0x871c4b]
V  [libjvm.so+0x873593]
V  [libjvm.so+0x86f818]
V  [libjvm.so+0x86fafc]
V  [libjvm.so+0x824df3]
V  [libjvm.so+0x996392]
V  [libjvm.so+0x99b0d7]
V  [libjvm.so+0x998968]
V  [libjvm.so+0x999cdf]
V  [libjvm.so+0x99a1d1]
V  [libjvm.so+0x7fe362]

VM_Operation (0x00007f08ab3470f0): ParallelGCFailedAllocation, mode: safepoint, requested by thread 0x00007f08e4192800


---------------  P R O C E S S  ---------------

Java Threads: ( => current thread )
  0x00007f08e4196800 JavaThread "pool-1-thread-4" [_thread_blocked, id=11216, stack(0x00007f08ab046000,0x00007f08ab147000)]
  0x00007f08e4194800 JavaThread "pool-1-thread-3" [_thread_blocked, id=11215, stack(0x00007f08ab147000,0x00007f08ab248000)]
  0x00007f08e4192800 JavaThread "pool-1-thread-2" [_thread_blocked, id=11213, stack(0x00007f08ab248000,0x00007f08ab349000)]
  0x00007f08e4191800 JavaThread "pool-2-thread-1" [_thread_blocked, id=11212, stack(0x00007f08ab349000,0x00007f08ab44a000)]
  0x00007f08e418f800 JavaThread "pool-1-thread-1" [_thread_blocked, id=11211, stack(0x00007f08dc073000,0x00007f08dc174000)]
  0x00007f08e40b1000 JavaThread "Service Thread" daemon [_thread_blocked, id=11204, stack(0x00007f08dd1ba000,0x00007f08dd2bb000)]
  0x00007f08e40ae800 JavaThread "C2 CompilerThread1" daemon [_thread_blocked, id=11203, stack(0x00007f08dd2bb000,0x00007f08dd3bc000)]
  0x00007f08e40ab800 JavaThread "C2 CompilerThread0" daemon [_thread_blocked, id=11202, stack(0x00007f08dd3bc000,0x00007f08dd4bd000)]
  0x00007f08e40a9000 JavaThread "Signal Dispatcher" daemon [_thread_blocked, id=11201, stack(0x00007f08dd4bd000,0x00007f08dd5be000)]
  0x00007f08e407c800 JavaThread "Finalizer" daemon [_thread_blocked, id=11200, stack(0x00007f08ddca1000,0x00007f08ddda2000)]
  0x00007f08e407a800 JavaThread "Reference Handler" daemon [_thread_blocked, id=11199, stack(0x00007f08ddda2000,0x00007f08ddea3000)]
  0x00007f08e400a000 JavaThread "main" [_thread_blocked, id=11191, stack(0x00007f08ec65b000,0x00007f08ec75c000)]

Other Threads:
=>0x00007f08e4076000 VMThread [stack: 0x00007f08ddea3000,0x00007f08ddfa4000] [id=11198]
  0x00007f08e40bb800 WatcherThread [stack: 0x00007f08dd0b9000,0x00007f08dd1ba000] [id=11205]

VM state:at safepoint (normal execution)

VM Mutex/Monitor currently owned by a thread:  ([mutex/lock_event])
[0x00007f08e4006930] Threads_lock - owner thread: 0x00007f08e4076000
[0x00007f08e4006e30] Heap_lock - owner thread: 0x00007f08e4192800

Heap
 PSYoungGen      total 130048K, used 5106K [0x00000000eaa80000, 0x00000000f2e80000, 0x0000000100000000)
  eden space 124928K, 0% used [0x00000000eaa80000,0x00000000eaa80000,0x00000000f2480000)
  from space 5120K, 99% used [0x00000000f2480000,0x00000000f297c8b8,0x00000000f2980000)
  to   space 5120K, 0% used [0x00000000f2980000,0x00000000f2980000,0x00000000f2e80000)
 ParOldGen       total 82944K, used 43287K [0x00000000c0000000, 0x00000000c5100000, 0x00000000eaa80000)
  object space 82944K, 52% used [0x00000000c0000000,0x00000000c2a45e68,0x00000000c5100000)
 PSPermGen       total 21504K, used 6224K [0x00000000b5a00000, 0x00000000b6f00000, 0x00000000c0000000)
  object space 21504K, 28% used [0x00000000b5a00000,0x00000000b60140c0,0x00000000b6f00000)

Card table byte_map: [0x00007f08e8f99000,0x00007f08e91ed000] byte_map_base: 0x00007f08e89ec000

Polling page: 0x00007f08ec77d000

Code Cache  [0x00007f08e1000000, 0x00007f08e1270000, 0x00007f08e4000000)
 total_blobs=626 nmethods=396 adapters=184 free_code_cache=47511Kb largest_free_block=48546176

Compilation events (10 events):
Event: 22.888 Thread 0x00007f08e40ae800 nmethod 407 0x00007f08e10e6990 code [0x00007f08e10e6ae0, 0x00007f08e10e6b98]
Event: 22.888 Thread 0x00007f08e40ae800  408             com.android.dx.cf.attrib.AttCode::getCatches (5 bytes)
Event: 22.889 Thread 0x00007f08e40ae800 nmethod 408 0x00007f08e10e6790 code [0x00007f08e10e68c0, 0x00007f08e10e6918]
Event: 22.889 Thread 0x00007f08e40ae800  409             com.android.dx.cf.code.ConcreteMethod::getCatches (8 bytes)
Event: 22.889 Thread 0x00007f08e40ae800 nmethod 409 0x00007f08e10e6550 code [0x00007f08e10e6680, 0x00007f08e10e66f8]
Event: 22.889 Thread 0x00007f08e40ae800  410             com.android.dx.ssa.LocalVariableExtractor::doit (59 bytes)
Event: 22.927 Thread 0x00007f08e40ae800 nmethod 410 0x00007f08e10e5d90 code [0x00007f08e10e5f00, 0x00007f08e10e6248]
Event: 22.927 Thread 0x00007f08e40ae800  411             java.util.ArrayList::removeRange (75 bytes)
Event: 23.031 Thread 0x00007f08e40ae800 nmethod 411 0x00007f08e117d850 code [0x00007f08e117d9a0, 0x00007f08e117db18]
Event: 23.031 Thread 0x00007f08e40ae800  412             com.android.dx.ssa.SsaBasicBlock::<init> (109 bytes)

GC Heap History (9 events):
Event: 3.480 GC heap before
{Heap before GC invocations=1 (full 0):
 PSYoungGen      total 36352K, used 31232K [0x00000000eaa80000, 0x00000000ed300000, 0x0000000100000000)
  eden space 31232K, 100% used [0x00000000eaa80000,0x00000000ec900000,0x00000000ec900000)
  from space 5120K, 0% used [0x00000000ece00000,0x00000000ece00000,0x00000000ed300000)
  to   space 5120K, 0% used [0x00000000ec900000,0x00000000ec900000,0x00000000ece00000)
 ParOldGen       total 82944K, used 0K [0x00000000c0000000, 0x00000000c5100000, 0x00000000eaa80000)
  object space 82944K, 0% used [0x00000000c0000000,0x00000000c0000000,0x00000000c5100000)
 PSPermGen       total 21504K, used 5965K [0x00000000b5a00000, 0x00000000b6f00000, 0x00000000c0000000)
  object space 21504K, 27% used [0x00000000b5a00000,0x00000000b5fd3798,0x00000000b6f00000)
Event: 3.522 GC heap after
Heap after GC invocations=1 (full 0):
 PSYoungGen      total 36352K, used 5095K [0x00000000eaa80000, 0x00000000ef180000, 0x0000000100000000)
  eden space 31232K, 0% used [0x00000000eaa80000,0x00000000eaa80000,0x00000000ec900000)
  from space 5120K, 99% used [0x00000000ec900000,0x00000000ecdf9c88,0x00000000ece00000)
  to   space 5120K, 0% used [0x00000000eec80000,0x00000000eec80000,0x00000000ef180000)
 ParOldGen       total 82944K, used 1225K [0x00000000c0000000, 0x00000000c5100000, 0x00000000eaa80000)
  object space 82944K, 1% used [0x00000000c0000000,0x00000000c01325e0,0x00000000c5100000)
 PSPermGen       total 21504K, used 5965K [0x00000000b5a00000, 0x00000000b6f00000, 0x00000000c0000000)
  object space 21504K, 27% used [0x00000000b5a00000,0x00000000b5fd3798,0x00000000b6f00000)
}
Event: 5.955 GC heap before
{Heap before GC invocations=2 (full 0):
 PSYoungGen      total 36352K, used 36327K [0x00000000eaa80000, 0x00000000ef180000, 0x0000000100000000)
  eden space 31232K, 100% used [0x00000000eaa80000,0x00000000ec900000,0x00000000ec900000)
  from space 5120K, 99% used [0x00000000ec900000,0x00000000ecdf9c88,0x00000000ece00000)
  to   space 5120K, 0% used [0x00000000eec80000,0x00000000eec80000,0x00000000ef180000)
 ParOldGen       total 82944K, used 1225K [0x00000000c0000000, 0x00000000c5100000, 0x00000000eaa80000)
  object space 82944K, 1% used [0x00000000c0000000,0x00000000c01325e0,0x00000000c5100000)
 PSPermGen       total 21504K, used 6057K [0x00000000b5a00000, 0x00000000b6f00000, 0x00000000c0000000)
  object space 21504K, 28% used [0x00000000b5a00000,0x00000000b5fea480,0x00000000b6f00000)
Event: 6.028 GC heap after
Heap after GC invocations=2 (full 0):
 PSYoungGen      total 67584K, used 5112K [0x00000000eaa80000, 0x00000000ef180000, 0x0000000100000000)
  eden space 62464K, 0% used [0x00000000eaa80000,0x00000000eaa80000,0x00000000ee780000)
  from space 5120K, 99% used [0x00000000eec80000,0x00000000ef17e348,0x00000000ef180000)
  to   space 5120K, 0% used [0x00000000ee780000,0x00000000ee780000,0x00000000eec80000)
 ParOldGen       total 82944K, used 5270K [0x00000000c0000000, 0x00000000c5100000, 0x00000000eaa80000)
  object space 82944K, 6% used [0x00000000c0000000,0x00000000c0525b90,0x00000000c5100000)
 PSPermGen       total 21504K, used 6057K [0x00000000b5a00000, 0x00000000b6f00000, 0x00000000c0000000)
  object space 21504K, 28% used [0x00000000b5a00000,0x00000000b5fea480,0x00000000b6f00000)
}
Event: 15.511 GC heap before
{Heap before GC invocations=3 (full 0):
 PSYoungGen      total 67584K, used 67576K [0x00000000eaa80000, 0x00000000ef180000, 0x0000000100000000)
  eden space 62464K, 100% used [0x00000000eaa80000,0x00000000ee780000,0x00000000ee780000)
  from space 5120K, 99% used [0x00000000eec80000,0x00000000ef17e348,0x00000000ef180000)
  to   space 5120K, 0% used [0x00000000ee780000,0x00000000ee780000,0x00000000eec80000)
 ParOldGen       total 82944K, used 5270K [0x00000000c0000000, 0x00000000c5100000, 0x00000000eaa80000)
  object space 82944K, 6% used [0x00000000c0000000,0x00000000c0525b90,0x00000000c5100000)
 PSPermGen       total 21504K, used 6116K [0x00000000b5a00000, 0x00000000b6f00000, 0x00000000c0000000)
  object space 21504K, 28% used [0x00000000b5a00000,0x00000000b5ff91e8,0x00000000b6f00000)
Event: 15.708 GC heap after
Heap after GC invocations=3 (full 0):
 PSYoungGen      total 67584K, used 5110K [0x00000000eaa80000, 0x00000000f2e80000, 0x0000000100000000)
  eden space 62464K, 0% used [0x00000000eaa80000,0x00000000eaa80000,0x00000000ee780000)
  from space 5120K, 99% used [0x00000000ee780000,0x00000000eec7d8f8,0x00000000eec80000)
  to   space 5120K, 0% used [0x00000000f2980000,0x00000000f2980000,0x00000000f2e80000)
 ParOldGen       total 82944K, used 13660K [0x00000000c0000000, 0x00000000c5100000, 0x00000000eaa80000)
  object space 82944K, 16% used [0x00000000c0000000,0x00000000c0d57278,0x00000000c5100000)
 PSPermGen       total 21504K, used 6116K [0x00000000b5a00000, 0x00000000b6f00000, 0x00000000c0000000)
  object space 21504K, 28% used [0x00000000b5a00000,0x00000000b5ff91e8,0x00000000b6f00000)
}
Event: 17.976 GC heap before
{Heap before GC invocations=4 (full 0):
 PSYoungGen      total 67584K, used 67574K [0x00000000eaa80000, 0x00000000f2e80000, 0x0000000100000000)
  eden space 62464K, 100% used [0x00000000eaa80000,0x00000000ee780000,0x00000000ee780000)
  from space 5120K, 99% used [0x00000000ee780000,0x00000000eec7d8f8,0x00000000eec80000)
  to   space 5120K, 0% used [0x00000000f2980000,0x00000000f2980000,0x00000000f2e80000)
 ParOldGen       total 82944K, used 13660K [0x00000000c0000000, 0x00000000c5100000, 0x00000000eaa80000)
  object space 82944K, 16% used [0x00000000c0000000,0x00000000c0d57278,0x00000000c5100000)
 PSPermGen       total 21504K, used 6158K [0x00000000b5a00000, 0x00000000b6f00000, 0x00000000c0000000)
  object space 21504K, 28% used [0x00000000b5a00000,0x00000000b6003978,0x00000000b6f00000)
Event: 18.131 GC heap after
Heap after GC invocations=4 (full 0):
 PSYoungGen      total 130048K, used 5112K [0x00000000eaa80000, 0x00000000f2e80000, 0x0000000100000000)
  eden space 124928K, 0% used [0x00000000eaa80000,0x00000000eaa80000,0x00000000f2480000)
  from space 5120K, 99% used [0x00000000f2980000,0x00000000f2e7e110,0x00000000f2e80000)
  to   space 5120K, 0% used [0x00000000f2480000,0x00000000f2480000,0x00000000f2980000)
 ParOldGen       total 82944K, used 23753K [0x00000000c0000000, 0x00000000c5100000, 0x00000000eaa80000)
  object space 82944K, 28% used [0x00000000c0000000,0x00000000c1732630,0x00000000c5100000)
 PSPermGen       total 21504K, used 6158K [0x00000000b5a00000, 0x00000000b6f00000, 0x00000000c0000000)
  object space 21504K, 28% used [0x00000000b5a00000,0x00000000b6003978,0x00000000b6f00000)
}
Event: 36.263 GC heap before
{Heap before GC invocations=5 (full 0):
 PSYoungGen      total 130048K, used 130040K [0x00000000eaa80000, 0x00000000f2e80000, 0x0000000100000000)
  eden space 124928K, 100% used [0x00000000eaa80000,0x00000000f2480000,0x00000000f2480000)
  from space 5120K, 99% used [0x00000000f2980000,0x00000000f2e7e110,0x00000000f2e80000)
  to   space 5120K, 0% used [0x00000000f2480000,0x00000000f2480000,0x00000000f2980000)
 ParOldGen       total 82944K, used 23753K [0x00000000c0000000, 0x00000000c5100000, 0x00000000eaa80000)
  object space 82944K, 28% used [0x00000000c0000000,0x00000000c1732630,0x00000000c5100000)
 PSPermGen       total 21504K, used 6224K [0x00000000b5a00000, 0x00000000b6f00000, 0x00000000c0000000)
  object space 21504K, 28% used [0x00000000b5a00000,0x00000000b60140c0,0x00000000b6f00000)

Deoptimization events (10 events):
Event: 14.942 Thread 0x00007f08e400a000 Uncommon trap: reason=bimorphic action=maybe_recompile pc=0x00007f08e1120594 method=com.android.dx.cf.code.BytecodeArray.parseInstruction(ILcom/android/dx/cf/code/BytecodeArray$Visitor;)I @ 2135
Event: 17.586 Thread 0x00007f08e4192800 Uncommon trap: reason=unstable_if action=reinterpret pc=0x00007f08e10e9cd8 method=com.android.dx.ssa.SCCP.simulateBranch(Lcom/android/dx/ssa/SsaInsn;)V @ 64
Event: 18.263 Thread 0x00007f08e4194800 Uncommon trap: reason=unstable_if action=reinterpret pc=0x00007f08e113e678 method=com.android.dx.cf.code.Ropper.processBlock(Lcom/android/dx/cf/code/ByteBlock;Lcom/android/dx/cf/code/Frame;[I)V @ 413
Event: 18.263 Thread 0x00007f08e4194800 Uncommon trap: reason=unstable_if action=reinterpret pc=0x00007f08e10de734 method=com.android.dx.util.IntList.binarysearch(I)I @ 105
Event: 18.283 Thread 0x00007f08e4194800 Uncommon trap: reason=unstable_if action=reinterpret pc=0x00007f08e1106fb4 method=com.android.dx.ssa.SsaBasicBlock.newFromRop(Lcom/android/dx/rop/code/RopMethod;ILcom/android/dx/ssa/SsaMethod;)Lcom/android/dx/ssa/SsaBasicBlock; @ 164
Event: 18.289 Thread 0x00007f08e4194800 Uncommon trap: reason=unstable_if action=reinterpret pc=0x00007f08e111a824 method=com.android.dx.ssa.SsaMethod.blockIndexToRopLabel(I)I @ 1
Event: 20.788 Thread 0x00007f08e4196800 Uncommon trap: reason=unstable_if action=reinterpret pc=0x00007f08e106e0b4 method=com.android.dx.util.IntList.binarysearch(I)I @ 105
Event: 20.844 Thread 0x00007f08e4196800 Uncommon trap: reason=unstable_if action=reinterpret pc=0x00007f08e1130298 method=com.android.dx.ssa.SCCP.simulateStmt(Lcom/android/dx/ssa/SsaInsn;)V @ 59
Event: 21.270 Thread 0x00007f08e4196800 Uncommon trap: reason=unstable_if action=reinterpret pc=0x00007f08e1195f94 method=java.util.BitSet.ensureCapacity(I)V @ 6
Event: 25.775 Thread 0x00007f08e4194800 Uncommon trap: reason=class_check action=maybe_recompile pc=0x00007f08e11643a0 method=com.android.dx.ssa.SCCP.replaceConstants()V @ 127

Internal exceptions (10 events):
Event: 2.176 Thread 0x00007f08e4196800 Threw 0x00000000ebb063a0 at /build/openjdk-7-UoaBYD/openjdk-7-7u95-2.6.4/build/openjdk/hotspot/src/share/vm/prims/jvm.cpp:1322
Event: 3.319 Thread 0x00007f08e418f800 Implicit null exception at 0x00007f08e10a61a0 to 0x00007f08e10a6ccd
Event: 3.579 Thread 0x00007f08e400a000 Implicit null exception at 0x00007f08e1099a23 to 0x00007f08e109a199
Event: 3.742 Thread 0x00007f08e400a000 Threw 0x00000000ead15230 at /build/openjdk-7-UoaBYD/openjdk-7-7u95-2.6.4/build/openjdk/hotspot/src/share/vm/prims/jvm.cpp:1322
Event: 4.219 Thread 0x00007f08e400a000 Threw 0x00000000eb2ee4d0 at /build/openjdk-7-UoaBYD/openjdk-7-7u95-2.6.4/build/openjdk/hotspot/src/share/vm/prims/jvm.cpp:1322
Event: 12.826 Thread 0x00007f08e400a000 Implicit null exception at 0x00007f08e1090892 to 0x00007f08e1090983
Event: 13.827 Thread 0x00007f08e4192800 Threw 0x00000000ed2089b0 at /build/openjdk-7-UoaBYD/openjdk-7-7u95-2.6.4/build/openjdk/hotspot/src/share/vm/prims/jvm.cpp:1322
Event: 14.666 Thread 0x00007f08e400a000 Threw 0x00000000edde3220 at /build/openjdk-7-UoaBYD/openjdk-7-7u95-2.6.4/build/openjdk/hotspot/src/share/vm/prims/jvm.cpp:1322
Event: 17.378 Thread 0x00007f08e400a000 Threw 0x00000000ed1977b8 at /build/openjdk-7-UoaBYD/openjdk-7-7u95-2.6.4/build/openjdk/hotspot/src/share/vm/prims/jvm.cpp:1322
Event: 17.596 Thread 0x00007f08e4192800 Threw 0x00000000ed91e6a8 at /build/openjdk-7-UoaBYD/openjdk-7-7u95-2.6.4/build/openjdk/hotspot/src/share/vm/prims/jvm.cpp:1322

Events (10 events):
Event: 21.269 Thread 0x00007f08e4196800 Uncommon trap: trap_request=0xffffff75 fr.pc=0x00007f08e1195f94
Event: 21.270 Thread 0x00007f08e4196800 DEOPT PACKING pc=0x00007f08e1195f94 sp=0x00007f08ab145200
Event: 21.270 Thread 0x00007f08e4196800 DEOPT UNPACKING pc=0x00007f08e1039045 sp=0x00007f08ab145010 mode 2
Event: 21.300 Thread 0x00007f08e40ab800 flushing nmethod 0x00007f08e1090710
Event: 21.775 Thread 0x00007f08e40ab800 flushing nmethod 0x00007f08e10dfd50
Event: 22.867 Thread 0x00007f08e40ae800 flushing nmethod 0x00007f08e111e0d0
Event: 23.476 Thread 0x00007f08e4194800 Uncommon trap: trap_request=0xffffffde fr.pc=0x00007f08e11643a0
Event: 29.869 Thread 0x00007f08e4194800 DEOPT PACKING pc=0x00007f08e11643a0 sp=0x00007f08ab246260
Event: 29.872 Thread 0x00007f08e4194800 DEOPT UNPACKING pc=0x00007f08e1039045 sp=0x00007f08ab2461c8 mode 2
Event: 29.899 Executing VM operation: ParallelGCFailedAllocation


Dynamic libraries:
00400000-00401000 r-xp 00000000 08:06 1065180                            /usr/lib/jvm/java-7-openjdk-amd64/jre/bin/java
00600000-00601000 r--p 00000000 08:06 1065180                            /usr/lib/jvm/java-7-openjdk-amd64/jre/bin/java
00601000-00602000 rw-p 00001000 08:06 1065180                            /usr/lib/jvm/java-7-openjdk-amd64/jre/bin/java
01fbd000-01fde000 rw-p 00000000 00:00 0                                  [heap]
b5a00000-b6f00000 rw-p 00000000 00:00 0 
b6f00000-c0000000 rw-p 00000000 00:00 0 
c0000000-c5100000 rw-p 00000000 00:00 0 
c5100000-eaa80000 rw-p 00000000 00:00 0 
eaa80000-f2e80000 rw-p 00000000 00:00 0 
fd180000-100000000 rw-p 00000000 00:00 0 
7f0894000000-7f0894021000 rw-p 00000000 00:00 0 
7f0894021000-7f0898000000 ---p 00000000 00:00 0 
7f0898000000-7f089802c000 rw-p 00000000 00:00 0 
7f089802c000-7f089c000000 ---p 00000000 00:00 0 
7f089c000000-7f089c021000 rw-p 00000000 00:00 0 
7f089c021000-7f08a0000000 ---p 00000000 00:00 0 
7f08a0000000-7f08a0030000 rw-p 00000000 00:00 0 
7f08a0030000-7f08a4000000 ---p 00000000 00:00 0 
7f08a4000000-7f08a4022000 rw-p 00000000 00:00 0 
7f08a4022000-7f08a8000000 ---p 00000000 00:00 0 
7f08ab046000-7f08ab049000 ---p 00000000 00:00 0 
7f08ab049000-7f08ab147000 rw-p 00000000 00:00 0                          [stack:11216]
7f08ab147000-7f08ab14a000 ---p 00000000 00:00 0 
7f08ab14a000-7f08ab248000 rw-p 00000000 00:00 0                          [stack:11215]
7f08ab248000-7f08ab24b000 ---p 00000000 00:00 0 
7f08ab24b000-7f08ab349000 rw-p 00000000 00:00 0                          [stack:11213]
7f08ab349000-7f08ab34c000 ---p 00000000 00:00 0 
7f08ab34c000-7f08ab74b000 rw-p 00000000 00:00 0                          [stack:11212]
7f08ab74b000-7f08ab7b7000 r-xp 00000000 08:06 4484047                    /lib/x86_64-linux-gnu/libpcre.so.3.13.1
7f08ab7b7000-7f08ab9b7000 ---p 0006c000 08:06 4484047                    /lib/x86_64-linux-gnu/libpcre.so.3.13.1
7f08ab9b7000-7f08ab9b8000 r--p 0006c000 08:06 4484047                    /lib/x86_64-linux-gnu/libpcre.so.3.13.1
7f08ab9b8000-7f08ab9b9000 rw-p 0006d000 08:06 4484047                    /lib/x86_64-linux-gnu/libpcre.so.3.13.1
7f08ab9b9000-7f08ab9c0000 r-xp 00000000 08:06 535049                     /usr/lib/x86_64-linux-gnu/libffi.so.6.0.4
7f08ab9c0000-7f08abbbf000 ---p 00007000 08:06 535049                     /usr/lib/x86_64-linux-gnu/libffi.so.6.0.4
7f08abbbf000-7f08abbc0000 r--p 00006000 08:06 535049                     /usr/lib/x86_64-linux-gnu/libffi.so.6.0.4
7f08abbc0000-7f08abbc1000 rw-p 00007000 08:06 535049                     /usr/lib/x86_64-linux-gnu/libffi.so.6.0.4
7f08abbc1000-7f08abbd8000 r-xp 00000000 08:06 4473596                    /lib/x86_64-linux-gnu/libresolv-2.21.so
7f08abbd8000-7f08abdd8000 ---p 00017000 08:06 4473596                    /lib/x86_64-linux-gnu/libresolv-2.21.so
7f08abdd8000-7f08abdd9000 r--p 00017000 08:06 4473596                    /lib/x86_64-linux-gnu/libresolv-2.21.so
7f08abdd9000-7f08abdda000 rw-p 00018000 08:06 4473596                    /lib/x86_64-linux-gnu/libresolv-2.21.so
7f08abdda000-7f08abddc000 rw-p 00000000 00:00 0 
7f08abddc000-7f08abdfd000 r-xp 00000000 08:06 4469960                    /lib/x86_64-linux-gnu/libselinux.so.1
7f08abdfd000-7f08abffc000 ---p 00021000 08:06 4469960                    /lib/x86_64-linux-gnu/libselinux.so.1
7f08abffc000-7f08abffd000 r--p 00020000 08:06 4469960                    /lib/x86_64-linux-gnu/libselinux.so.1
7f08abffd000-7f08abffe000 rw-p 00021000 08:06 4469960                    /lib/x86_64-linux-gnu/libselinux.so.1
7f08abffe000-7f08ac000000 rw-p 00000000 00:00 0 
7f08ac000000-7f08ac021000 rw-p 00000000 00:00 0 
7f08ac021000-7f08b0000000 ---p 00000000 00:00 0 
7f08b0000000-7f08b0021000 rw-p 00000000 00:00 0 
7f08b0021000-7f08b4000000 ---p 00000000 00:00 0 
7f08b4000000-7f08b50ab000 rw-p 00000000 00:00 0 
7f08b50ab000-7f08b8000000 ---p 00000000 00:00 0 
7f08b8000000-7f08b9875000 rw-p 00000000 00:00 0 
7f08b9875000-7f08bc000000 ---p 00000000 00:00 0 
7f08bc000000-7f08bc021000 rw-p 00000000 00:00 0 
7f08bc021000-7f08c0000000 ---p 00000000 00:00 0 
7f08c0000000-7f08c0021000 rw-p 00000000 00:00 0 
7f08c0021000-7f08c4000000 ---p 00000000 00:00 0 
7f08c4000000-7f08c4021000 rw-p 00000000 00:00 0 
7f08c4021000-7f08c8000000 ---p 00000000 00:00 0 
7f08c8000000-7f08c8021000 rw-p 00000000 00:00 0 
7f08c8021000-7f08cc000000 ---p 00000000 00:00 0 
7f08cc000000-7f08cc021000 rw-p 00000000 00:00 0 
7f08cc021000-7f08d0000000 ---p 00000000 00:00 0 
7f08d0000000-7f08d0021000 rw-p 00000000 00:00 0 
7f08d0021000-7f08d4000000 ---p 00000000 00:00 0 
7f08d4000000-7f08d4021000 rw-p 00000000 00:00 0 
7f08d4021000-7f08d8000000 ---p 00000000 00:00 0 
7f08d8000000-7f08d8021000 rw-p 00000000 00:00 0 
7f08d8021000-7f08dc000000 ---p 00000000 00:00 0 
7f08dc073000-7f08dc076000 ---p 00000000 00:00 0 
7f08dc076000-7f08dc174000 rw-p 00000000 00:00 0                          [stack:11211]
7f08dc174000-7f08dc177000 r-xp 00000000 08:06 525735                     /usr/lib/x86_64-linux-gnu/libgmodule-2.0.so.0.4600.2
7f08dc177000-7f08dc376000 ---p 00003000 08:06 525735                     /usr/lib/x86_64-linux-gnu/libgmodule-2.0.so.0.4600.2
7f08dc376000-7f08dc377000 r--p 00002000 08:06 525735                     /usr/lib/x86_64-linux-gnu/libgmodule-2.0.so.0.4600.2
7f08dc377000-7f08dc378000 rw-p 00003000 08:06 525735                     /usr/lib/x86_64-linux-gnu/libgmodule-2.0.so.0.4600.2
7f08dc378000-7f08dc485000 r-xp 00000000 08:06 4472394                    /lib/x86_64-linux-gnu/libglib-2.0.so.0.4600.2
7f08dc485000-7f08dc684000 ---p 0010d000 08:06 4472394                    /lib/x86_64-linux-gnu/libglib-2.0.so.0.4600.2
7f08dc684000-7f08dc685000 r--p 0010c000 08:06 4472394                    /lib/x86_64-linux-gnu/libglib-2.0.so.0.4600.2
7f08dc685000-7f08dc686000 rw-p 0010d000 08:06 4472394                    /lib/x86_64-linux-gnu/libglib-2.0.so.0.4600.2
7f08dc686000-7f08dc687000 rw-p 00000000 00:00 0 
7f08dc687000-7f08dc6d9000 r-xp 00000000 08:06 525738                     /usr/lib/x86_64-linux-gnu/libgobject-2.0.so.0.4600.2
7f08dc6d9000-7f08dc8d8000 ---p 00052000 08:06 525738                     /usr/lib/x86_64-linux-gnu/libgobject-2.0.so.0.4600.2
7f08dc8d8000-7f08dc8d9000 r--p 00051000 08:06 525738                     /usr/lib/x86_64-linux-gnu/libgobject-2.0.so.0.4600.2
7f08dc8d9000-7f08dc8da000 rw-p 00052000 08:06 525738                     /usr/lib/x86_64-linux-gnu/libgobject-2.0.so.0.4600.2
7f08dc8da000-7f08dca54000 r-xp 00000000 08:06 525717                     /usr/lib/x86_64-linux-gnu/libgio-2.0.so.0.4600.2
7f08dca54000-7f08dcc53000 ---p 0017a000 08:06 525717                     /usr/lib/x86_64-linux-gnu/libgio-2.0.so.0.4600.2
7f08dcc53000-7f08dcc57000 r--p 00179000 08:06 525717                     /usr/lib/x86_64-linux-gnu/libgio-2.0.so.0.4600.2
7f08dcc57000-7f08dcc59000 rw-p 0017d000 08:06 525717                     /usr/lib/x86_64-linux-gnu/libgio-2.0.so.0.4600.2
7f08dcc59000-7f08dcc5b000 rw-p 00000000 00:00 0 
7f08dcc78000-7f08dcc8f000 r-xp 00000000 08:06 1065268                    /usr/lib/jvm/java-7-openjdk-amd64/jre/lib/amd64/libnet.so
7f08dcc8f000-7f08dce8f000 ---p 00017000 08:06 1065268                    /usr/lib/jvm/java-7-openjdk-amd64/jre/lib/amd64/libnet.so
7f08dce8f000-7f08dce90000 r--p 00017000 08:06 1065268                    /usr/lib/jvm/java-7-openjdk-amd64/jre/lib/amd64/libnet.so
7f08dce90000-7f08dce91000 rw-p 00018000 08:06 1065268                    /usr/lib/jvm/java-7-openjdk-amd64/jre/lib/amd64/libnet.so
7f08dce91000-7f08dcea2000 r-xp 00000000 08:06 1065289                    /usr/lib/jvm/java-7-openjdk-amd64/jre/lib/amd64/libnio.so
7f08dcea2000-7f08dd0a1000 ---p 00011000 08:06 1065289                    /usr/lib/jvm/java-7-openjdk-amd64/jre/lib/amd64/libnio.so
7f08dd0a1000-7f08dd0a2000 r--p 00010000 08:06 1065289                    /usr/lib/jvm/java-7-openjdk-amd64/jre/lib/amd64/libnio.so
7f08dd0a2000-7f08dd0a3000 rw-p 00011000 08:06 1065289                    /usr/lib/jvm/java-7-openjdk-amd64/jre/lib/amd64/libnio.so
7f08dd0a3000-7f08dd0b9000 r--s 000f1000 08:06 2914791                    /home/prajit/AndroidStudioProjects/QMS/app/build/intermediates/exploded-aar/com.android.support/support-v4/23.3.0/jars/classes.jar
7f08dd0b9000-7f08dd0ba000 ---p 00000000 00:00 0 
7f08dd0ba000-7f08dd1ba000 rw-p 00000000 00:00 0                          [stack:11205]
7f08dd1ba000-7f08dd1bd000 ---p 00000000 00:00 0 
7f08dd1bd000-7f08dd2bb000 rw-p 00000000 00:00 0                          [stack:11204]
7f08dd2bb000-7f08dd2be000 ---p 00000000 00:00 0 
7f08dd2be000-7f08dd3bc000 rw-p 00000000 00:00 0                          [stack:11203]
7f08dd3bc000-7f08dd3bf000 ---p 00000000 00:00 0 
7f08dd3bf000-7f08dd4bd000 rw-p 00000000 00:00 0                          [stack:11202]
7f08dd4bd000-7f08dd4c0000 ---p 00000000 00:00 0 
7f08dd4c0000-7f08dd5be000 rw-p 00000000 00:00 0                          [stack:11201]
7f08dd5be000-7f08ddca1000 r--p 00000000 08:06 533298                     /usr/lib/locale/locale-archive
7f08ddca1000-7f08ddca4000 ---p 00000000 00:00 0 
7f08ddca4000-7f08ddda2000 rw-p 00000000 00:00 0                          [stack:11200]
7f08ddda2000-7f08ddda5000 ---p 00000000 00:00 0 
7f08ddda5000-7f08ddea3000 rw-p 00000000 00:00 0                          [stack:11199]
7f08ddea3000-7f08ddea4000 ---p 00000000 00:00 0 
7f08ddea4000-7f08e1000000 rw-p 00000000 00:00 0                          [stack:11198]
7f08e1000000-7f08e1270000 rwxp 00000000 00:00 0 
7f08e1270000-7f08e41d6000 rw-p 00000000 00:00 0 
7f08e41d6000-7f08e8000000 ---p 00000000 00:00 0 
7f08e800b000-7f08e801a000 r--s 000df000 08:06 2908841                    /home/prajit/Android/Sdk/build-tools/23.0.1/lib/dx.jar
7f08e801a000-7f08e801e000 r--s 00034000 08:06 1065320                    /usr/lib/jvm/java-7-openjdk-amd64/jre/lib/ext/sunjce_provider.jar
7f08e801e000-7f08e84ef000 rw-p 00000000 00:00 0 
7f08e84ef000-7f08e86a0000 r--s 01d30000 08:06 1065308                    /usr/lib/jvm/java-7-openjdk-amd64/jre/lib/rt.jar
7f08e86a0000-7f08e89ec000 rw-p 00000000 00:00 0 
7f08e89ec000-7f08e89ed000 ---p 00000000 00:00 0 
7f08e89ed000-7f08e8aed000 rw-p 00000000 00:00 0                          [stack:11197]
7f08e8aed000-7f08e8aee000 ---p 00000000 00:00 0 
7f08e8aee000-7f08e8bee000 rw-p 00000000 00:00 0                          [stack:11196]
7f08e8bee000-7f08e8bef000 ---p 00000000 00:00 0 
7f08e8bef000-7f08e8cef000 rw-p 00000000 00:00 0                          [stack:11195]
7f08e8cef000-7f08e8cf0000 ---p 00000000 00:00 0 
7f08e8cf0000-7f08e8dfb000 rw-p 00000000 00:00 0                          [stack:11193]
7f08e8dfb000-7f08e8e43000 rw-p 00000000 00:00 0 
7f08e8e43000-7f08e8e6c000 rw-p 00000000 00:00 0 
7f08e8e6c000-7f08e8f99000 rw-p 00000000 00:00 0 
7f08e8f99000-7f08e8fa4000 rw-p 00000000 00:00 0 
7f08e8fa4000-7f08e8fec000 rw-p 00000000 00:00 0 
7f08e8fec000-7f08e9015000 rw-p 00000000 00:00 0 
7f08e9015000-7f08e9141000 rw-p 00000000 00:00 0 
7f08e9141000-7f08e9184000 rw-p 00000000 00:00 0 
7f08e9184000-7f08e91ec000 rw-p 00000000 00:00 0 
7f08e91ec000-7f08e91ed000 rw-p 00000000 00:00 0 
7f08e91ed000-7f08e91f5000 r-xp 00000000 08:06 1065273                    /usr/lib/jvm/java-7-openjdk-amd64/jre/lib/amd64/libzip.so
7f08e91f5000-7f08e93f4000 ---p 00008000 08:06 1065273                    /usr/lib/jvm/java-7-openjdk-amd64/jre/lib/amd64/libzip.so
7f08e93f4000-7f08e93f5000 r--p 00007000 08:06 1065273                    /usr/lib/jvm/java-7-openjdk-amd64/jre/lib/amd64/libzip.so
7f08e93f5000-7f08e93f6000 rw-p 00008000 08:06 1065273                    /usr/lib/jvm/java-7-openjdk-amd64/jre/lib/amd64/libzip.so
7f08e93f6000-7f08e9402000 r-xp 00000000 08:06 4473139                    /lib/x86_64-linux-gnu/libnss_files-2.21.so
7f08e9402000-7f08e9601000 ---p 0000c000 08:06 4473139                    /lib/x86_64-linux-gnu/libnss_files-2.21.so
7f08e9601000-7f08e9602000 r--p 0000b000 08:06 4473139                    /lib/x86_64-linux-gnu/libnss_files-2.21.so
7f08e9602000-7f08e9603000 rw-p 0000c000 08:06 4473139                    /lib/x86_64-linux-gnu/libnss_files-2.21.so
7f08e9603000-7f08e960e000 r-xp 00000000 08:06 4473191                    /lib/x86_64-linux-gnu/libnss_nis-2.21.so
7f08e960e000-7f08e980d000 ---p 0000b000 08:06 4473191                    /lib/x86_64-linux-gnu/libnss_nis-2.21.so
7f08e980d000-7f08e980e000 r--p 0000a000 08:06 4473191                    /lib/x86_64-linux-gnu/libnss_nis-2.21.so
7f08e980e000-7f08e980f000 rw-p 0000b000 08:06 4473191                    /lib/x86_64-linux-gnu/libnss_nis-2.21.so
7f08e980f000-7f08e9826000 r-xp 00000000 08:06 4473170                    /lib/x86_64-linux-gnu/libnsl-2.21.so
7f08e9826000-7f08e9a25000 ---p 00017000 08:06 4473170                    /lib/x86_64-linux-gnu/libnsl-2.21.so
7f08e9a25000-7f08e9a26000 r--p 00016000 08:06 4473170                    /lib/x86_64-linux-gnu/libnsl-2.21.so
7f08e9a26000-7f08e9a27000 rw-p 00017000 08:06 4473170                    /lib/x86_64-linux-gnu/libnsl-2.21.so
7f08e9a27000-7f08e9a29000 rw-p 00000000 00:00 0 
7f08e9a29000-7f08e9a31000 r-xp 00000000 08:06 4473140                    /lib/x86_64-linux-gnu/libnss_compat-2.21.so
7f08e9a31000-7f08e9c30000 ---p 00008000 08:06 4473140                    /lib/x86_64-linux-gnu/libnss_compat-2.21.so
7f08e9c30000-7f08e9c31000 r--p 00007000 08:06 4473140                    /lib/x86_64-linux-gnu/libnss_compat-2.21.so
7f08e9c31000-7f08e9c32000 rw-p 00008000 08:06 4473140                    /lib/x86_64-linux-gnu/libnss_compat-2.21.so
7f08e9c32000-7f08e9c5e000 r-xp 00000000 08:06 1065258                    /usr/lib/jvm/java-7-openjdk-amd64/jre/lib/amd64/libjava.so
7f08e9c5e000-7f08e9e5d000 ---p 0002c000 08:06 1065258                    /usr/lib/jvm/java-7-openjdk-amd64/jre/lib/amd64/libjava.so
7f08e9e5d000-7f08e9e5e000 r--p 0002b000 08:06 1065258                    /usr/lib/jvm/java-7-openjdk-amd64/jre/lib/amd64/libjava.so
7f08e9e5e000-7f08e9e60000 rw-p 0002c000 08:06 1065258                    /usr/lib/jvm/java-7-openjdk-amd64/jre/lib/amd64/libjava.so
7f08e9e60000-7f08e9e6f000 r-xp 00000000 08:06 1065260                    /usr/lib/jvm/java-7-openjdk-amd64/jre/lib/amd64/libverify.so
7f08e9e6f000-7f08ea06e000 ---p 0000f000 08:06 1065260                    /usr/lib/jvm/java-7-openjdk-amd64/jre/lib/amd64/libverify.so
7f08ea06e000-7f08ea070000 r--p 0000e000 08:06 1065260                    /usr/lib/jvm/java-7-openjdk-amd64/jre/lib/amd64/libverify.so
7f08ea070000-7f08ea071000 rw-p 00010000 08:06 1065260                    /usr/lib/jvm/java-7-openjdk-amd64/jre/lib/amd64/libverify.so
7f08ea071000-7f08ea078000 r-xp 00000000 08:06 4473137                    /lib/x86_64-linux-gnu/librt-2.21.so
7f08ea078000-7f08ea277000 ---p 00007000 08:06 4473137                    /lib/x86_64-linux-gnu/librt-2.21.so
7f08ea277000-7f08ea278000 r--p 00006000 08:06 4473137                    /lib/x86_64-linux-gnu/librt-2.21.so
7f08ea278000-7f08ea279000 rw-p 00007000 08:06 4473137                    /lib/x86_64-linux-gnu/librt-2.21.so
7f08ea279000-7f08ea28f000 r-xp 00000000 08:06 4469845                    /lib/x86_64-linux-gnu/libgcc_s.so.1
7f08ea28f000-7f08ea48e000 ---p 00016000 08:06 4469845                    /lib/x86_64-linux-gnu/libgcc_s.so.1
7f08ea48e000-7f08ea48f000 r--p 00015000 08:06 4469845                    /lib/x86_64-linux-gnu/libgcc_s.so.1
7f08ea48f000-7f08ea490000 rw-p 00016000 08:06 4469845                    /lib/x86_64-linux-gnu/libgcc_s.so.1
7f08ea490000-7f08ea597000 r-xp 00000000 08:06 4473194                    /lib/x86_64-linux-gnu/libm-2.21.so
7f08ea597000-7f08ea796000 ---p 00107000 08:06 4473194                    /lib/x86_64-linux-gnu/libm-2.21.so
7f08ea796000-7f08ea797000 r--p 00106000 08:06 4473194                    /lib/x86_64-linux-gnu/libm-2.21.so
7f08ea797000-7f08ea798000 rw-p 00107000 08:06 4473194                    /lib/x86_64-linux-gnu/libm-2.21.so
7f08ea798000-7f08ea90b000 r-xp 00000000 08:06 535706                     /usr/lib/x86_64-linux-gnu/libstdc++.so.6.0.21
7f08ea90b000-7f08eab0a000 ---p 00173000 08:06 535706                     /usr/lib/x86_64-linux-gnu/libstdc++.so.6.0.21
7f08eab0a000-7f08eab14000 r--p 00172000 08:06 535706                     /usr/lib/x86_64-linux-gnu/libstdc++.so.6.0.21
7f08eab14000-7f08eab16000 rw-p 0017c000 08:06 535706                     /usr/lib/x86_64-linux-gnu/libstdc++.so.6.0.21
7f08eab16000-7f08eab1a000 rw-p 00000000 00:00 0 
7f08eab1a000-7f08eb66b000 r-xp 00000000 08:06 1065271                    /usr/lib/jvm/java-7-openjdk-amd64/jre/lib/amd64/server/libjvm.so
7f08eb66b000-7f08eb86a000 ---p 00b51000 08:06 1065271                    /usr/lib/jvm/java-7-openjdk-amd64/jre/lib/amd64/server/libjvm.so
7f08eb86a000-7f08eb8fb000 r--p 00b50000 08:06 1065271                    /usr/lib/jvm/java-7-openjdk-amd64/jre/lib/amd64/server/libjvm.so
7f08eb8fb000-7f08eb91e000 rw-p 00be1000 08:06 1065271                    /usr/lib/jvm/java-7-openjdk-amd64/jre/lib/amd64/server/libjvm.so
7f08eb91e000-7f08eb949000 rw-p 00000000 00:00 0 
7f08eb949000-7f08eb962000 r-xp 00000000 08:06 4469991                    /lib/x86_64-linux-gnu/libz.so.1.2.8
7f08eb962000-7f08ebb61000 ---p 00019000 08:06 4469991                    /lib/x86_64-linux-gnu/libz.so.1.2.8
7f08ebb61000-7f08ebb62000 r--p 00018000 08:06 4469991                    /lib/x86_64-linux-gnu/libz.so.1.2.8
7f08ebb62000-7f08ebb63000 rw-p 00019000 08:06 4469991                    /lib/x86_64-linux-gnu/libz.so.1.2.8
7f08ebb63000-7f08ebb7b000 r-xp 00000000 08:06 4473138                    /lib/x86_64-linux-gnu/libpthread-2.21.so
7f08ebb7b000-7f08ebd7b000 ---p 00018000 08:06 4473138                    /lib/x86_64-linux-gnu/libpthread-2.21.so
7f08ebd7b000-7f08ebd7c000 r--p 00018000 08:06 4473138                    /lib/x86_64-linux-gnu/libpthread-2.21.so
7f08ebd7c000-7f08ebd7d000 rw-p 00019000 08:06 4473138                    /lib/x86_64-linux-gnu/libpthread-2.21.so
7f08ebd7d000-7f08ebd81000 rw-p 00000000 00:00 0 
7f08ebd81000-7f08ebd84000 r-xp 00000000 08:06 4473190                    /lib/x86_64-linux-gnu/libdl-2.21.so
7f08ebd84000-7f08ebf83000 ---p 00003000 08:06 4473190                    /lib/x86_64-linux-gnu/libdl-2.21.so
7f08ebf83000-7f08ebf84000 r--p 00002000 08:06 4473190                    /lib/x86_64-linux-gnu/libdl-2.21.so
7f08ebf84000-7f08ebf85000 rw-p 00003000 08:06 4473190                    /lib/x86_64-linux-gnu/libdl-2.21.so
7f08ebf85000-7f08ec145000 r-xp 00000000 08:06 4473593                    /lib/x86_64-linux-gnu/libc-2.21.so
7f08ec145000-7f08ec345000 ---p 001c0000 08:06 4473593                    /lib/x86_64-linux-gnu/libc-2.21.so
7f08ec345000-7f08ec349000 r--p 001c0000 08:06 4473593                    /lib/x86_64-linux-gnu/libc-2.21.so
7f08ec349000-7f08ec34b000 rw-p 001c4000 08:06 4473593                    /lib/x86_64-linux-gnu/libc-2.21.so
7f08ec34b000-7f08ec34f000 rw-p 00000000 00:00 0 
7f08ec34f000-7f08ec35c000 r-xp 00000000 08:06 1065286                    /usr/lib/jvm/java-7-openjdk-amd64/jre/lib/amd64/jli/libjli.so
7f08ec35c000-7f08ec55b000 ---p 0000d000 08:06 1065286                    /usr/lib/jvm/java-7-openjdk-amd64/jre/lib/amd64/jli/libjli.so
7f08ec55b000-7f08ec55c000 r--p 0000c000 08:06 1065286                    /usr/lib/jvm/java-7-openjdk-amd64/jre/lib/amd64/jli/libjli.so
7f08ec55c000-7f08ec55d000 rw-p 0000d000 08:06 1065286                    /usr/lib/jvm/java-7-openjdk-amd64/jre/lib/amd64/jli/libjli.so
7f08ec55d000-7f08ec581000 r-xp 00000000 08:06 4473183                    /lib/x86_64-linux-gnu/ld-2.21.so
7f08ec583000-7f08ec5a5000 rw-p 00000000 00:00 0 
7f08ec5a5000-7f08ec65b000 rw-p 00000000 00:00 0 
7f08ec65b000-7f08ec65e000 ---p 00000000 00:00 0 
7f08ec65e000-7f08ec761000 rw-p 00000000 00:00 0                          [stack:11191]
7f08ec763000-7f08ec764000 rw-p 00000000 00:00 0 
7f08ec764000-7f08ec765000 r--s 00002000 08:06 1065318                    /usr/lib/jvm/java-7-openjdk-amd64/jre/lib/ext/dnsns.jar
7f08ec765000-7f08ec767000 r--s 00007000 08:06 1065162                    /usr/share/java/java-atk-wrapper.jar
7f08ec767000-7f08ec76a000 r--s 0000f000 08:06 1065321                    /usr/lib/jvm/java-7-openjdk-amd64/jre/lib/ext/icedtea-sound.jar
7f08ec76a000-7f08ec76e000 r--s 0003c000 08:06 1065323                    /usr/lib/jvm/java-7-openjdk-amd64/jre/lib/ext/sunpkcs11.jar
7f08ec76e000-7f08ec770000 r--s 00012000 08:06 1065319                    /usr/lib/jvm/java-7-openjdk-amd64/jre/lib/ext/zipfs.jar
7f08ec770000-7f08ec774000 r--s 00085000 08:06 1065322                    /usr/lib/jvm/java-7-openjdk-amd64/jre/lib/ext/localedata.jar
7f08ec774000-7f08ec77c000 rw-s 00000000 08:06 4728003                    /tmp/hsperfdata_prajit/11189
7f08ec77c000-7f08ec77d000 rw-p 00000000 00:00 0 
7f08ec77d000-7f08ec77e000 ---p 00000000 00:00 0 
7f08ec77e000-7f08ec780000 rw-p 00000000 00:00 0 
7f08ec780000-7f08ec781000 r--p 00023000 08:06 4473183                    /lib/x86_64-linux-gnu/ld-2.21.so
7f08ec781000-7f08ec782000 rw-p 00024000 08:06 4473183                    /lib/x86_64-linux-gnu/ld-2.21.so
7f08ec782000-7f08ec783000 rw-p 00000000 00:00 0 
7ffe7db50000-7ffe7db71000 rw-p 00000000 00:00 0                          [stack]
7ffe7db9e000-7ffe7dba0000 r--p 00000000 00:00 0                          [vvar]
7ffe7dba0000-7ffe7dba2000 r-xp 00000000 00:00 0                          [vdso]
ffffffffff600000-ffffffffff601000 r-xp 00000000 00:00 0                  [vsyscall]

VM Arguments:
jvm_args: -Xmx1024M -Dfile.encoding=UTF-8 -Duser.country=US -Duser.language=en -Duser.variant 
java_command: com.android.dx.command.Main --dex --num-threads=4 --output /home/prajit/AndroidStudioProjects/QMS/app/build/intermediates/pre-dexed/debug/classes-617bf8a182a3d061b5f894c7c176c163719ead16.jar /home/prajit/AndroidStudioProjects/QMS/app/build/intermediates/exploded-aar/com.android.support/support-v4/23.3.0/jars/classes.jar
Launcher Type: SUN_STANDARD

Environment Variables:
PATH=/usr/local/sbin:/usr/local/bin:/usr/sbin:/usr/bin:/sbin:/bin:/usr/games:/usr/local/games
LD_LIBRARY_PATH=/home/prajit/android-studio/bin:
SHELL=/bin/bash
DISPLAY=:0

Signal Handlers:
SIGSEGV: [libjvm.so+0x995450], sa_mask[0]=0x7ffbfeff, sa_flags=0x10000004
SIGBUS: [libjvm.so+0x995450], sa_mask[0]=0x7ffbfeff, sa_flags=0x10000004
SIGFPE: [libjvm.so+0x7fc6a0], sa_mask[0]=0x7ffbfeff, sa_flags=0x10000004
SIGPIPE: [libjvm.so+0x7fc6a0], sa_mask[0]=0x7ffbfeff, sa_flags=0x10000004
SIGXFSZ: [libjvm.so+0x7fc6a0], sa_mask[0]=0x7ffbfeff, sa_flags=0x10000004
SIGILL: [libjvm.so+0x7fc6a0], sa_mask[0]=0x7ffbfeff, sa_flags=0x10000004
SIGUSR1: SIG_DFL, sa_mask[0]=0x00000000, sa_flags=0x00000000
SIGUSR2: [libjvm.so+0x7fc520], sa_mask[0]=0x00000004, sa_flags=0x10000004
SIGHUP: [libjvm.so+0x7fc6b0], sa_mask[0]=0x7ffbfeff, sa_flags=0x10000004
SIGINT: [libjvm.so+0x7fc6b0], sa_mask[0]=0x7ffbfeff, sa_flags=0x10000004
SIGTERM: [libjvm.so+0x7fc6b0], sa_mask[0]=0x7ffbfeff, sa_flags=0x10000004
SIGQUIT: [libjvm.so+0x7fc6b0], sa_mask[0]=0x7ffbfeff, sa_flags=0x10000004
SIGTRAP: SIG_DFL, sa_mask[0]=0x00000000, sa_flags=0x00000000


---------------  S Y S T E M  ---------------

OS:Ubuntu 15.10 (wily)
uname:Linux 4.2.0-34-generic #39-Ubuntu SMP Thu Mar 10 22:13:01 UTC 2016 x86_64
libc:glibc 2.21 NPTL 2.21 
rlimit: STACK 8192k, CORE 0k, NPROC 30985, NOFILE 65536, AS infinity
load average:27.82 19.30 11.16

/proc/meminfo:
MemTotal:        7966900 kB
MemFree:           49644 kB
MemAvailable:     124812 kB
Buffers:             344 kB
Cached:           861808 kB
SwapCached:            0 kB
Active:          6855252 kB
Inactive:         807188 kB
Active(anon):    6840664 kB
Inactive(anon):   792980 kB
Active(file):      14588 kB
Inactive(file):    14208 kB
Unevictable:          48 kB
Mlocked:              48 kB
SwapTotal:             0 kB
SwapFree:              0 kB
Dirty:               564 kB
Writeback:             0 kB
AnonPages:       6800424 kB
Mapped:           135284 kB
Shmem:            833268 kB
Slab:             131404 kB
SReclaimable:      88408 kB
SUnreclaim:        42996 kB
KernelStack:       15232 kB
PageTables:        66532 kB
NFS_Unstable:          0 kB
Bounce:                0 kB
WritebackTmp:          0 kB
CommitLimit:     3983448 kB
Committed_AS:   15203828 kB
VmallocTotal:   34359738367 kB
VmallocUsed:      360468 kB
VmallocChunk:   34358945788 kB
HardwareCorrupted:     0 kB
AnonHugePages:   1552384 kB
CmaTotal:              0 kB
CmaFree:               0 kB
HugePages_Total:       0
HugePages_Free:        0
HugePages_Rsvd:        0
HugePages_Surp:        0
Hugepagesize:       2048 kB
DirectMap4k:      141020 kB
DirectMap2M:     8040448 kB


CPU:total 4 (2 cores per cpu, 2 threads per core) family 6 model 37 stepping 5, cmov, cx8, fxsr, mmx, sse, sse2, sse3, ssse3, sse4.1, sse4.2, popcnt, ht, tsc, tscinvbit

/proc/cpuinfo:
processor	: 0
vendor_id	: GenuineIntel
cpu family	: 6
model		: 37
model name	: Intel(R) Core(TM) i3 CPU         540  @ 3.07GHz
stepping	: 5
microcode	: 0x2
cpu MHz		: 3059.000
cache size	: 4096 KB
physical id	: 0
siblings	: 4
core id		: 0
cpu cores	: 2
apicid		: 0
initial apicid	: 0
fpu		: yes
fpu_exception	: yes
cpuid level	: 11
wp		: yes
flags		: fpu vme de pse tsc msr pae mce cx8 apic sep mtrr pge mca cmov pat pse36 clflush dts acpi mmx fxsr sse sse2 ss ht tm pbe syscall nx rdtscp lm constant_tsc arch_perfmon pebs bts rep_good nopl xtopology nonstop_tsc aperfmperf pni dtes64 monitor ds_cpl vmx est tm2 ssse3 cx16 xtpr pdcm pcid sse4_1 sse4_2 popcnt lahf_lm arat dtherm tpr_shadow vnmi flexpriority ept vpid
bugs		:
bogomips	: 6117.89
clflush size	: 64
cache_alignment	: 64
address sizes	: 36 bits physical, 48 bits virtual
power management:

processor	: 1
vendor_id	: GenuineIntel
cpu family	: 6
model		: 37
model name	: Intel(R) Core(TM) i3 CPU         540  @ 3.07GHz
stepping	: 5
microcode	: 0x2
cpu MHz		: 3059.000
cache size	: 4096 KB
physical id	: 0
siblings	: 4
core id		: 0
cpu cores	: 2
apicid		: 1
initial apicid	: 1
fpu		: yes
fpu_exception	: yes
cpuid level	: 11
wp		: yes
flags		: fpu vme de pse tsc msr pae mce cx8 apic sep mtrr pge mca cmov pat pse36 clflush dts acpi mmx fxsr sse sse2 ss ht tm pbe syscall nx rdtscp lm constant_tsc arch_perfmon pebs bts rep_good nopl xtopology nonstop_tsc aperfmperf pni dtes64 monitor ds_cpl vmx est tm2 ssse3 cx16 xtpr pdcm pcid sse4_1 sse4_2 popcnt lahf_lm arat dtherm tpr_shadow vnmi flexpriority ept vpid
bugs		:
bogomips	: 6117.89
clflush size	: 64
cache_alignment	: 64
address sizes	: 36 bits physical, 48 bits virtual
power management:

processor	: 2
vendor_id	: GenuineIntel
cpu family	: 6
model		: 37
model name	: Intel(R) Core(TM) i3 CPU         540  @ 3.07GHz
stepping	: 5
microcode	: 0x2
cpu MHz		: 3059.000
cache size	: 4096 KB
physical id	: 0
siblings	: 4
core id		: 2
cpu cores	: 2
apicid		: 4
initial apicid	: 4
fpu		: yes
fpu_exception	: yes
cpuid level	: 11
wp		: yes
flags		: fpu vme de pse tsc msr pae mce cx8 apic sep mtrr pge mca cmov pat pse36 clflush dts acpi mmx fxsr sse sse2 ss ht tm pbe syscall nx rdtscp lm constant_tsc arch_perfmon pebs bts rep_good nopl xtopology nonstop_tsc aperfmperf pni dtes64 monitor ds_cpl vmx est tm2 ssse3 cx16 xtpr pdcm pcid sse4_1 sse4_2 popcnt lahf_lm arat dtherm tpr_shadow vnmi flexpriority ept vpid
bugs		:
bogomips	: 6117.89
clflush size	: 64
cache_alignment	: 64
address sizes	: 36 bits physical, 48 bits virtual
power management:

processor	: 3
vendor_id	: GenuineIntel
cpu family	: 6
model		: 37
model name	: Intel(R) Core(TM) i3 CPU         540  @ 3.07GHz
stepping	: 5
microcode	: 0x2
cpu MHz		: 3059.000
cache size	: 4096 KB
physical id	: 0
siblings	: 4
core id		: 2
cpu cores	: 2
apicid		: 5
initial apicid	: 5
fpu		: yes
fpu_exception	: yes
cpuid level	: 11
wp		: yes
flags		: fpu vme de pse tsc msr pae mce cx8 apic sep mtrr pge mca cmov pat pse36 clflush dts acpi mmx fxsr sse sse2 ss ht tm pbe syscall nx rdtscp lm constant_tsc arch_perfmon pebs bts rep_good nopl xtopology nonstop_tsc aperfmperf pni dtes64 monitor ds_cpl vmx est tm2 ssse3 cx16 xtpr pdcm pcid sse4_1 sse4_2 popcnt lahf_lm arat dtherm tpr_shadow vnmi flexpriority ept vpid
bugs		:
bogomips	: 6117.89
clflush size	: 64
cache_alignment	: 64
address sizes	: 36 bits physical, 48 bits virtual
power management:



Memory: 4k page, physical 7966900k(49644k free), swap 0k(0k free)

vm_info: OpenJDK 64-Bit Server VM (24.95-b01) for linux-amd64 JRE (1.7.0_95-b00), built on Mar 24 2016 06:07:15 by "buildd" with gcc 5.2.1 20151010

time: Fri Apr  8 10:06:51 2016
elapsed time: 55 seconds

