#
# There is insufficient memory for the Java Runtime Environment to continue.
# Native memory allocation (malloc) failed to allocate 154140672 bytes for committing reserved memory.
# Possible reasons:
#   The system is out of physical RAM or swap space
#   In 32 bit mode, the process size limit was hit
# Possible solutions:
#   Reduce memory load on the system
#   Increase physical memory or swap space
#   Check if swap backing store is full
#   Use 64 bit Java on a 64 bit OS
#   Decrease Java heap size (-Xmx/-Xms)
#   Decrease number of Java threads
#   Decrease Java thread stack sizes (-Xss)
#   Set larger code cache with -XX:ReservedCodeCacheSize=
# This output file may be truncated or incomplete.
#
#  Out of Memory Error (os_linux.cpp:2827), pid=10229, tid=139748441224960
#
# JRE version: OpenJDK Runtime Environment (7.0_95) (build 1.7.0_95-b00)
# Java VM: OpenJDK 64-Bit Server VM (24.95-b01 mixed mode linux-amd64 compressed oops)
# Derivative: IcedTea 2.6.4
# Distribution: Ubuntu 15.10, package 7u95-2.6.4-0ubuntu0.15.10.1
# Failed to write core dump. Core dumps have been disabled. To enable core dumping, try "ulimit -c unlimited" before starting Java again
#

---------------  T H R E A D  ---------------

Current thread (0x00007f19b4077000):  VMThread [stack: 0x00007f19b8227000,0x00007f19b8328000] [id=10240]

Stack: [0x00007f19b8227000,0x00007f19b8328000],  sp=0x00007f19b83264f0,  free space=1021k
Native frames: (J=compiled Java code, j=interpreted, Vv=VM code, C=native code)
V  [libjvm.so+0x9948f3]
V  [libjvm.so+0x48a9df]
V  [libjvm.so+0x80143b]
V  [libjvm.so+0x7fb82e]
V  [libjvm.so+0x871c4b]
V  [libjvm.so+0x873593]
V  [libjvm.so+0x86f818]
V  [libjvm.so+0x86fafc]
V  [libjvm.so+0x824df3]
V  [libjvm.so+0x996392]
V  [libjvm.so+0x99b0d7]
V  [libjvm.so+0x998968]
V  [libjvm.so+0x999cdf]
V  [libjvm.so+0x99a1d1]
V  [libjvm.so+0x7fe362]

VM_Operation (0x00007f19bd594490): ParallelGCFailedAllocation, mode: safepoint, requested by thread 0x00007f19b400b800


---------------  P R O C E S S  ---------------

Java Threads: ( => current thread )
  0x00007f19b40b0000 JavaThread "Service Thread" daemon [_thread_blocked, id=10246, stack(0x00007f19b0519000,0x00007f19b061a000)]
  0x00007f19b40ad800 JavaThread "C2 CompilerThread1" daemon [_thread_blocked, id=10245, stack(0x00007f19b061a000,0x00007f19b071b000)]
  0x00007f19b40aa800 JavaThread "C2 CompilerThread0" daemon [_thread_blocked, id=10244, stack(0x00007f19b071b000,0x00007f19b081c000)]
  0x00007f19b40a8800 JavaThread "Signal Dispatcher" daemon [_thread_blocked, id=10243, stack(0x00007f19b081c000,0x00007f19b091d000)]
  0x00007f19b407d800 JavaThread "Finalizer" daemon [_thread_blocked, id=10242, stack(0x00007f19b8025000,0x00007f19b8126000)]
  0x00007f19b407b800 JavaThread "Reference Handler" daemon [_thread_blocked, id=10241, stack(0x00007f19b8126000,0x00007f19b8227000)]
  0x00007f19b400b800 JavaThread "main" [_thread_blocked, id=10235, stack(0x00007f19bd495000,0x00007f19bd596000)]

Other Threads:
=>0x00007f19b4077000 VMThread [stack: 0x00007f19b8227000,0x00007f19b8328000] [id=10240]
  0x00007f19b40bb000 WatcherThread [stack: 0x00007f19b0418000,0x00007f19b0519000] [id=10247]

VM state:at safepoint (normal execution)

VM Mutex/Monitor currently owned by a thread:  ([mutex/lock_event])
[0x00007f19b4007e10] Threads_lock - owner thread: 0x00007f19b4077000
[0x00007f19b4008310] Heap_lock - owner thread: 0x00007f19b400b800

Heap
 PSYoungGen      total 130048K, used 5106K [0x00000000eaa80000, 0x00000000f2e80000, 0x0000000100000000)
  eden space 124928K, 0% used [0x00000000eaa80000,0x00000000eaa80000,0x00000000f2480000)
  from space 5120K, 99% used [0x00000000f2480000,0x00000000f297cab0,0x00000000f2980000)
  to   space 5120K, 0% used [0x00000000f2980000,0x00000000f2980000,0x00000000f2e80000)
 ParOldGen       total 82944K, used 33462K [0x00000000c0000000, 0x00000000c5100000, 0x00000000eaa80000)
  object space 82944K, 40% used [0x00000000c0000000,0x00000000c20adb58,0x00000000c5100000)
 PSPermGen       total 21504K, used 7673K [0x00000000b5a00000, 0x00000000b6f00000, 0x00000000c0000000)
  object space 21504K, 35% used [0x00000000b5a00000,0x00000000b617e4c8,0x00000000b6f00000)

Card table byte_map: [0x00007f19b9dd0000,0x00007f19ba024000] byte_map_base: 0x00007f19b9823000

Polling page: 0x00007f19bd5b4000

Code Cache  [0x00007f19b1000000, 0x00007f19b1360000, 0x00007f19b4000000)
 total_blobs=1348 nmethods=1095 adapters=207 free_code_cache=45771Kb largest_free_block=46812672

Compilation events (10 events):
Event: 13.803 Thread 0x00007f19b40aa800 1113             com.android.dx.util.ByteArrayAnnotatedOutput::<init> (54 bytes)
Event: 13.803 Thread 0x00007f19b40ad800 1114             com.android.dx.util.ByteArrayAnnotatedOutput::<init> (9 bytes)
Event: 13.804 Thread 0x00007f19b40aa800 nmethod 1113 0x00007f19b1344a10 code [0x00007f19b1344b40, 0x00007f19b1344bd8]
Event: 13.804 Thread 0x00007f19b40aa800 1115             com.android.dx.util.ByteArrayAnnotatedOutput::toByteArray (23 bytes)
Event: 13.805 Thread 0x00007f19b40ad800 nmethod 1114 0x00007f19b1354c50 code [0x00007f19b1354da0, 0x00007f19b1354eb8]
Event: 13.806 Thread 0x00007f19b40aa800 nmethod 1115 0x00007f19b1354890 code [0x00007f19b13549e0, 0x00007f19b1354b58]
Event: 13.811 Thread 0x00007f19b40ad800 1116 %           java.util.TimSort::binarySort @ 69 (223 bytes)
Event: 13.834 Thread 0x00007f19b40ad800 nmethod 1116% 0x00007f19b13516d0 code [0x00007f19b1351880, 0x00007f19b13521d8]
Event: 13.886 Thread 0x00007f19b40aa800 1117             java.nio.ByteBuffer::get (9 bytes)
Event: 13.886 Thread 0x00007f19b40ad800 1118             com.android.dex.Dex$Section::getBytesFrom (34 bytes)

GC Heap History (9 events):
Event: 1.667 GC heap before
{Heap before GC invocations=1 (full 0):
 PSYoungGen      total 36352K, used 31232K [0x00000000eaa80000, 0x00000000ed300000, 0x0000000100000000)
  eden space 31232K, 100% used [0x00000000eaa80000,0x00000000ec900000,0x00000000ec900000)
  from space 5120K, 0% used [0x00000000ece00000,0x00000000ece00000,0x00000000ed300000)
  to   space 5120K, 0% used [0x00000000ec900000,0x00000000ec900000,0x00000000ece00000)
 ParOldGen       total 82944K, used 0K [0x00000000c0000000, 0x00000000c5100000, 0x00000000eaa80000)
  object space 82944K, 0% used [0x00000000c0000000,0x00000000c0000000,0x00000000c5100000)
 PSPermGen       total 21504K, used 5487K [0x00000000b5a00000, 0x00000000b6f00000, 0x00000000c0000000)
  object space 21504K, 25% used [0x00000000b5a00000,0x00000000b5f5bdb0,0x00000000b6f00000)
Event: 1.691 GC heap after
Heap after GC invocations=1 (full 0):
 PSYoungGen      total 36352K, used 5101K [0x00000000eaa80000, 0x00000000ef180000, 0x0000000100000000)
  eden space 31232K, 0% used [0x00000000eaa80000,0x00000000eaa80000,0x00000000ec900000)
  from space 5120K, 99% used [0x00000000ec900000,0x00000000ecdfb658,0x00000000ece00000)
  to   space 5120K, 0% used [0x00000000eec80000,0x00000000eec80000,0x00000000ef180000)
 ParOldGen       total 82944K, used 2331K [0x00000000c0000000, 0x00000000c5100000, 0x00000000eaa80000)
  object space 82944K, 2% used [0x00000000c0000000,0x00000000c0246e28,0x00000000c5100000)
 PSPermGen       total 21504K, used 5487K [0x00000000b5a00000, 0x00000000b6f00000, 0x00000000c0000000)
  object space 21504K, 25% used [0x00000000b5a00000,0x00000000b5f5bdb0,0x00000000b6f00000)
}
Event: 2.510 GC heap before
{Heap before GC invocations=2 (full 0):
 PSYoungGen      total 36352K, used 36333K [0x00000000eaa80000, 0x00000000ef180000, 0x0000000100000000)
  eden space 31232K, 100% used [0x00000000eaa80000,0x00000000ec900000,0x00000000ec900000)
  from space 5120K, 99% used [0x00000000ec900000,0x00000000ecdfb658,0x00000000ece00000)
  to   space 5120K, 0% used [0x00000000eec80000,0x00000000eec80000,0x00000000ef180000)
 ParOldGen       total 82944K, used 2331K [0x00000000c0000000, 0x00000000c5100000, 0x00000000eaa80000)
  object space 82944K, 2% used [0x00000000c0000000,0x00000000c0246e28,0x00000000c5100000)
 PSPermGen       total 21504K, used 5595K [0x00000000b5a00000, 0x00000000b6f00000, 0x00000000c0000000)
  object space 21504K, 26% used [0x00000000b5a00000,0x00000000b5f76e90,0x00000000b6f00000)
Event: 2.551 GC heap after
Heap after GC invocations=2 (full 0):
 PSYoungGen      total 67584K, used 5100K [0x00000000eaa80000, 0x00000000ef180000, 0x0000000100000000)
  eden space 62464K, 0% used [0x00000000eaa80000,0x00000000eaa80000,0x00000000ee780000)
  from space 5120K, 99% used [0x00000000eec80000,0x00000000ef17b090,0x00000000ef180000)
  to   space 5120K, 0% used [0x00000000ee780000,0x00000000ee780000,0x00000000eec80000)
 ParOldGen       total 82944K, used 7254K [0x00000000c0000000, 0x00000000c5100000, 0x00000000eaa80000)
  object space 82944K, 8% used [0x00000000c0000000,0x00000000c0715940,0x00000000c5100000)
 PSPermGen       total 21504K, used 5595K [0x00000000b5a00000, 0x00000000b6f00000, 0x00000000c0000000)
  object space 21504K, 26% used [0x00000000b5a00000,0x00000000b5f76e90,0x00000000b6f00000)
}
Event: 4.062 GC heap before
{Heap before GC invocations=3 (full 0):
 PSYoungGen      total 67584K, used 67564K [0x00000000eaa80000, 0x00000000ef180000, 0x0000000100000000)
  eden space 62464K, 100% used [0x00000000eaa80000,0x00000000ee780000,0x00000000ee780000)
  from space 5120K, 99% used [0x00000000eec80000,0x00000000ef17b090,0x00000000ef180000)
  to   space 5120K, 0% used [0x00000000ee780000,0x00000000ee780000,0x00000000eec80000)
 ParOldGen       total 82944K, used 7254K [0x00000000c0000000, 0x00000000c5100000, 0x00000000eaa80000)
  object space 82944K, 8% used [0x00000000c0000000,0x00000000c0715940,0x00000000c5100000)
 PSPermGen       total 21504K, used 5916K [0x00000000b5a00000, 0x00000000b6f00000, 0x00000000c0000000)
  object space 21504K, 27% used [0x00000000b5a00000,0x00000000b5fc73b8,0x00000000b6f00000)
Event: 4.108 GC heap after
Heap after GC invocations=3 (full 0):
 PSYoungGen      total 67584K, used 5094K [0x00000000eaa80000, 0x00000000f2e80000, 0x0000000100000000)
  eden space 62464K, 0% used [0x00000000eaa80000,0x00000000eaa80000,0x00000000ee780000)
  from space 5120K, 99% used [0x00000000ee780000,0x00000000eec79810,0x00000000eec80000)
  to   space 5120K, 0% used [0x00000000f2980000,0x00000000f2980000,0x00000000f2e80000)
 ParOldGen       total 82944K, used 15621K [0x00000000c0000000, 0x00000000c5100000, 0x00000000eaa80000)
  object space 82944K, 18% used [0x00000000c0000000,0x00000000c0f415c0,0x00000000c5100000)
 PSPermGen       total 21504K, used 5916K [0x00000000b5a00000, 0x00000000b6f00000, 0x00000000c0000000)
  object space 21504K, 27% used [0x00000000b5a00000,0x00000000b5fc73b8,0x00000000b6f00000)
}
Event: 13.120 GC heap before
{Heap before GC invocations=4 (full 0):
 PSYoungGen      total 67584K, used 67558K [0x00000000eaa80000, 0x00000000f2e80000, 0x0000000100000000)
  eden space 62464K, 100% used [0x00000000eaa80000,0x00000000ee780000,0x00000000ee780000)
  from space 5120K, 99% used [0x00000000ee780000,0x00000000eec79810,0x00000000eec80000)
  to   space 5120K, 0% used [0x00000000f2980000,0x00000000f2980000,0x00000000f2e80000)
 ParOldGen       total 82944K, used 15621K [0x00000000c0000000, 0x00000000c5100000, 0x00000000eaa80000)
  object space 82944K, 18% used [0x00000000c0000000,0x00000000c0f415c0,0x00000000c5100000)
 PSPermGen       total 21504K, used 7527K [0x00000000b5a00000, 0x00000000b6f00000, 0x00000000c0000000)
  object space 21504K, 35% used [0x00000000b5a00000,0x00000000b6159f80,0x00000000b6f00000)
Event: 13.227 GC heap after
Heap after GC invocations=4 (full 0):
 PSYoungGen      total 130048K, used 5107K [0x00000000eaa80000, 0x00000000f2e80000, 0x0000000100000000)
  eden space 124928K, 0% used [0x00000000eaa80000,0x00000000eaa80000,0x00000000f2480000)
  from space 5120K, 99% used [0x00000000f2980000,0x00000000f2e7ced8,0x00000000f2e80000)
  to   space 5120K, 0% used [0x00000000f2480000,0x00000000f2480000,0x00000000f2980000)
 ParOldGen       total 82944K, used 23823K [0x00000000c0000000, 0x00000000c5100000, 0x00000000eaa80000)
  object space 82944K, 28% used [0x00000000c0000000,0x00000000c1743d58,0x00000000c5100000)
 PSPermGen       total 21504K, used 7527K [0x00000000b5a00000, 0x00000000b6f00000, 0x00000000c0000000)
  object space 21504K, 35% used [0x00000000b5a00000,0x00000000b6159f80,0x00000000b6f00000)
}
Event: 18.947 GC heap before
{Heap before GC invocations=5 (full 0):
 PSYoungGen      total 130048K, used 130035K [0x00000000eaa80000, 0x00000000f2e80000, 0x0000000100000000)
  eden space 124928K, 100% used [0x00000000eaa80000,0x00000000f2480000,0x00000000f2480000)
  from space 5120K, 99% used [0x00000000f2980000,0x00000000f2e7ced8,0x00000000f2e80000)
  to   space 5120K, 0% used [0x00000000f2480000,0x00000000f2480000,0x00000000f2980000)
 ParOldGen       total 82944K, used 23823K [0x00000000c0000000, 0x00000000c5100000, 0x00000000eaa80000)
  object space 82944K, 28% used [0x00000000c0000000,0x00000000c1743d58,0x00000000c5100000)
 PSPermGen       total 21504K, used 7673K [0x00000000b5a00000, 0x00000000b6f00000, 0x00000000c0000000)
  object space 21504K, 35% used [0x00000000b5a00000,0x00000000b617e4c8,0x00000000b6f00000)

Deoptimization events (10 events):
Event: 13.684 Thread 0x00007f19b400b800 Uncommon trap: reason=array_check action=maybe_recompile pc=0x00007f19b132ab58 method=java.util.ComparableTimSort.binarySort([Ljava/lang/Object;III)V @ 215
Event: 13.684 Thread 0x00007f19b400b800 Uncommon trap: reason=array_check action=maybe_recompile pc=0x00007f19b132ac10 method=java.util.ComparableTimSort.binarySort([Ljava/lang/Object;III)V @ 193
Event: 13.806 Thread 0x00007f19b400b800 Uncommon trap: reason=unstable_if action=reinterpret pc=0x00007f19b1356fc4 method=com.android.dx.merge.DexMerger.transformAnnotationDirectory(Lcom/android/dex/Dex$Section;Lcom/android/dx/merge/IndexMap;)V @ 199
Event: 13.810 Thread 0x00007f19b400b800 Uncommon trap: reason=array_check action=maybe_recompile pc=0x00007f19b134a524 method=java.util.TimSort.binarySort([Ljava/lang/Object;IIILjava/util/Comparator;)V @ 183
Event: 13.810 Thread 0x00007f19b400b800 Uncommon trap: reason=array_check action=maybe_recompile pc=0x00007f19b134a43c method=java.util.TimSort.binarySort([Ljava/lang/Object;IIILjava/util/Comparator;)V @ 193
Event: 13.810 Thread 0x00007f19b400b800 Uncommon trap: reason=array_check action=maybe_recompile pc=0x00007f19b134a43c method=java.util.TimSort.binarySort([Ljava/lang/Object;IIILjava/util/Comparator;)V @ 193
Event: 13.810 Thread 0x00007f19b400b800 Uncommon trap: reason=array_check action=maybe_recompile pc=0x00007f19b134a43c method=java.util.TimSort.binarySort([Ljava/lang/Object;IIILjava/util/Comparator;)V @ 193
Event: 13.904 Thread 0x00007f19b400b800 Uncommon trap: reason=array_check action=maybe_recompile pc=0x00007f19b1351f1c method=java.util.TimSort.binarySort([Ljava/lang/Object;IIILjava/util/Comparator;)V @ 215
Event: 15.312 Thread 0x00007f19b400b800 Uncommon trap: reason=array_check action=maybe_recompile pc=0x00007f19b1351f1c method=java.util.TimSort.binarySort([Ljava/lang/Object;IIILjava/util/Comparator;)V @ 215
Event: 18.894 Thread 0x00007f19b400b800 Uncommon trap: reason=array_check action=maybe_recompile pc=0x00007f19b134b5b8 method=java.util.ComparableTimSort.binarySort([Ljava/lang/Object;III)V @ 183

Internal exceptions (10 events):
Event: 12.660 Thread 0x00007f19b400b800 Threw 0x00000000ec761c48 at /build/openjdk-7-Fct0ZC/openjdk-7-7u95-2.6.4/build/openjdk/hotspot/src/share/vm/prims/jvm.cpp:1322
Event: 12.660 Thread 0x00007f19b400b800 Threw 0x00000000ec7658c8 at /build/openjdk-7-Fct0ZC/openjdk-7-7u95-2.6.4/build/openjdk/hotspot/src/share/vm/prims/jvm.cpp:1322
Event: 12.661 Thread 0x00007f19b400b800 Threw 0x00000000ec769c80 at /build/openjdk-7-Fct0ZC/openjdk-7-7u95-2.6.4/build/openjdk/hotspot/src/share/vm/prims/jvm.cpp:1322
Event: 12.662 Thread 0x00007f19b400b800 Threw 0x00000000ec76fc50 at /build/openjdk-7-Fct0ZC/openjdk-7-7u95-2.6.4/build/openjdk/hotspot/src/share/vm/prims/jvm.cpp:1322
Event: 12.662 Thread 0x00007f19b400b800 Threw 0x00000000ec773758 at /build/openjdk-7-Fct0ZC/openjdk-7-7u95-2.6.4/build/openjdk/hotspot/src/share/vm/prims/jvm.cpp:1322
Event: 12.662 Thread 0x00007f19b400b800 Threw 0x00000000ec777458 at /build/openjdk-7-Fct0ZC/openjdk-7-7u95-2.6.4/build/openjdk/hotspot/src/share/vm/prims/jvm.cpp:1322
Event: 12.663 Thread 0x00007f19b400b800 Threw 0x00000000ec77aea8 at /build/openjdk-7-Fct0ZC/openjdk-7-7u95-2.6.4/build/openjdk/hotspot/src/share/vm/prims/jvm.cpp:1322
Event: 12.665 Thread 0x00007f19b400b800 Threw 0x00000000ec7c2998 at /build/openjdk-7-Fct0ZC/openjdk-7-7u95-2.6.4/build/openjdk/hotspot/src/share/vm/prims/jvm.cpp:1322
Event: 12.666 Thread 0x00007f19b400b800 Threw 0x00000000ec7c5540 at /build/openjdk-7-Fct0ZC/openjdk-7-7u95-2.6.4/build/openjdk/hotspot/src/share/vm/prims/jvm.cpp:1322
Event: 13.047 Thread 0x00007f19b400b800 Threw 0x00000000edec76b8 at /build/openjdk-7-Fct0ZC/openjdk-7-7u95-2.6.4/build/openjdk/hotspot/src/share/vm/prims/jvm.cpp:1322

Events (10 events):
Event: 18.815 loading class 0x00007f198401d570
Event: 18.873 loading class 0x00007f198401d570 done
Event: 18.873 loading class 0x00007f198401d640
Event: 18.873 loading class 0x00007f198401d640 done
Event: 18.873 loading class 0x00007f19b957c2e0
Event: 18.874 loading class 0x00007f19b957c2e0 done
Event: 18.894 Thread 0x00007f19b400b800 Uncommon trap: trap_request=0xffffffd6 fr.pc=0x00007f19b134b5b8
Event: 18.894 Thread 0x00007f19b400b800 DEOPT PACKING pc=0x00007f19b134b5b8 sp=0x00007f19bd5944b0
Event: 18.894 Thread 0x00007f19b400b800 DEOPT UNPACKING pc=0x00007f19b1039045 sp=0x00007f19bd594478 mode 2
Event: 18.903 Executing VM operation: ParallelGCFailedAllocation


Dynamic libraries:
00400000-00401000 r-xp 00000000 08:06 1060470                            /usr/lib/jvm/java-7-openjdk-amd64/jre/bin/java
00600000-00601000 r--p 00000000 08:06 1060470                            /usr/lib/jvm/java-7-openjdk-amd64/jre/bin/java
00601000-00602000 rw-p 00001000 08:06 1060470                            /usr/lib/jvm/java-7-openjdk-amd64/jre/bin/java
022a0000-022c1000 rw-p 00000000 00:00 0                                  [heap]
b5a00000-b6f00000 rw-p 00000000 00:00 0 
b6f00000-c0000000 rw-p 00000000 00:00 0 
c0000000-c5100000 rw-p 00000000 00:00 0 
c5100000-eaa80000 rw-p 00000000 00:00 0 
eaa80000-f2e80000 rw-p 00000000 00:00 0 
fc180000-100000000 rw-p 00000000 00:00 0 
7f1964000000-7f1964021000 rw-p 00000000 00:00 0 
7f1964021000-7f1968000000 ---p 00000000 00:00 0 
7f196bcff000-7f196c000000 rw-p 00000000 00:00 0 
7f196c000000-7f196c025000 rw-p 00000000 00:00 0 
7f196c025000-7f1970000000 ---p 00000000 00:00 0 
7f1970000000-7f1970037000 rw-p 00000000 00:00 0 
7f1970037000-7f1974000000 ---p 00000000 00:00 0 
7f1974000000-7f1974048000 rw-p 00000000 00:00 0 
7f1974048000-7f1978000000 ---p 00000000 00:00 0 
7f1978000000-7f1978021000 rw-p 00000000 00:00 0 
7f1978021000-7f197c000000 ---p 00000000 00:00 0 
7f197c000000-7f197c021000 rw-p 00000000 00:00 0 
7f197c021000-7f1980000000 ---p 00000000 00:00 0 
7f1980000000-7f1980021000 rw-p 00000000 00:00 0 
7f1980021000-7f1984000000 ---p 00000000 00:00 0 
7f1984000000-7f1985dea000 rw-p 00000000 00:00 0 
7f1985dea000-7f1988000000 ---p 00000000 00:00 0 
7f1988000000-7f19893c6000 rw-p 00000000 00:00 0 
7f19893c6000-7f198c000000 ---p 00000000 00:00 0 
7f198c000000-7f198c021000 rw-p 00000000 00:00 0 
7f198c021000-7f1990000000 ---p 00000000 00:00 0 
7f1990000000-7f1990021000 rw-p 00000000 00:00 0 
7f1990021000-7f1994000000 ---p 00000000 00:00 0 
7f1994000000-7f1994021000 rw-p 00000000 00:00 0 
7f1994021000-7f1998000000 ---p 00000000 00:00 0 
7f1998000000-7f1998021000 rw-p 00000000 00:00 0 
7f1998021000-7f199c000000 ---p 00000000 00:00 0 
7f199c000000-7f199c021000 rw-p 00000000 00:00 0 
7f199c021000-7f19a0000000 ---p 00000000 00:00 0 
7f19a0000000-7f19a0021000 rw-p 00000000 00:00 0 
7f19a0021000-7f19a4000000 ---p 00000000 00:00 0 
7f19a4000000-7f19a4021000 rw-p 00000000 00:00 0 
7f19a4021000-7f19a8000000 ---p 00000000 00:00 0 
7f19a81ee000-7f19a825a000 r-xp 00000000 08:06 4469931                    /lib/x86_64-linux-gnu/libpcre.so.3.13.1
7f19a825a000-7f19a8459000 ---p 0006c000 08:06 4469931                    /lib/x86_64-linux-gnu/libpcre.so.3.13.1
7f19a8459000-7f19a845a000 r--p 0006b000 08:06 4469931                    /lib/x86_64-linux-gnu/libpcre.so.3.13.1
7f19a845a000-7f19a845b000 rw-p 0006c000 08:06 4469931                    /lib/x86_64-linux-gnu/libpcre.so.3.13.1
7f19a845b000-7f19a8462000 r-xp 00000000 08:06 535049                     /usr/lib/x86_64-linux-gnu/libffi.so.6.0.4
7f19a8462000-7f19a8661000 ---p 00007000 08:06 535049                     /usr/lib/x86_64-linux-gnu/libffi.so.6.0.4
7f19a8661000-7f19a8662000 r--p 00006000 08:06 535049                     /usr/lib/x86_64-linux-gnu/libffi.so.6.0.4
7f19a8662000-7f19a8663000 rw-p 00007000 08:06 535049                     /usr/lib/x86_64-linux-gnu/libffi.so.6.0.4
7f19a8663000-7f19a867a000 r-xp 00000000 08:06 4469954                    /lib/x86_64-linux-gnu/libresolv-2.21.so
7f19a867a000-7f19a887a000 ---p 00017000 08:06 4469954                    /lib/x86_64-linux-gnu/libresolv-2.21.so
7f19a887a000-7f19a887c000 r--p 00017000 08:06 4469954                    /lib/x86_64-linux-gnu/libresolv-2.21.so
7f19a887c000-7f19a887d000 rw-p 00019000 08:06 4469954                    /lib/x86_64-linux-gnu/libresolv-2.21.so
7f19a887d000-7f19a887f000 rw-p 00000000 00:00 0 
7f19a887f000-7f19a88a0000 r-xp 00000000 08:06 4469960                    /lib/x86_64-linux-gnu/libselinux.so.1
7f19a88a0000-7f19a8a9f000 ---p 00021000 08:06 4469960                    /lib/x86_64-linux-gnu/libselinux.so.1
7f19a8a9f000-7f19a8aa0000 r--p 00020000 08:06 4469960                    /lib/x86_64-linux-gnu/libselinux.so.1
7f19a8aa0000-7f19a8aa1000 rw-p 00021000 08:06 4469960                    /lib/x86_64-linux-gnu/libselinux.so.1
7f19a8aa1000-7f19a8aa3000 rw-p 00000000 00:00 0 
7f19a8aa3000-7f19a8aa6000 r-xp 00000000 08:06 535168                     /usr/lib/x86_64-linux-gnu/libgmodule-2.0.so.0.4600.1
7f19a8aa6000-7f19a8ca5000 ---p 00003000 08:06 535168                     /usr/lib/x86_64-linux-gnu/libgmodule-2.0.so.0.4600.1
7f19a8ca5000-7f19a8ca6000 r--p 00002000 08:06 535168                     /usr/lib/x86_64-linux-gnu/libgmodule-2.0.so.0.4600.1
7f19a8ca6000-7f19a8ca7000 rw-p 00003000 08:06 535168                     /usr/lib/x86_64-linux-gnu/libgmodule-2.0.so.0.4600.1
7f19a8ca7000-7f19a8db4000 r-xp 00000000 08:06 4469849                    /lib/x86_64-linux-gnu/libglib-2.0.so.0.4600.1
7f19a8db4000-7f19a8fb3000 ---p 0010d000 08:06 4469849                    /lib/x86_64-linux-gnu/libglib-2.0.so.0.4600.1
7f19a8fb3000-7f19a8fb4000 r--p 0010c000 08:06 4469849                    /lib/x86_64-linux-gnu/libglib-2.0.so.0.4600.1
7f19a8fb4000-7f19a8fb5000 rw-p 0010d000 08:06 4469849                    /lib/x86_64-linux-gnu/libglib-2.0.so.0.4600.1
7f19a8fb5000-7f19a8fb6000 rw-p 00000000 00:00 0 
7f19a8fb6000-7f19a9008000 r-xp 00000000 08:06 535184                     /usr/lib/x86_64-linux-gnu/libgobject-2.0.so.0.4600.1
7f19a9008000-7f19a9207000 ---p 00052000 08:06 535184                     /usr/lib/x86_64-linux-gnu/libgobject-2.0.so.0.4600.1
7f19a9207000-7f19a9208000 r--p 00051000 08:06 535184                     /usr/lib/x86_64-linux-gnu/libgobject-2.0.so.0.4600.1
7f19a9208000-7f19a9209000 rw-p 00052000 08:06 535184                     /usr/lib/x86_64-linux-gnu/libgobject-2.0.so.0.4600.1
7f19a9209000-7f19a9383000 r-xp 00000000 08:06 535154                     /usr/lib/x86_64-linux-gnu/libgio-2.0.so.0.4600.1
7f19a9383000-7f19a9582000 ---p 0017a000 08:06 535154                     /usr/lib/x86_64-linux-gnu/libgio-2.0.so.0.4600.1
7f19a9582000-7f19a9586000 r--p 00179000 08:06 535154                     /usr/lib/x86_64-linux-gnu/libgio-2.0.so.0.4600.1
7f19a9586000-7f19a9588000 rw-p 0017d000 08:06 535154                     /usr/lib/x86_64-linux-gnu/libgio-2.0.so.0.4600.1
7f19a9588000-7f19a958a000 rw-p 00000000 00:00 0 
7f19a95a4000-7f19a95bb000 r-xp 00000000 08:06 1061829                    /usr/lib/jvm/java-7-openjdk-amd64/jre/lib/amd64/libnet.so
7f19a95bb000-7f19a97bb000 ---p 00017000 08:06 1061829                    /usr/lib/jvm/java-7-openjdk-amd64/jre/lib/amd64/libnet.so
7f19a97bb000-7f19a97bc000 r--p 00017000 08:06 1061829                    /usr/lib/jvm/java-7-openjdk-amd64/jre/lib/amd64/libnet.so
7f19a97bc000-7f19a97bd000 rw-p 00018000 08:06 1061829                    /usr/lib/jvm/java-7-openjdk-amd64/jre/lib/amd64/libnet.so
7f19a97bd000-7f19a97ce000 r-xp 00000000 08:06 1060666                    /usr/lib/jvm/java-7-openjdk-amd64/jre/lib/amd64/libnio.so
7f19a97ce000-7f19a99cd000 ---p 00011000 08:06 1060666                    /usr/lib/jvm/java-7-openjdk-amd64/jre/lib/amd64/libnio.so
7f19a99cd000-7f19a99ce000 r--p 00010000 08:06 1060666                    /usr/lib/jvm/java-7-openjdk-amd64/jre/lib/amd64/libnio.so
7f19a99ce000-7f19a99cf000 rw-p 00011000 08:06 1060666                    /usr/lib/jvm/java-7-openjdk-amd64/jre/lib/amd64/libnio.so
7f19a99cf000-7f19a99d2000 ---p 00000000 00:00 0 
7f19a99d2000-7f19ac000000 rw-p 00000000 00:00 0 
7f19ac000000-7f19ac021000 rw-p 00000000 00:00 0 
7f19ac021000-7f19b0000000 ---p 00000000 00:00 0 
7f19b0014000-7f19b0017000 ---p 00000000 00:00 0 
7f19b0017000-7f19b0115000 rw-p 00000000 00:00 0 
7f19b0115000-7f19b0118000 ---p 00000000 00:00 0 
7f19b0118000-7f19b0216000 rw-p 00000000 00:00 0 
7f19b0216000-7f19b0219000 ---p 00000000 00:00 0 
7f19b0219000-7f19b0317000 rw-p 00000000 00:00 0 
7f19b0317000-7f19b031a000 ---p 00000000 00:00 0 
7f19b031a000-7f19b0418000 rw-p 00000000 00:00 0 
7f19b0418000-7f19b0419000 ---p 00000000 00:00 0 
7f19b0419000-7f19b0519000 rw-p 00000000 00:00 0                          [stack:10247]
7f19b0519000-7f19b051c000 ---p 00000000 00:00 0 
7f19b051c000-7f19b061a000 rw-p 00000000 00:00 0                          [stack:10246]
7f19b061a000-7f19b061d000 ---p 00000000 00:00 0 
7f19b061d000-7f19b071b000 rw-p 00000000 00:00 0                          [stack:10245]
7f19b071b000-7f19b071e000 ---p 00000000 00:00 0 
7f19b071e000-7f19b081c000 rw-p 00000000 00:00 0                          [stack:10244]
7f19b081c000-7f19b081f000 ---p 00000000 00:00 0 
7f19b081f000-7f19b091d000 rw-p 00000000 00:00 0                          [stack:10243]
7f19b091d000-7f19b1000000 r--p 00000000 08:06 533298                     /usr/lib/locale/locale-archive
7f19b1000000-7f19b1360000 rwxp 00000000 00:00 0 
7f19b1360000-7f19b41e5000 rw-p 00000000 00:00 0 
7f19b41e5000-7f19b8000000 ---p 00000000 00:00 0 
7f19b8012000-7f19b8016000 r--s 0004f000 08:06 1064974                    /usr/lib/jvm/java-7-openjdk-amd64/jre/lib/jsse.jar
7f19b8016000-7f19b8025000 r--s 000df000 08:06 2908841                    /home/prajit/Android/Sdk/build-tools/23.0.1/lib/dx.jar
7f19b8025000-7f19b8028000 ---p 00000000 00:00 0 
7f19b8028000-7f19b8126000 rw-p 00000000 00:00 0                          [stack:10242]
7f19b8126000-7f19b8129000 ---p 00000000 00:00 0 
7f19b8129000-7f19b8227000 rw-p 00000000 00:00 0                          [stack:10241]
7f19b8227000-7f19b8228000 ---p 00000000 00:00 0 
7f19b8228000-7f19b9325000 rw-p 00000000 00:00 0                          [stack:10240]
7f19b9325000-7f19b94d7000 r--s 01d2f000 08:06 1060638                    /usr/lib/jvm/java-7-openjdk-amd64/jre/lib/rt.jar
7f19b94d7000-7f19b9823000 rw-p 00000000 00:00 0 
7f19b9823000-7f19b9824000 ---p 00000000 00:00 0 
7f19b9824000-7f19b9924000 rw-p 00000000 00:00 0                          [stack:10239]
7f19b9924000-7f19b9925000 ---p 00000000 00:00 0 
7f19b9925000-7f19b9a25000 rw-p 00000000 00:00 0                          [stack:10238]
7f19b9a25000-7f19b9a26000 ---p 00000000 00:00 0 
7f19b9a26000-7f19b9b26000 rw-p 00000000 00:00 0                          [stack:10237]
7f19b9b26000-7f19b9b27000 ---p 00000000 00:00 0 
7f19b9b27000-7f19b9c32000 rw-p 00000000 00:00 0                          [stack:10236]
7f19b9c32000-7f19b9c7a000 rw-p 00000000 00:00 0 
7f19b9c7a000-7f19b9ca3000 rw-p 00000000 00:00 0 
7f19b9ca3000-7f19b9dd0000 rw-p 00000000 00:00 0 
7f19b9dd0000-7f19b9ddb000 rw-p 00000000 00:00 0 
7f19b9ddb000-7f19b9e23000 rw-p 00000000 00:00 0 
7f19b9e23000-7f19b9e4c000 rw-p 00000000 00:00 0 
7f19b9e4c000-7f19b9f78000 rw-p 00000000 00:00 0 
7f19b9f78000-7f19b9fbb000 rw-p 00000000 00:00 0 
7f19b9fbb000-7f19ba023000 rw-p 00000000 00:00 0 
7f19ba023000-7f19ba024000 rw-p 00000000 00:00 0 
7f19ba024000-7f19ba02c000 r-xp 00000000 08:06 1061301                    /usr/lib/jvm/java-7-openjdk-amd64/jre/lib/amd64/libzip.so
7f19ba02c000-7f19ba22b000 ---p 00008000 08:06 1061301                    /usr/lib/jvm/java-7-openjdk-amd64/jre/lib/amd64/libzip.so
7f19ba22b000-7f19ba22c000 r--p 00007000 08:06 1061301                    /usr/lib/jvm/java-7-openjdk-amd64/jre/lib/amd64/libzip.so
7f19ba22c000-7f19ba22d000 rw-p 00008000 08:06 1061301                    /usr/lib/jvm/java-7-openjdk-amd64/jre/lib/amd64/libzip.so
7f19ba22d000-7f19ba239000 r-xp 00000000 08:06 4469901                    /lib/x86_64-linux-gnu/libnss_files-2.21.so
7f19ba239000-7f19ba438000 ---p 0000c000 08:06 4469901                    /lib/x86_64-linux-gnu/libnss_files-2.21.so
7f19ba438000-7f19ba439000 r--p 0000b000 08:06 4469901                    /lib/x86_64-linux-gnu/libnss_files-2.21.so
7f19ba439000-7f19ba43a000 rw-p 0000c000 08:06 4469901                    /lib/x86_64-linux-gnu/libnss_files-2.21.so
7f19ba43a000-7f19ba445000 r-xp 00000000 08:06 4469911                    /lib/x86_64-linux-gnu/libnss_nis-2.21.so
7f19ba445000-7f19ba644000 ---p 0000b000 08:06 4469911                    /lib/x86_64-linux-gnu/libnss_nis-2.21.so
7f19ba644000-7f19ba645000 r--p 0000a000 08:06 4469911                    /lib/x86_64-linux-gnu/libnss_nis-2.21.so
7f19ba645000-7f19ba646000 rw-p 0000b000 08:06 4469911                    /lib/x86_64-linux-gnu/libnss_nis-2.21.so
7f19ba646000-7f19ba65d000 r-xp 00000000 08:06 4469895                    /lib/x86_64-linux-gnu/libnsl-2.21.so
7f19ba65d000-7f19ba85c000 ---p 00017000 08:06 4469895                    /lib/x86_64-linux-gnu/libnsl-2.21.so
7f19ba85c000-7f19ba85d000 r--p 00016000 08:06 4469895                    /lib/x86_64-linux-gnu/libnsl-2.21.so
7f19ba85d000-7f19ba85e000 rw-p 00017000 08:06 4469895                    /lib/x86_64-linux-gnu/libnsl-2.21.so
7f19ba85e000-7f19ba860000 rw-p 00000000 00:00 0 
7f19ba860000-7f19ba868000 r-xp 00000000 08:06 4469897                    /lib/x86_64-linux-gnu/libnss_compat-2.21.so
7f19ba868000-7f19baa67000 ---p 00008000 08:06 4469897                    /lib/x86_64-linux-gnu/libnss_compat-2.21.so
7f19baa67000-7f19baa68000 r--p 00007000 08:06 4469897                    /lib/x86_64-linux-gnu/libnss_compat-2.21.so
7f19baa68000-7f19baa69000 rw-p 00008000 08:06 4469897                    /lib/x86_64-linux-gnu/libnss_compat-2.21.so
7f19baa69000-7f19baa95000 r-xp 00000000 08:06 1061309                    /usr/lib/jvm/java-7-openjdk-amd64/jre/lib/amd64/libjava.so
7f19baa95000-7f19bac94000 ---p 0002c000 08:06 1061309                    /usr/lib/jvm/java-7-openjdk-amd64/jre/lib/amd64/libjava.so
7f19bac94000-7f19bac95000 r--p 0002b000 08:06 1061309                    /usr/lib/jvm/java-7-openjdk-amd64/jre/lib/amd64/libjava.so
7f19bac95000-7f19bac97000 rw-p 0002c000 08:06 1061309                    /usr/lib/jvm/java-7-openjdk-amd64/jre/lib/amd64/libjava.so
7f19bac97000-7f19baca6000 r-xp 00000000 08:06 1061824                    /usr/lib/jvm/java-7-openjdk-amd64/jre/lib/amd64/libverify.so
7f19baca6000-7f19baea5000 ---p 0000f000 08:06 1061824                    /usr/lib/jvm/java-7-openjdk-amd64/jre/lib/amd64/libverify.so
7f19baea5000-7f19baea7000 r--p 0000e000 08:06 1061824                    /usr/lib/jvm/java-7-openjdk-amd64/jre/lib/amd64/libverify.so
7f19baea7000-7f19baea8000 rw-p 00010000 08:06 1061824                    /usr/lib/jvm/java-7-openjdk-amd64/jre/lib/amd64/libverify.so
7f19baea8000-7f19baeaf000 r-xp 00000000 08:06 4469956                    /lib/x86_64-linux-gnu/librt-2.21.so
7f19baeaf000-7f19bb0ae000 ---p 00007000 08:06 4469956                    /lib/x86_64-linux-gnu/librt-2.21.so
7f19bb0ae000-7f19bb0af000 r--p 00006000 08:06 4469956                    /lib/x86_64-linux-gnu/librt-2.21.so
7f19bb0af000-7f19bb0b0000 rw-p 00007000 08:06 4469956                    /lib/x86_64-linux-gnu/librt-2.21.so
7f19bb0b0000-7f19bb0c6000 r-xp 00000000 08:06 4469845                    /lib/x86_64-linux-gnu/libgcc_s.so.1
7f19bb0c6000-7f19bb2c5000 ---p 00016000 08:06 4469845                    /lib/x86_64-linux-gnu/libgcc_s.so.1
7f19bb2c5000-7f19bb2c6000 r--p 00015000 08:06 4469845                    /lib/x86_64-linux-gnu/libgcc_s.so.1
7f19bb2c6000-7f19bb2c7000 rw-p 00016000 08:06 4469845                    /lib/x86_64-linux-gnu/libgcc_s.so.1
7f19bb2c7000-7f19bb3ce000 r-xp 00000000 08:06 4469874                    /lib/x86_64-linux-gnu/libm-2.21.so
7f19bb3ce000-7f19bb5cd000 ---p 00107000 08:06 4469874                    /lib/x86_64-linux-gnu/libm-2.21.so
7f19bb5cd000-7f19bb5ce000 r--p 00106000 08:06 4469874                    /lib/x86_64-linux-gnu/libm-2.21.so
7f19bb5ce000-7f19bb5cf000 rw-p 00107000 08:06 4469874                    /lib/x86_64-linux-gnu/libm-2.21.so
7f19bb5cf000-7f19bb742000 r-xp 00000000 08:06 535706                     /usr/lib/x86_64-linux-gnu/libstdc++.so.6.0.21
7f19bb742000-7f19bb941000 ---p 00173000 08:06 535706                     /usr/lib/x86_64-linux-gnu/libstdc++.so.6.0.21
7f19bb941000-7f19bb94b000 r--p 00172000 08:06 535706                     /usr/lib/x86_64-linux-gnu/libstdc++.so.6.0.21
7f19bb94b000-7f19bb94d000 rw-p 0017c000 08:06 535706                     /usr/lib/x86_64-linux-gnu/libstdc++.so.6.0.21
7f19bb94d000-7f19bb951000 rw-p 00000000 00:00 0 
7f19bb951000-7f19bc4a2000 r-xp 00000000 08:06 1061655                    /usr/lib/jvm/java-7-openjdk-amd64/jre/lib/amd64/server/libjvm.so
7f19bc4a2000-7f19bc6a1000 ---p 00b51000 08:06 1061655                    /usr/lib/jvm/java-7-openjdk-amd64/jre/lib/amd64/server/libjvm.so
7f19bc6a1000-7f19bc732000 r--p 00b50000 08:06 1061655                    /usr/lib/jvm/java-7-openjdk-amd64/jre/lib/amd64/server/libjvm.so
7f19bc732000-7f19bc755000 rw-p 00be1000 08:06 1061655                    /usr/lib/jvm/java-7-openjdk-amd64/jre/lib/amd64/server/libjvm.so
7f19bc755000-7f19bc780000 rw-p 00000000 00:00 0 
7f19bc780000-7f19bc799000 r-xp 00000000 08:06 4469991                    /lib/x86_64-linux-gnu/libz.so.1.2.8
7f19bc799000-7f19bc998000 ---p 00019000 08:06 4469991                    /lib/x86_64-linux-gnu/libz.so.1.2.8
7f19bc998000-7f19bc999000 r--p 00018000 08:06 4469991                    /lib/x86_64-linux-gnu/libz.so.1.2.8
7f19bc999000-7f19bc99a000 rw-p 00019000 08:06 4469991                    /lib/x86_64-linux-gnu/libz.so.1.2.8
7f19bc99a000-7f19bc9b2000 r-xp 00000000 08:06 4469948                    /lib/x86_64-linux-gnu/libpthread-2.21.so
7f19bc9b2000-7f19bcbb2000 ---p 00018000 08:06 4469948                    /lib/x86_64-linux-gnu/libpthread-2.21.so
7f19bcbb2000-7f19bcbb3000 r--p 00018000 08:06 4469948                    /lib/x86_64-linux-gnu/libpthread-2.21.so
7f19bcbb3000-7f19bcbb4000 rw-p 00019000 08:06 4469948                    /lib/x86_64-linux-gnu/libpthread-2.21.so
7f19bcbb4000-7f19bcbb8000 rw-p 00000000 00:00 0 
7f19bcbb8000-7f19bcbbb000 r-xp 00000000 08:06 4469831                    /lib/x86_64-linux-gnu/libdl-2.21.so
7f19bcbbb000-7f19bcdba000 ---p 00003000 08:06 4469831                    /lib/x86_64-linux-gnu/libdl-2.21.so
7f19bcdba000-7f19bcdbb000 r--p 00002000 08:06 4469831                    /lib/x86_64-linux-gnu/libdl-2.21.so
7f19bcdbb000-7f19bcdbc000 rw-p 00003000 08:06 4469831                    /lib/x86_64-linux-gnu/libdl-2.21.so
7f19bcdbc000-7f19bcf7c000 r-xp 00000000 08:06 4469812                    /lib/x86_64-linux-gnu/libc-2.21.so
7f19bcf7c000-7f19bd17c000 ---p 001c0000 08:06 4469812                    /lib/x86_64-linux-gnu/libc-2.21.so
7f19bd17c000-7f19bd180000 r--p 001c0000 08:06 4469812                    /lib/x86_64-linux-gnu/libc-2.21.so
7f19bd180000-7f19bd182000 rw-p 001c4000 08:06 4469812                    /lib/x86_64-linux-gnu/libc-2.21.so
7f19bd182000-7f19bd186000 rw-p 00000000 00:00 0 
7f19bd186000-7f19bd193000 r-xp 00000000 08:06 1061826                    /usr/lib/jvm/java-7-openjdk-amd64/jre/lib/amd64/jli/libjli.so
7f19bd193000-7f19bd392000 ---p 0000d000 08:06 1061826                    /usr/lib/jvm/java-7-openjdk-amd64/jre/lib/amd64/jli/libjli.so
7f19bd392000-7f19bd393000 r--p 0000c000 08:06 1061826                    /usr/lib/jvm/java-7-openjdk-amd64/jre/lib/amd64/jli/libjli.so
7f19bd393000-7f19bd394000 rw-p 0000d000 08:06 1061826                    /usr/lib/jvm/java-7-openjdk-amd64/jre/lib/amd64/jli/libjli.so
7f19bd394000-7f19bd3b8000 r-xp 00000000 08:06 4469784                    /lib/x86_64-linux-gnu/ld-2.21.so
7f19bd3b8000-7f19bd3b9000 rw-p 00000000 00:00 0 
7f19bd3b9000-7f19bd3bd000 r--s 00034000 08:06 1060614                    /usr/lib/jvm/java-7-openjdk-amd64/jre/lib/ext/sunjce_provider.jar
7f19bd3bd000-7f19bd3e3000 rw-p 00000000 00:00 0 
7f19bd3e3000-7f19bd495000 rw-p 00000000 00:00 0 
7f19bd495000-7f19bd498000 ---p 00000000 00:00 0 
7f19bd498000-7f19bd59b000 rw-p 00000000 00:00 0                          [stack:10235]
7f19bd59b000-7f19bd59c000 r--s 00002000 08:06 1060624                    /usr/lib/jvm/java-7-openjdk-amd64/jre/lib/ext/dnsns.jar
7f19bd59c000-7f19bd59e000 r--s 00007000 08:06 1065162                    /usr/share/java/java-atk-wrapper.jar
7f19bd59e000-7f19bd5a1000 r--s 0000f000 08:06 1060613                    /usr/lib/jvm/java-7-openjdk-amd64/jre/lib/ext/icedtea-sound.jar
7f19bd5a1000-7f19bd5a5000 r--s 0003c000 08:06 1060615                    /usr/lib/jvm/java-7-openjdk-amd64/jre/lib/ext/sunpkcs11.jar
7f19bd5a5000-7f19bd5a7000 r--s 00012000 08:06 1060611                    /usr/lib/jvm/java-7-openjdk-amd64/jre/lib/ext/zipfs.jar
7f19bd5a7000-7f19bd5ab000 r--s 00085000 08:06 1060612                    /usr/lib/jvm/java-7-openjdk-amd64/jre/lib/ext/localedata.jar
7f19bd5ab000-7f19bd5b3000 rw-s 00000000 08:06 3812938                    /tmp/hsperfdata_prajit/10229
7f19bd5b3000-7f19bd5b4000 rw-p 00000000 00:00 0 
7f19bd5b4000-7f19bd5b5000 ---p 00000000 00:00 0 
7f19bd5b5000-7f19bd5b7000 rw-p 00000000 00:00 0 
7f19bd5b7000-7f19bd5b8000 r--p 00023000 08:06 4469784                    /lib/x86_64-linux-gnu/ld-2.21.so
7f19bd5b8000-7f19bd5b9000 rw-p 00024000 08:06 4469784                    /lib/x86_64-linux-gnu/ld-2.21.so
7f19bd5b9000-7f19bd5ba000 rw-p 00000000 00:00 0 
7ffd00af0000-7ffd00b12000 rw-p 00000000 00:00 0                          [stack]
7ffd00bce000-7ffd00bd0000 r--p 00000000 00:00 0                          [vvar]
7ffd00bd0000-7ffd00bd2000 r-xp 00000000 00:00 0                          [vdso]
ffffffffff600000-ffffffffff601000 r-xp 00000000 00:00 0                  [vsyscall]

VM Arguments:
jvm_args: -Xmx1024M -Dfile.encoding=UTF-8 -Duser.country=US -Duser.language=en -Duser.variant 
java_command: com.android.dx.command.Main --dex --num-threads=4 --output /media/prajit/New Volume/Projects/QMS/app/build/intermediates/dex/debug /media/prajit/New Volume/Projects/QMS/app/build/intermediates/classes/debug /media/prajit/New Volume/Projects/QMS/app/build/intermediates/pre-dexed/debug/support-annotations-23.1.1-c590b88c4538e11e049c0087e7ffdd3c0d0b6a06.jar /media/prajit/New Volume/Projects/QMS/app/build/intermediates/pre-dexed/debug/classes-770634c680a6dd6b48e019f99c429f14a91c938d.jar /media/prajit/New Volume/Projects/QMS/app/build/intermediates/pre-dexed/debug/classes-96e1fbba4e21c473a79b0f1b594e6aedd1751d20.jar /media/prajit/New Volume/Projects/QMS/app/build/intermediates/pre-dexed/debug/classes-d13c8c228bc2586b85e5720d0e6496c520fbd941.jar /media/prajit/New Volume/Projects/QMS/app/build/intermediates/pre-dexed/debug/httpmime-4.3-3fda06e08bda9d739ba22eb9b396cf7a79c1928e.jar /media/prajit/New Volume/Projects/QMS/app/build/intermediates/pre-dexed/debug/ormlite-android-4.48-b6569c0c14941c99557c9b09ecee0363e4954dc7.jar /media/prajit/New Volume/Projects/QMS/app/build/intermediates/pre-dexed/debug/volley-5dd7e63f9ddc8db32d209ea251b0bc7b0f4bf764.jar /media/prajit/New Volume/Projects/QMS/app/build/intermediates/pre-dexed/debug/picasso-2.5.2-20e328a78b03fd74e61bb7d2a008ad1afb2797dc.jar /media/prajit/New Volume/Projects/QMS/app/build/intermediates/pre-dexed/debug/aws-android-sdk-cognito-2.2.12-8cc3c17b1ad28b557c6af898cb06d968c217a089.jar /media/prajit/New Volume/Projects/QMS/app/build/intermediates/pre-dexed/debug/gson-2.3-a9cee03b0d2bc6e590333aaa4c4d42670f7ff4a6.jar /media/prajit/New Volume/Projects/QMS/app/build/intermediates/pre-dexed/debug/aws-android-sdk-ddb-2.2.12-1d2c750ef84f83f64b4d749c2668cc594a2c261c.jar /media/prajit/New Volume/Projects/QMS/app/build/intermediates/pre-dexed/debug/internal_impl-23.1.1-ad2a90eba14307e4ee054d8dd49fb3c82ba1740f.jar /media/prajit/New Volume/Projects/QMS/app/build/intermediates/pre-dexed/debug/classes-220b8e40f4696aa907a4a
Launcher Type: SUN_STANDARD

Environment Variables:
PATH=/usr/local/sbin:/usr/local/bin:/usr/sbin:/usr/bin:/sbin:/bin:/usr/games:/usr/local/games
LD_LIBRARY_PATH=/media/prajit/New Volume/Android Studio/bin:
SHELL=/bin/bash
DISPLAY=:0

Signal Handlers:
SIGSEGV: [libjvm.so+0x995450], sa_mask[0]=0x7ffbfeff, sa_flags=0x10000004
SIGBUS: [libjvm.so+0x995450], sa_mask[0]=0x7ffbfeff, sa_flags=0x10000004
SIGFPE: [libjvm.so+0x7fc6a0], sa_mask[0]=0x7ffbfeff, sa_flags=0x10000004
SIGPIPE: [libjvm.so+0x7fc6a0], sa_mask[0]=0x7ffbfeff, sa_flags=0x10000004
SIGXFSZ: [libjvm.so+0x7fc6a0], sa_mask[0]=0x7ffbfeff, sa_flags=0x10000004
SIGILL: [libjvm.so+0x7fc6a0], sa_mask[0]=0x7ffbfeff, sa_flags=0x10000004
SIGUSR1: SIG_DFL, sa_mask[0]=0x00000000, sa_flags=0x00000000
SIGUSR2: [libjvm.so+0x7fc520], sa_mask[0]=0x00000004, sa_flags=0x10000004
SIGHUP: [libjvm.so+0x7fc6b0], sa_mask[0]=0x7ffbfeff, sa_flags=0x10000004
SIGINT: [libjvm.so+0x7fc6b0], sa_mask[0]=0x7ffbfeff, sa_flags=0x10000004
SIGTERM: [libjvm.so+0x7fc6b0], sa_mask[0]=0x7ffbfeff, sa_flags=0x10000004
SIGQUIT: [libjvm.so+0x7fc6b0], sa_mask[0]=0x7ffbfeff, sa_flags=0x10000004
SIGTRAP: SIG_DFL, sa_mask[0]=0x00000000, sa_flags=0x00000000


---------------  S Y S T E M  ---------------

OS:Ubuntu 15.10 (wily)
uname:Linux 4.2.0-16-generic #19-Ubuntu SMP Thu Oct 8 15:35:06 UTC 2015 x86_64
libc:glibc 2.21 NPTL 2.21 
rlimit: STACK 8192k, CORE 0k, NPROC 30985, NOFILE 65536, AS infinity
load average:4.19 1.68 1.26

/proc/meminfo:
MemTotal:        7966920 kB
MemFree:           56452 kB
MemAvailable:     124072 kB
Buffers:            3280 kB
Cached:          2927260 kB
SwapCached:            0 kB
Active:          4852464 kB
Inactive:        2863044 kB
Active(anon):    4821688 kB
Inactive(anon):  2828980 kB
Active(file):      30776 kB
Inactive(file):    34064 kB
Unevictable:          32 kB
Mlocked:              32 kB
SwapTotal:             0 kB
SwapFree:              0 kB
Dirty:              3464 kB
Writeback:             0 kB
AnonPages:       4785476 kB
Mapped:           180808 kB
Shmem:           2865232 kB
Slab:              86428 kB
SReclaimable:      44816 kB
SUnreclaim:        41612 kB
KernelStack:       11216 kB
PageTables:        58332 kB
NFS_Unstable:          0 kB
Bounce:                0 kB
WritebackTmp:          0 kB
CommitLimit:     3983460 kB
Committed_AS:   12330512 kB
VmallocTotal:   34359738367 kB
VmallocUsed:      359440 kB
VmallocChunk:   34358945788 kB
HardwareCorrupted:     0 kB
AnonHugePages:   2953216 kB
CmaTotal:              0 kB
CmaFree:               0 kB
HugePages_Total:       0
HugePages_Free:        0
HugePages_Rsvd:        0
HugePages_Surp:        0
Hugepagesize:       2048 kB
DirectMap4k:      194268 kB
DirectMap2M:     7987200 kB


CPU:total 4 (2 cores per cpu, 2 threads per core) family 6 model 37 stepping 5, cmov, cx8, fxsr, mmx, sse, sse2, sse3, ssse3, sse4.1, sse4.2, popcnt, ht, tsc, tscinvbit

/proc/cpuinfo:
processor	: 0
vendor_id	: GenuineIntel
cpu family	: 6
model		: 37
model name	: Intel(R) Core(TM) i3 CPU         540  @ 3.07GHz
stepping	: 5
microcode	: 0x2
cpu MHz		: 3059.000
cache size	: 4096 KB
physical id	: 0
siblings	: 4
core id		: 0
cpu cores	: 2
apicid		: 0
initial apicid	: 0
fpu		: yes
fpu_exception	: yes
cpuid level	: 11
wp		: yes
flags		: fpu vme de pse tsc msr pae mce cx8 apic sep mtrr pge mca cmov pat pse36 clflush dts acpi mmx fxsr sse sse2 ss ht tm pbe syscall nx rdtscp lm constant_tsc arch_perfmon pebs bts rep_good nopl xtopology nonstop_tsc aperfmperf pni dtes64 monitor ds_cpl vmx est tm2 ssse3 cx16 xtpr pdcm pcid sse4_1 sse4_2 popcnt lahf_lm arat dtherm tpr_shadow vnmi flexpriority ept vpid
bugs		:
bogomips	: 6118.68
clflush size	: 64
cache_alignment	: 64
address sizes	: 36 bits physical, 48 bits virtual
power management:

processor	: 1
vendor_id	: GenuineIntel
cpu family	: 6
model		: 37
model name	: Intel(R) Core(TM) i3 CPU         540  @ 3.07GHz
stepping	: 5
microcode	: 0x2
cpu MHz		: 3059.000
cache size	: 4096 KB
physical id	: 0
siblings	: 4
core id		: 0
cpu cores	: 2
apicid		: 1
initial apicid	: 1
fpu		: yes
fpu_exception	: yes
cpuid level	: 11
wp		: yes
flags		: fpu vme de pse tsc msr pae mce cx8 apic sep mtrr pge mca cmov pat pse36 clflush dts acpi mmx fxsr sse sse2 ss ht tm pbe syscall nx rdtscp lm constant_tsc arch_perfmon pebs bts rep_good nopl xtopology nonstop_tsc aperfmperf pni dtes64 monitor ds_cpl vmx est tm2 ssse3 cx16 xtpr pdcm pcid sse4_1 sse4_2 popcnt lahf_lm arat dtherm tpr_shadow vnmi flexpriority ept vpid
bugs		:
bogomips	: 6118.68
clflush size	: 64
cache_alignment	: 64
address sizes	: 36 bits physical, 48 bits virtual
power management:

processor	: 2
vendor_id	: GenuineIntel
cpu family	: 6
model		: 37
model name	: Intel(R) Core(TM) i3 CPU         540  @ 3.07GHz
stepping	: 5
microcode	: 0x2
cpu MHz		: 3059.000
cache size	: 4096 KB
physical id	: 0
siblings	: 4
core id		: 2
cpu cores	: 2
apicid		: 4
initial apicid	: 4
fpu		: yes
fpu_exception	: yes
cpuid level	: 11
wp		: yes
flags		: fpu vme de pse tsc msr pae mce cx8 apic sep mtrr pge mca cmov pat pse36 clflush dts acpi mmx fxsr sse sse2 ss ht tm pbe syscall nx rdtscp lm constant_tsc arch_perfmon pebs bts rep_good nopl xtopology nonstop_tsc aperfmperf pni dtes64 monitor ds_cpl vmx est tm2 ssse3 cx16 xtpr pdcm pcid sse4_1 sse4_2 popcnt lahf_lm arat dtherm tpr_shadow vnmi flexpriority ept vpid
bugs		:
bogomips	: 6118.68
clflush size	: 64
cache_alignment	: 64
address sizes	: 36 bits physical, 48 bits virtual
power management:

processor	: 3
vendor_id	: GenuineIntel
cpu family	: 6
model		: 37
model name	: Intel(R) Core(TM) i3 CPU         540  @ 3.07GHz
stepping	: 5
microcode	: 0x2
cpu MHz		: 3059.000
cache size	: 4096 KB
physical id	: 0
siblings	: 4
core id		: 2
cpu cores	: 2
apicid		: 5
initial apicid	: 5
fpu		: yes
fpu_exception	: yes
cpuid level	: 11
wp		: yes
flags		: fpu vme de pse tsc msr pae mce cx8 apic sep mtrr pge mca cmov pat pse36 clflush dts acpi mmx fxsr sse sse2 ss ht tm pbe syscall nx rdtscp lm constant_tsc arch_perfmon pebs bts rep_good nopl xtopology nonstop_tsc aperfmperf pni dtes64 monitor ds_cpl vmx est tm2 ssse3 cx16 xtpr pdcm pcid sse4_1 sse4_2 popcnt lahf_lm arat dtherm tpr_shadow vnmi flexpriority ept vpid
bugs		:
bogomips	: 6118.68
clflush size	: 64
cache_alignment	: 64
address sizes	: 36 bits physical, 48 bits virtual
power management:



Memory: 4k page, physical 7966920k(56452k free), swap 0k(0k free)

vm_info: OpenJDK 64-Bit Server VM (24.95-b01) for linux-amd64 JRE (1.7.0_95-b00), built on Jan 21 2016 03:36:38 by "buildd" with gcc 5.2.1 20151010

time: Mon Feb 22 10:38:25 2016
elapsed time: 22 seconds

