#
# There is insufficient memory for the Java Runtime Environment to continue.
# Native memory allocation (malloc) failed to allocate 161480704 bytes for committing reserved memory.
# Possible reasons:
#   The system is out of physical RAM or swap space
#   In 32 bit mode, the process size limit was hit
# Possible solutions:
#   Reduce memory load on the system
#   Increase physical memory or swap space
#   Check if swap backing store is full
#   Use 64 bit Java on a 64 bit OS
#   Decrease Java heap size (-Xmx/-Xms)
#   Decrease number of Java threads
#   Decrease Java thread stack sizes (-Xss)
#   Set larger code cache with -XX:ReservedCodeCacheSize=
# This output file may be truncated or incomplete.
#
#  Out of Memory Error (os_linux.cpp:2827), pid=15628, tid=139861792134912
#
# JRE version: OpenJDK Runtime Environment (7.0_95) (build 1.7.0_95-b00)
# Java VM: OpenJDK 64-Bit Server VM (24.95-b01 mixed mode linux-amd64 compressed oops)
# Derivative: IcedTea 2.6.4
# Distribution: Ubuntu 15.10, package 7u95-2.6.4-0ubuntu0.15.10.2
# Failed to write core dump. Core dumps have been disabled. To enable core dumping, try "ulimit -c unlimited" before starting Java again
#

---------------  T H R E A D  ---------------

Current thread (0x00007f3424077000):  VMThread [stack: 0x00007f341c601000,0x00007f341c702000] [id=15639]

Stack: [0x00007f341c601000,0x00007f341c702000],  sp=0x00007f341c7004f0,  free space=1021k
Native frames: (J=compiled Java code, j=interpreted, Vv=VM code, C=native code)
V  [libjvm.so+0x9948f3]
V  [libjvm.so+0x48a9df]
V  [libjvm.so+0x80143b]
V  [libjvm.so+0x7fb82e]
V  [libjvm.so+0x871c4b]
V  [libjvm.so+0x873593]
V  [libjvm.so+0x86f818]
V  [libjvm.so+0x86fafc]
V  [libjvm.so+0x824df3]
V  [libjvm.so+0x996392]
V  [libjvm.so+0x99b0d7]
V  [libjvm.so+0x998968]
V  [libjvm.so+0x999cdf]
V  [libjvm.so+0x99a1d1]
V  [libjvm.so+0x7fe362]

VM_Operation (0x00007f342ac4d280): ParallelGCFailedAllocation, mode: safepoint, requested by thread 0x00007f342400b800


---------------  P R O C E S S  ---------------

Java Threads: ( => current thread )
  0x00007f34240b0000 JavaThread "Service Thread" daemon [_thread_blocked, id=15645, stack(0x00007f341781c000,0x00007f341791d000)]
  0x00007f34240ad800 JavaThread "C2 CompilerThread1" daemon [_thread_blocked, id=15644, stack(0x00007f341c0fc000,0x00007f341c1fd000)]
  0x00007f34240aa800 JavaThread "C2 CompilerThread0" daemon [_thread_blocked, id=15643, stack(0x00007f341c1fd000,0x00007f341c2fe000)]
  0x00007f34240a8800 JavaThread "Signal Dispatcher" daemon [_thread_blocked, id=15642, stack(0x00007f341c2fe000,0x00007f341c3ff000)]
  0x00007f342407d800 JavaThread "Finalizer" daemon [_thread_blocked, id=15641, stack(0x00007f341c3ff000,0x00007f341c500000)]
  0x00007f342407b800 JavaThread "Reference Handler" daemon [_thread_blocked, id=15640, stack(0x00007f341c500000,0x00007f341c601000)]
  0x00007f342400b800 JavaThread "main" [_thread_blocked, id=15634, stack(0x00007f342ab4e000,0x00007f342ac4f000)]

Other Threads:
=>0x00007f3424077000 VMThread [stack: 0x00007f341c601000,0x00007f341c702000] [id=15639]
  0x00007f34240ba800 WatcherThread [stack: 0x00007f341771b000,0x00007f341781c000] [id=15646]

VM state:at safepoint (normal execution)

VM Mutex/Monitor currently owned by a thread:  ([mutex/lock_event])
[0x00007f3424007e10] Threads_lock - owner thread: 0x00007f3424077000
[0x00007f3424008310] Heap_lock - owner thread: 0x00007f342400b800

Heap
 PSYoungGen      total 130048K, used 5088K [0x00000000eaa80000, 0x00000000f2e80000, 0x0000000100000000)
  eden space 124928K, 0% used [0x00000000eaa80000,0x00000000eaa80000,0x00000000f2480000)
  from space 5120K, 99% used [0x00000000f2480000,0x00000000f2978048,0x00000000f2980000)
  to   space 5120K, 0% used [0x00000000f2980000,0x00000000f2980000,0x00000000f2e80000)
 ParOldGen       total 82944K, used 37510K [0x00000000c0000000, 0x00000000c5100000, 0x00000000eaa80000)
  object space 82944K, 45% used [0x00000000c0000000,0x00000000c24a1818,0x00000000c5100000)
 PSPermGen       total 21504K, used 7612K [0x00000000b5a00000, 0x00000000b6f00000, 0x00000000c0000000)
  object space 21504K, 35% used [0x00000000b5a00000,0x00000000b616f3a0,0x00000000b6f00000)

Card table byte_map: [0x00007f3420367000,0x00007f34205bb000] byte_map_base: 0x00007f341fdba000

Polling page: 0x00007f342ac70000

Code Cache  [0x00007f34205bb000, 0x00007f342095b000, 0x00007f34235bb000)
 total_blobs=1349 nmethods=1098 adapters=205 free_code_cache=45523Kb largest_free_block=46558144

Compilation events (10 events):
Event: 10.512 Thread 0x00007f34240ad800 nmethod 1108 0x00007f34209467d0 code [0x00007f3420946900, 0x00007f3420946978]
Event: 10.520 Thread 0x00007f34240aa800 1109             com.android.dx.merge.IndexMap::adjustTypeListOffset (18 bytes)
Event: 10.524 Thread 0x00007f34240aa800 nmethod 1109 0x00007f34209431d0 code [0x00007f3420943360, 0x00007f3420943678]
Event: 10.529 Thread 0x00007f34240ad800 1110             com.android.dex.EncodedValueCodec::writeUnsignedIntegralValue (66 bytes)
Event: 10.532 Thread 0x00007f34240aa800 1111             com.android.dex.ClassDef::getClassDataOffset (5 bytes)
Event: 10.533 Thread 0x00007f34240aa800 nmethod 1111 0x00007f3420940050 code [0x00007f3420940180, 0x00007f34209401d8]
Event: 10.534 Thread 0x00007f34240aa800 1112             com.android.dx.io.instructions.InstructionCodec$34::decode (314 bytes)
Event: 10.542 Thread 0x00007f34240ad800 nmethod 1110 0x00007f3420947750 code [0x00007f34209478c0, 0x00007f3420948098]
Event: 10.542 Thread 0x00007f34240ad800 1113             com.android.dx.io.instructions.ShortArrayCodeOutput::write (33 bytes)
Event: 10.547 Thread 0x00007f34240ad800 nmethod 1113 0x00007f3420942c90 code [0x00007f3420942de0, 0x00007f3420943078]

GC Heap History (9 events):
Event: 1.687 GC heap before
{Heap before GC invocations=1 (full 0):
 PSYoungGen      total 36352K, used 31232K [0x00000000eaa80000, 0x00000000ed300000, 0x0000000100000000)
  eden space 31232K, 100% used [0x00000000eaa80000,0x00000000ec900000,0x00000000ec900000)
  from space 5120K, 0% used [0x00000000ece00000,0x00000000ece00000,0x00000000ed300000)
  to   space 5120K, 0% used [0x00000000ec900000,0x00000000ec900000,0x00000000ece00000)
 ParOldGen       total 82944K, used 0K [0x00000000c0000000, 0x00000000c5100000, 0x00000000eaa80000)
  object space 82944K, 0% used [0x00000000c0000000,0x00000000c0000000,0x00000000c5100000)
 PSPermGen       total 21504K, used 5478K [0x00000000b5a00000, 0x00000000b6f00000, 0x00000000c0000000)
  object space 21504K, 25% used [0x00000000b5a00000,0x00000000b5f59ad8,0x00000000b6f00000)
Event: 1.705 GC heap after
Heap after GC invocations=1 (full 0):
 PSYoungGen      total 36352K, used 5104K [0x00000000eaa80000, 0x00000000ef180000, 0x0000000100000000)
  eden space 31232K, 0% used [0x00000000eaa80000,0x00000000eaa80000,0x00000000ec900000)
  from space 5120K, 99% used [0x00000000ec900000,0x00000000ecdfc038,0x00000000ece00000)
  to   space 5120K, 0% used [0x00000000eec80000,0x00000000eec80000,0x00000000ef180000)
 ParOldGen       total 82944K, used 1419K [0x00000000c0000000, 0x00000000c5100000, 0x00000000eaa80000)
  object space 82944K, 1% used [0x00000000c0000000,0x00000000c0162e90,0x00000000c5100000)
 PSPermGen       total 21504K, used 5478K [0x00000000b5a00000, 0x00000000b6f00000, 0x00000000c0000000)
  object space 21504K, 25% used [0x00000000b5a00000,0x00000000b5f59ad8,0x00000000b6f00000)
}
Event: 2.620 GC heap before
{Heap before GC invocations=2 (full 0):
 PSYoungGen      total 36352K, used 36336K [0x00000000eaa80000, 0x00000000ef180000, 0x0000000100000000)
  eden space 31232K, 100% used [0x00000000eaa80000,0x00000000ec900000,0x00000000ec900000)
  from space 5120K, 99% used [0x00000000ec900000,0x00000000ecdfc038,0x00000000ece00000)
  to   space 5120K, 0% used [0x00000000eec80000,0x00000000eec80000,0x00000000ef180000)
 ParOldGen       total 82944K, used 1419K [0x00000000c0000000, 0x00000000c5100000, 0x00000000eaa80000)
  object space 82944K, 1% used [0x00000000c0000000,0x00000000c0162e90,0x00000000c5100000)
 PSPermGen       total 21504K, used 5580K [0x00000000b5a00000, 0x00000000b6f00000, 0x00000000c0000000)
  object space 21504K, 25% used [0x00000000b5a00000,0x00000000b5f73180,0x00000000b6f00000)
Event: 2.660 GC heap after
Heap after GC invocations=2 (full 0):
 PSYoungGen      total 67584K, used 5104K [0x00000000eaa80000, 0x00000000ef180000, 0x0000000100000000)
  eden space 62464K, 0% used [0x00000000eaa80000,0x00000000eaa80000,0x00000000ee780000)
  from space 5120K, 99% used [0x00000000eec80000,0x00000000ef17c038,0x00000000ef180000)
  to   space 5120K, 0% used [0x00000000ee780000,0x00000000ee780000,0x00000000eec80000)
 ParOldGen       total 82944K, used 5784K [0x00000000c0000000, 0x00000000c5100000, 0x00000000eaa80000)
  object space 82944K, 6% used [0x00000000c0000000,0x00000000c05a6230,0x00000000c5100000)
 PSPermGen       total 21504K, used 5580K [0x00000000b5a00000, 0x00000000b6f00000, 0x00000000c0000000)
  object space 21504K, 25% used [0x00000000b5a00000,0x00000000b5f73180,0x00000000b6f00000)
}
Event: 4.154 GC heap before
{Heap before GC invocations=3 (full 0):
 PSYoungGen      total 67584K, used 67568K [0x00000000eaa80000, 0x00000000ef180000, 0x0000000100000000)
  eden space 62464K, 100% used [0x00000000eaa80000,0x00000000ee780000,0x00000000ee780000)
  from space 5120K, 99% used [0x00000000eec80000,0x00000000ef17c038,0x00000000ef180000)
  to   space 5120K, 0% used [0x00000000ee780000,0x00000000ee780000,0x00000000eec80000)
 ParOldGen       total 82944K, used 5784K [0x00000000c0000000, 0x00000000c5100000, 0x00000000eaa80000)
  object space 82944K, 6% used [0x00000000c0000000,0x00000000c05a6230,0x00000000c5100000)
 PSPermGen       total 21504K, used 5630K [0x00000000b5a00000, 0x00000000b6f00000, 0x00000000c0000000)
  object space 21504K, 26% used [0x00000000b5a00000,0x00000000b5f7f858,0x00000000b6f00000)
Event: 4.212 GC heap after
Heap after GC invocations=3 (full 0):
 PSYoungGen      total 67584K, used 5089K [0x00000000eaa80000, 0x00000000f2e80000, 0x0000000100000000)
  eden space 62464K, 0% used [0x00000000eaa80000,0x00000000eaa80000,0x00000000ee780000)
  from space 5120K, 99% used [0x00000000ee780000,0x00000000eec78718,0x00000000eec80000)
  to   space 5120K, 0% used [0x00000000f2980000,0x00000000f2980000,0x00000000f2e80000)
 ParOldGen       total 82944K, used 14846K [0x00000000c0000000, 0x00000000c5100000, 0x00000000eaa80000)
  object space 82944K, 17% used [0x00000000c0000000,0x00000000c0e7f848,0x00000000c5100000)
 PSPermGen       total 21504K, used 5630K [0x00000000b5a00000, 0x00000000b6f00000, 0x00000000c0000000)
  object space 21504K, 26% used [0x00000000b5a00000,0x00000000b5f7f858,0x00000000b6f00000)
}
Event: 5.500 GC heap before
{Heap before GC invocations=4 (full 0):
 PSYoungGen      total 67584K, used 67553K [0x00000000eaa80000, 0x00000000f2e80000, 0x0000000100000000)
  eden space 62464K, 100% used [0x00000000eaa80000,0x00000000ee780000,0x00000000ee780000)
  from space 5120K, 99% used [0x00000000ee780000,0x00000000eec78718,0x00000000eec80000)
  to   space 5120K, 0% used [0x00000000f2980000,0x00000000f2980000,0x00000000f2e80000)
 ParOldGen       total 82944K, used 14846K [0x00000000c0000000, 0x00000000c5100000, 0x00000000eaa80000)
  object space 82944K, 17% used [0x00000000c0000000,0x00000000c0e7f848,0x00000000c5100000)
 PSPermGen       total 21504K, used 5671K [0x00000000b5a00000, 0x00000000b6f00000, 0x00000000c0000000)
  object space 21504K, 26% used [0x00000000b5a00000,0x00000000b5f89ee8,0x00000000b6f00000)
Event: 5.576 GC heap after
Heap after GC invocations=4 (full 0):
 PSYoungGen      total 130048K, used 5098K [0x00000000eaa80000, 0x00000000f2e80000, 0x0000000100000000)
  eden space 124928K, 0% used [0x00000000eaa80000,0x00000000eaa80000,0x00000000f2480000)
  from space 5120K, 99% used [0x00000000f2980000,0x00000000f2e7a998,0x00000000f2e80000)
  to   space 5120K, 0% used [0x00000000f2480000,0x00000000f2480000,0x00000000f2980000)
 ParOldGen       total 82944K, used 24846K [0x00000000c0000000, 0x00000000c5100000, 0x00000000eaa80000)
  object space 82944K, 29% used [0x00000000c0000000,0x00000000c1843968,0x00000000c5100000)
 PSPermGen       total 21504K, used 5671K [0x00000000b5a00000, 0x00000000b6f00000, 0x00000000c0000000)
  object space 21504K, 26% used [0x00000000b5a00000,0x00000000b5f89ee8,0x00000000b6f00000)
}
Event: 10.555 GC heap before
{Heap before GC invocations=5 (full 0):
 PSYoungGen      total 130048K, used 130026K [0x00000000eaa80000, 0x00000000f2e80000, 0x0000000100000000)
  eden space 124928K, 100% used [0x00000000eaa80000,0x00000000f2480000,0x00000000f2480000)
  from space 5120K, 99% used [0x00000000f2980000,0x00000000f2e7a998,0x00000000f2e80000)
  to   space 5120K, 0% used [0x00000000f2480000,0x00000000f2480000,0x00000000f2980000)
 ParOldGen       total 82944K, used 24846K [0x00000000c0000000, 0x00000000c5100000, 0x00000000eaa80000)
  object space 82944K, 29% used [0x00000000c0000000,0x00000000c1843968,0x00000000c5100000)
 PSPermGen       total 21504K, used 7612K [0x00000000b5a00000, 0x00000000b6f00000, 0x00000000c0000000)
  object space 21504K, 35% used [0x00000000b5a00000,0x00000000b616f3a0,0x00000000b6f00000)

Deoptimization events (10 events):
Event: 9.398 Thread 0x00007f342400b800 Uncommon trap: reason=class_check action=maybe_recompile pc=0x00007f342071b768 method=java.util.HashMap.addEntry(ILjava/lang/Object;Ljava/lang/Object;I)V @ 65
Event: 9.398 Thread 0x00007f342400b800 Uncommon trap: reason=class_check action=maybe_recompile pc=0x00007f342071b768 method=java.util.HashMap.addEntry(ILjava/lang/Object;Ljava/lang/Object;I)V @ 65
Event: 9.399 Thread 0x00007f342400b800 Uncommon trap: reason=class_check action=maybe_recompile pc=0x00007f342063ce24 method=java.util.HashMap.<init>(IF)V @ 115
Event: 9.752 Thread 0x00007f342400b800 Uncommon trap: reason=unstable_if action=reinterpret pc=0x00007f34208f3c84 method=com.android.dx.merge.IndexMap.adjustString(I)I @ 2
Event: 9.931 Thread 0x00007f342400b800 Uncommon trap: reason=predicate action=maybe_recompile pc=0x00007f34208fd324 method=com.android.dex.Leb128.readUnsignedLeb128(Lcom/android/dex/util/ByteInput;)I @ 41
Event: 10.036 Thread 0x00007f342400b800 Uncommon trap: reason=unstable_if action=reinterpret pc=0x00007f34208f77dc method=java.util.TimSort.countRunAndMakeAscending([Ljava/lang/Object;IILjava/util/Comparator;)I @ 48
Event: 10.108 Thread 0x00007f342400b800 Uncommon trap: reason=predicate action=maybe_recompile pc=0x00007f3420922388 method=java.util.ComparableTimSort.binarySort([Ljava/lang/Object;III)V @ 37
Event: 10.398 Thread 0x00007f342400b800 Uncommon trap: reason=unstable_if action=reinterpret pc=0x00007f34208e5b60 method=java.util.ComparableTimSort.countRunAndMakeAscending([Ljava/lang/Object;II)I @ 25
Event: 10.512 Thread 0x00007f342400b800 Uncommon trap: reason=array_check action=maybe_recompile pc=0x00007f3420940998 method=java.util.ComparableTimSort.binarySort([Ljava/lang/Object;III)V @ 215
Event: 10.512 Thread 0x00007f342400b800 Uncommon trap: reason=array_check action=maybe_recompile pc=0x00007f3420940a50 method=java.util.ComparableTimSort.binarySort([Ljava/lang/Object;III)V @ 193

Internal exceptions (10 events):
Event: 9.738 Thread 0x00007f342400b800 Threw 0x00000000edfed8e0 at /build/openjdk-7-UoaBYD/openjdk-7-7u95-2.6.4/build/openjdk/hotspot/src/share/vm/prims/jvm.cpp:1322
Event: 9.739 Thread 0x00007f342400b800 Threw 0x00000000edff1560 at /build/openjdk-7-UoaBYD/openjdk-7-7u95-2.6.4/build/openjdk/hotspot/src/share/vm/prims/jvm.cpp:1322
Event: 9.739 Thread 0x00007f342400b800 Threw 0x00000000edff5330 at /build/openjdk-7-UoaBYD/openjdk-7-7u95-2.6.4/build/openjdk/hotspot/src/share/vm/prims/jvm.cpp:1322
Event: 9.740 Thread 0x00007f342400b800 Threw 0x00000000edffb300 at /build/openjdk-7-UoaBYD/openjdk-7-7u95-2.6.4/build/openjdk/hotspot/src/share/vm/prims/jvm.cpp:1322
Event: 9.740 Thread 0x00007f342400b800 Threw 0x00000000edffee08 at /build/openjdk-7-UoaBYD/openjdk-7-7u95-2.6.4/build/openjdk/hotspot/src/share/vm/prims/jvm.cpp:1322
Event: 9.741 Thread 0x00007f342400b800 Threw 0x00000000ee002b08 at /build/openjdk-7-UoaBYD/openjdk-7-7u95-2.6.4/build/openjdk/hotspot/src/share/vm/prims/jvm.cpp:1322
Event: 9.741 Thread 0x00007f342400b800 Threw 0x00000000ee006558 at /build/openjdk-7-UoaBYD/openjdk-7-7u95-2.6.4/build/openjdk/hotspot/src/share/vm/prims/jvm.cpp:1322
Event: 9.743 Thread 0x00007f342400b800 Threw 0x00000000ee04e048 at /build/openjdk-7-UoaBYD/openjdk-7-7u95-2.6.4/build/openjdk/hotspot/src/share/vm/prims/jvm.cpp:1322
Event: 9.743 Thread 0x00007f342400b800 Threw 0x00000000ee050bf0 at /build/openjdk-7-UoaBYD/openjdk-7-7u95-2.6.4/build/openjdk/hotspot/src/share/vm/prims/jvm.cpp:1322
Event: 10.140 Thread 0x00007f342400b800 Threw 0x00000000ef606eb0 at /build/openjdk-7-UoaBYD/openjdk-7-7u95-2.6.4/build/openjdk/hotspot/src/share/vm/prims/jvm.cpp:1322

Events (10 events):
Event: 10.398 Thread 0x00007f342400b800 Uncommon trap: trap_request=0xffffff75 fr.pc=0x00007f34208e5b60
Event: 10.398 Thread 0x00007f342400b800 DEOPT PACKING pc=0x00007f34208e5b60 sp=0x00007f342ac4d520
Event: 10.398 Thread 0x00007f342400b800 DEOPT UNPACKING pc=0x00007f34205f4045 sp=0x00007f342ac4d4e8 mode 2
Event: 10.512 Thread 0x00007f342400b800 Uncommon trap: trap_request=0xffffffd6 fr.pc=0x00007f3420940998
Event: 10.512 Thread 0x00007f342400b800 DEOPT PACKING pc=0x00007f3420940998 sp=0x00007f342ac4d4b0
Event: 10.512 Thread 0x00007f342400b800 DEOPT UNPACKING pc=0x00007f34205f4045 sp=0x00007f342ac4d478 mode 2
Event: 10.512 Thread 0x00007f342400b800 Uncommon trap: trap_request=0xffffffd6 fr.pc=0x00007f3420940a50
Event: 10.512 Thread 0x00007f342400b800 DEOPT PACKING pc=0x00007f3420940a50 sp=0x00007f342ac4d4b0
Event: 10.512 Thread 0x00007f342400b800 DEOPT UNPACKING pc=0x00007f34205f4045 sp=0x00007f342ac4d478 mode 2
Event: 10.555 Executing VM operation: ParallelGCFailedAllocation


Dynamic libraries:
00400000-00401000 r-xp 00000000 08:06 1065180                            /usr/lib/jvm/java-7-openjdk-amd64/jre/bin/java
00600000-00601000 r--p 00000000 08:06 1065180                            /usr/lib/jvm/java-7-openjdk-amd64/jre/bin/java
00601000-00602000 rw-p 00001000 08:06 1065180                            /usr/lib/jvm/java-7-openjdk-amd64/jre/bin/java
01f33000-01f54000 rw-p 00000000 00:00 0                                  [heap]
b5a00000-b6f00000 rw-p 00000000 00:00 0 
b6f00000-c0000000 rw-p 00000000 00:00 0 
c0000000-c5100000 rw-p 00000000 00:00 0 
c5100000-eaa80000 rw-p 00000000 00:00 0 
eaa80000-f2e80000 rw-p 00000000 00:00 0 
fc880000-100000000 rw-p 00000000 00:00 0 
7f33c8000000-7f33c8021000 rw-p 00000000 00:00 0 
7f33c8021000-7f33cc000000 ---p 00000000 00:00 0 
7f33d0000000-7f33d0025000 rw-p 00000000 00:00 0 
7f33d0025000-7f33d4000000 ---p 00000000 00:00 0 
7f33d4000000-7f33d402b000 rw-p 00000000 00:00 0 
7f33d402b000-7f33d8000000 ---p 00000000 00:00 0 
7f33d8000000-7f33d804a000 rw-p 00000000 00:00 0 
7f33d804a000-7f33dc000000 ---p 00000000 00:00 0 
7f33dc000000-7f33dc021000 rw-p 00000000 00:00 0 
7f33dc021000-7f33e0000000 ---p 00000000 00:00 0 
7f33e0000000-7f33e0021000 rw-p 00000000 00:00 0 
7f33e0021000-7f33e4000000 ---p 00000000 00:00 0 
7f33e4000000-7f33e4021000 rw-p 00000000 00:00 0 
7f33e4021000-7f33e8000000 ---p 00000000 00:00 0 
7f33e8000000-7f33e9796000 rw-p 00000000 00:00 0 
7f33e9796000-7f33ec000000 ---p 00000000 00:00 0 
7f33ec000000-7f33ed57c000 rw-p 00000000 00:00 0 
7f33ed57c000-7f33f0000000 ---p 00000000 00:00 0 
7f33f0000000-7f33f0021000 rw-p 00000000 00:00 0 
7f33f0021000-7f33f4000000 ---p 00000000 00:00 0 
7f33f4000000-7f33f4021000 rw-p 00000000 00:00 0 
7f33f4021000-7f33f8000000 ---p 00000000 00:00 0 
7f33f8000000-7f33f8021000 rw-p 00000000 00:00 0 
7f33f8021000-7f33fc000000 ---p 00000000 00:00 0 
7f33fc000000-7f33fc021000 rw-p 00000000 00:00 0 
7f33fc021000-7f3400000000 ---p 00000000 00:00 0 
7f3400000000-7f3400021000 rw-p 00000000 00:00 0 
7f3400021000-7f3404000000 ---p 00000000 00:00 0 
7f3408000000-7f3408021000 rw-p 00000000 00:00 0 
7f3408021000-7f340c000000 ---p 00000000 00:00 0 
7f340d68a000-7f340d8dd000 rw-p 00000000 00:00 0 
7f3410000000-7f3410021000 rw-p 00000000 00:00 0 
7f3410021000-7f3414000000 ---p 00000000 00:00 0 
7f341574e000-7f3415a4f000 rw-p 00000000 00:00 0 
7f3415a4f000-7f3415abb000 r-xp 00000000 08:06 4484047                    /lib/x86_64-linux-gnu/libpcre.so.3.13.1
7f3415abb000-7f3415cbb000 ---p 0006c000 08:06 4484047                    /lib/x86_64-linux-gnu/libpcre.so.3.13.1
7f3415cbb000-7f3415cbc000 r--p 0006c000 08:06 4484047                    /lib/x86_64-linux-gnu/libpcre.so.3.13.1
7f3415cbc000-7f3415cbd000 rw-p 0006d000 08:06 4484047                    /lib/x86_64-linux-gnu/libpcre.so.3.13.1
7f3415cbd000-7f3415cc4000 r-xp 00000000 08:06 535049                     /usr/lib/x86_64-linux-gnu/libffi.so.6.0.4
7f3415cc4000-7f3415ec3000 ---p 00007000 08:06 535049                     /usr/lib/x86_64-linux-gnu/libffi.so.6.0.4
7f3415ec3000-7f3415ec4000 r--p 00006000 08:06 535049                     /usr/lib/x86_64-linux-gnu/libffi.so.6.0.4
7f3415ec4000-7f3415ec5000 rw-p 00007000 08:06 535049                     /usr/lib/x86_64-linux-gnu/libffi.so.6.0.4
7f3415ec5000-7f3415edc000 r-xp 00000000 08:06 4473596                    /lib/x86_64-linux-gnu/libresolv-2.21.so
7f3415edc000-7f34160dc000 ---p 00017000 08:06 4473596                    /lib/x86_64-linux-gnu/libresolv-2.21.so
7f34160dc000-7f34160dd000 r--p 00017000 08:06 4473596                    /lib/x86_64-linux-gnu/libresolv-2.21.so
7f34160dd000-7f34160de000 rw-p 00018000 08:06 4473596                    /lib/x86_64-linux-gnu/libresolv-2.21.so
7f34160de000-7f34160e0000 rw-p 00000000 00:00 0 
7f34160e0000-7f3416101000 r-xp 00000000 08:06 4469960                    /lib/x86_64-linux-gnu/libselinux.so.1
7f3416101000-7f3416300000 ---p 00021000 08:06 4469960                    /lib/x86_64-linux-gnu/libselinux.so.1
7f3416300000-7f3416301000 r--p 00020000 08:06 4469960                    /lib/x86_64-linux-gnu/libselinux.so.1
7f3416301000-7f3416302000 rw-p 00021000 08:06 4469960                    /lib/x86_64-linux-gnu/libselinux.so.1
7f3416302000-7f3416304000 rw-p 00000000 00:00 0 
7f3416304000-7f3416307000 r-xp 00000000 08:06 525735                     /usr/lib/x86_64-linux-gnu/libgmodule-2.0.so.0.4600.2
7f3416307000-7f3416506000 ---p 00003000 08:06 525735                     /usr/lib/x86_64-linux-gnu/libgmodule-2.0.so.0.4600.2
7f3416506000-7f3416507000 r--p 00002000 08:06 525735                     /usr/lib/x86_64-linux-gnu/libgmodule-2.0.so.0.4600.2
7f3416507000-7f3416508000 rw-p 00003000 08:06 525735                     /usr/lib/x86_64-linux-gnu/libgmodule-2.0.so.0.4600.2
7f3416508000-7f3416615000 r-xp 00000000 08:06 4472394                    /lib/x86_64-linux-gnu/libglib-2.0.so.0.4600.2
7f3416615000-7f3416814000 ---p 0010d000 08:06 4472394                    /lib/x86_64-linux-gnu/libglib-2.0.so.0.4600.2
7f3416814000-7f3416815000 r--p 0010c000 08:06 4472394                    /lib/x86_64-linux-gnu/libglib-2.0.so.0.4600.2
7f3416815000-7f3416816000 rw-p 0010d000 08:06 4472394                    /lib/x86_64-linux-gnu/libglib-2.0.so.0.4600.2
7f3416816000-7f3416817000 rw-p 00000000 00:00 0 
7f3416817000-7f3416869000 r-xp 00000000 08:06 525738                     /usr/lib/x86_64-linux-gnu/libgobject-2.0.so.0.4600.2
7f3416869000-7f3416a68000 ---p 00052000 08:06 525738                     /usr/lib/x86_64-linux-gnu/libgobject-2.0.so.0.4600.2
7f3416a68000-7f3416a69000 r--p 00051000 08:06 525738                     /usr/lib/x86_64-linux-gnu/libgobject-2.0.so.0.4600.2
7f3416a69000-7f3416a6a000 rw-p 00052000 08:06 525738                     /usr/lib/x86_64-linux-gnu/libgobject-2.0.so.0.4600.2
7f3416a6a000-7f3416be4000 r-xp 00000000 08:06 525717                     /usr/lib/x86_64-linux-gnu/libgio-2.0.so.0.4600.2
7f3416be4000-7f3416de3000 ---p 0017a000 08:06 525717                     /usr/lib/x86_64-linux-gnu/libgio-2.0.so.0.4600.2
7f3416de3000-7f3416de7000 r--p 00179000 08:06 525717                     /usr/lib/x86_64-linux-gnu/libgio-2.0.so.0.4600.2
7f3416de7000-7f3416de9000 rw-p 0017d000 08:06 525717                     /usr/lib/x86_64-linux-gnu/libgio-2.0.so.0.4600.2
7f3416de9000-7f3416deb000 rw-p 00000000 00:00 0 
7f3416deb000-7f3416e02000 r-xp 00000000 08:06 1065268                    /usr/lib/jvm/java-7-openjdk-amd64/jre/lib/amd64/libnet.so
7f3416e02000-7f3417002000 ---p 00017000 08:06 1065268                    /usr/lib/jvm/java-7-openjdk-amd64/jre/lib/amd64/libnet.so
7f3417002000-7f3417003000 r--p 00017000 08:06 1065268                    /usr/lib/jvm/java-7-openjdk-amd64/jre/lib/amd64/libnet.so
7f3417003000-7f3417004000 rw-p 00018000 08:06 1065268                    /usr/lib/jvm/java-7-openjdk-amd64/jre/lib/amd64/libnet.so
7f3417004000-7f3417015000 r-xp 00000000 08:06 1065289                    /usr/lib/jvm/java-7-openjdk-amd64/jre/lib/amd64/libnio.so
7f3417015000-7f3417214000 ---p 00011000 08:06 1065289                    /usr/lib/jvm/java-7-openjdk-amd64/jre/lib/amd64/libnio.so
7f3417214000-7f3417215000 r--p 00010000 08:06 1065289                    /usr/lib/jvm/java-7-openjdk-amd64/jre/lib/amd64/libnio.so
7f3417215000-7f3417216000 rw-p 00011000 08:06 1065289                    /usr/lib/jvm/java-7-openjdk-amd64/jre/lib/amd64/libnio.so
7f3417216000-7f3417219000 ---p 00000000 00:00 0 
7f3417219000-7f3417317000 rw-p 00000000 00:00 0 
7f3417317000-7f341731a000 ---p 00000000 00:00 0 
7f341731a000-7f3417418000 rw-p 00000000 00:00 0 
7f3417418000-7f341741b000 ---p 00000000 00:00 0 
7f341741b000-7f3417519000 rw-p 00000000 00:00 0 
7f3417519000-7f341751c000 ---p 00000000 00:00 0 
7f341751c000-7f341761a000 rw-p 00000000 00:00 0 
7f341761a000-7f341761d000 ---p 00000000 00:00 0 
7f341761d000-7f341771b000 rw-p 00000000 00:00 0 
7f341771b000-7f341771c000 ---p 00000000 00:00 0 
7f341771c000-7f341781c000 rw-p 00000000 00:00 0                          [stack:15646]
7f341781c000-7f341781f000 ---p 00000000 00:00 0 
7f341781f000-7f341791d000 rw-p 00000000 00:00 0                          [stack:15645]
7f341791d000-7f3418000000 r--p 00000000 08:06 533298                     /usr/lib/locale/locale-archive
7f3418000000-7f3418021000 rw-p 00000000 00:00 0 
7f3418021000-7f341c000000 ---p 00000000 00:00 0 
7f341c0e9000-7f341c0ed000 r--s 0004f000 08:06 1065325                    /usr/lib/jvm/java-7-openjdk-amd64/jre/lib/jsse.jar
7f341c0ed000-7f341c0fc000 r--s 000df000 08:06 2908841                    /home/prajit/Android/Sdk/build-tools/23.0.1/lib/dx.jar
7f341c0fc000-7f341c0ff000 ---p 00000000 00:00 0 
7f341c0ff000-7f341c1fd000 rw-p 00000000 00:00 0                          [stack:15644]
7f341c1fd000-7f341c200000 ---p 00000000 00:00 0 
7f341c200000-7f341c2fe000 rw-p 00000000 00:00 0                          [stack:15643]
7f341c2fe000-7f341c301000 ---p 00000000 00:00 0 
7f341c301000-7f341c3ff000 rw-p 00000000 00:00 0                          [stack:15642]
7f341c3ff000-7f341c402000 ---p 00000000 00:00 0 
7f341c402000-7f341c500000 rw-p 00000000 00:00 0                          [stack:15641]
7f341c500000-7f341c503000 ---p 00000000 00:00 0 
7f341c503000-7f341c601000 rw-p 00000000 00:00 0                          [stack:15640]
7f341c601000-7f341c602000 ---p 00000000 00:00 0 
7f341c602000-7f341d6b6000 rw-p 00000000 00:00 0                          [stack:15639]
7f341d6b6000-7f341d867000 r--s 01d30000 08:06 1065308                    /usr/lib/jvm/java-7-openjdk-amd64/jre/lib/rt.jar
7f341d867000-7f341fe0d000 rw-p 00000000 00:00 0 
7f341fe0d000-7f341fe0e000 ---p 00000000 00:00 0 
7f341fe0e000-7f341ff0e000 rw-p 00000000 00:00 0                          [stack:15638]
7f341ff0e000-7f341ff0f000 ---p 00000000 00:00 0 
7f341ff0f000-7f342000f000 rw-p 00000000 00:00 0                          [stack:15637]
7f342000f000-7f3420010000 ---p 00000000 00:00 0 
7f3420010000-7f3420110000 rw-p 00000000 00:00 0                          [stack:15636]
7f3420110000-7f3420111000 ---p 00000000 00:00 0 
7f3420111000-7f342023a000 rw-p 00000000 00:00 0                          [stack:15635]
7f342023a000-7f3420367000 rw-p 00000000 00:00 0 
7f3420367000-7f3420372000 rw-p 00000000 00:00 0 
7f3420372000-7f34203ba000 rw-p 00000000 00:00 0 
7f34203ba000-7f34203e3000 rw-p 00000000 00:00 0 
7f34203e3000-7f342050f000 rw-p 00000000 00:00 0 
7f342050f000-7f3420552000 rw-p 00000000 00:00 0 
7f3420552000-7f34205ba000 rw-p 00000000 00:00 0 
7f34205ba000-7f34205bb000 rw-p 00000000 00:00 0 
7f34205bb000-7f342095b000 rwxp 00000000 00:00 0 
7f342095b000-7f34235bb000 rw-p 00000000 00:00 0 
7f34235bb000-7f34235c3000 r-xp 00000000 08:06 1065273                    /usr/lib/jvm/java-7-openjdk-amd64/jre/lib/amd64/libzip.so
7f34235c3000-7f34237c2000 ---p 00008000 08:06 1065273                    /usr/lib/jvm/java-7-openjdk-amd64/jre/lib/amd64/libzip.so
7f34237c2000-7f34237c3000 r--p 00007000 08:06 1065273                    /usr/lib/jvm/java-7-openjdk-amd64/jre/lib/amd64/libzip.so
7f34237c3000-7f34237c4000 rw-p 00008000 08:06 1065273                    /usr/lib/jvm/java-7-openjdk-amd64/jre/lib/amd64/libzip.so
7f34237c4000-7f34237d0000 r-xp 00000000 08:06 4473139                    /lib/x86_64-linux-gnu/libnss_files-2.21.so
7f34237d0000-7f34239cf000 ---p 0000c000 08:06 4473139                    /lib/x86_64-linux-gnu/libnss_files-2.21.so
7f34239cf000-7f34239d0000 r--p 0000b000 08:06 4473139                    /lib/x86_64-linux-gnu/libnss_files-2.21.so
7f34239d0000-7f34239d1000 rw-p 0000c000 08:06 4473139                    /lib/x86_64-linux-gnu/libnss_files-2.21.so
7f34239d1000-7f34239dc000 r-xp 00000000 08:06 4473191                    /lib/x86_64-linux-gnu/libnss_nis-2.21.so
7f34239dc000-7f3423bdb000 ---p 0000b000 08:06 4473191                    /lib/x86_64-linux-gnu/libnss_nis-2.21.so
7f3423bdb000-7f3423bdc000 r--p 0000a000 08:06 4473191                    /lib/x86_64-linux-gnu/libnss_nis-2.21.so
7f3423bdc000-7f3423bdd000 rw-p 0000b000 08:06 4473191                    /lib/x86_64-linux-gnu/libnss_nis-2.21.so
7f3423bdd000-7f3423bf4000 r-xp 00000000 08:06 4473170                    /lib/x86_64-linux-gnu/libnsl-2.21.so
7f3423bf4000-7f3423df3000 ---p 00017000 08:06 4473170                    /lib/x86_64-linux-gnu/libnsl-2.21.so
7f3423df3000-7f3423df4000 r--p 00016000 08:06 4473170                    /lib/x86_64-linux-gnu/libnsl-2.21.so
7f3423df4000-7f3423df5000 rw-p 00017000 08:06 4473170                    /lib/x86_64-linux-gnu/libnsl-2.21.so
7f3423df5000-7f3423df7000 rw-p 00000000 00:00 0 
7f3423df7000-7f3423dff000 r-xp 00000000 08:06 4473140                    /lib/x86_64-linux-gnu/libnss_compat-2.21.so
7f3423dff000-7f3423ffe000 ---p 00008000 08:06 4473140                    /lib/x86_64-linux-gnu/libnss_compat-2.21.so
7f3423ffe000-7f3423fff000 r--p 00007000 08:06 4473140                    /lib/x86_64-linux-gnu/libnss_compat-2.21.so
7f3423fff000-7f3424000000 rw-p 00008000 08:06 4473140                    /lib/x86_64-linux-gnu/libnss_compat-2.21.so
7f3424000000-7f3424209000 rw-p 00000000 00:00 0 
7f3424209000-7f3428000000 ---p 00000000 00:00 0 
7f3428002000-7f3428006000 r--s 00034000 08:06 1065320                    /usr/lib/jvm/java-7-openjdk-amd64/jre/lib/ext/sunjce_provider.jar
7f3428006000-7f34280dd000 rw-p 00000000 00:00 0 
7f34280dd000-7f3428125000 rw-p 00000000 00:00 0 
7f3428125000-7f3428151000 r-xp 00000000 08:06 1065258                    /usr/lib/jvm/java-7-openjdk-amd64/jre/lib/amd64/libjava.so
7f3428151000-7f3428350000 ---p 0002c000 08:06 1065258                    /usr/lib/jvm/java-7-openjdk-amd64/jre/lib/amd64/libjava.so
7f3428350000-7f3428351000 r--p 0002b000 08:06 1065258                    /usr/lib/jvm/java-7-openjdk-amd64/jre/lib/amd64/libjava.so
7f3428351000-7f3428353000 rw-p 0002c000 08:06 1065258                    /usr/lib/jvm/java-7-openjdk-amd64/jre/lib/amd64/libjava.so
7f3428353000-7f3428362000 r-xp 00000000 08:06 1065260                    /usr/lib/jvm/java-7-openjdk-amd64/jre/lib/amd64/libverify.so
7f3428362000-7f3428561000 ---p 0000f000 08:06 1065260                    /usr/lib/jvm/java-7-openjdk-amd64/jre/lib/amd64/libverify.so
7f3428561000-7f3428563000 r--p 0000e000 08:06 1065260                    /usr/lib/jvm/java-7-openjdk-amd64/jre/lib/amd64/libverify.so
7f3428563000-7f3428564000 rw-p 00010000 08:06 1065260                    /usr/lib/jvm/java-7-openjdk-amd64/jre/lib/amd64/libverify.so
7f3428564000-7f342856b000 r-xp 00000000 08:06 4473137                    /lib/x86_64-linux-gnu/librt-2.21.so
7f342856b000-7f342876a000 ---p 00007000 08:06 4473137                    /lib/x86_64-linux-gnu/librt-2.21.so
7f342876a000-7f342876b000 r--p 00006000 08:06 4473137                    /lib/x86_64-linux-gnu/librt-2.21.so
7f342876b000-7f342876c000 rw-p 00007000 08:06 4473137                    /lib/x86_64-linux-gnu/librt-2.21.so
7f342876c000-7f3428782000 r-xp 00000000 08:06 4469845                    /lib/x86_64-linux-gnu/libgcc_s.so.1
7f3428782000-7f3428981000 ---p 00016000 08:06 4469845                    /lib/x86_64-linux-gnu/libgcc_s.so.1
7f3428981000-7f3428982000 r--p 00015000 08:06 4469845                    /lib/x86_64-linux-gnu/libgcc_s.so.1
7f3428982000-7f3428983000 rw-p 00016000 08:06 4469845                    /lib/x86_64-linux-gnu/libgcc_s.so.1
7f3428983000-7f3428a8a000 r-xp 00000000 08:06 4473194                    /lib/x86_64-linux-gnu/libm-2.21.so
7f3428a8a000-7f3428c89000 ---p 00107000 08:06 4473194                    /lib/x86_64-linux-gnu/libm-2.21.so
7f3428c89000-7f3428c8a000 r--p 00106000 08:06 4473194                    /lib/x86_64-linux-gnu/libm-2.21.so
7f3428c8a000-7f3428c8b000 rw-p 00107000 08:06 4473194                    /lib/x86_64-linux-gnu/libm-2.21.so
7f3428c8b000-7f3428dfe000 r-xp 00000000 08:06 535706                     /usr/lib/x86_64-linux-gnu/libstdc++.so.6.0.21
7f3428dfe000-7f3428ffd000 ---p 00173000 08:06 535706                     /usr/lib/x86_64-linux-gnu/libstdc++.so.6.0.21
7f3428ffd000-7f3429007000 r--p 00172000 08:06 535706                     /usr/lib/x86_64-linux-gnu/libstdc++.so.6.0.21
7f3429007000-7f3429009000 rw-p 0017c000 08:06 535706                     /usr/lib/x86_64-linux-gnu/libstdc++.so.6.0.21
7f3429009000-7f342900d000 rw-p 00000000 00:00 0 
7f342900d000-7f3429b5e000 r-xp 00000000 08:06 1065271                    /usr/lib/jvm/java-7-openjdk-amd64/jre/lib/amd64/server/libjvm.so
7f3429b5e000-7f3429d5d000 ---p 00b51000 08:06 1065271                    /usr/lib/jvm/java-7-openjdk-amd64/jre/lib/amd64/server/libjvm.so
7f3429d5d000-7f3429dee000 r--p 00b50000 08:06 1065271                    /usr/lib/jvm/java-7-openjdk-amd64/jre/lib/amd64/server/libjvm.so
7f3429dee000-7f3429e11000 rw-p 00be1000 08:06 1065271                    /usr/lib/jvm/java-7-openjdk-amd64/jre/lib/amd64/server/libjvm.so
7f3429e11000-7f3429e3c000 rw-p 00000000 00:00 0 
7f3429e3c000-7f3429e55000 r-xp 00000000 08:06 4469991                    /lib/x86_64-linux-gnu/libz.so.1.2.8
7f3429e55000-7f342a054000 ---p 00019000 08:06 4469991                    /lib/x86_64-linux-gnu/libz.so.1.2.8
7f342a054000-7f342a055000 r--p 00018000 08:06 4469991                    /lib/x86_64-linux-gnu/libz.so.1.2.8
7f342a055000-7f342a056000 rw-p 00019000 08:06 4469991                    /lib/x86_64-linux-gnu/libz.so.1.2.8
7f342a056000-7f342a06e000 r-xp 00000000 08:06 4473138                    /lib/x86_64-linux-gnu/libpthread-2.21.so
7f342a06e000-7f342a26e000 ---p 00018000 08:06 4473138                    /lib/x86_64-linux-gnu/libpthread-2.21.so
7f342a26e000-7f342a26f000 r--p 00018000 08:06 4473138                    /lib/x86_64-linux-gnu/libpthread-2.21.so
7f342a26f000-7f342a270000 rw-p 00019000 08:06 4473138                    /lib/x86_64-linux-gnu/libpthread-2.21.so
7f342a270000-7f342a274000 rw-p 00000000 00:00 0 
7f342a274000-7f342a277000 r-xp 00000000 08:06 4473190                    /lib/x86_64-linux-gnu/libdl-2.21.so
7f342a277000-7f342a476000 ---p 00003000 08:06 4473190                    /lib/x86_64-linux-gnu/libdl-2.21.so
7f342a476000-7f342a477000 r--p 00002000 08:06 4473190                    /lib/x86_64-linux-gnu/libdl-2.21.so
7f342a477000-7f342a478000 rw-p 00003000 08:06 4473190                    /lib/x86_64-linux-gnu/libdl-2.21.so
7f342a478000-7f342a638000 r-xp 00000000 08:06 4473593                    /lib/x86_64-linux-gnu/libc-2.21.so
7f342a638000-7f342a838000 ---p 001c0000 08:06 4473593                    /lib/x86_64-linux-gnu/libc-2.21.so
7f342a838000-7f342a83c000 r--p 001c0000 08:06 4473593                    /lib/x86_64-linux-gnu/libc-2.21.so
7f342a83c000-7f342a83e000 rw-p 001c4000 08:06 4473593                    /lib/x86_64-linux-gnu/libc-2.21.so
7f342a83e000-7f342a842000 rw-p 00000000 00:00 0 
7f342a842000-7f342a84f000 r-xp 00000000 08:06 1065286                    /usr/lib/jvm/java-7-openjdk-amd64/jre/lib/amd64/jli/libjli.so
7f342a84f000-7f342aa4e000 ---p 0000d000 08:06 1065286                    /usr/lib/jvm/java-7-openjdk-amd64/jre/lib/amd64/jli/libjli.so
7f342aa4e000-7f342aa4f000 r--p 0000c000 08:06 1065286                    /usr/lib/jvm/java-7-openjdk-amd64/jre/lib/amd64/jli/libjli.so
7f342aa4f000-7f342aa50000 rw-p 0000d000 08:06 1065286                    /usr/lib/jvm/java-7-openjdk-amd64/jre/lib/amd64/jli/libjli.so
7f342aa50000-7f342aa74000 r-xp 00000000 08:06 4473183                    /lib/x86_64-linux-gnu/ld-2.21.so
7f342aa76000-7f342aa9d000 rw-p 00000000 00:00 0 
7f342aa9d000-7f342ab4e000 rw-p 00000000 00:00 0 
7f342ab4e000-7f342ab51000 ---p 00000000 00:00 0 
7f342ab51000-7f342ac54000 rw-p 00000000 00:00 0                          [stack:15634]
7f342ac56000-7f342ac57000 rw-p 00000000 00:00 0 
7f342ac57000-7f342ac58000 r--s 00002000 08:06 1065318                    /usr/lib/jvm/java-7-openjdk-amd64/jre/lib/ext/dnsns.jar
7f342ac58000-7f342ac5a000 r--s 00007000 08:06 1065162                    /usr/share/java/java-atk-wrapper.jar
7f342ac5a000-7f342ac5d000 r--s 0000f000 08:06 1065321                    /usr/lib/jvm/java-7-openjdk-amd64/jre/lib/ext/icedtea-sound.jar
7f342ac5d000-7f342ac61000 r--s 0003c000 08:06 1065323                    /usr/lib/jvm/java-7-openjdk-amd64/jre/lib/ext/sunpkcs11.jar
7f342ac61000-7f342ac63000 r--s 00012000 08:06 1065319                    /usr/lib/jvm/java-7-openjdk-amd64/jre/lib/ext/zipfs.jar
7f342ac63000-7f342ac67000 r--s 00085000 08:06 1065322                    /usr/lib/jvm/java-7-openjdk-amd64/jre/lib/ext/localedata.jar
7f342ac67000-7f342ac6f000 rw-s 00000000 08:06 3824300                    /tmp/hsperfdata_prajit/15628
7f342ac6f000-7f342ac70000 rw-p 00000000 00:00 0 
7f342ac70000-7f342ac71000 ---p 00000000 00:00 0 
7f342ac71000-7f342ac73000 rw-p 00000000 00:00 0 
7f342ac73000-7f342ac74000 r--p 00023000 08:06 4473183                    /lib/x86_64-linux-gnu/ld-2.21.so
7f342ac74000-7f342ac75000 rw-p 00024000 08:06 4473183                    /lib/x86_64-linux-gnu/ld-2.21.so
7f342ac75000-7f342ac76000 rw-p 00000000 00:00 0 
7ffdc0ec5000-7ffdc0ee7000 rw-p 00000000 00:00 0                          [stack]
7ffdc0fcc000-7ffdc0fce000 r--p 00000000 00:00 0                          [vvar]
7ffdc0fce000-7ffdc0fd0000 r-xp 00000000 00:00 0                          [vdso]
ffffffffff600000-ffffffffff601000 r-xp 00000000 00:00 0                  [vsyscall]

VM Arguments:
jvm_args: -Xmx1024M -Dfile.encoding=UTF-8 -Duser.country=US -Duser.language=en -Duser.variant 
java_command: com.android.dx.command.Main --dex --num-threads=4 --output /home/prajit/AndroidStudioProjects/QMS/app/build/intermediates/dex/debug /home/prajit/AndroidStudioProjects/QMS/app/build/intermediates/classes/debug /home/prajit/AndroidStudioProjects/QMS/app/build/intermediates/pre-dexed/debug/support-annotations-23.2.0-3a7746c041dd855e0d5c066307be5e2cdd7c57af.jar /home/prajit/AndroidStudioProjects/QMS/app/build/intermediates/pre-dexed/debug/classes-a9324a343310b8ef0dbbd1d3a7349af6ac2440fc.jar /home/prajit/AndroidStudioProjects/QMS/app/build/intermediates/pre-dexed/debug/classes-f76fc46938cb48822a4be7dda9c5b950abb8e2af.jar /home/prajit/AndroidStudioProjects/QMS/app/build/intermediates/pre-dexed/debug/classes-a198eed160dba1fba74b24127079bfb8de739506.jar /home/prajit/AndroidStudioProjects/QMS/app/build/intermediates/pre-dexed/debug/httpmime-4.3-3fda06e08bda9d739ba22eb9b396cf7a79c1928e.jar /home/prajit/AndroidStudioProjects/QMS/app/build/intermediates/pre-dexed/debug/ormlite-android-4.48-b6569c0c14941c99557c9b09ecee0363e4954dc7.jar /home/prajit/AndroidStudioProjects/QMS/app/build/intermediates/pre-dexed/debug/volley-c0cba6698b7beec96d5e0f477cf13f4ca8157572.jar /home/prajit/AndroidStudioProjects/QMS/app/build/intermediates/pre-dexed/debug/picasso-2.4.0-023c6538e8b25248ff5d7437e8910fa40006f0fb.jar /home/prajit/AndroidStudioProjects/QMS/app/build/intermediates/pre-dexed/debug/aws-android-sdk-cognito-2.2.14-b583bfbc3f6d65b25ec4af1f803f1e2c055f3c2f.jar /home/prajit/AndroidStudioProjects/QMS/app/build/intermediates/pre-dexed/debug/gson-2.3-a9cee03b0d2bc6e590333aaa4c4d42670f7ff4a6.jar /home/prajit/AndroidStudioProjects/QMS/app/build/intermediates/pre-dexed/debug/aws-android-sdk-ddb-2.2.14-1d64ec407f005f688d331c3f4b936233f4db4458.jar /home/prajit/AndroidStudioProjects/QMS/app/build/intermediates/pre-dexed/debug/internal_impl-23.2.0-6619ed6ec79d15d2fe470cc9fcde667915af0e69.jar /home/prajit/AndroidStudioProjects/QMS/app/build/intermediates/pre-dexed/debug/classes-74a23b
Launcher Type: SUN_STANDARD

Environment Variables:
PATH=/usr/local/sbin:/usr/local/bin:/usr/sbin:/usr/bin:/sbin:/bin:/usr/games:/usr/local/games
LD_LIBRARY_PATH=/home/prajit/android-studio/bin:
SHELL=/bin/bash
DISPLAY=:0

Signal Handlers:
SIGSEGV: [libjvm.so+0x995450], sa_mask[0]=0x7ffbfeff, sa_flags=0x10000004
SIGBUS: [libjvm.so+0x995450], sa_mask[0]=0x7ffbfeff, sa_flags=0x10000004
SIGFPE: [libjvm.so+0x7fc6a0], sa_mask[0]=0x7ffbfeff, sa_flags=0x10000004
SIGPIPE: [libjvm.so+0x7fc6a0], sa_mask[0]=0x7ffbfeff, sa_flags=0x10000004
SIGXFSZ: [libjvm.so+0x7fc6a0], sa_mask[0]=0x7ffbfeff, sa_flags=0x10000004
SIGILL: [libjvm.so+0x7fc6a0], sa_mask[0]=0x7ffbfeff, sa_flags=0x10000004
SIGUSR1: SIG_DFL, sa_mask[0]=0x00000000, sa_flags=0x00000000
SIGUSR2: [libjvm.so+0x7fc520], sa_mask[0]=0x00000004, sa_flags=0x10000004
SIGHUP: [libjvm.so+0x7fc6b0], sa_mask[0]=0x7ffbfeff, sa_flags=0x10000004
SIGINT: [libjvm.so+0x7fc6b0], sa_mask[0]=0x7ffbfeff, sa_flags=0x10000004
SIGTERM: [libjvm.so+0x7fc6b0], sa_mask[0]=0x7ffbfeff, sa_flags=0x10000004
SIGQUIT: [libjvm.so+0x7fc6b0], sa_mask[0]=0x7ffbfeff, sa_flags=0x10000004
SIGTRAP: SIG_DFL, sa_mask[0]=0x00000000, sa_flags=0x00000000


---------------  S Y S T E M  ---------------

OS:Ubuntu 15.10 (wily)
uname:Linux 4.2.0-34-generic #39-Ubuntu SMP Thu Mar 10 22:13:01 UTC 2016 x86_64
libc:glibc 2.21 NPTL 2.21 
rlimit: STACK 8192k, CORE 0k, NPROC 30985, NOFILE 65536, AS infinity
load average:1.86 1.37 1.44

/proc/meminfo:
MemTotal:        7966900 kB
MemFree:           53004 kB
MemAvailable:     144668 kB
Buffers:            7260 kB
Cached:          2410964 kB
SwapCached:            0 kB
Active:          5368772 kB
Inactive:        2325760 kB
Active(anon):    5322272 kB
Inactive(anon):  2285232 kB
Active(file):      46500 kB
Inactive(file):    40528 kB
Unevictable:          32 kB
Mlocked:              32 kB
SwapTotal:             0 kB
SwapFree:              0 kB
Dirty:                84 kB
Writeback:             0 kB
AnonPages:       5276348 kB
Mapped:           202356 kB
Shmem:           2331196 kB
Slab:              92248 kB
SReclaimable:      46672 kB
SUnreclaim:        45576 kB
KernelStack:       14112 kB
PageTables:        66724 kB
NFS_Unstable:          0 kB
Bounce:                0 kB
WritebackTmp:          0 kB
CommitLimit:     3983448 kB
Committed_AS:   14464028 kB
VmallocTotal:   34359738367 kB
VmallocUsed:      360492 kB
VmallocChunk:   34358945788 kB
HardwareCorrupted:     0 kB
AnonHugePages:   2420736 kB
CmaTotal:              0 kB
CmaFree:               0 kB
HugePages_Total:       0
HugePages_Free:        0
HugePages_Rsvd:        0
HugePages_Surp:        0
Hugepagesize:       2048 kB
DirectMap4k:      141020 kB
DirectMap2M:     8040448 kB


CPU:total 4 (2 cores per cpu, 2 threads per core) family 6 model 37 stepping 5, cmov, cx8, fxsr, mmx, sse, sse2, sse3, ssse3, sse4.1, sse4.2, popcnt, ht, tsc, tscinvbit

/proc/cpuinfo:
processor	: 0
vendor_id	: GenuineIntel
cpu family	: 6
model		: 37
model name	: Intel(R) Core(TM) i3 CPU         540  @ 3.07GHz
stepping	: 5
microcode	: 0x2
cpu MHz		: 3059.000
cache size	: 4096 KB
physical id	: 0
siblings	: 4
core id		: 0
cpu cores	: 2
apicid		: 0
initial apicid	: 0
fpu		: yes
fpu_exception	: yes
cpuid level	: 11
wp		: yes
flags		: fpu vme de pse tsc msr pae mce cx8 apic sep mtrr pge mca cmov pat pse36 clflush dts acpi mmx fxsr sse sse2 ss ht tm pbe syscall nx rdtscp lm constant_tsc arch_perfmon pebs bts rep_good nopl xtopology nonstop_tsc aperfmperf pni dtes64 monitor ds_cpl vmx est tm2 ssse3 cx16 xtpr pdcm pcid sse4_1 sse4_2 popcnt lahf_lm arat dtherm tpr_shadow vnmi flexpriority ept vpid
bugs		:
bogomips	: 6118.66
clflush size	: 64
cache_alignment	: 64
address sizes	: 36 bits physical, 48 bits virtual
power management:

processor	: 1
vendor_id	: GenuineIntel
cpu family	: 6
model		: 37
model name	: Intel(R) Core(TM) i3 CPU         540  @ 3.07GHz
stepping	: 5
microcode	: 0x2
cpu MHz		: 1197.000
cache size	: 4096 KB
physical id	: 0
siblings	: 4
core id		: 0
cpu cores	: 2
apicid		: 1
initial apicid	: 1
fpu		: yes
fpu_exception	: yes
cpuid level	: 11
wp		: yes
flags		: fpu vme de pse tsc msr pae mce cx8 apic sep mtrr pge mca cmov pat pse36 clflush dts acpi mmx fxsr sse sse2 ss ht tm pbe syscall nx rdtscp lm constant_tsc arch_perfmon pebs bts rep_good nopl xtopology nonstop_tsc aperfmperf pni dtes64 monitor ds_cpl vmx est tm2 ssse3 cx16 xtpr pdcm pcid sse4_1 sse4_2 popcnt lahf_lm arat dtherm tpr_shadow vnmi flexpriority ept vpid
bugs		:
bogomips	: 6118.66
clflush size	: 64
cache_alignment	: 64
address sizes	: 36 bits physical, 48 bits virtual
power management:

processor	: 2
vendor_id	: GenuineIntel
cpu family	: 6
model		: 37
model name	: Intel(R) Core(TM) i3 CPU         540  @ 3.07GHz
stepping	: 5
microcode	: 0x2
cpu MHz		: 1197.000
cache size	: 4096 KB
physical id	: 0
siblings	: 4
core id		: 2
cpu cores	: 2
apicid		: 4
initial apicid	: 4
fpu		: yes
fpu_exception	: yes
cpuid level	: 11
wp		: yes
flags		: fpu vme de pse tsc msr pae mce cx8 apic sep mtrr pge mca cmov pat pse36 clflush dts acpi mmx fxsr sse sse2 ss ht tm pbe syscall nx rdtscp lm constant_tsc arch_perfmon pebs bts rep_good nopl xtopology nonstop_tsc aperfmperf pni dtes64 monitor ds_cpl vmx est tm2 ssse3 cx16 xtpr pdcm pcid sse4_1 sse4_2 popcnt lahf_lm arat dtherm tpr_shadow vnmi flexpriority ept vpid
bugs		:
bogomips	: 6118.66
clflush size	: 64
cache_alignment	: 64
address sizes	: 36 bits physical, 48 bits virtual
power management:

processor	: 3
vendor_id	: GenuineIntel
cpu family	: 6
model		: 37
model name	: Intel(R) Core(TM) i3 CPU         540  @ 3.07GHz
stepping	: 5
microcode	: 0x2
cpu MHz		: 1995.000
cache size	: 4096 KB
physical id	: 0
siblings	: 4
core id		: 2
cpu cores	: 2
apicid		: 5
initial apicid	: 5
fpu		: yes
fpu_exception	: yes
cpuid level	: 11
wp		: yes
flags		: fpu vme de pse tsc msr pae mce cx8 apic sep mtrr pge mca cmov pat pse36 clflush dts acpi mmx fxsr sse sse2 ss ht tm pbe syscall nx rdtscp lm constant_tsc arch_perfmon pebs bts rep_good nopl xtopology nonstop_tsc aperfmperf pni dtes64 monitor ds_cpl vmx est tm2 ssse3 cx16 xtpr pdcm pcid sse4_1 sse4_2 popcnt lahf_lm arat dtherm tpr_shadow vnmi flexpriority ept vpid
bugs		:
bogomips	: 6118.66
clflush size	: 64
cache_alignment	: 64
address sizes	: 36 bits physical, 48 bits virtual
power management:



Memory: 4k page, physical 7966900k(53004k free), swap 0k(0k free)

vm_info: OpenJDK 64-Bit Server VM (24.95-b01) for linux-amd64 JRE (1.7.0_95-b00), built on Mar 24 2016 06:07:15 by "buildd" with gcc 5.2.1 20151010

time: Thu Apr  7 11:47:46 2016
elapsed time: 11 seconds

