#
# There is insufficient memory for the Java Runtime Environment to continue.
# Native memory allocation (malloc) failed to allocate 163577856 bytes for committing reserved memory.
# Possible reasons:
#   The system is out of physical RAM or swap space
#   In 32 bit mode, the process size limit was hit
# Possible solutions:
#   Reduce memory load on the system
#   Increase physical memory or swap space
#   Check if swap backing store is full
#   Use 64 bit Java on a 64 bit OS
#   Decrease Java heap size (-Xmx/-Xms)
#   Decrease number of Java threads
#   Decrease Java thread stack sizes (-Xss)
#   Set larger code cache with -XX:ReservedCodeCacheSize=
# This output file may be truncated or incomplete.
#
#  Out of Memory Error (os_linux.cpp:2827), pid=8998, tid=140300284655360
#
# JRE version: OpenJDK Runtime Environment (7.0_95) (build 1.7.0_95-b00)
# Java VM: OpenJDK 64-Bit Server VM (24.95-b01 mixed mode linux-amd64 compressed oops)
# Derivative: IcedTea 2.6.4
# Distribution: Ubuntu 15.10, package 7u95-2.6.4-0ubuntu0.15.10.2
# Failed to write core dump. Core dumps have been disabled. To enable core dumping, try "ulimit -c unlimited" before starting Java again
#

---------------  T H R E A D  ---------------

Current thread (0x00007f9a40077000):  VMThread [stack: 0x00007f9a3490f000,0x00007f9a34a10000] [id=9008]

Stack: [0x00007f9a3490f000,0x00007f9a34a10000],  sp=0x00007f9a34a0e4f0,  free space=1021k
Native frames: (J=compiled Java code, j=interpreted, Vv=VM code, C=native code)
V  [libjvm.so+0x9948f3]
V  [libjvm.so+0x48a9df]
V  [libjvm.so+0x80143b]
V  [libjvm.so+0x7fb82e]
V  [libjvm.so+0x871c4b]
V  [libjvm.so+0x873593]
V  [libjvm.so+0x86f818]
V  [libjvm.so+0x86fafc]
V  [libjvm.so+0x824df3]
V  [libjvm.so+0x996392]
V  [libjvm.so+0x99b0d7]
V  [libjvm.so+0x998968]
V  [libjvm.so+0x999cdf]
V  [libjvm.so+0x99a1d1]
V  [libjvm.so+0x7fe362]

VM_Operation (0x00007f9a471fd220): ParallelGCFailedAllocation, mode: safepoint, requested by thread 0x00007f9a4000b800


---------------  P R O C E S S  ---------------

Java Threads: ( => current thread )
  0x00007f9a400b0000 JavaThread "Service Thread" daemon [_thread_blocked, id=9014, stack(0x00007f9a2fbfc000,0x00007f9a2fcfd000)]
  0x00007f9a400ad800 JavaThread "C2 CompilerThread1" daemon [_thread_blocked, id=9013, stack(0x00007f9a2fcfd000,0x00007f9a2fdfe000)]
  0x00007f9a400aa800 JavaThread "C2 CompilerThread0" daemon [_thread_blocked, id=9012, stack(0x00007f9a2fdfe000,0x00007f9a2feff000)]
  0x00007f9a400a8800 JavaThread "Signal Dispatcher" daemon [_thread_blocked, id=9011, stack(0x00007f9a2feff000,0x00007f9a30000000)]
  0x00007f9a4007d800 JavaThread "Finalizer" daemon [_thread_blocked, id=9010, stack(0x00007f9a3470d000,0x00007f9a3480e000)]
  0x00007f9a4007b800 JavaThread "Reference Handler" daemon [_thread_blocked, id=9009, stack(0x00007f9a3480e000,0x00007f9a3490f000)]
  0x00007f9a4000b800 JavaThread "main" [_thread_blocked, id=9003, stack(0x00007f9a470fe000,0x00007f9a471ff000)]

Other Threads:
=>0x00007f9a40077000 VMThread [stack: 0x00007f9a3490f000,0x00007f9a34a10000] [id=9008]
  0x00007f9a400ba800 WatcherThread [stack: 0x00007f9a2fafb000,0x00007f9a2fbfc000] [id=9015]

VM state:at safepoint (normal execution)

VM Mutex/Monitor currently owned by a thread:  ([mutex/lock_event])
[0x00007f9a40007e10] Threads_lock - owner thread: 0x00007f9a40077000
[0x00007f9a40008310] Heap_lock - owner thread: 0x00007f9a4000b800

Heap
 PSYoungGen      total 130048K, used 5108K [0x00000000eaa80000, 0x00000000f2e80000, 0x0000000100000000)
  eden space 124928K, 0% used [0x00000000eaa80000,0x00000000eaa80000,0x00000000f2480000)
  from space 5120K, 99% used [0x00000000f2480000,0x00000000f297d1f0,0x00000000f2980000)
  to   space 5120K, 0% used [0x00000000f2980000,0x00000000f2980000,0x00000000f2e80000)
 ParOldGen       total 82944K, used 39185K [0x00000000c0000000, 0x00000000c5100000, 0x00000000eaa80000)
  object space 82944K, 47% used [0x00000000c0000000,0x00000000c26444a8,0x00000000c5100000)
 PSPermGen       total 21504K, used 7601K [0x00000000b5a00000, 0x00000000b6f00000, 0x00000000c0000000)
  object space 21504K, 35% used [0x00000000b5a00000,0x00000000b616c720,0x00000000b6f00000)

Card table byte_map: [0x00007f9a3c996000,0x00007f9a3cbea000] byte_map_base: 0x00007f9a3c3e9000

Polling page: 0x00007f9a47220000

Code Cache  [0x00007f9a3cbea000, 0x00007f9a3cf5a000, 0x00007f9a3fbea000)
 total_blobs=1338 nmethods=1087 adapters=205 free_code_cache=45729Kb largest_free_block=46771840

Compilation events (10 events):
Event: 8.120 Thread 0x00007f9a400aa800 1100             com.android.dx.io.instructions.InstructionCodec$2::decode (27 bytes)
Event: 8.123 Thread 0x00007f9a400ad800 nmethod 1097 0x00007f9a3cf4cd90 code [0x00007f9a3cf4cfe0, 0x00007f9a3cf4dd88]
Event: 8.123 Thread 0x00007f9a400ad800 1101             com.android.dx.io.instructions.InstructionCodec$2::encode (11 bytes)
Event: 8.123 Thread 0x00007f9a400aa800 nmethod 1100 0x00007f9a3cf46810 code [0x00007f9a3cf46960, 0x00007f9a3cf46a98]
Event: 8.123 Thread 0x00007f9a400ad800 nmethod 1101 0x00007f9a3cf38ed0 code [0x00007f9a3cf39020, 0x00007f9a3cf39118]
Event: 8.133 Thread 0x00007f9a400aa800 1102             com.android.dx.io.instructions.InstructionCodec$4::decode (41 bytes)
Event: 8.133 Thread 0x00007f9a400ad800 1103             com.android.dx.io.instructions.InstructionCodec$4::encode (25 bytes)
Event: 8.135 Thread 0x00007f9a400aa800 nmethod 1102 0x00007f9a3cf38b10 code [0x00007f9a3cf38c60, 0x00007f9a3cf38db8]
Event: 8.135 Thread 0x00007f9a400ad800 nmethod 1103 0x00007f9a3cf49550 code [0x00007f9a3cf496c0, 0x00007f9a3cf49918]
Event: 8.135 Thread 0x00007f9a400aa800 1104             com.android.dx.io.instructions.DecodedInstruction::getLiteralNibble (64 bytes)

GC Heap History (9 events):
Event: 1.400 GC heap before
{Heap before GC invocations=1 (full 0):
 PSYoungGen      total 36352K, used 31232K [0x00000000eaa80000, 0x00000000ed300000, 0x0000000100000000)
  eden space 31232K, 100% used [0x00000000eaa80000,0x00000000ec900000,0x00000000ec900000)
  from space 5120K, 0% used [0x00000000ece00000,0x00000000ece00000,0x00000000ed300000)
  to   space 5120K, 0% used [0x00000000ec900000,0x00000000ec900000,0x00000000ece00000)
 ParOldGen       total 82944K, used 0K [0x00000000c0000000, 0x00000000c5100000, 0x00000000eaa80000)
  object space 82944K, 0% used [0x00000000c0000000,0x00000000c0000000,0x00000000c5100000)
 PSPermGen       total 21504K, used 5488K [0x00000000b5a00000, 0x00000000b6f00000, 0x00000000c0000000)
  object space 21504K, 25% used [0x00000000b5a00000,0x00000000b5f5c2d0,0x00000000b6f00000)
Event: 1.415 GC heap after
Heap after GC invocations=1 (full 0):
 PSYoungGen      total 36352K, used 5088K [0x00000000eaa80000, 0x00000000ef180000, 0x0000000100000000)
  eden space 31232K, 0% used [0x00000000eaa80000,0x00000000eaa80000,0x00000000ec900000)
  from space 5120K, 99% used [0x00000000ec900000,0x00000000ecdf8048,0x00000000ece00000)
  to   space 5120K, 0% used [0x00000000eec80000,0x00000000eec80000,0x00000000ef180000)
 ParOldGen       total 82944K, used 1323K [0x00000000c0000000, 0x00000000c5100000, 0x00000000eaa80000)
  object space 82944K, 1% used [0x00000000c0000000,0x00000000c014aff0,0x00000000c5100000)
 PSPermGen       total 21504K, used 5488K [0x00000000b5a00000, 0x00000000b6f00000, 0x00000000c0000000)
  object space 21504K, 25% used [0x00000000b5a00000,0x00000000b5f5c2d0,0x00000000b6f00000)
}
Event: 2.093 GC heap before
{Heap before GC invocations=2 (full 0):
 PSYoungGen      total 36352K, used 36320K [0x00000000eaa80000, 0x00000000ef180000, 0x0000000100000000)
  eden space 31232K, 100% used [0x00000000eaa80000,0x00000000ec900000,0x00000000ec900000)
  from space 5120K, 99% used [0x00000000ec900000,0x00000000ecdf8048,0x00000000ece00000)
  to   space 5120K, 0% used [0x00000000eec80000,0x00000000eec80000,0x00000000ef180000)
 ParOldGen       total 82944K, used 1323K [0x00000000c0000000, 0x00000000c5100000, 0x00000000eaa80000)
  object space 82944K, 1% used [0x00000000c0000000,0x00000000c014aff0,0x00000000c5100000)
 PSPermGen       total 21504K, used 5576K [0x00000000b5a00000, 0x00000000b6f00000, 0x00000000c0000000)
  object space 21504K, 25% used [0x00000000b5a00000,0x00000000b5f722b0,0x00000000b6f00000)
Event: 2.108 GC heap after
Heap after GC invocations=2 (full 0):
 PSYoungGen      total 67584K, used 5104K [0x00000000eaa80000, 0x00000000ef180000, 0x0000000100000000)
  eden space 62464K, 0% used [0x00000000eaa80000,0x00000000eaa80000,0x00000000ee780000)
  from space 5120K, 99% used [0x00000000eec80000,0x00000000ef17c038,0x00000000ef180000)
  to   space 5120K, 0% used [0x00000000ee780000,0x00000000ee780000,0x00000000eec80000)
 ParOldGen       total 82944K, used 5565K [0x00000000c0000000, 0x00000000c5100000, 0x00000000eaa80000)
  object space 82944K, 6% used [0x00000000c0000000,0x00000000c056f428,0x00000000c5100000)
 PSPermGen       total 21504K, used 5576K [0x00000000b5a00000, 0x00000000b6f00000, 0x00000000c0000000)
  object space 21504K, 25% used [0x00000000b5a00000,0x00000000b5f722b0,0x00000000b6f00000)
}
Event: 3.203 GC heap before
{Heap before GC invocations=3 (full 0):
 PSYoungGen      total 67584K, used 67568K [0x00000000eaa80000, 0x00000000ef180000, 0x0000000100000000)
  eden space 62464K, 100% used [0x00000000eaa80000,0x00000000ee780000,0x00000000ee780000)
  from space 5120K, 99% used [0x00000000eec80000,0x00000000ef17c038,0x00000000ef180000)
  to   space 5120K, 0% used [0x00000000ee780000,0x00000000ee780000,0x00000000eec80000)
 ParOldGen       total 82944K, used 5565K [0x00000000c0000000, 0x00000000c5100000, 0x00000000eaa80000)
  object space 82944K, 6% used [0x00000000c0000000,0x00000000c056f428,0x00000000c5100000)
 PSPermGen       total 21504K, used 5628K [0x00000000b5a00000, 0x00000000b6f00000, 0x00000000c0000000)
  object space 21504K, 26% used [0x00000000b5a00000,0x00000000b5f7f1a8,0x00000000b6f00000)
Event: 3.276 GC heap after
Heap after GC invocations=3 (full 0):
 PSYoungGen      total 67584K, used 5113K [0x00000000eaa80000, 0x00000000f2e80000, 0x0000000100000000)
  eden space 62464K, 0% used [0x00000000eaa80000,0x00000000eaa80000,0x00000000ee780000)
  from space 5120K, 99% used [0x00000000ee780000,0x00000000eec7e620,0x00000000eec80000)
  to   space 5120K, 0% used [0x00000000f2980000,0x00000000f2980000,0x00000000f2e80000)
 ParOldGen       total 82944K, used 15654K [0x00000000c0000000, 0x00000000c5100000, 0x00000000eaa80000)
  object space 82944K, 18% used [0x00000000c0000000,0x00000000c0f49b30,0x00000000c5100000)
 PSPermGen       total 21504K, used 5628K [0x00000000b5a00000, 0x00000000b6f00000, 0x00000000c0000000)
  object space 21504K, 26% used [0x00000000b5a00000,0x00000000b5f7f1a8,0x00000000b6f00000)
}
Event: 4.510 GC heap before
{Heap before GC invocations=4 (full 0):
 PSYoungGen      total 67584K, used 67577K [0x00000000eaa80000, 0x00000000f2e80000, 0x0000000100000000)
  eden space 62464K, 100% used [0x00000000eaa80000,0x00000000ee780000,0x00000000ee780000)
  from space 5120K, 99% used [0x00000000ee780000,0x00000000eec7e620,0x00000000eec80000)
  to   space 5120K, 0% used [0x00000000f2980000,0x00000000f2980000,0x00000000f2e80000)
 ParOldGen       total 82944K, used 15654K [0x00000000c0000000, 0x00000000c5100000, 0x00000000eaa80000)
  object space 82944K, 18% used [0x00000000c0000000,0x00000000c0f49b30,0x00000000c5100000)
 PSPermGen       total 21504K, used 5665K [0x00000000b5a00000, 0x00000000b6f00000, 0x00000000c0000000)
  object space 21504K, 26% used [0x00000000b5a00000,0x00000000b5f88430,0x00000000b6f00000)
Event: 4.567 GC heap after
Heap after GC invocations=4 (full 0):
 PSYoungGen      total 130048K, used 5106K [0x00000000eaa80000, 0x00000000f2e80000, 0x0000000100000000)
  eden space 124928K, 0% used [0x00000000eaa80000,0x00000000eaa80000,0x00000000f2480000)
  from space 5120K, 99% used [0x00000000f2980000,0x00000000f2e7c920,0x00000000f2e80000)
  to   space 5120K, 0% used [0x00000000f2480000,0x00000000f2480000,0x00000000f2980000)
 ParOldGen       total 82944K, used 26027K [0x00000000c0000000, 0x00000000c5100000, 0x00000000eaa80000)
  object space 82944K, 31% used [0x00000000c0000000,0x00000000c196ac00,0x00000000c5100000)
 PSPermGen       total 21504K, used 5665K [0x00000000b5a00000, 0x00000000b6f00000, 0x00000000c0000000)
  object space 21504K, 26% used [0x00000000b5a00000,0x00000000b5f88430,0x00000000b6f00000)
}
Event: 8.135 GC heap before
{Heap before GC invocations=5 (full 0):
 PSYoungGen      total 130048K, used 130034K [0x00000000eaa80000, 0x00000000f2e80000, 0x0000000100000000)
  eden space 124928K, 100% used [0x00000000eaa80000,0x00000000f2480000,0x00000000f2480000)
  from space 5120K, 99% used [0x00000000f2980000,0x00000000f2e7c920,0x00000000f2e80000)
  to   space 5120K, 0% used [0x00000000f2480000,0x00000000f2480000,0x00000000f2980000)
 ParOldGen       total 82944K, used 26027K [0x00000000c0000000, 0x00000000c5100000, 0x00000000eaa80000)
  object space 82944K, 31% used [0x00000000c0000000,0x00000000c196ac00,0x00000000c5100000)
 PSPermGen       total 21504K, used 7601K [0x00000000b5a00000, 0x00000000b6f00000, 0x00000000c0000000)
  object space 21504K, 35% used [0x00000000b5a00000,0x00000000b616c720,0x00000000b6f00000)

Deoptimization events (10 events):
Event: 7.210 Thread 0x00007f9a4000b800 Uncommon trap: reason=class_check action=maybe_recompile pc=0x00007f9a3cedf3f0 method=com.android.dex.Leb128.writeUnsignedLeb128(Lcom/android/dex/util/ByteOutput;I)V @ 40
Event: 7.236 Thread 0x00007f9a4000b800 Uncommon trap: reason=predicate action=maybe_recompile pc=0x00007f9a3cef643c method=com.android.dex.Leb128.writeUnsignedLeb128(Lcom/android/dex/util/ByteOutput;I)V @ 9
Event: 7.558 Thread 0x00007f9a4000b800 Uncommon trap: reason=predicate action=maybe_recompile pc=0x00007f9a3cf041a4 method=com.android.dex.Leb128.readUnsignedLeb128(Lcom/android/dex/util/ByteInput;)I @ 41
Event: 7.674 Thread 0x00007f9a4000b800 Uncommon trap: reason=unstable_if action=reinterpret pc=0x00007f9a3cd7de9c method=java.util.TimSort.countRunAndMakeAscending([Ljava/lang/Object;IILjava/util/Comparator;)I @ 48
Event: 7.774 Thread 0x00007f9a4000b800 Uncommon trap: reason=predicate action=maybe_recompile pc=0x00007f9a3cf27ccc method=java.util.ComparableTimSort.binarySort([Ljava/lang/Object;III)V @ 37
Event: 7.892 Thread 0x00007f9a4000b800 Uncommon trap: reason=unstable_if action=reinterpret pc=0x00007f9a3ceee168 method=java.util.ComparableTimSort.countRunAndMakeAscending([Ljava/lang/Object;II)I @ 25
Event: 8.027 Thread 0x00007f9a4000b800 Uncommon trap: reason=array_check action=maybe_recompile pc=0x00007f9a3cf3a558 method=java.util.ComparableTimSort.binarySort([Ljava/lang/Object;III)V @ 215
Event: 8.027 Thread 0x00007f9a4000b800 Uncommon trap: reason=array_check action=maybe_recompile pc=0x00007f9a3cf3a610 method=java.util.ComparableTimSort.binarySort([Ljava/lang/Object;III)V @ 193
Event: 8.082 Thread 0x00007f9a4000b800 Uncommon trap: reason=array_check action=maybe_recompile pc=0x00007f9a3cf3a558 method=java.util.ComparableTimSort.binarySort([Ljava/lang/Object;III)V @ 215
Event: 8.082 Thread 0x00007f9a4000b800 Uncommon trap: reason=array_check action=maybe_recompile pc=0x00007f9a3cf3a610 method=java.util.ComparableTimSort.binarySort([Ljava/lang/Object;III)V @ 193

Internal exceptions (10 events):
Event: 7.376 Thread 0x00007f9a4000b800 Threw 0x00000000ed56b370 at /build/openjdk-7-UoaBYD/openjdk-7-7u95-2.6.4/build/openjdk/hotspot/src/share/vm/prims/jvm.cpp:1322
Event: 7.377 Thread 0x00007f9a4000b800 Threw 0x00000000ed56ef58 at /build/openjdk-7-UoaBYD/openjdk-7-7u95-2.6.4/build/openjdk/hotspot/src/share/vm/prims/jvm.cpp:1322
Event: 7.377 Thread 0x00007f9a4000b800 Threw 0x00000000ed572c20 at /build/openjdk-7-UoaBYD/openjdk-7-7u95-2.6.4/build/openjdk/hotspot/src/share/vm/prims/jvm.cpp:1322
Event: 7.378 Thread 0x00007f9a4000b800 Threw 0x00000000ed5771f8 at /build/openjdk-7-UoaBYD/openjdk-7-7u95-2.6.4/build/openjdk/hotspot/src/share/vm/prims/jvm.cpp:1322
Event: 7.379 Thread 0x00007f9a4000b800 Threw 0x00000000ed57ad00 at /build/openjdk-7-UoaBYD/openjdk-7-7u95-2.6.4/build/openjdk/hotspot/src/share/vm/prims/jvm.cpp:1322
Event: 7.379 Thread 0x00007f9a4000b800 Threw 0x00000000ed57ea00 at /build/openjdk-7-UoaBYD/openjdk-7-7u95-2.6.4/build/openjdk/hotspot/src/share/vm/prims/jvm.cpp:1322
Event: 7.379 Thread 0x00007f9a4000b800 Threw 0x00000000ed582450 at /build/openjdk-7-UoaBYD/openjdk-7-7u95-2.6.4/build/openjdk/hotspot/src/share/vm/prims/jvm.cpp:1322
Event: 7.381 Thread 0x00007f9a4000b800 Threw 0x00000000ed5c9f40 at /build/openjdk-7-UoaBYD/openjdk-7-7u95-2.6.4/build/openjdk/hotspot/src/share/vm/prims/jvm.cpp:1322
Event: 7.382 Thread 0x00007f9a4000b800 Threw 0x00000000ed5ccbf0 at /build/openjdk-7-UoaBYD/openjdk-7-7u95-2.6.4/build/openjdk/hotspot/src/share/vm/prims/jvm.cpp:1322
Event: 7.743 Thread 0x00007f9a4000b800 Threw 0x00000000eeb22dc8 at /build/openjdk-7-UoaBYD/openjdk-7-7u95-2.6.4/build/openjdk/hotspot/src/share/vm/prims/jvm.cpp:1322

Events (10 events):
Event: 8.027 Thread 0x00007f9a4000b800 Uncommon trap: trap_request=0xffffffd6 fr.pc=0x00007f9a3cf3a610
Event: 8.027 Thread 0x00007f9a4000b800 DEOPT PACKING pc=0x00007f9a3cf3a610 sp=0x00007f9a471fd4b0
Event: 8.027 Thread 0x00007f9a4000b800 DEOPT UNPACKING pc=0x00007f9a3cc23045 sp=0x00007f9a471fd478 mode 2
Event: 8.082 Thread 0x00007f9a4000b800 Uncommon trap: trap_request=0xffffffd6 fr.pc=0x00007f9a3cf3a558
Event: 8.082 Thread 0x00007f9a4000b800 DEOPT PACKING pc=0x00007f9a3cf3a558 sp=0x00007f9a471fd4b0
Event: 8.082 Thread 0x00007f9a4000b800 DEOPT UNPACKING pc=0x00007f9a3cc23045 sp=0x00007f9a471fd478 mode 2
Event: 8.082 Thread 0x00007f9a4000b800 Uncommon trap: trap_request=0xffffffd6 fr.pc=0x00007f9a3cf3a610
Event: 8.082 Thread 0x00007f9a4000b800 DEOPT PACKING pc=0x00007f9a3cf3a610 sp=0x00007f9a471fd4b0
Event: 8.082 Thread 0x00007f9a4000b800 DEOPT UNPACKING pc=0x00007f9a3cc23045 sp=0x00007f9a471fd478 mode 2
Event: 8.135 Executing VM operation: ParallelGCFailedAllocation


Dynamic libraries:
00400000-00401000 r-xp 00000000 08:06 1065180                            /usr/lib/jvm/java-7-openjdk-amd64/jre/bin/java
00600000-00601000 r--p 00000000 08:06 1065180                            /usr/lib/jvm/java-7-openjdk-amd64/jre/bin/java
00601000-00602000 rw-p 00001000 08:06 1065180                            /usr/lib/jvm/java-7-openjdk-amd64/jre/bin/java
01b43000-01b64000 rw-p 00000000 00:00 0                                  [heap]
b5a00000-b6f00000 rw-p 00000000 00:00 0 
b6f00000-c0000000 rw-p 00000000 00:00 0 
c0000000-c5100000 rw-p 00000000 00:00 0 
c5100000-eaa80000 rw-p 00000000 00:00 0 
eaa80000-f2e80000 rw-p 00000000 00:00 0 
fca80000-100000000 rw-p 00000000 00:00 0 
7f99f0000000-7f99f0030000 rw-p 00000000 00:00 0 
7f99f0030000-7f99f4000000 ---p 00000000 00:00 0 
7f99f4000000-7f99f402b000 rw-p 00000000 00:00 0 
7f99f402b000-7f99f8000000 ---p 00000000 00:00 0 
7f99f8000000-7f99f8021000 rw-p 00000000 00:00 0 
7f99f8021000-7f99fc000000 ---p 00000000 00:00 0 
7f99fc000000-7f99fc031000 rw-p 00000000 00:00 0 
7f99fc031000-7f9a00000000 ---p 00000000 00:00 0 
7f9a00000000-7f9a00021000 rw-p 00000000 00:00 0 
7f9a00021000-7f9a04000000 ---p 00000000 00:00 0 
7f9a04000000-7f9a0403f000 rw-p 00000000 00:00 0 
7f9a0403f000-7f9a08000000 ---p 00000000 00:00 0 
7f9a08000000-7f9a094a4000 rw-p 00000000 00:00 0 
7f9a094a4000-7f9a0c000000 ---p 00000000 00:00 0 
7f9a0c000000-7f9a0c021000 rw-p 00000000 00:00 0 
7f9a0c021000-7f9a10000000 ---p 00000000 00:00 0 
7f9a10000000-7f9a10021000 rw-p 00000000 00:00 0 
7f9a10021000-7f9a14000000 ---p 00000000 00:00 0 
7f9a14000000-7f9a15d3e000 rw-p 00000000 00:00 0 
7f9a15d3e000-7f9a18000000 ---p 00000000 00:00 0 
7f9a18000000-7f9a18021000 rw-p 00000000 00:00 0 
7f9a18021000-7f9a1c000000 ---p 00000000 00:00 0 
7f9a1c000000-7f9a1c021000 rw-p 00000000 00:00 0 
7f9a1c021000-7f9a20000000 ---p 00000000 00:00 0 
7f9a20000000-7f9a20021000 rw-p 00000000 00:00 0 
7f9a20021000-7f9a24000000 ---p 00000000 00:00 0 
7f9a24000000-7f9a24021000 rw-p 00000000 00:00 0 
7f9a24021000-7f9a28000000 ---p 00000000 00:00 0 
7f9a28000000-7f9a28021000 rw-p 00000000 00:00 0 
7f9a28021000-7f9a2c000000 ---p 00000000 00:00 0 
7f9a2db2e000-7f9a2de2f000 rw-p 00000000 00:00 0 
7f9a2de2f000-7f9a2de9b000 r-xp 00000000 08:06 4484047                    /lib/x86_64-linux-gnu/libpcre.so.3.13.1
7f9a2de9b000-7f9a2e09b000 ---p 0006c000 08:06 4484047                    /lib/x86_64-linux-gnu/libpcre.so.3.13.1
7f9a2e09b000-7f9a2e09c000 r--p 0006c000 08:06 4484047                    /lib/x86_64-linux-gnu/libpcre.so.3.13.1
7f9a2e09c000-7f9a2e09d000 rw-p 0006d000 08:06 4484047                    /lib/x86_64-linux-gnu/libpcre.so.3.13.1
7f9a2e09d000-7f9a2e0a4000 r-xp 00000000 08:06 535049                     /usr/lib/x86_64-linux-gnu/libffi.so.6.0.4
7f9a2e0a4000-7f9a2e2a3000 ---p 00007000 08:06 535049                     /usr/lib/x86_64-linux-gnu/libffi.so.6.0.4
7f9a2e2a3000-7f9a2e2a4000 r--p 00006000 08:06 535049                     /usr/lib/x86_64-linux-gnu/libffi.so.6.0.4
7f9a2e2a4000-7f9a2e2a5000 rw-p 00007000 08:06 535049                     /usr/lib/x86_64-linux-gnu/libffi.so.6.0.4
7f9a2e2a5000-7f9a2e2bc000 r-xp 00000000 08:06 4473596                    /lib/x86_64-linux-gnu/libresolv-2.21.so
7f9a2e2bc000-7f9a2e4bc000 ---p 00017000 08:06 4473596                    /lib/x86_64-linux-gnu/libresolv-2.21.so
7f9a2e4bc000-7f9a2e4bd000 r--p 00017000 08:06 4473596                    /lib/x86_64-linux-gnu/libresolv-2.21.so
7f9a2e4bd000-7f9a2e4be000 rw-p 00018000 08:06 4473596                    /lib/x86_64-linux-gnu/libresolv-2.21.so
7f9a2e4be000-7f9a2e4c0000 rw-p 00000000 00:00 0 
7f9a2e4c0000-7f9a2e4e1000 r-xp 00000000 08:06 4469960                    /lib/x86_64-linux-gnu/libselinux.so.1
7f9a2e4e1000-7f9a2e6e0000 ---p 00021000 08:06 4469960                    /lib/x86_64-linux-gnu/libselinux.so.1
7f9a2e6e0000-7f9a2e6e1000 r--p 00020000 08:06 4469960                    /lib/x86_64-linux-gnu/libselinux.so.1
7f9a2e6e1000-7f9a2e6e2000 rw-p 00021000 08:06 4469960                    /lib/x86_64-linux-gnu/libselinux.so.1
7f9a2e6e2000-7f9a2e6e4000 rw-p 00000000 00:00 0 
7f9a2e6e4000-7f9a2e6e7000 r-xp 00000000 08:06 525735                     /usr/lib/x86_64-linux-gnu/libgmodule-2.0.so.0.4600.2
7f9a2e6e7000-7f9a2e8e6000 ---p 00003000 08:06 525735                     /usr/lib/x86_64-linux-gnu/libgmodule-2.0.so.0.4600.2
7f9a2e8e6000-7f9a2e8e7000 r--p 00002000 08:06 525735                     /usr/lib/x86_64-linux-gnu/libgmodule-2.0.so.0.4600.2
7f9a2e8e7000-7f9a2e8e8000 rw-p 00003000 08:06 525735                     /usr/lib/x86_64-linux-gnu/libgmodule-2.0.so.0.4600.2
7f9a2e8e8000-7f9a2e9f5000 r-xp 00000000 08:06 4472394                    /lib/x86_64-linux-gnu/libglib-2.0.so.0.4600.2
7f9a2e9f5000-7f9a2ebf4000 ---p 0010d000 08:06 4472394                    /lib/x86_64-linux-gnu/libglib-2.0.so.0.4600.2
7f9a2ebf4000-7f9a2ebf5000 r--p 0010c000 08:06 4472394                    /lib/x86_64-linux-gnu/libglib-2.0.so.0.4600.2
7f9a2ebf5000-7f9a2ebf6000 rw-p 0010d000 08:06 4472394                    /lib/x86_64-linux-gnu/libglib-2.0.so.0.4600.2
7f9a2ebf6000-7f9a2ebf7000 rw-p 00000000 00:00 0 
7f9a2ebf7000-7f9a2ec49000 r-xp 00000000 08:06 525738                     /usr/lib/x86_64-linux-gnu/libgobject-2.0.so.0.4600.2
7f9a2ec49000-7f9a2ee48000 ---p 00052000 08:06 525738                     /usr/lib/x86_64-linux-gnu/libgobject-2.0.so.0.4600.2
7f9a2ee48000-7f9a2ee49000 r--p 00051000 08:06 525738                     /usr/lib/x86_64-linux-gnu/libgobject-2.0.so.0.4600.2
7f9a2ee49000-7f9a2ee4a000 rw-p 00052000 08:06 525738                     /usr/lib/x86_64-linux-gnu/libgobject-2.0.so.0.4600.2
7f9a2ee4a000-7f9a2efc4000 r-xp 00000000 08:06 525717                     /usr/lib/x86_64-linux-gnu/libgio-2.0.so.0.4600.2
7f9a2efc4000-7f9a2f1c3000 ---p 0017a000 08:06 525717                     /usr/lib/x86_64-linux-gnu/libgio-2.0.so.0.4600.2
7f9a2f1c3000-7f9a2f1c7000 r--p 00179000 08:06 525717                     /usr/lib/x86_64-linux-gnu/libgio-2.0.so.0.4600.2
7f9a2f1c7000-7f9a2f1c9000 rw-p 0017d000 08:06 525717                     /usr/lib/x86_64-linux-gnu/libgio-2.0.so.0.4600.2
7f9a2f1c9000-7f9a2f1cb000 rw-p 00000000 00:00 0 
7f9a2f1cb000-7f9a2f1e2000 r-xp 00000000 08:06 1065268                    /usr/lib/jvm/java-7-openjdk-amd64/jre/lib/amd64/libnet.so
7f9a2f1e2000-7f9a2f3e2000 ---p 00017000 08:06 1065268                    /usr/lib/jvm/java-7-openjdk-amd64/jre/lib/amd64/libnet.so
7f9a2f3e2000-7f9a2f3e3000 r--p 00017000 08:06 1065268                    /usr/lib/jvm/java-7-openjdk-amd64/jre/lib/amd64/libnet.so
7f9a2f3e3000-7f9a2f3e4000 rw-p 00018000 08:06 1065268                    /usr/lib/jvm/java-7-openjdk-amd64/jre/lib/amd64/libnet.so
7f9a2f3e4000-7f9a2f3f5000 r-xp 00000000 08:06 1065289                    /usr/lib/jvm/java-7-openjdk-amd64/jre/lib/amd64/libnio.so
7f9a2f3f5000-7f9a2f5f4000 ---p 00011000 08:06 1065289                    /usr/lib/jvm/java-7-openjdk-amd64/jre/lib/amd64/libnio.so
7f9a2f5f4000-7f9a2f5f5000 r--p 00010000 08:06 1065289                    /usr/lib/jvm/java-7-openjdk-amd64/jre/lib/amd64/libnio.so
7f9a2f5f5000-7f9a2f5f6000 rw-p 00011000 08:06 1065289                    /usr/lib/jvm/java-7-openjdk-amd64/jre/lib/amd64/libnio.so
7f9a2f5f6000-7f9a2f5f9000 ---p 00000000 00:00 0 
7f9a2f5f9000-7f9a2f6f7000 rw-p 00000000 00:00 0 
7f9a2f6f7000-7f9a2f6fa000 ---p 00000000 00:00 0 
7f9a2f6fa000-7f9a2f7f8000 rw-p 00000000 00:00 0 
7f9a2f7f8000-7f9a2f7fb000 ---p 00000000 00:00 0 
7f9a2f7fb000-7f9a2f8f9000 rw-p 00000000 00:00 0 
7f9a2f8f9000-7f9a2f8fc000 ---p 00000000 00:00 0 
7f9a2f8fc000-7f9a2f9fa000 rw-p 00000000 00:00 0 
7f9a2f9fa000-7f9a2f9fd000 ---p 00000000 00:00 0 
7f9a2f9fd000-7f9a2fafb000 rw-p 00000000 00:00 0 
7f9a2fafb000-7f9a2fafc000 ---p 00000000 00:00 0 
7f9a2fafc000-7f9a2fbfc000 rw-p 00000000 00:00 0                          [stack:9015]
7f9a2fbfc000-7f9a2fbff000 ---p 00000000 00:00 0 
7f9a2fbff000-7f9a2fcfd000 rw-p 00000000 00:00 0                          [stack:9014]
7f9a2fcfd000-7f9a2fd00000 ---p 00000000 00:00 0 
7f9a2fd00000-7f9a2fdfe000 rw-p 00000000 00:00 0                          [stack:9013]
7f9a2fdfe000-7f9a2fe01000 ---p 00000000 00:00 0 
7f9a2fe01000-7f9a2feff000 rw-p 00000000 00:00 0                          [stack:9012]
7f9a2feff000-7f9a2ff02000 ---p 00000000 00:00 0 
7f9a2ff02000-7f9a30000000 rw-p 00000000 00:00 0                          [stack:9011]
7f9a30000000-7f9a30021000 rw-p 00000000 00:00 0 
7f9a30021000-7f9a34000000 ---p 00000000 00:00 0 
7f9a3402a000-7f9a3470d000 r--p 00000000 08:06 533298                     /usr/lib/locale/locale-archive
7f9a3470d000-7f9a34710000 ---p 00000000 00:00 0 
7f9a34710000-7f9a3480e000 rw-p 00000000 00:00 0                          [stack:9010]
7f9a3480e000-7f9a34811000 ---p 00000000 00:00 0 
7f9a34811000-7f9a3490f000 rw-p 00000000 00:00 0                          [stack:9009]
7f9a3490f000-7f9a34910000 ---p 00000000 00:00 0 
7f9a34910000-7f9a3591f000 rw-p 00000000 00:00 0                          [stack:9008]
7f9a3591f000-7f9a35ad0000 r--s 01d30000 08:06 1065308                    /usr/lib/jvm/java-7-openjdk-amd64/jre/lib/rt.jar
7f9a35ad0000-7f9a38000000 rw-p 00000000 00:00 0 
7f9a38000000-7f9a38021000 rw-p 00000000 00:00 0 
7f9a38021000-7f9a3c000000 ---p 00000000 00:00 0 
7f9a3c03c000-7f9a3c04b000 r--s 000df000 08:06 2908841                    /home/prajit/Android/Sdk/build-tools/23.0.1/lib/dx.jar
7f9a3c04b000-7f9a3c43c000 rw-p 00000000 00:00 0 
7f9a3c43c000-7f9a3c43d000 ---p 00000000 00:00 0 
7f9a3c43d000-7f9a3c53d000 rw-p 00000000 00:00 0                          [stack:9007]
7f9a3c53d000-7f9a3c53e000 ---p 00000000 00:00 0 
7f9a3c53e000-7f9a3c63e000 rw-p 00000000 00:00 0                          [stack:9006]
7f9a3c63e000-7f9a3c63f000 ---p 00000000 00:00 0 
7f9a3c63f000-7f9a3c73f000 rw-p 00000000 00:00 0                          [stack:9005]
7f9a3c73f000-7f9a3c740000 ---p 00000000 00:00 0 
7f9a3c740000-7f9a3c869000 rw-p 00000000 00:00 0                          [stack:9004]
7f9a3c869000-7f9a3c996000 rw-p 00000000 00:00 0 
7f9a3c996000-7f9a3c9a1000 rw-p 00000000 00:00 0 
7f9a3c9a1000-7f9a3c9e9000 rw-p 00000000 00:00 0 
7f9a3c9e9000-7f9a3ca12000 rw-p 00000000 00:00 0 
7f9a3ca12000-7f9a3cb3e000 rw-p 00000000 00:00 0 
7f9a3cb3e000-7f9a3cb81000 rw-p 00000000 00:00 0 
7f9a3cb81000-7f9a3cbe9000 rw-p 00000000 00:00 0 
7f9a3cbe9000-7f9a3cbea000 rw-p 00000000 00:00 0 
7f9a3cbea000-7f9a3cf5a000 rwxp 00000000 00:00 0 
7f9a3cf5a000-7f9a3fbea000 rw-p 00000000 00:00 0 
7f9a3fbea000-7f9a3fbf2000 r-xp 00000000 08:06 1065273                    /usr/lib/jvm/java-7-openjdk-amd64/jre/lib/amd64/libzip.so
7f9a3fbf2000-7f9a3fdf1000 ---p 00008000 08:06 1065273                    /usr/lib/jvm/java-7-openjdk-amd64/jre/lib/amd64/libzip.so
7f9a3fdf1000-7f9a3fdf2000 r--p 00007000 08:06 1065273                    /usr/lib/jvm/java-7-openjdk-amd64/jre/lib/amd64/libzip.so
7f9a3fdf2000-7f9a3fdf3000 rw-p 00008000 08:06 1065273                    /usr/lib/jvm/java-7-openjdk-amd64/jre/lib/amd64/libzip.so
7f9a3fdf3000-7f9a3fdff000 r-xp 00000000 08:06 4473139                    /lib/x86_64-linux-gnu/libnss_files-2.21.so
7f9a3fdff000-7f9a3fffe000 ---p 0000c000 08:06 4473139                    /lib/x86_64-linux-gnu/libnss_files-2.21.so
7f9a3fffe000-7f9a3ffff000 r--p 0000b000 08:06 4473139                    /lib/x86_64-linux-gnu/libnss_files-2.21.so
7f9a3ffff000-7f9a40000000 rw-p 0000c000 08:06 4473139                    /lib/x86_64-linux-gnu/libnss_files-2.21.so
7f9a40000000-7f9a4020a000 rw-p 00000000 00:00 0 
7f9a4020a000-7f9a44000000 ---p 00000000 00:00 0 
7f9a44002000-7f9a44006000 r--s 0004f000 08:06 1065325                    /usr/lib/jvm/java-7-openjdk-amd64/jre/lib/jsse.jar
7f9a44006000-7f9a4400a000 r--s 00034000 08:06 1065320                    /usr/lib/jvm/java-7-openjdk-amd64/jre/lib/ext/sunjce_provider.jar
7f9a4400a000-7f9a4405e000 rw-p 00000000 00:00 0 
7f9a4405e000-7f9a440a6000 rw-p 00000000 00:00 0 
7f9a440a6000-7f9a440b1000 r-xp 00000000 08:06 4473191                    /lib/x86_64-linux-gnu/libnss_nis-2.21.so
7f9a440b1000-7f9a442b0000 ---p 0000b000 08:06 4473191                    /lib/x86_64-linux-gnu/libnss_nis-2.21.so
7f9a442b0000-7f9a442b1000 r--p 0000a000 08:06 4473191                    /lib/x86_64-linux-gnu/libnss_nis-2.21.so
7f9a442b1000-7f9a442b2000 rw-p 0000b000 08:06 4473191                    /lib/x86_64-linux-gnu/libnss_nis-2.21.so
7f9a442b2000-7f9a442c9000 r-xp 00000000 08:06 4473170                    /lib/x86_64-linux-gnu/libnsl-2.21.so
7f9a442c9000-7f9a444c8000 ---p 00017000 08:06 4473170                    /lib/x86_64-linux-gnu/libnsl-2.21.so
7f9a444c8000-7f9a444c9000 r--p 00016000 08:06 4473170                    /lib/x86_64-linux-gnu/libnsl-2.21.so
7f9a444c9000-7f9a444ca000 rw-p 00017000 08:06 4473170                    /lib/x86_64-linux-gnu/libnsl-2.21.so
7f9a444ca000-7f9a444cc000 rw-p 00000000 00:00 0 
7f9a444cc000-7f9a444d4000 r-xp 00000000 08:06 4473140                    /lib/x86_64-linux-gnu/libnss_compat-2.21.so
7f9a444d4000-7f9a446d3000 ---p 00008000 08:06 4473140                    /lib/x86_64-linux-gnu/libnss_compat-2.21.so
7f9a446d3000-7f9a446d4000 r--p 00007000 08:06 4473140                    /lib/x86_64-linux-gnu/libnss_compat-2.21.so
7f9a446d4000-7f9a446d5000 rw-p 00008000 08:06 4473140                    /lib/x86_64-linux-gnu/libnss_compat-2.21.so
7f9a446d5000-7f9a44701000 r-xp 00000000 08:06 1065258                    /usr/lib/jvm/java-7-openjdk-amd64/jre/lib/amd64/libjava.so
7f9a44701000-7f9a44900000 ---p 0002c000 08:06 1065258                    /usr/lib/jvm/java-7-openjdk-amd64/jre/lib/amd64/libjava.so
7f9a44900000-7f9a44901000 r--p 0002b000 08:06 1065258                    /usr/lib/jvm/java-7-openjdk-amd64/jre/lib/amd64/libjava.so
7f9a44901000-7f9a44903000 rw-p 0002c000 08:06 1065258                    /usr/lib/jvm/java-7-openjdk-amd64/jre/lib/amd64/libjava.so
7f9a44903000-7f9a44912000 r-xp 00000000 08:06 1065260                    /usr/lib/jvm/java-7-openjdk-amd64/jre/lib/amd64/libverify.so
7f9a44912000-7f9a44b11000 ---p 0000f000 08:06 1065260                    /usr/lib/jvm/java-7-openjdk-amd64/jre/lib/amd64/libverify.so
7f9a44b11000-7f9a44b13000 r--p 0000e000 08:06 1065260                    /usr/lib/jvm/java-7-openjdk-amd64/jre/lib/amd64/libverify.so
7f9a44b13000-7f9a44b14000 rw-p 00010000 08:06 1065260                    /usr/lib/jvm/java-7-openjdk-amd64/jre/lib/amd64/libverify.so
7f9a44b14000-7f9a44b1b000 r-xp 00000000 08:06 4473137                    /lib/x86_64-linux-gnu/librt-2.21.so
7f9a44b1b000-7f9a44d1a000 ---p 00007000 08:06 4473137                    /lib/x86_64-linux-gnu/librt-2.21.so
7f9a44d1a000-7f9a44d1b000 r--p 00006000 08:06 4473137                    /lib/x86_64-linux-gnu/librt-2.21.so
7f9a44d1b000-7f9a44d1c000 rw-p 00007000 08:06 4473137                    /lib/x86_64-linux-gnu/librt-2.21.so
7f9a44d1c000-7f9a44d32000 r-xp 00000000 08:06 4469845                    /lib/x86_64-linux-gnu/libgcc_s.so.1
7f9a44d32000-7f9a44f31000 ---p 00016000 08:06 4469845                    /lib/x86_64-linux-gnu/libgcc_s.so.1
7f9a44f31000-7f9a44f32000 r--p 00015000 08:06 4469845                    /lib/x86_64-linux-gnu/libgcc_s.so.1
7f9a44f32000-7f9a44f33000 rw-p 00016000 08:06 4469845                    /lib/x86_64-linux-gnu/libgcc_s.so.1
7f9a44f33000-7f9a4503a000 r-xp 00000000 08:06 4473194                    /lib/x86_64-linux-gnu/libm-2.21.so
7f9a4503a000-7f9a45239000 ---p 00107000 08:06 4473194                    /lib/x86_64-linux-gnu/libm-2.21.so
7f9a45239000-7f9a4523a000 r--p 00106000 08:06 4473194                    /lib/x86_64-linux-gnu/libm-2.21.so
7f9a4523a000-7f9a4523b000 rw-p 00107000 08:06 4473194                    /lib/x86_64-linux-gnu/libm-2.21.so
7f9a4523b000-7f9a453ae000 r-xp 00000000 08:06 535706                     /usr/lib/x86_64-linux-gnu/libstdc++.so.6.0.21
7f9a453ae000-7f9a455ad000 ---p 00173000 08:06 535706                     /usr/lib/x86_64-linux-gnu/libstdc++.so.6.0.21
7f9a455ad000-7f9a455b7000 r--p 00172000 08:06 535706                     /usr/lib/x86_64-linux-gnu/libstdc++.so.6.0.21
7f9a455b7000-7f9a455b9000 rw-p 0017c000 08:06 535706                     /usr/lib/x86_64-linux-gnu/libstdc++.so.6.0.21
7f9a455b9000-7f9a455bd000 rw-p 00000000 00:00 0 
7f9a455bd000-7f9a4610e000 r-xp 00000000 08:06 1065271                    /usr/lib/jvm/java-7-openjdk-amd64/jre/lib/amd64/server/libjvm.so
7f9a4610e000-7f9a4630d000 ---p 00b51000 08:06 1065271                    /usr/lib/jvm/java-7-openjdk-amd64/jre/lib/amd64/server/libjvm.so
7f9a4630d000-7f9a4639e000 r--p 00b50000 08:06 1065271                    /usr/lib/jvm/java-7-openjdk-amd64/jre/lib/amd64/server/libjvm.so
7f9a4639e000-7f9a463c1000 rw-p 00be1000 08:06 1065271                    /usr/lib/jvm/java-7-openjdk-amd64/jre/lib/amd64/server/libjvm.so
7f9a463c1000-7f9a463ec000 rw-p 00000000 00:00 0 
7f9a463ec000-7f9a46405000 r-xp 00000000 08:06 4469991                    /lib/x86_64-linux-gnu/libz.so.1.2.8
7f9a46405000-7f9a46604000 ---p 00019000 08:06 4469991                    /lib/x86_64-linux-gnu/libz.so.1.2.8
7f9a46604000-7f9a46605000 r--p 00018000 08:06 4469991                    /lib/x86_64-linux-gnu/libz.so.1.2.8
7f9a46605000-7f9a46606000 rw-p 00019000 08:06 4469991                    /lib/x86_64-linux-gnu/libz.so.1.2.8
7f9a46606000-7f9a4661e000 r-xp 00000000 08:06 4473138                    /lib/x86_64-linux-gnu/libpthread-2.21.so
7f9a4661e000-7f9a4681e000 ---p 00018000 08:06 4473138                    /lib/x86_64-linux-gnu/libpthread-2.21.so
7f9a4681e000-7f9a4681f000 r--p 00018000 08:06 4473138                    /lib/x86_64-linux-gnu/libpthread-2.21.so
7f9a4681f000-7f9a46820000 rw-p 00019000 08:06 4473138                    /lib/x86_64-linux-gnu/libpthread-2.21.so
7f9a46820000-7f9a46824000 rw-p 00000000 00:00 0 
7f9a46824000-7f9a46827000 r-xp 00000000 08:06 4473190                    /lib/x86_64-linux-gnu/libdl-2.21.so
7f9a46827000-7f9a46a26000 ---p 00003000 08:06 4473190                    /lib/x86_64-linux-gnu/libdl-2.21.so
7f9a46a26000-7f9a46a27000 r--p 00002000 08:06 4473190                    /lib/x86_64-linux-gnu/libdl-2.21.so
7f9a46a27000-7f9a46a28000 rw-p 00003000 08:06 4473190                    /lib/x86_64-linux-gnu/libdl-2.21.so
7f9a46a28000-7f9a46be8000 r-xp 00000000 08:06 4473593                    /lib/x86_64-linux-gnu/libc-2.21.so
7f9a46be8000-7f9a46de8000 ---p 001c0000 08:06 4473593                    /lib/x86_64-linux-gnu/libc-2.21.so
7f9a46de8000-7f9a46dec000 r--p 001c0000 08:06 4473593                    /lib/x86_64-linux-gnu/libc-2.21.so
7f9a46dec000-7f9a46dee000 rw-p 001c4000 08:06 4473593                    /lib/x86_64-linux-gnu/libc-2.21.so
7f9a46dee000-7f9a46df2000 rw-p 00000000 00:00 0 
7f9a46df2000-7f9a46dff000 r-xp 00000000 08:06 1065286                    /usr/lib/jvm/java-7-openjdk-amd64/jre/lib/amd64/jli/libjli.so
7f9a46dff000-7f9a46ffe000 ---p 0000d000 08:06 1065286                    /usr/lib/jvm/java-7-openjdk-amd64/jre/lib/amd64/jli/libjli.so
7f9a46ffe000-7f9a46fff000 r--p 0000c000 08:06 1065286                    /usr/lib/jvm/java-7-openjdk-amd64/jre/lib/amd64/jli/libjli.so
7f9a46fff000-7f9a47000000 rw-p 0000d000 08:06 1065286                    /usr/lib/jvm/java-7-openjdk-amd64/jre/lib/amd64/jli/libjli.so
7f9a47000000-7f9a47024000 r-xp 00000000 08:06 4473183                    /lib/x86_64-linux-gnu/ld-2.21.so
7f9a47026000-7f9a4704c000 rw-p 00000000 00:00 0 
7f9a4704c000-7f9a470fe000 rw-p 00000000 00:00 0 
7f9a470fe000-7f9a47101000 ---p 00000000 00:00 0 
7f9a47101000-7f9a47204000 rw-p 00000000 00:00 0                          [stack:9003]
7f9a47206000-7f9a47207000 rw-p 00000000 00:00 0 
7f9a47207000-7f9a47208000 r--s 00002000 08:06 1065318                    /usr/lib/jvm/java-7-openjdk-amd64/jre/lib/ext/dnsns.jar
7f9a47208000-7f9a4720a000 r--s 00007000 08:06 1065162                    /usr/share/java/java-atk-wrapper.jar
7f9a4720a000-7f9a4720d000 r--s 0000f000 08:06 1065321                    /usr/lib/jvm/java-7-openjdk-amd64/jre/lib/ext/icedtea-sound.jar
7f9a4720d000-7f9a47211000 r--s 0003c000 08:06 1065323                    /usr/lib/jvm/java-7-openjdk-amd64/jre/lib/ext/sunpkcs11.jar
7f9a47211000-7f9a47213000 r--s 00012000 08:06 1065319                    /usr/lib/jvm/java-7-openjdk-amd64/jre/lib/ext/zipfs.jar
7f9a47213000-7f9a47217000 r--s 00085000 08:06 1065322                    /usr/lib/jvm/java-7-openjdk-amd64/jre/lib/ext/localedata.jar
7f9a47217000-7f9a4721f000 rw-s 00000000 08:06 3824302                    /tmp/hsperfdata_prajit/8998
7f9a4721f000-7f9a47220000 rw-p 00000000 00:00 0 
7f9a47220000-7f9a47221000 ---p 00000000 00:00 0 
7f9a47221000-7f9a47223000 rw-p 00000000 00:00 0 
7f9a47223000-7f9a47224000 r--p 00023000 08:06 4473183                    /lib/x86_64-linux-gnu/ld-2.21.so
7f9a47224000-7f9a47225000 rw-p 00024000 08:06 4473183                    /lib/x86_64-linux-gnu/ld-2.21.so
7f9a47225000-7f9a47226000 rw-p 00000000 00:00 0 
7ffef6c19000-7ffef6c3b000 rw-p 00000000 00:00 0                          [stack]
7ffef6c61000-7ffef6c63000 r--p 00000000 00:00 0                          [vvar]
7ffef6c63000-7ffef6c65000 r-xp 00000000 00:00 0                          [vdso]
ffffffffff600000-ffffffffff601000 r-xp 00000000 00:00 0                  [vsyscall]

VM Arguments:
jvm_args: -Xmx1024M -Dfile.encoding=UTF-8 -Duser.country=US -Duser.language=en -Duser.variant 
java_command: com.android.dx.command.Main --dex --num-threads=4 --output /home/prajit/AndroidStudioProjects/QMS/app/build/intermediates/dex/debug /home/prajit/AndroidStudioProjects/QMS/app/build/intermediates/classes/debug /home/prajit/AndroidStudioProjects/QMS/app/build/intermediates/pre-dexed/debug/support-annotations-23.2.0-3a7746c041dd855e0d5c066307be5e2cdd7c57af.jar /home/prajit/AndroidStudioProjects/QMS/app/build/intermediates/pre-dexed/debug/classes-a9324a343310b8ef0dbbd1d3a7349af6ac2440fc.jar /home/prajit/AndroidStudioProjects/QMS/app/build/intermediates/pre-dexed/debug/classes-f76fc46938cb48822a4be7dda9c5b950abb8e2af.jar /home/prajit/AndroidStudioProjects/QMS/app/build/intermediates/pre-dexed/debug/classes-a198eed160dba1fba74b24127079bfb8de739506.jar /home/prajit/AndroidStudioProjects/QMS/app/build/intermediates/pre-dexed/debug/httpmime-4.3-3fda06e08bda9d739ba22eb9b396cf7a79c1928e.jar /home/prajit/AndroidStudioProjects/QMS/app/build/intermediates/pre-dexed/debug/ormlite-android-4.48-b6569c0c14941c99557c9b09ecee0363e4954dc7.jar /home/prajit/AndroidStudioProjects/QMS/app/build/intermediates/pre-dexed/debug/volley-c0cba6698b7beec96d5e0f477cf13f4ca8157572.jar /home/prajit/AndroidStudioProjects/QMS/app/build/intermediates/pre-dexed/debug/picasso-2.4.0-023c6538e8b25248ff5d7437e8910fa40006f0fb.jar /home/prajit/AndroidStudioProjects/QMS/app/build/intermediates/pre-dexed/debug/aws-android-sdk-cognito-2.2.14-b583bfbc3f6d65b25ec4af1f803f1e2c055f3c2f.jar /home/prajit/AndroidStudioProjects/QMS/app/build/intermediates/pre-dexed/debug/gson-2.3-a9cee03b0d2bc6e590333aaa4c4d42670f7ff4a6.jar /home/prajit/AndroidStudioProjects/QMS/app/build/intermediates/pre-dexed/debug/aws-android-sdk-ddb-2.2.14-1d64ec407f005f688d331c3f4b936233f4db4458.jar /home/prajit/AndroidStudioProjects/QMS/app/build/intermediates/pre-dexed/debug/internal_impl-23.2.0-6619ed6ec79d15d2fe470cc9fcde667915af0e69.jar /home/prajit/AndroidStudioProjects/QMS/app/build/intermediates/pre-dexed/debug/classes-74a23b
Launcher Type: SUN_STANDARD

Environment Variables:
PATH=/usr/local/sbin:/usr/local/bin:/usr/sbin:/usr/bin:/sbin:/bin:/usr/games:/usr/local/games
LD_LIBRARY_PATH=/home/prajit/android-studio/bin:
SHELL=/bin/bash
DISPLAY=:0

Signal Handlers:
SIGSEGV: [libjvm.so+0x995450], sa_mask[0]=0x7ffbfeff, sa_flags=0x10000004
SIGBUS: [libjvm.so+0x995450], sa_mask[0]=0x7ffbfeff, sa_flags=0x10000004
SIGFPE: [libjvm.so+0x7fc6a0], sa_mask[0]=0x7ffbfeff, sa_flags=0x10000004
SIGPIPE: [libjvm.so+0x7fc6a0], sa_mask[0]=0x7ffbfeff, sa_flags=0x10000004
SIGXFSZ: [libjvm.so+0x7fc6a0], sa_mask[0]=0x7ffbfeff, sa_flags=0x10000004
SIGILL: [libjvm.so+0x7fc6a0], sa_mask[0]=0x7ffbfeff, sa_flags=0x10000004
SIGUSR1: SIG_DFL, sa_mask[0]=0x00000000, sa_flags=0x00000000
SIGUSR2: [libjvm.so+0x7fc520], sa_mask[0]=0x00000004, sa_flags=0x10000004
SIGHUP: [libjvm.so+0x7fc6b0], sa_mask[0]=0x7ffbfeff, sa_flags=0x10000004
SIGINT: [libjvm.so+0x7fc6b0], sa_mask[0]=0x7ffbfeff, sa_flags=0x10000004
SIGTERM: [libjvm.so+0x7fc6b0], sa_mask[0]=0x7ffbfeff, sa_flags=0x10000004
SIGQUIT: [libjvm.so+0x7fc6b0], sa_mask[0]=0x7ffbfeff, sa_flags=0x10000004
SIGTRAP: SIG_DFL, sa_mask[0]=0x00000000, sa_flags=0x00000000


---------------  S Y S T E M  ---------------

OS:Ubuntu 15.10 (wily)
uname:Linux 4.2.0-34-generic #39-Ubuntu SMP Thu Mar 10 22:13:01 UTC 2016 x86_64
libc:glibc 2.21 NPTL 2.21 
rlimit: STACK 8192k, CORE 0k, NPROC 30985, NOFILE 65536, AS infinity
load average:2.36 1.53 1.22

/proc/meminfo:
MemTotal:        7966900 kB
MemFree:           50828 kB
MemAvailable:     144480 kB
Buffers:           14684 kB
Cached:          2380736 kB
SwapCached:            0 kB
Active:          5405948 kB
Inactive:        2316964 kB
Active(anon):    5358716 kB
Inactive(anon):  2273584 kB
Active(file):      47232 kB
Inactive(file):    43380 kB
Unevictable:          48 kB
Mlocked:              48 kB
SwapTotal:             0 kB
SwapFree:              0 kB
Dirty:              6976 kB
Writeback:             0 kB
AnonPages:       5327584 kB
Mapped:           161172 kB
Shmem:           2304768 kB
Slab:              85080 kB
SReclaimable:      45076 kB
SUnreclaim:        40004 kB
KernelStack:       13152 kB
PageTables:        56428 kB
NFS_Unstable:          0 kB
Bounce:                0 kB
WritebackTmp:          0 kB
CommitLimit:     3983448 kB
Committed_AS:   12600144 kB
VmallocTotal:   34359738367 kB
VmallocUsed:      359360 kB
VmallocChunk:   34358945788 kB
HardwareCorrupted:     0 kB
AnonHugePages:   3569664 kB
CmaTotal:              0 kB
CmaFree:               0 kB
HugePages_Total:       0
HugePages_Free:        0
HugePages_Rsvd:        0
HugePages_Surp:        0
Hugepagesize:       2048 kB
DirectMap4k:      128732 kB
DirectMap2M:     8052736 kB


CPU:total 4 (2 cores per cpu, 2 threads per core) family 6 model 37 stepping 5, cmov, cx8, fxsr, mmx, sse, sse2, sse3, ssse3, sse4.1, sse4.2, popcnt, ht, tsc, tscinvbit

/proc/cpuinfo:
processor	: 0
vendor_id	: GenuineIntel
cpu family	: 6
model		: 37
model name	: Intel(R) Core(TM) i3 CPU         540  @ 3.07GHz
stepping	: 5
microcode	: 0x2
cpu MHz		: 3059.000
cache size	: 4096 KB
physical id	: 0
siblings	: 4
core id		: 0
cpu cores	: 2
apicid		: 0
initial apicid	: 0
fpu		: yes
fpu_exception	: yes
cpuid level	: 11
wp		: yes
flags		: fpu vme de pse tsc msr pae mce cx8 apic sep mtrr pge mca cmov pat pse36 clflush dts acpi mmx fxsr sse sse2 ss ht tm pbe syscall nx rdtscp lm constant_tsc arch_perfmon pebs bts rep_good nopl xtopology nonstop_tsc aperfmperf pni dtes64 monitor ds_cpl vmx est tm2 ssse3 cx16 xtpr pdcm pcid sse4_1 sse4_2 popcnt lahf_lm arat dtherm tpr_shadow vnmi flexpriority ept vpid
bugs		:
bogomips	: 6118.03
clflush size	: 64
cache_alignment	: 64
address sizes	: 36 bits physical, 48 bits virtual
power management:

processor	: 1
vendor_id	: GenuineIntel
cpu family	: 6
model		: 37
model name	: Intel(R) Core(TM) i3 CPU         540  @ 3.07GHz
stepping	: 5
microcode	: 0x2
cpu MHz		: 1197.000
cache size	: 4096 KB
physical id	: 0
siblings	: 4
core id		: 0
cpu cores	: 2
apicid		: 1
initial apicid	: 1
fpu		: yes
fpu_exception	: yes
cpuid level	: 11
wp		: yes
flags		: fpu vme de pse tsc msr pae mce cx8 apic sep mtrr pge mca cmov pat pse36 clflush dts acpi mmx fxsr sse sse2 ss ht tm pbe syscall nx rdtscp lm constant_tsc arch_perfmon pebs bts rep_good nopl xtopology nonstop_tsc aperfmperf pni dtes64 monitor ds_cpl vmx est tm2 ssse3 cx16 xtpr pdcm pcid sse4_1 sse4_2 popcnt lahf_lm arat dtherm tpr_shadow vnmi flexpriority ept vpid
bugs		:
bogomips	: 6118.03
clflush size	: 64
cache_alignment	: 64
address sizes	: 36 bits physical, 48 bits virtual
power management:

processor	: 2
vendor_id	: GenuineIntel
cpu family	: 6
model		: 37
model name	: Intel(R) Core(TM) i3 CPU         540  @ 3.07GHz
stepping	: 5
microcode	: 0x2
cpu MHz		: 1197.000
cache size	: 4096 KB
physical id	: 0
siblings	: 4
core id		: 2
cpu cores	: 2
apicid		: 4
initial apicid	: 4
fpu		: yes
fpu_exception	: yes
cpuid level	: 11
wp		: yes
flags		: fpu vme de pse tsc msr pae mce cx8 apic sep mtrr pge mca cmov pat pse36 clflush dts acpi mmx fxsr sse sse2 ss ht tm pbe syscall nx rdtscp lm constant_tsc arch_perfmon pebs bts rep_good nopl xtopology nonstop_tsc aperfmperf pni dtes64 monitor ds_cpl vmx est tm2 ssse3 cx16 xtpr pdcm pcid sse4_1 sse4_2 popcnt lahf_lm arat dtherm tpr_shadow vnmi flexpriority ept vpid
bugs		:
bogomips	: 6118.03
clflush size	: 64
cache_alignment	: 64
address sizes	: 36 bits physical, 48 bits virtual
power management:

processor	: 3
vendor_id	: GenuineIntel
cpu family	: 6
model		: 37
model name	: Intel(R) Core(TM) i3 CPU         540  @ 3.07GHz
stepping	: 5
microcode	: 0x2
cpu MHz		: 2394.000
cache size	: 4096 KB
physical id	: 0
siblings	: 4
core id		: 2
cpu cores	: 2
apicid		: 5
initial apicid	: 5
fpu		: yes
fpu_exception	: yes
cpuid level	: 11
wp		: yes
flags		: fpu vme de pse tsc msr pae mce cx8 apic sep mtrr pge mca cmov pat pse36 clflush dts acpi mmx fxsr sse sse2 ss ht tm pbe syscall nx rdtscp lm constant_tsc arch_perfmon pebs bts rep_good nopl xtopology nonstop_tsc aperfmperf pni dtes64 monitor ds_cpl vmx est tm2 ssse3 cx16 xtpr pdcm pcid sse4_1 sse4_2 popcnt lahf_lm arat dtherm tpr_shadow vnmi flexpriority ept vpid
bugs		:
bogomips	: 6118.03
clflush size	: 64
cache_alignment	: 64
address sizes	: 36 bits physical, 48 bits virtual
power management:



Memory: 4k page, physical 7966900k(50828k free), swap 0k(0k free)

vm_info: OpenJDK 64-Bit Server VM (24.95-b01) for linux-amd64 JRE (1.7.0_95-b00), built on Mar 24 2016 06:07:15 by "buildd" with gcc 5.2.1 20151010

time: Tue Apr  5 11:46:19 2016
elapsed time: 8 seconds

