#
# There is insufficient memory for the Java Runtime Environment to continue.
# Native memory allocation (malloc) failed to allocate 208666624 bytes for committing reserved memory.
# Possible reasons:
#   The system is out of physical RAM or swap space
#   In 32 bit mode, the process size limit was hit
# Possible solutions:
#   Reduce memory load on the system
#   Increase physical memory or swap space
#   Check if swap backing store is full
#   Use 64 bit Java on a 64 bit OS
#   Decrease Java heap size (-Xmx/-Xms)
#   Decrease number of Java threads
#   Decrease Java thread stack sizes (-Xss)
#   Set larger code cache with -XX:ReservedCodeCacheSize=
# This output file may be truncated or incomplete.
#
#  Out of Memory Error (os_linux.cpp:2827), pid=6233, tid=139655109179136
#
# JRE version: OpenJDK Runtime Environment (7.0_95) (build 1.7.0_95-b00)
# Java VM: OpenJDK 64-Bit Server VM (24.95-b01 mixed mode linux-amd64 compressed oops)
# Derivative: IcedTea 2.6.4
# Distribution: Ubuntu 15.10, package 7u95-2.6.4-0ubuntu0.15.10.2
# Failed to write core dump. Core dumps have been disabled. To enable core dumping, try "ulimit -c unlimited" before starting Java again
#

---------------  T H R E A D  ---------------

Current thread (0x00007f0408076000):  VMThread [stack: 0x00007f03fd1c7000,0x00007f03fd2c8000] [id=6244]

Stack: [0x00007f03fd1c7000,0x00007f03fd2c8000],  sp=0x00007f03fd2c64f0,  free space=1021k
Native frames: (J=compiled Java code, j=interpreted, Vv=VM code, C=native code)
V  [libjvm.so+0x9948f3]
V  [libjvm.so+0x48a9df]
V  [libjvm.so+0x80143b]
V  [libjvm.so+0x7fb82e]
V  [libjvm.so+0x871c4b]
V  [libjvm.so+0x873593]
V  [libjvm.so+0x86f818]
V  [libjvm.so+0x86fafc]
V  [libjvm.so+0x824df3]
V  [libjvm.so+0x996392]
V  [libjvm.so+0x99b0d7]
V  [libjvm.so+0x998968]
V  [libjvm.so+0x999cdf]
V  [libjvm.so+0x99a1d1]
V  [libjvm.so+0x7fe362]

VM_Operation (0x00007f040fac4470): ParallelGCFailedAllocation, mode: safepoint, requested by thread 0x00007f040800a800


---------------  P R O C E S S  ---------------

Java Threads: ( => current thread )
  0x00007f0408185000 JavaThread "pool-2-thread-4" [_thread_blocked, id=6256, stack(0x00007f03c7dfe000,0x00007f03c7eff000)]
  0x00007f0408183800 JavaThread "pool-2-thread-3" [_thread_blocked, id=6255, stack(0x00007f03c7eff000,0x00007f03c8000000)]
  0x00007f0408182000 JavaThread "pool-2-thread-2" [_thread_blocked, id=6254, stack(0x00007f03fc0da000,0x00007f03fc1db000)]
  0x00007f0408180800 JavaThread "pool-3-thread-1" [_thread_blocked, id=6253, stack(0x00007f03fc1db000,0x00007f03fc2dc000)]
  0x00007f040817f000 JavaThread "pool-2-thread-1" [_thread_blocked, id=6252, stack(0x00007f03fc2dc000,0x00007f03fc3dd000)]
  0x00007f04080af000 JavaThread "Service Thread" daemon [_thread_blocked, id=6250, stack(0x00007f03fc4de000,0x00007f03fc5df000)]
  0x00007f04080ac800 JavaThread "C2 CompilerThread1" daemon [_thread_blocked, id=6249, stack(0x00007f03fc5df000,0x00007f03fc6e0000)]
  0x00007f04080a9800 JavaThread "C2 CompilerThread0" daemon [_thread_blocked, id=6248, stack(0x00007f03fc6e0000,0x00007f03fc7e1000)]
  0x00007f04080a7800 JavaThread "Signal Dispatcher" daemon [_thread_blocked, id=6247, stack(0x00007f03fc7e1000,0x00007f03fc8e2000)]
  0x00007f040807c800 JavaThread "Finalizer" daemon [_thread_blocked, id=6246, stack(0x00007f03fcfc5000,0x00007f03fd0c6000)]
  0x00007f040807a800 JavaThread "Reference Handler" daemon [_thread_blocked, id=6245, stack(0x00007f03fd0c6000,0x00007f03fd1c7000)]
  0x00007f040800a800 JavaThread "main" [_thread_blocked, id=6239, stack(0x00007f040f9c6000,0x00007f040fac7000)]

Other Threads:
=>0x00007f0408076000 VMThread [stack: 0x00007f03fd1c7000,0x00007f03fd2c8000] [id=6244]
  0x00007f04080b9800 WatcherThread [stack: 0x00007f03fc3dd000,0x00007f03fc4de000] [id=6251]

VM state:at safepoint (normal execution)

VM Mutex/Monitor currently owned by a thread:  ([mutex/lock_event])
[0x00007f0408006a00] Threads_lock - owner thread: 0x00007f0408076000
[0x00007f0408006f00] Heap_lock - owner thread: 0x00007f040800a800

Heap
 PSYoungGen      total 130048K, used 5119K [0x00000000eaa80000, 0x00000000f2e80000, 0x0000000100000000)
  eden space 124928K, 0% used [0x00000000eaa80000,0x00000000eaa80000,0x00000000f2480000)
  from space 5120K, 99% used [0x00000000f2480000,0x00000000f297ff20,0x00000000f2980000)
  to   space 5120K, 0% used [0x00000000f2980000,0x00000000f2980000,0x00000000f2e80000)
 ParOldGen       total 92672K, used 91121K [0x00000000c0000000, 0x00000000c5a80000, 0x00000000eaa80000)
  object space 92672K, 98% used [0x00000000c0000000,0x00000000c58fc630,0x00000000c5a80000)
 PSPermGen       total 21504K, used 5644K [0x00000000b5a00000, 0x00000000b6f00000, 0x00000000c0000000)
  object space 21504K, 26% used [0x00000000b5a00000,0x00000000b5f83390,0x00000000b6f00000)

Card table byte_map: [0x00007f040c304000,0x00007f040c558000] byte_map_base: 0x00007f040bd57000

Polling page: 0x00007f040fae8000

Code Cache  [0x00007f0405000000, 0x00007f0405270000, 0x00007f0408000000)
 total_blobs=736 nmethods=524 adapters=166 free_code_cache=47118Kb largest_free_block=48205440

Compilation events (10 events):
Event: 5.929 Thread 0x00007f04080ac800 nmethod 525 0x00007f04051e8c10 code [0x00007f04051e8d80, 0x00007f04051e8fb8]
Event: 5.929 Thread 0x00007f04080ac800  526   !         com.android.dx.cf.code.Ropper::doit (126 bytes)
Event: 5.960 Thread 0x00007f04080ac800 nmethod 526 0x00007f04051fa550 code [0x00007f04051fa760, 0x00007f04051fb110]
Event: 5.960 Thread 0x00007f04080ac800  527             com.android.dx.cf.code.Simulator$SimVisitor::visitConstant (332 bytes)
Event: 6.004 Thread 0x00007f04080a9800 nmethod 516 0x00007f0405200a10 code [0x00007f0405200ce0, 0x00007f04052022f0]
Event: 6.004 Thread 0x00007f04080a9800  528             com.android.dx.ssa.ConstCollector::getConstsSortedByCountUse (386 bytes)
Event: 6.129 Thread 0x00007f04080a9800 nmethod 528 0x00007f04052041d0 code [0x00007f0405204540, 0x00007f0405205848]
Event: 6.130 Thread 0x00007f04080a9800  529             com.android.dx.ssa.ConstCollector::updateConstUses (248 bytes)
Event: 6.221 Thread 0x00007f04080a9800 nmethod 529 0x00007f04051fc110 code [0x00007f04051fc3c0, 0x00007f04051fd0e0]
Event: 6.221 Thread 0x00007f04080a9800  530             com.android.dx.ssa.back.LivenessAnalyzer::constructInterferenceGraph (47 bytes)

GC Heap History (9 events):
Event: 1.575 GC heap before
{Heap before GC invocations=1 (full 0):
 PSYoungGen      total 36352K, used 31232K [0x00000000eaa80000, 0x00000000ed300000, 0x0000000100000000)
  eden space 31232K, 100% used [0x00000000eaa80000,0x00000000ec900000,0x00000000ec900000)
  from space 5120K, 0% used [0x00000000ece00000,0x00000000ece00000,0x00000000ed300000)
  to   space 5120K, 0% used [0x00000000ec900000,0x00000000ec900000,0x00000000ece00000)
 ParOldGen       total 82944K, used 0K [0x00000000c0000000, 0x00000000c5100000, 0x00000000eaa80000)
  object space 82944K, 0% used [0x00000000c0000000,0x00000000c0000000,0x00000000c5100000)
 PSPermGen       total 21504K, used 5508K [0x00000000b5a00000, 0x00000000b6f00000, 0x00000000c0000000)
  object space 21504K, 25% used [0x00000000b5a00000,0x00000000b5f61020,0x00000000b6f00000)
Event: 1.612 GC heap after
Heap after GC invocations=1 (full 0):
 PSYoungGen      total 36352K, used 5092K [0x00000000eaa80000, 0x00000000ef180000, 0x0000000100000000)
  eden space 31232K, 0% used [0x00000000eaa80000,0x00000000eaa80000,0x00000000ec900000)
  from space 5120K, 99% used [0x00000000ec900000,0x00000000ecdf90a0,0x00000000ece00000)
  to   space 5120K, 0% used [0x00000000eec80000,0x00000000eec80000,0x00000000ef180000)
 ParOldGen       total 82944K, used 2172K [0x00000000c0000000, 0x00000000c5100000, 0x00000000eaa80000)
  object space 82944K, 2% used [0x00000000c0000000,0x00000000c021f3d8,0x00000000c5100000)
 PSPermGen       total 21504K, used 5508K [0x00000000b5a00000, 0x00000000b6f00000, 0x00000000c0000000)
  object space 21504K, 25% used [0x00000000b5a00000,0x00000000b5f61020,0x00000000b6f00000)
}
Event: 2.469 GC heap before
{Heap before GC invocations=2 (full 0):
 PSYoungGen      total 36352K, used 36324K [0x00000000eaa80000, 0x00000000ef180000, 0x0000000100000000)
  eden space 31232K, 100% used [0x00000000eaa80000,0x00000000ec900000,0x00000000ec900000)
  from space 5120K, 99% used [0x00000000ec900000,0x00000000ecdf90a0,0x00000000ece00000)
  to   space 5120K, 0% used [0x00000000eec80000,0x00000000eec80000,0x00000000ef180000)
 ParOldGen       total 82944K, used 2172K [0x00000000c0000000, 0x00000000c5100000, 0x00000000eaa80000)
  object space 82944K, 2% used [0x00000000c0000000,0x00000000c021f3d8,0x00000000c5100000)
 PSPermGen       total 21504K, used 5559K [0x00000000b5a00000, 0x00000000b6f00000, 0x00000000c0000000)
  object space 21504K, 25% used [0x00000000b5a00000,0x00000000b5f6dcb8,0x00000000b6f00000)
Event: 2.697 GC heap after
Heap after GC invocations=2 (full 0):
 PSYoungGen      total 67584K, used 5113K [0x00000000eaa80000, 0x00000000ef180000, 0x0000000100000000)
  eden space 62464K, 0% used [0x00000000eaa80000,0x00000000eaa80000,0x00000000ee780000)
  from space 5120K, 99% used [0x00000000eec80000,0x00000000ef17e4d8,0x00000000ef180000)
  to   space 5120K, 0% used [0x00000000ee780000,0x00000000ee780000,0x00000000eec80000)
 ParOldGen       total 82944K, used 17656K [0x00000000c0000000, 0x00000000c5100000, 0x00000000eaa80000)
  object space 82944K, 21% used [0x00000000c0000000,0x00000000c113e1c0,0x00000000c5100000)
 PSPermGen       total 21504K, used 5559K [0x00000000b5a00000, 0x00000000b6f00000, 0x00000000c0000000)
  object space 21504K, 25% used [0x00000000b5a00000,0x00000000b5f6dcb8,0x00000000b6f00000)
}
Event: 3.632 GC heap before
{Heap before GC invocations=3 (full 0):
 PSYoungGen      total 67584K, used 67577K [0x00000000eaa80000, 0x00000000ef180000, 0x0000000100000000)
  eden space 62464K, 100% used [0x00000000eaa80000,0x00000000ee780000,0x00000000ee780000)
  from space 5120K, 99% used [0x00000000eec80000,0x00000000ef17e4d8,0x00000000ef180000)
  to   space 5120K, 0% used [0x00000000ee780000,0x00000000ee780000,0x00000000eec80000)
 ParOldGen       total 82944K, used 17656K [0x00000000c0000000, 0x00000000c5100000, 0x00000000eaa80000)
  object space 82944K, 21% used [0x00000000c0000000,0x00000000c113e1c0,0x00000000c5100000)
 PSPermGen       total 21504K, used 5592K [0x00000000b5a00000, 0x00000000b6f00000, 0x00000000c0000000)
  object space 21504K, 26% used [0x00000000b5a00000,0x00000000b5f760b8,0x00000000b6f00000)
Event: 3.714 GC heap after
Heap after GC invocations=3 (full 0):
 PSYoungGen      total 67584K, used 5090K [0x00000000eaa80000, 0x00000000f2e80000, 0x0000000100000000)
  eden space 62464K, 0% used [0x00000000eaa80000,0x00000000eaa80000,0x00000000ee780000)
  from space 5120K, 99% used [0x00000000ee780000,0x00000000eec78910,0x00000000eec80000)
  to   space 5120K, 0% used [0x00000000f2980000,0x00000000f2980000,0x00000000f2e80000)
 ParOldGen       total 82944K, used 40081K [0x00000000c0000000, 0x00000000c5100000, 0x00000000eaa80000)
  object space 82944K, 48% used [0x00000000c0000000,0x00000000c2724510,0x00000000c5100000)
 PSPermGen       total 21504K, used 5592K [0x00000000b5a00000, 0x00000000b6f00000, 0x00000000c0000000)
  object space 21504K, 26% used [0x00000000b5a00000,0x00000000b5f760b8,0x00000000b6f00000)
}
Event: 5.320 GC heap before
{Heap before GC invocations=4 (full 0):
 PSYoungGen      total 67584K, used 67554K [0x00000000eaa80000, 0x00000000f2e80000, 0x0000000100000000)
  eden space 62464K, 100% used [0x00000000eaa80000,0x00000000ee780000,0x00000000ee780000)
  from space 5120K, 99% used [0x00000000ee780000,0x00000000eec78910,0x00000000eec80000)
  to   space 5120K, 0% used [0x00000000f2980000,0x00000000f2980000,0x00000000f2e80000)
 ParOldGen       total 82944K, used 40081K [0x00000000c0000000, 0x00000000c5100000, 0x00000000eaa80000)
  object space 82944K, 48% used [0x00000000c0000000,0x00000000c2724510,0x00000000c5100000)
 PSPermGen       total 21504K, used 5628K [0x00000000b5a00000, 0x00000000b6f00000, 0x00000000c0000000)
  object space 21504K, 26% used [0x00000000b5a00000,0x00000000b5f7f100,0x00000000b6f00000)
Event: 5.375 GC heap after
Heap after GC invocations=4 (full 0):
 PSYoungGen      total 130048K, used 5107K [0x00000000eaa80000, 0x00000000f2e80000, 0x0000000100000000)
  eden space 124928K, 0% used [0x00000000eaa80000,0x00000000eaa80000,0x00000000f2480000)
  from space 5120K, 99% used [0x00000000f2980000,0x00000000f2e7ce30,0x00000000f2e80000)
  to   space 5120K, 0% used [0x00000000f2480000,0x00000000f2480000,0x00000000f2980000)
 ParOldGen       total 82944K, used 53460K [0x00000000c0000000, 0x00000000c5100000, 0x00000000eaa80000)
  object space 82944K, 64% used [0x00000000c0000000,0x00000000c3435088,0x00000000c5100000)
 PSPermGen       total 21504K, used 5628K [0x00000000b5a00000, 0x00000000b6f00000, 0x00000000c0000000)
  object space 21504K, 26% used [0x00000000b5a00000,0x00000000b5f7f100,0x00000000b6f00000)
}
Event: 6.247 GC heap before
{Heap before GC invocations=5 (full 0):
 PSYoungGen      total 130048K, used 130035K [0x00000000eaa80000, 0x00000000f2e80000, 0x0000000100000000)
  eden space 124928K, 100% used [0x00000000eaa80000,0x00000000f2480000,0x00000000f2480000)
  from space 5120K, 99% used [0x00000000f2980000,0x00000000f2e7ce30,0x00000000f2e80000)
  to   space 5120K, 0% used [0x00000000f2480000,0x00000000f2480000,0x00000000f2980000)
 ParOldGen       total 82944K, used 53460K [0x00000000c0000000, 0x00000000c5100000, 0x00000000eaa80000)
  object space 82944K, 64% used [0x00000000c0000000,0x00000000c3435088,0x00000000c5100000)
 PSPermGen       total 21504K, used 5644K [0x00000000b5a00000, 0x00000000b6f00000, 0x00000000c0000000)
  object space 21504K, 26% used [0x00000000b5a00000,0x00000000b5f83390,0x00000000b6f00000)

Deoptimization events (10 events):
Event: 3.955 Thread 0x00007f040800a800 Uncommon trap: reason=unloaded action=reinterpret pc=0x00007f0405074134 method=com.android.dx.cf.cst.ConstantPoolParser.parse0(ILjava/util/BitSet;)Lcom/android/dx/rop/cst/Constant; @ 198
Event: 4.079 Thread 0x00007f0408185000 Uncommon trap: reason=unstable_if action=reinterpret pc=0x00007f0405100a3c method=com.android.dx.cf.code.ByteCatchList.toRopCatchList()Lcom/android/dx/rop/type/TypeList; @ 6
Event: 4.119 Thread 0x00007f0408185000 Uncommon trap: reason=unstable_if action=reinterpret pc=0x00007f040512d0bc method=com.android.dx.rop.code.InsnList.contentEquals(Lcom/android/dx/rop/code/InsnList;)Z @ 25
Event: 4.290 Thread 0x00007f0408185000 Uncommon trap: reason=unstable_if action=reinterpret pc=0x00007f0405080ba8 method=com.android.dx.ssa.SsaRenamer$BlockRenamer.addMapping(ILcom/android/dx/rop/code/RegisterSpec;)V @ 120
Event: 4.290 Thread 0x00007f0408185000 Uncommon trap: reason=null_check action=make_not_entrant pc=0x00007f040508e09c method=com.android.dx.ssa.SsaRenamer.getLocalForNewReg(I)Lcom/android/dx/rop/code/LocalItem; @ 19
Event: 4.481 Thread 0x00007f0408183800 Uncommon trap: reason=unstable_if action=reinterpret pc=0x00007f040513f1fc method=com.android.dx.ssa.SCCP.simulateStmt(Lcom/android/dx/ssa/SsaInsn;)V @ 59
Event: 4.644 Thread 0x00007f0408185000 Uncommon trap: reason=unstable_if action=reinterpret pc=0x00007f04050b9fc4 method=com.android.dx.rop.cst.Constant.compareTo(Lcom/android/dx/rop/cst/Constant;)I @ 12
Event: 5.261 Thread 0x00007f040800a800 Uncommon trap: reason=null_check action=make_not_entrant pc=0x00007f0405145614 method=com.android.dx.rop.type.Type.putIntern(Lcom/android/dx/rop/type/Type;)Lcom/android/dx/rop/type/Type; @ 18
Event: 5.453 Thread 0x00007f040817f000 Uncommon trap: reason=unstable_if action=reinterpret pc=0x00007f04050bd140 method=com.android.dx.rop.code.RegisterSpec.withReg(I)Lcom/android/dx/rop/code/RegisterSpec; @ 5
Event: 5.495 Thread 0x00007f0408185000 Uncommon trap: reason=bimorphic action=maybe_recompile pc=0x00007f0405171cb4 method=com.android.dx.cf.code.RopperMachine.run(Lcom/android/dx/cf/code/Frame;II)V @ 978

Internal exceptions (10 events):
Event: 1.050 Thread 0x00007f0408183800 Threw 0x00000000eb680a68 at /build/openjdk-7-UoaBYD/openjdk-7-7u95-2.6.4/build/openjdk/hotspot/src/share/vm/prims/jvm.cpp:1322
Event: 1.050 Thread 0x00007f0408183800 Threw 0x00000000eb6865d8 at /build/openjdk-7-UoaBYD/openjdk-7-7u95-2.6.4/build/openjdk/hotspot/src/share/vm/prims/jvm.cpp:1322
Event: 1.066 Thread 0x00007f0408183800 Threw 0x00000000eb69ea48 at /build/openjdk-7-UoaBYD/openjdk-7-7u95-2.6.4/build/openjdk/hotspot/src/share/vm/prims/jvm.cpp:1322
Event: 1.364 Thread 0x00007f0408185000 Threw 0x00000000ebdb0988 at /build/openjdk-7-UoaBYD/openjdk-7-7u95-2.6.4/build/openjdk/hotspot/src/share/vm/prims/jvm.cpp:1322
Event: 2.700 Thread 0x00007f040800a800 Threw 0x00000000eab40ea8 at /build/openjdk-7-UoaBYD/openjdk-7-7u95-2.6.4/build/openjdk/hotspot/src/share/vm/prims/jvm.cpp:1322
Event: 2.743 Thread 0x00007f0408183800 Threw 0x00000000eb3a4348 at /build/openjdk-7-UoaBYD/openjdk-7-7u95-2.6.4/build/openjdk/hotspot/src/share/vm/prims/jvm.cpp:1322
Event: 4.194 Thread 0x00007f040800a800 Threw 0x00000000eb36a300 at /build/openjdk-7-UoaBYD/openjdk-7-7u95-2.6.4/build/openjdk/hotspot/src/share/vm/prims/jvm.cpp:1322
Event: 4.290 Thread 0x00007f0408185000 Implicit null exception at 0x00007f040508c827 to 0x00007f040508e075
Event: 4.531 Thread 0x00007f0408182000 Threw 0x00000000ec25aad8 at /build/openjdk-7-UoaBYD/openjdk-7-7u95-2.6.4/build/openjdk/hotspot/src/share/vm/prims/jvm.cpp:1322
Event: 5.261 Thread 0x00007f040800a800 Implicit null exception at 0x00007f0405144f4f to 0x00007f0405145605

Events (10 events):
Event: 5.405 Executing VM operation: RevokeBias done
Event: 5.418 Thread 0x00007f04080ac800 flushing nmethod 0x00007f0405072a90
Event: 5.435 Thread 0x00007f04080ac800 flushing nmethod 0x00007f04050a0890
Event: 5.453 Thread 0x00007f040817f000 Uncommon trap: trap_request=0xffffff75 fr.pc=0x00007f04050bd140
Event: 5.453 Thread 0x00007f040817f000 DEOPT PACKING pc=0x00007f04050bd140 sp=0x00007f03fc3db1f0
Event: 5.453 Thread 0x00007f040817f000 DEOPT UNPACKING pc=0x00007f0405039045 sp=0x00007f03fc3db0a0 mode 2
Event: 5.495 Thread 0x00007f0408185000 Uncommon trap: trap_request=0xffffffc6 fr.pc=0x00007f0405171cb4
Event: 5.495 Thread 0x00007f0408185000 DEOPT PACKING pc=0x00007f0405171cb4 sp=0x00007f03c7efd0b0
Event: 5.495 Thread 0x00007f0408185000 DEOPT UNPACKING pc=0x00007f0405039045 sp=0x00007f03c7efd048 mode 2
Event: 6.238 Executing VM operation: ParallelGCFailedAllocation


Dynamic libraries:
00400000-00401000 r-xp 00000000 08:06 1065180                            /usr/lib/jvm/java-7-openjdk-amd64/jre/bin/java
00600000-00601000 r--p 00000000 08:06 1065180                            /usr/lib/jvm/java-7-openjdk-amd64/jre/bin/java
00601000-00602000 rw-p 00001000 08:06 1065180                            /usr/lib/jvm/java-7-openjdk-amd64/jre/bin/java
01edc000-01efd000 rw-p 00000000 00:00 0                                  [heap]
b5a00000-b6f00000 rw-p 00000000 00:00 0 
b6f00000-c0000000 rw-p 00000000 00:00 0 
c0000000-c5a80000 rw-p 00000000 00:00 0 
c5a80000-eaa80000 rw-p 00000000 00:00 0 
eaa80000-f2e80000 rw-p 00000000 00:00 0 
ff580000-100000000 rw-p 00000000 00:00 0 
7f03b4000000-7f03b4026000 rw-p 00000000 00:00 0 
7f03b4026000-7f03b8000000 ---p 00000000 00:00 0 
7f03bc000000-7f03bc031000 rw-p 00000000 00:00 0 
7f03bc031000-7f03c0000000 ---p 00000000 00:00 0 
7f03c0000000-7f03c002f000 rw-p 00000000 00:00 0 
7f03c002f000-7f03c4000000 ---p 00000000 00:00 0 
7f03c7dfe000-7f03c7e01000 ---p 00000000 00:00 0 
7f03c7e01000-7f03c7eff000 rw-p 00000000 00:00 0                          [stack:6256]
7f03c7eff000-7f03c7f02000 ---p 00000000 00:00 0 
7f03c7f02000-7f03c8000000 rw-p 00000000 00:00 0                          [stack:6255]
7f03c8000000-7f03c8088000 rw-p 00000000 00:00 0 
7f03c8088000-7f03cc000000 ---p 00000000 00:00 0 
7f03cc000000-7f03cc021000 rw-p 00000000 00:00 0 
7f03cc021000-7f03d0000000 ---p 00000000 00:00 0 
7f03d0000000-7f03d0021000 rw-p 00000000 00:00 0 
7f03d0021000-7f03d4000000 ---p 00000000 00:00 0 
7f03d4000000-7f03d4021000 rw-p 00000000 00:00 0 
7f03d4021000-7f03d8000000 ---p 00000000 00:00 0 
7f03d8000000-7f03d94b0000 rw-p 00000000 00:00 0 
7f03d94b0000-7f03dc000000 ---p 00000000 00:00 0 
7f03dc000000-7f03dd9b8000 rw-p 00000000 00:00 0 
7f03dd9b8000-7f03e0000000 ---p 00000000 00:00 0 
7f03e0000000-7f03e0021000 rw-p 00000000 00:00 0 
7f03e0021000-7f03e4000000 ---p 00000000 00:00 0 
7f03e4000000-7f03e4021000 rw-p 00000000 00:00 0 
7f03e4021000-7f03e8000000 ---p 00000000 00:00 0 
7f03e8000000-7f03e8021000 rw-p 00000000 00:00 0 
7f03e8021000-7f03ec000000 ---p 00000000 00:00 0 
7f03ec000000-7f03ec021000 rw-p 00000000 00:00 0 
7f03ec021000-7f03f0000000 ---p 00000000 00:00 0 
7f03f0000000-7f03f0021000 rw-p 00000000 00:00 0 
7f03f0021000-7f03f4000000 ---p 00000000 00:00 0 
7f03f4000000-7f03f4021000 rw-p 00000000 00:00 0 
7f03f4021000-7f03f8000000 ---p 00000000 00:00 0 
7f03f8000000-7f03f8021000 rw-p 00000000 00:00 0 
7f03f8021000-7f03fc000000 ---p 00000000 00:00 0 
7f03fc0da000-7f03fc0dd000 ---p 00000000 00:00 0 
7f03fc0dd000-7f03fc1db000 rw-p 00000000 00:00 0                          [stack:6254]
7f03fc1db000-7f03fc1de000 ---p 00000000 00:00 0 
7f03fc1de000-7f03fc2dc000 rw-p 00000000 00:00 0                          [stack:6253]
7f03fc2dc000-7f03fc2df000 ---p 00000000 00:00 0 
7f03fc2df000-7f03fc3dd000 rw-p 00000000 00:00 0                          [stack:6252]
7f03fc3dd000-7f03fc3de000 ---p 00000000 00:00 0 
7f03fc3de000-7f03fc4de000 rw-p 00000000 00:00 0                          [stack:6251]
7f03fc4de000-7f03fc4e1000 ---p 00000000 00:00 0 
7f03fc4e1000-7f03fc5df000 rw-p 00000000 00:00 0                          [stack:6250]
7f03fc5df000-7f03fc5e2000 ---p 00000000 00:00 0 
7f03fc5e2000-7f03fc6e0000 rw-p 00000000 00:00 0                          [stack:6249]
7f03fc6e0000-7f03fc6e3000 ---p 00000000 00:00 0 
7f03fc6e3000-7f03fc7e1000 rw-p 00000000 00:00 0                          [stack:6248]
7f03fc7e1000-7f03fc7e4000 ---p 00000000 00:00 0 
7f03fc7e4000-7f03fc8e2000 rw-p 00000000 00:00 0                          [stack:6247]
7f03fc8e2000-7f03fcfc5000 r--p 00000000 08:06 533298                     /usr/lib/locale/locale-archive
7f03fcfc5000-7f03fcfc8000 ---p 00000000 00:00 0 
7f03fcfc8000-7f03fd0c6000 rw-p 00000000 00:00 0                          [stack:6246]
7f03fd0c6000-7f03fd0c9000 ---p 00000000 00:00 0 
7f03fd0c9000-7f03fd1c7000 rw-p 00000000 00:00 0                          [stack:6245]
7f03fd1c7000-7f03fd1c8000 ---p 00000000 00:00 0 
7f03fd1c8000-7f0400000000 rw-p 00000000 00:00 0                          [stack:6244]
7f0400000000-7f0400021000 rw-p 00000000 00:00 0 
7f0400021000-7f0404000000 ---p 00000000 00:00 0 
7f0404045000-7f0404054000 r--s 000df000 08:06 2908841                    /home/prajit/Android/Sdk/build-tools/23.0.1/lib/dx.jar
7f0404054000-7f0404828000 rw-p 00000000 00:00 0 
7f0404828000-7f04049d9000 r--s 01d30000 08:06 1065308                    /usr/lib/jvm/java-7-openjdk-amd64/jre/lib/rt.jar
7f04049d9000-7f0404cfd000 rw-p 00000000 00:00 0 
7f0404cfd000-7f0404cfe000 ---p 00000000 00:00 0 
7f0404cfe000-7f0404dfe000 rw-p 00000000 00:00 0                          [stack:6243]
7f0404dfe000-7f0404dff000 ---p 00000000 00:00 0 
7f0404dff000-7f0404eff000 rw-p 00000000 00:00 0                          [stack:6242]
7f0404eff000-7f0404f00000 ---p 00000000 00:00 0 
7f0404f00000-7f0405000000 rw-p 00000000 00:00 0                          [stack:6241]
7f0405000000-7f0405270000 rwxp 00000000 00:00 0 
7f0405270000-7f04081a9000 rw-p 00000000 00:00 0 
7f04081a9000-7f040c000000 ---p 00000000 00:00 0 
7f040c00d000-7f040c011000 r--s 00034000 08:06 1065320                    /usr/lib/jvm/java-7-openjdk-amd64/jre/lib/ext/sunjce_provider.jar
7f040c011000-7f040c05a000 rw-p 00000000 00:00 0 
7f040c05a000-7f040c05b000 ---p 00000000 00:00 0 
7f040c05b000-7f040c166000 rw-p 00000000 00:00 0                          [stack:6240]
7f040c166000-7f040c1ae000 rw-p 00000000 00:00 0 
7f040c1ae000-7f040c1dc000 rw-p 00000000 00:00 0 
7f040c1dc000-7f040c304000 rw-p 00000000 00:00 0 
7f040c304000-7f040c30f000 rw-p 00000000 00:00 0 
7f040c30f000-7f040c357000 rw-p 00000000 00:00 0 
7f040c357000-7f040c385000 rw-p 00000000 00:00 0 
7f040c385000-7f040c4ac000 rw-p 00000000 00:00 0 
7f040c4ac000-7f040c4ef000 rw-p 00000000 00:00 0 
7f040c4ef000-7f040c557000 rw-p 00000000 00:00 0 
7f040c557000-7f040c558000 rw-p 00000000 00:00 0 
7f040c558000-7f040c560000 r-xp 00000000 08:06 1065273                    /usr/lib/jvm/java-7-openjdk-amd64/jre/lib/amd64/libzip.so
7f040c560000-7f040c75f000 ---p 00008000 08:06 1065273                    /usr/lib/jvm/java-7-openjdk-amd64/jre/lib/amd64/libzip.so
7f040c75f000-7f040c760000 r--p 00007000 08:06 1065273                    /usr/lib/jvm/java-7-openjdk-amd64/jre/lib/amd64/libzip.so
7f040c760000-7f040c761000 rw-p 00008000 08:06 1065273                    /usr/lib/jvm/java-7-openjdk-amd64/jre/lib/amd64/libzip.so
7f040c761000-7f040c76d000 r-xp 00000000 08:06 4473139                    /lib/x86_64-linux-gnu/libnss_files-2.21.so
7f040c76d000-7f040c96c000 ---p 0000c000 08:06 4473139                    /lib/x86_64-linux-gnu/libnss_files-2.21.so
7f040c96c000-7f040c96d000 r--p 0000b000 08:06 4473139                    /lib/x86_64-linux-gnu/libnss_files-2.21.so
7f040c96d000-7f040c96e000 rw-p 0000c000 08:06 4473139                    /lib/x86_64-linux-gnu/libnss_files-2.21.so
7f040c96e000-7f040c979000 r-xp 00000000 08:06 4473191                    /lib/x86_64-linux-gnu/libnss_nis-2.21.so
7f040c979000-7f040cb78000 ---p 0000b000 08:06 4473191                    /lib/x86_64-linux-gnu/libnss_nis-2.21.so
7f040cb78000-7f040cb79000 r--p 0000a000 08:06 4473191                    /lib/x86_64-linux-gnu/libnss_nis-2.21.so
7f040cb79000-7f040cb7a000 rw-p 0000b000 08:06 4473191                    /lib/x86_64-linux-gnu/libnss_nis-2.21.so
7f040cb7a000-7f040cb91000 r-xp 00000000 08:06 4473170                    /lib/x86_64-linux-gnu/libnsl-2.21.so
7f040cb91000-7f040cd90000 ---p 00017000 08:06 4473170                    /lib/x86_64-linux-gnu/libnsl-2.21.so
7f040cd90000-7f040cd91000 r--p 00016000 08:06 4473170                    /lib/x86_64-linux-gnu/libnsl-2.21.so
7f040cd91000-7f040cd92000 rw-p 00017000 08:06 4473170                    /lib/x86_64-linux-gnu/libnsl-2.21.so
7f040cd92000-7f040cd94000 rw-p 00000000 00:00 0 
7f040cd94000-7f040cd9c000 r-xp 00000000 08:06 4473140                    /lib/x86_64-linux-gnu/libnss_compat-2.21.so
7f040cd9c000-7f040cf9b000 ---p 00008000 08:06 4473140                    /lib/x86_64-linux-gnu/libnss_compat-2.21.so
7f040cf9b000-7f040cf9c000 r--p 00007000 08:06 4473140                    /lib/x86_64-linux-gnu/libnss_compat-2.21.so
7f040cf9c000-7f040cf9d000 rw-p 00008000 08:06 4473140                    /lib/x86_64-linux-gnu/libnss_compat-2.21.so
7f040cf9d000-7f040cfc9000 r-xp 00000000 08:06 1065258                    /usr/lib/jvm/java-7-openjdk-amd64/jre/lib/amd64/libjava.so
7f040cfc9000-7f040d1c8000 ---p 0002c000 08:06 1065258                    /usr/lib/jvm/java-7-openjdk-amd64/jre/lib/amd64/libjava.so
7f040d1c8000-7f040d1c9000 r--p 0002b000 08:06 1065258                    /usr/lib/jvm/java-7-openjdk-amd64/jre/lib/amd64/libjava.so
7f040d1c9000-7f040d1cb000 rw-p 0002c000 08:06 1065258                    /usr/lib/jvm/java-7-openjdk-amd64/jre/lib/amd64/libjava.so
7f040d1cb000-7f040d1da000 r-xp 00000000 08:06 1065260                    /usr/lib/jvm/java-7-openjdk-amd64/jre/lib/amd64/libverify.so
7f040d1da000-7f040d3d9000 ---p 0000f000 08:06 1065260                    /usr/lib/jvm/java-7-openjdk-amd64/jre/lib/amd64/libverify.so
7f040d3d9000-7f040d3db000 r--p 0000e000 08:06 1065260                    /usr/lib/jvm/java-7-openjdk-amd64/jre/lib/amd64/libverify.so
7f040d3db000-7f040d3dc000 rw-p 00010000 08:06 1065260                    /usr/lib/jvm/java-7-openjdk-amd64/jre/lib/amd64/libverify.so
7f040d3dc000-7f040d3e3000 r-xp 00000000 08:06 4473137                    /lib/x86_64-linux-gnu/librt-2.21.so
7f040d3e3000-7f040d5e2000 ---p 00007000 08:06 4473137                    /lib/x86_64-linux-gnu/librt-2.21.so
7f040d5e2000-7f040d5e3000 r--p 00006000 08:06 4473137                    /lib/x86_64-linux-gnu/librt-2.21.so
7f040d5e3000-7f040d5e4000 rw-p 00007000 08:06 4473137                    /lib/x86_64-linux-gnu/librt-2.21.so
7f040d5e4000-7f040d5fa000 r-xp 00000000 08:06 4469845                    /lib/x86_64-linux-gnu/libgcc_s.so.1
7f040d5fa000-7f040d7f9000 ---p 00016000 08:06 4469845                    /lib/x86_64-linux-gnu/libgcc_s.so.1
7f040d7f9000-7f040d7fa000 r--p 00015000 08:06 4469845                    /lib/x86_64-linux-gnu/libgcc_s.so.1
7f040d7fa000-7f040d7fb000 rw-p 00016000 08:06 4469845                    /lib/x86_64-linux-gnu/libgcc_s.so.1
7f040d7fb000-7f040d902000 r-xp 00000000 08:06 4473194                    /lib/x86_64-linux-gnu/libm-2.21.so
7f040d902000-7f040db01000 ---p 00107000 08:06 4473194                    /lib/x86_64-linux-gnu/libm-2.21.so
7f040db01000-7f040db02000 r--p 00106000 08:06 4473194                    /lib/x86_64-linux-gnu/libm-2.21.so
7f040db02000-7f040db03000 rw-p 00107000 08:06 4473194                    /lib/x86_64-linux-gnu/libm-2.21.so
7f040db03000-7f040dc76000 r-xp 00000000 08:06 535706                     /usr/lib/x86_64-linux-gnu/libstdc++.so.6.0.21
7f040dc76000-7f040de75000 ---p 00173000 08:06 535706                     /usr/lib/x86_64-linux-gnu/libstdc++.so.6.0.21
7f040de75000-7f040de7f000 r--p 00172000 08:06 535706                     /usr/lib/x86_64-linux-gnu/libstdc++.so.6.0.21
7f040de7f000-7f040de81000 rw-p 0017c000 08:06 535706                     /usr/lib/x86_64-linux-gnu/libstdc++.so.6.0.21
7f040de81000-7f040de85000 rw-p 00000000 00:00 0 
7f040de85000-7f040e9d6000 r-xp 00000000 08:06 1065271                    /usr/lib/jvm/java-7-openjdk-amd64/jre/lib/amd64/server/libjvm.so
7f040e9d6000-7f040ebd5000 ---p 00b51000 08:06 1065271                    /usr/lib/jvm/java-7-openjdk-amd64/jre/lib/amd64/server/libjvm.so
7f040ebd5000-7f040ec66000 r--p 00b50000 08:06 1065271                    /usr/lib/jvm/java-7-openjdk-amd64/jre/lib/amd64/server/libjvm.so
7f040ec66000-7f040ec89000 rw-p 00be1000 08:06 1065271                    /usr/lib/jvm/java-7-openjdk-amd64/jre/lib/amd64/server/libjvm.so
7f040ec89000-7f040ecb4000 rw-p 00000000 00:00 0 
7f040ecb4000-7f040eccd000 r-xp 00000000 08:06 4469991                    /lib/x86_64-linux-gnu/libz.so.1.2.8
7f040eccd000-7f040eecc000 ---p 00019000 08:06 4469991                    /lib/x86_64-linux-gnu/libz.so.1.2.8
7f040eecc000-7f040eecd000 r--p 00018000 08:06 4469991                    /lib/x86_64-linux-gnu/libz.so.1.2.8
7f040eecd000-7f040eece000 rw-p 00019000 08:06 4469991                    /lib/x86_64-linux-gnu/libz.so.1.2.8
7f040eece000-7f040eee6000 r-xp 00000000 08:06 4473138                    /lib/x86_64-linux-gnu/libpthread-2.21.so
7f040eee6000-7f040f0e6000 ---p 00018000 08:06 4473138                    /lib/x86_64-linux-gnu/libpthread-2.21.so
7f040f0e6000-7f040f0e7000 r--p 00018000 08:06 4473138                    /lib/x86_64-linux-gnu/libpthread-2.21.so
7f040f0e7000-7f040f0e8000 rw-p 00019000 08:06 4473138                    /lib/x86_64-linux-gnu/libpthread-2.21.so
7f040f0e8000-7f040f0ec000 rw-p 00000000 00:00 0 
7f040f0ec000-7f040f0ef000 r-xp 00000000 08:06 4473190                    /lib/x86_64-linux-gnu/libdl-2.21.so
7f040f0ef000-7f040f2ee000 ---p 00003000 08:06 4473190                    /lib/x86_64-linux-gnu/libdl-2.21.so
7f040f2ee000-7f040f2ef000 r--p 00002000 08:06 4473190                    /lib/x86_64-linux-gnu/libdl-2.21.so
7f040f2ef000-7f040f2f0000 rw-p 00003000 08:06 4473190                    /lib/x86_64-linux-gnu/libdl-2.21.so
7f040f2f0000-7f040f4b0000 r-xp 00000000 08:06 4473593                    /lib/x86_64-linux-gnu/libc-2.21.so
7f040f4b0000-7f040f6b0000 ---p 001c0000 08:06 4473593                    /lib/x86_64-linux-gnu/libc-2.21.so
7f040f6b0000-7f040f6b4000 r--p 001c0000 08:06 4473593                    /lib/x86_64-linux-gnu/libc-2.21.so
7f040f6b4000-7f040f6b6000 rw-p 001c4000 08:06 4473593                    /lib/x86_64-linux-gnu/libc-2.21.so
7f040f6b6000-7f040f6ba000 rw-p 00000000 00:00 0 
7f040f6ba000-7f040f6c7000 r-xp 00000000 08:06 1065286                    /usr/lib/jvm/java-7-openjdk-amd64/jre/lib/amd64/jli/libjli.so
7f040f6c7000-7f040f8c6000 ---p 0000d000 08:06 1065286                    /usr/lib/jvm/java-7-openjdk-amd64/jre/lib/amd64/jli/libjli.so
7f040f8c6000-7f040f8c7000 r--p 0000c000 08:06 1065286                    /usr/lib/jvm/java-7-openjdk-amd64/jre/lib/amd64/jli/libjli.so
7f040f8c7000-7f040f8c8000 rw-p 0000d000 08:06 1065286                    /usr/lib/jvm/java-7-openjdk-amd64/jre/lib/amd64/jli/libjli.so
7f040f8c8000-7f040f8ec000 r-xp 00000000 08:06 4473183                    /lib/x86_64-linux-gnu/ld-2.21.so
7f040f8ee000-7f040f910000 rw-p 00000000 00:00 0 
7f040f910000-7f040f9c6000 rw-p 00000000 00:00 0 
7f040f9c6000-7f040f9c9000 ---p 00000000 00:00 0 
7f040f9c9000-7f040facc000 rw-p 00000000 00:00 0                          [stack:6239]
7f040face000-7f040facf000 rw-p 00000000 00:00 0 
7f040facf000-7f040fad0000 r--s 00002000 08:06 1065318                    /usr/lib/jvm/java-7-openjdk-amd64/jre/lib/ext/dnsns.jar
7f040fad0000-7f040fad2000 r--s 00007000 08:06 1065162                    /usr/share/java/java-atk-wrapper.jar
7f040fad2000-7f040fad5000 r--s 0000f000 08:06 1065321                    /usr/lib/jvm/java-7-openjdk-amd64/jre/lib/ext/icedtea-sound.jar
7f040fad5000-7f040fad9000 r--s 0003c000 08:06 1065323                    /usr/lib/jvm/java-7-openjdk-amd64/jre/lib/ext/sunpkcs11.jar
7f040fad9000-7f040fadb000 r--s 00012000 08:06 1065319                    /usr/lib/jvm/java-7-openjdk-amd64/jre/lib/ext/zipfs.jar
7f040fadb000-7f040fadf000 r--s 00085000 08:06 1065322                    /usr/lib/jvm/java-7-openjdk-amd64/jre/lib/ext/localedata.jar
7f040fadf000-7f040fae7000 rw-s 00000000 08:06 3814196                    /tmp/hsperfdata_prajit/6233
7f040fae7000-7f040fae8000 rw-p 00000000 00:00 0 
7f040fae8000-7f040fae9000 ---p 00000000 00:00 0 
7f040fae9000-7f040faeb000 rw-p 00000000 00:00 0 
7f040faeb000-7f040faec000 r--p 00023000 08:06 4473183                    /lib/x86_64-linux-gnu/ld-2.21.so
7f040faec000-7f040faed000 rw-p 00024000 08:06 4473183                    /lib/x86_64-linux-gnu/ld-2.21.so
7f040faed000-7f040faee000 rw-p 00000000 00:00 0 
7ffe61c72000-7ffe61c93000 rw-p 00000000 00:00 0                          [stack]
7ffe61d49000-7ffe61d4b000 r--p 00000000 00:00 0                          [vvar]
7ffe61d4b000-7ffe61d4d000 r-xp 00000000 00:00 0                          [vdso]
ffffffffff600000-ffffffffff601000 r-xp 00000000 00:00 0                  [vsyscall]

VM Arguments:
jvm_args: -Djava.awt.headless=true -Xmx1024M -Dfile.encoding=UTF-8 -Duser.country=US -Duser.language=en -Duser.variant 
java_command: com.android.dx.command.Main --dex --force-jumbo --num-threads=4 --multi-dex --output /home/prajit/AndroidStudioProjects/QMS/app/build/intermediates/transforms/dex/debug/folders/1000/5/slice_4 /home/prajit/AndroidStudioProjects/QMS/app/build/intermediates/transforms/instantRunSlicer/debug/folders/1/5/slice_4
Launcher Type: SUN_STANDARD

Environment Variables:
PATH=/usr/local/sbin:/usr/local/bin:/usr/sbin:/usr/bin:/sbin:/bin:/usr/games:/usr/local/games
LD_LIBRARY_PATH=/home/prajit/android-studio/bin:
SHELL=/bin/bash
DISPLAY=:0

Signal Handlers:
SIGSEGV: [libjvm.so+0x995450], sa_mask[0]=0x7ffbfeff, sa_flags=0x10000004
SIGBUS: [libjvm.so+0x995450], sa_mask[0]=0x7ffbfeff, sa_flags=0x10000004
SIGFPE: [libjvm.so+0x7fc6a0], sa_mask[0]=0x7ffbfeff, sa_flags=0x10000004
SIGPIPE: [libjvm.so+0x7fc6a0], sa_mask[0]=0x7ffbfeff, sa_flags=0x10000004
SIGXFSZ: [libjvm.so+0x7fc6a0], sa_mask[0]=0x7ffbfeff, sa_flags=0x10000004
SIGILL: [libjvm.so+0x7fc6a0], sa_mask[0]=0x7ffbfeff, sa_flags=0x10000004
SIGUSR1: SIG_DFL, sa_mask[0]=0x00000000, sa_flags=0x00000000
SIGUSR2: [libjvm.so+0x7fc520], sa_mask[0]=0x00000004, sa_flags=0x10000004
SIGHUP: [libjvm.so+0x7fc6b0], sa_mask[0]=0x7ffbfeff, sa_flags=0x10000004
SIGINT: [libjvm.so+0x7fc6b0], sa_mask[0]=0x7ffbfeff, sa_flags=0x10000004
SIGTERM: [libjvm.so+0x7fc6b0], sa_mask[0]=0x7ffbfeff, sa_flags=0x10000004
SIGQUIT: [libjvm.so+0x7fc6b0], sa_mask[0]=0x7ffbfeff, sa_flags=0x10000004
SIGTRAP: SIG_DFL, sa_mask[0]=0x00000000, sa_flags=0x00000000


---------------  S Y S T E M  ---------------

OS:Ubuntu 15.10 (wily)
uname:Linux 4.2.0-34-generic #39-Ubuntu SMP Thu Mar 10 22:13:01 UTC 2016 x86_64
libc:glibc 2.21 NPTL 2.21 
rlimit: STACK 8192k, CORE 0k, NPROC 30985, NOFILE 65536, AS infinity
load average:1.83 1.28 1.21

/proc/meminfo:
MemTotal:        7966900 kB
MemFree:           51544 kB
MemAvailable:     153376 kB
Buffers:            2224 kB
Cached:          2611212 kB
SwapCached:            0 kB
Active:          5162984 kB
Inactive:        2535584 kB
Active(anon):    5117808 kB
Inactive(anon):  2490564 kB
Active(file):      45176 kB
Inactive(file):    45020 kB
Unevictable:          48 kB
Mlocked:              48 kB
SwapTotal:             0 kB
SwapFree:              0 kB
Dirty:             11412 kB
Writeback:             0 kB
AnonPages:       5085272 kB
Mapped:           180084 kB
Shmem:           2523156 kB
Slab:              98600 kB
SReclaimable:      53672 kB
SUnreclaim:        44928 kB
KernelStack:       14064 kB
PageTables:        62256 kB
NFS_Unstable:          0 kB
Bounce:                0 kB
WritebackTmp:          0 kB
CommitLimit:     3983448 kB
Committed_AS:   14585180 kB
VmallocTotal:   34359738367 kB
VmallocUsed:      360432 kB
VmallocChunk:   34358945788 kB
HardwareCorrupted:     0 kB
AnonHugePages:   3117056 kB
CmaTotal:              0 kB
CmaFree:               0 kB
HugePages_Total:       0
HugePages_Free:        0
HugePages_Rsvd:        0
HugePages_Surp:        0
Hugepagesize:       2048 kB
DirectMap4k:      179932 kB
DirectMap2M:     8001536 kB


CPU:total 4 (2 cores per cpu, 2 threads per core) family 6 model 37 stepping 5, cmov, cx8, fxsr, mmx, sse, sse2, sse3, ssse3, sse4.1, sse4.2, popcnt, ht, tsc, tscinvbit

/proc/cpuinfo:
processor	: 0
vendor_id	: GenuineIntel
cpu family	: 6
model		: 37
model name	: Intel(R) Core(TM) i3 CPU         540  @ 3.07GHz
stepping	: 5
microcode	: 0x2
cpu MHz		: 3059.000
cache size	: 4096 KB
physical id	: 0
siblings	: 4
core id		: 0
cpu cores	: 2
apicid		: 0
initial apicid	: 0
fpu		: yes
fpu_exception	: yes
cpuid level	: 11
wp		: yes
flags		: fpu vme de pse tsc msr pae mce cx8 apic sep mtrr pge mca cmov pat pse36 clflush dts acpi mmx fxsr sse sse2 ss ht tm pbe syscall nx rdtscp lm constant_tsc arch_perfmon pebs bts rep_good nopl xtopology nonstop_tsc aperfmperf pni dtes64 monitor ds_cpl vmx est tm2 ssse3 cx16 xtpr pdcm pcid sse4_1 sse4_2 popcnt lahf_lm arat dtherm tpr_shadow vnmi flexpriority ept vpid
bugs		:
bogomips	: 6117.76
clflush size	: 64
cache_alignment	: 64
address sizes	: 36 bits physical, 48 bits virtual
power management:

processor	: 1
vendor_id	: GenuineIntel
cpu family	: 6
model		: 37
model name	: Intel(R) Core(TM) i3 CPU         540  @ 3.07GHz
stepping	: 5
microcode	: 0x2
cpu MHz		: 1197.000
cache size	: 4096 KB
physical id	: 0
siblings	: 4
core id		: 0
cpu cores	: 2
apicid		: 1
initial apicid	: 1
fpu		: yes
fpu_exception	: yes
cpuid level	: 11
wp		: yes
flags		: fpu vme de pse tsc msr pae mce cx8 apic sep mtrr pge mca cmov pat pse36 clflush dts acpi mmx fxsr sse sse2 ss ht tm pbe syscall nx rdtscp lm constant_tsc arch_perfmon pebs bts rep_good nopl xtopology nonstop_tsc aperfmperf pni dtes64 monitor ds_cpl vmx est tm2 ssse3 cx16 xtpr pdcm pcid sse4_1 sse4_2 popcnt lahf_lm arat dtherm tpr_shadow vnmi flexpriority ept vpid
bugs		:
bogomips	: 6117.76
clflush size	: 64
cache_alignment	: 64
address sizes	: 36 bits physical, 48 bits virtual
power management:

processor	: 2
vendor_id	: GenuineIntel
cpu family	: 6
model		: 37
model name	: Intel(R) Core(TM) i3 CPU         540  @ 3.07GHz
stepping	: 5
microcode	: 0x2
cpu MHz		: 3059.000
cache size	: 4096 KB
physical id	: 0
siblings	: 4
core id		: 2
cpu cores	: 2
apicid		: 4
initial apicid	: 4
fpu		: yes
fpu_exception	: yes
cpuid level	: 11
wp		: yes
flags		: fpu vme de pse tsc msr pae mce cx8 apic sep mtrr pge mca cmov pat pse36 clflush dts acpi mmx fxsr sse sse2 ss ht tm pbe syscall nx rdtscp lm constant_tsc arch_perfmon pebs bts rep_good nopl xtopology nonstop_tsc aperfmperf pni dtes64 monitor ds_cpl vmx est tm2 ssse3 cx16 xtpr pdcm pcid sse4_1 sse4_2 popcnt lahf_lm arat dtherm tpr_shadow vnmi flexpriority ept vpid
bugs		:
bogomips	: 6117.76
clflush size	: 64
cache_alignment	: 64
address sizes	: 36 bits physical, 48 bits virtual
power management:

processor	: 3
vendor_id	: GenuineIntel
cpu family	: 6
model		: 37
model name	: Intel(R) Core(TM) i3 CPU         540  @ 3.07GHz
stepping	: 5
microcode	: 0x2
cpu MHz		: 1197.000
cache size	: 4096 KB
physical id	: 0
siblings	: 4
core id		: 2
cpu cores	: 2
apicid		: 5
initial apicid	: 5
fpu		: yes
fpu_exception	: yes
cpuid level	: 11
wp		: yes
flags		: fpu vme de pse tsc msr pae mce cx8 apic sep mtrr pge mca cmov pat pse36 clflush dts acpi mmx fxsr sse sse2 ss ht tm pbe syscall nx rdtscp lm constant_tsc arch_perfmon pebs bts rep_good nopl xtopology nonstop_tsc aperfmperf pni dtes64 monitor ds_cpl vmx est tm2 ssse3 cx16 xtpr pdcm pcid sse4_1 sse4_2 popcnt lahf_lm arat dtherm tpr_shadow vnmi flexpriority ept vpid
bugs		:
bogomips	: 6117.76
clflush size	: 64
cache_alignment	: 64
address sizes	: 36 bits physical, 48 bits virtual
power management:



Memory: 4k page, physical 7966900k(51544k free), swap 0k(0k free)

vm_info: OpenJDK 64-Bit Server VM (24.95-b01) for linux-amd64 JRE (1.7.0_95-b00), built on Mar 24 2016 06:07:15 by "buildd" with gcc 5.2.1 20151010

time: Thu Apr 14 12:01:05 2016
elapsed time: 7 seconds

