#
# There is insufficient memory for the Java Runtime Environment to continue.
# Native memory allocation (malloc) failed to allocate 161480704 bytes for committing reserved memory.
# Possible reasons:
#   The system is out of physical RAM or swap space
#   In 32 bit mode, the process size limit was hit
# Possible solutions:
#   Reduce memory load on the system
#   Increase physical memory or swap space
#   Check if swap backing store is full
#   Use 64 bit Java on a 64 bit OS
#   Decrease Java heap size (-Xmx/-Xms)
#   Decrease number of Java threads
#   Decrease Java thread stack sizes (-Xss)
#   Set larger code cache with -XX:ReservedCodeCacheSize=
# This output file may be truncated or incomplete.
#
#  Out of Memory Error (os_linux.cpp:2827), pid=32355, tid=140330620929792
#
# JRE version: OpenJDK Runtime Environment (7.0_95) (build 1.7.0_95-b00)
# Java VM: OpenJDK 64-Bit Server VM (24.95-b01 mixed mode linux-amd64 compressed oops)
# Derivative: IcedTea 2.6.4
# Distribution: Ubuntu 15.10, package 7u95-2.6.4-0ubuntu0.15.10.2
# Failed to write core dump. Core dumps have been disabled. To enable core dumping, try "ulimit -c unlimited" before starting Java again
#

---------------  T H R E A D  ---------------

Current thread (0x00007fa148077000):  VMThread [stack: 0x00007fa144bfc000,0x00007fa144cfd000] [id=32366]

Stack: [0x00007fa144bfc000,0x00007fa144cfd000],  sp=0x00007fa144cfb4f0,  free space=1021k
Native frames: (J=compiled Java code, j=interpreted, Vv=VM code, C=native code)
V  [libjvm.so+0x9948f3]
V  [libjvm.so+0x48a9df]
V  [libjvm.so+0x80143b]
V  [libjvm.so+0x7fb82e]
V  [libjvm.so+0x871c4b]
V  [libjvm.so+0x873593]
V  [libjvm.so+0x86f818]
V  [libjvm.so+0x86fafc]
V  [libjvm.so+0x824df3]
V  [libjvm.so+0x996392]
V  [libjvm.so+0x99b0d7]
V  [libjvm.so+0x998968]
V  [libjvm.so+0x999cdf]
V  [libjvm.so+0x99a1d1]
V  [libjvm.so+0x7fe362]

VM_Operation (0x00007fa150fcb2a0): ParallelGCFailedAllocation, mode: safepoint, requested by thread 0x00007fa14800b800


---------------  P R O C E S S  ---------------

Java Threads: ( => current thread )
  0x00007fa1480b0000 JavaThread "Service Thread" daemon [_thread_blocked, id=32372, stack(0x00007fa13d9cf000,0x00007fa13dad0000)]
  0x00007fa1480ad800 JavaThread "C2 CompilerThread1" daemon [_thread_blocked, id=32371, stack(0x00007fa144014000,0x00007fa144115000)]
  0x00007fa1480aa800 JavaThread "C2 CompilerThread0" daemon [_thread_blocked, id=32370, stack(0x00007fa144115000,0x00007fa144216000)]
  0x00007fa1480a8800 JavaThread "Signal Dispatcher" daemon [_thread_blocked, id=32369, stack(0x00007fa144216000,0x00007fa144317000)]
  0x00007fa14807d800 JavaThread "Finalizer" daemon [_thread_blocked, id=32368, stack(0x00007fa1449fa000,0x00007fa144afb000)]
  0x00007fa14807b800 JavaThread "Reference Handler" daemon [_thread_blocked, id=32367, stack(0x00007fa144afb000,0x00007fa144bfc000)]
  0x00007fa14800b800 JavaThread "main" [_thread_blocked, id=32361, stack(0x00007fa150ecc000,0x00007fa150fcd000)]

Other Threads:
=>0x00007fa148077000 VMThread [stack: 0x00007fa144bfc000,0x00007fa144cfd000] [id=32366]
  0x00007fa1480bb000 WatcherThread [stack: 0x00007fa13d8ce000,0x00007fa13d9cf000] [id=32373]

VM state:at safepoint (normal execution)

VM Mutex/Monitor currently owned by a thread:  ([mutex/lock_event])
[0x00007fa148007e10] Threads_lock - owner thread: 0x00007fa148077000
[0x00007fa148008310] Heap_lock - owner thread: 0x00007fa14800b800

Heap
 PSYoungGen      total 130048K, used 5091K [0x00000000eaa80000, 0x00000000f2e80000, 0x0000000100000000)
  eden space 124928K, 0% used [0x00000000eaa80000,0x00000000eaa80000,0x00000000f2480000)
  from space 5120K, 99% used [0x00000000f2480000,0x00000000f2978c40,0x00000000f2980000)
  to   space 5120K, 0% used [0x00000000f2980000,0x00000000f2980000,0x00000000f2e80000)
 ParOldGen       total 82944K, used 37595K [0x00000000c0000000, 0x00000000c5100000, 0x00000000eaa80000)
  object space 82944K, 45% used [0x00000000c0000000,0x00000000c24b6dd8,0x00000000c5100000)
 PSPermGen       total 21504K, used 7602K [0x00000000b5a00000, 0x00000000b6f00000, 0x00000000c0000000)
  object space 21504K, 35% used [0x00000000b5a00000,0x00000000b616cb80,0x00000000b6f00000)

Card table byte_map: [0x00007fa14d80a000,0x00007fa14da5e000] byte_map_base: 0x00007fa14d25d000

Polling page: 0x00007fa150fee000

Code Cache  [0x00007fa145000000, 0x00007fa145390000, 0x00007fa148000000)
 total_blobs=1333 nmethods=1082 adapters=205 free_code_cache=45594Kb largest_free_block=46635520

Compilation events (10 events):
Event: 11.077 Thread 0x00007fa1480ad800 1092             com.android.dx.merge.DexMerger::transformAnnotationSet (82 bytes)
Event: 11.080 Thread 0x00007fa1480aa800 nmethod 1090 0x00007fa145381610 code [0x00007fa145381780, 0x00007fa145381ed8]
Event: 11.082 Thread 0x00007fa1480aa800 1093 %           java.util.TimSort::countRunAndMakeAscending @ 92 (128 bytes)
Event: 11.085 Thread 0x00007fa1480aa800 nmethod 1093% 0x00007fa145382390 code [0x00007fa1453824e0, 0x00007fa1453826d8]
Event: 11.087 Thread 0x00007fa1480aa800 1094             com.android.dx.io.instructions.DecodedInstruction::getTargetUnit (45 bytes)
Event: 11.088 Thread 0x00007fa1480aa800 nmethod 1094 0x00007fa145374f90 code [0x00007fa1453750c0, 0x00007fa145375138]
Event: 11.094 Thread 0x00007fa1480ad800 nmethod 1092 0x00007fa145384210 code [0x00007fa145384460, 0x00007fa145385208]
Event: 11.098 Thread 0x00007fa1480aa800 1095             com.android.dx.io.instructions.InstructionCodec$2::decode (27 bytes)
Event: 11.098 Thread 0x00007fa1480ad800 1096             com.android.dx.io.instructions.InstructionCodec$2::encode (11 bytes)
Event: 11.099 Thread 0x00007fa1480ad800 nmethod 1096 0x00007fa145381250 code [0x00007fa1453813a0, 0x00007fa145381498]

GC Heap History (9 events):
Event: 1.500 GC heap before
{Heap before GC invocations=1 (full 0):
 PSYoungGen      total 36352K, used 31232K [0x00000000eaa80000, 0x00000000ed300000, 0x0000000100000000)
  eden space 31232K, 100% used [0x00000000eaa80000,0x00000000ec900000,0x00000000ec900000)
  from space 5120K, 0% used [0x00000000ece00000,0x00000000ece00000,0x00000000ed300000)
  to   space 5120K, 0% used [0x00000000ec900000,0x00000000ec900000,0x00000000ece00000)
 ParOldGen       total 82944K, used 0K [0x00000000c0000000, 0x00000000c5100000, 0x00000000eaa80000)
  object space 82944K, 0% used [0x00000000c0000000,0x00000000c0000000,0x00000000c5100000)
 PSPermGen       total 21504K, used 5487K [0x00000000b5a00000, 0x00000000b6f00000, 0x00000000c0000000)
  object space 21504K, 25% used [0x00000000b5a00000,0x00000000b5f5bf78,0x00000000b6f00000)
Event: 1.523 GC heap after
Heap after GC invocations=1 (full 0):
 PSYoungGen      total 36352K, used 5104K [0x00000000eaa80000, 0x00000000ef180000, 0x0000000100000000)
  eden space 31232K, 0% used [0x00000000eaa80000,0x00000000eaa80000,0x00000000ec900000)
  from space 5120K, 99% used [0x00000000ec900000,0x00000000ecdfc038,0x00000000ece00000)
  to   space 5120K, 0% used [0x00000000eec80000,0x00000000eec80000,0x00000000ef180000)
 ParOldGen       total 82944K, used 1691K [0x00000000c0000000, 0x00000000c5100000, 0x00000000eaa80000)
  object space 82944K, 2% used [0x00000000c0000000,0x00000000c01a6f58,0x00000000c5100000)
 PSPermGen       total 21504K, used 5487K [0x00000000b5a00000, 0x00000000b6f00000, 0x00000000c0000000)
  object space 21504K, 25% used [0x00000000b5a00000,0x00000000b5f5bf78,0x00000000b6f00000)
}
Event: 2.407 GC heap before
{Heap before GC invocations=2 (full 0):
 PSYoungGen      total 36352K, used 36336K [0x00000000eaa80000, 0x00000000ef180000, 0x0000000100000000)
  eden space 31232K, 100% used [0x00000000eaa80000,0x00000000ec900000,0x00000000ec900000)
  from space 5120K, 99% used [0x00000000ec900000,0x00000000ecdfc038,0x00000000ece00000)
  to   space 5120K, 0% used [0x00000000eec80000,0x00000000eec80000,0x00000000ef180000)
 ParOldGen       total 82944K, used 1691K [0x00000000c0000000, 0x00000000c5100000, 0x00000000eaa80000)
  object space 82944K, 2% used [0x00000000c0000000,0x00000000c01a6f58,0x00000000c5100000)
 PSPermGen       total 21504K, used 5581K [0x00000000b5a00000, 0x00000000b6f00000, 0x00000000c0000000)
  object space 21504K, 25% used [0x00000000b5a00000,0x00000000b5f734c0,0x00000000b6f00000)
Event: 2.426 GC heap after
Heap after GC invocations=2 (full 0):
 PSYoungGen      total 67584K, used 5090K [0x00000000eaa80000, 0x00000000ef180000, 0x0000000100000000)
  eden space 62464K, 0% used [0x00000000eaa80000,0x00000000eaa80000,0x00000000ee780000)
  from space 5120K, 99% used [0x00000000eec80000,0x00000000ef178b90,0x00000000ef180000)
  to   space 5120K, 0% used [0x00000000ee780000,0x00000000ee780000,0x00000000eec80000)
 ParOldGen       total 82944K, used 5996K [0x00000000c0000000, 0x00000000c5100000, 0x00000000eaa80000)
  object space 82944K, 7% used [0x00000000c0000000,0x00000000c05db3d0,0x00000000c5100000)
 PSPermGen       total 21504K, used 5581K [0x00000000b5a00000, 0x00000000b6f00000, 0x00000000c0000000)
  object space 21504K, 25% used [0x00000000b5a00000,0x00000000b5f734c0,0x00000000b6f00000)
}
Event: 4.100 GC heap before
{Heap before GC invocations=3 (full 0):
 PSYoungGen      total 67584K, used 67554K [0x00000000eaa80000, 0x00000000ef180000, 0x0000000100000000)
  eden space 62464K, 100% used [0x00000000eaa80000,0x00000000ee780000,0x00000000ee780000)
  from space 5120K, 99% used [0x00000000eec80000,0x00000000ef178b90,0x00000000ef180000)
  to   space 5120K, 0% used [0x00000000ee780000,0x00000000ee780000,0x00000000eec80000)
 ParOldGen       total 82944K, used 5996K [0x00000000c0000000, 0x00000000c5100000, 0x00000000eaa80000)
  object space 82944K, 7% used [0x00000000c0000000,0x00000000c05db3d0,0x00000000c5100000)
 PSPermGen       total 21504K, used 5628K [0x00000000b5a00000, 0x00000000b6f00000, 0x00000000c0000000)
  object space 21504K, 26% used [0x00000000b5a00000,0x00000000b5f7f108,0x00000000b6f00000)
Event: 4.179 GC heap after
Heap after GC invocations=3 (full 0):
 PSYoungGen      total 67584K, used 5119K [0x00000000eaa80000, 0x00000000f2e80000, 0x0000000100000000)
  eden space 62464K, 0% used [0x00000000eaa80000,0x00000000eaa80000,0x00000000ee780000)
  from space 5120K, 99% used [0x00000000ee780000,0x00000000eec7feb8,0x00000000eec80000)
  to   space 5120K, 0% used [0x00000000f2980000,0x00000000f2980000,0x00000000f2e80000)
 ParOldGen       total 82944K, used 14678K [0x00000000c0000000, 0x00000000c5100000, 0x00000000eaa80000)
  object space 82944K, 17% used [0x00000000c0000000,0x00000000c0e55a10,0x00000000c5100000)
 PSPermGen       total 21504K, used 5628K [0x00000000b5a00000, 0x00000000b6f00000, 0x00000000c0000000)
  object space 21504K, 26% used [0x00000000b5a00000,0x00000000b5f7f108,0x00000000b6f00000)
}
Event: 5.309 GC heap before
{Heap before GC invocations=4 (full 0):
 PSYoungGen      total 67584K, used 67583K [0x00000000eaa80000, 0x00000000f2e80000, 0x0000000100000000)
  eden space 62464K, 100% used [0x00000000eaa80000,0x00000000ee780000,0x00000000ee780000)
  from space 5120K, 99% used [0x00000000ee780000,0x00000000eec7feb8,0x00000000eec80000)
  to   space 5120K, 0% used [0x00000000f2980000,0x00000000f2980000,0x00000000f2e80000)
 ParOldGen       total 82944K, used 14678K [0x00000000c0000000, 0x00000000c5100000, 0x00000000eaa80000)
  object space 82944K, 17% used [0x00000000c0000000,0x00000000c0e55a10,0x00000000c5100000)
 PSPermGen       total 21504K, used 5668K [0x00000000b5a00000, 0x00000000b6f00000, 0x00000000c0000000)
  object space 21504K, 26% used [0x00000000b5a00000,0x00000000b5f89128,0x00000000b6f00000)
Event: 5.363 GC heap after
Heap after GC invocations=4 (full 0):
 PSYoungGen      total 130048K, used 5112K [0x00000000eaa80000, 0x00000000f2e80000, 0x0000000100000000)
  eden space 124928K, 0% used [0x00000000eaa80000,0x00000000eaa80000,0x00000000f2480000)
  from space 5120K, 99% used [0x00000000f2980000,0x00000000f2e7e2c8,0x00000000f2e80000)
  to   space 5120K, 0% used [0x00000000f2480000,0x00000000f2480000,0x00000000f2980000)
 ParOldGen       total 82944K, used 25145K [0x00000000c0000000, 0x00000000c5100000, 0x00000000eaa80000)
  object space 82944K, 30% used [0x00000000c0000000,0x00000000c188e768,0x00000000c5100000)
 PSPermGen       total 21504K, used 5668K [0x00000000b5a00000, 0x00000000b6f00000, 0x00000000c0000000)
  object space 21504K, 26% used [0x00000000b5a00000,0x00000000b5f89128,0x00000000b6f00000)
}
Event: 11.100 GC heap before
{Heap before GC invocations=5 (full 0):
 PSYoungGen      total 130048K, used 130040K [0x00000000eaa80000, 0x00000000f2e80000, 0x0000000100000000)
  eden space 124928K, 100% used [0x00000000eaa80000,0x00000000f2480000,0x00000000f2480000)
  from space 5120K, 99% used [0x00000000f2980000,0x00000000f2e7e2c8,0x00000000f2e80000)
  to   space 5120K, 0% used [0x00000000f2480000,0x00000000f2480000,0x00000000f2980000)
 ParOldGen       total 82944K, used 25145K [0x00000000c0000000, 0x00000000c5100000, 0x00000000eaa80000)
  object space 82944K, 30% used [0x00000000c0000000,0x00000000c188e768,0x00000000c5100000)
 PSPermGen       total 21504K, used 7602K [0x00000000b5a00000, 0x00000000b6f00000, 0x00000000c0000000)
  object space 21504K, 35% used [0x00000000b5a00000,0x00000000b616cb80,0x00000000b6f00000)

Deoptimization events (10 events):
Event: 9.938 Thread 0x00007fa14800b800 Uncommon trap: reason=class_check action=maybe_recompile pc=0x00007fa145186068 method=java.util.HashMap.addEntry(ILjava/lang/Object;Ljava/lang/Object;I)V @ 65
Event: 9.938 Thread 0x00007fa14800b800 Uncommon trap: reason=class_check action=maybe_recompile pc=0x00007fa1450f1a24 method=java.util.HashMap.<init>(IF)V @ 115
Event: 10.474 Thread 0x00007fa14800b800 Uncommon trap: reason=predicate action=maybe_recompile pc=0x00007fa1453360e4 method=com.android.dex.Leb128.readUnsignedLeb128(Lcom/android/dex/util/ByteInput;)I @ 41
Event: 10.581 Thread 0x00007fa14800b800 Uncommon trap: reason=unstable_if action=reinterpret pc=0x00007fa14534cd9c method=java.util.TimSort.countRunAndMakeAscending([Ljava/lang/Object;IILjava/util/Comparator;)I @ 48
Event: 10.688 Thread 0x00007fa14800b800 Uncommon trap: reason=predicate action=maybe_recompile pc=0x00007fa145361408 method=java.util.ComparableTimSort.binarySort([Ljava/lang/Object;III)V @ 37
Event: 10.853 Thread 0x00007fa14800b800 Uncommon trap: reason=unstable_if action=reinterpret pc=0x00007fa145320068 method=java.util.ComparableTimSort.countRunAndMakeAscending([Ljava/lang/Object;II)I @ 25
Event: 10.989 Thread 0x00007fa14800b800 Uncommon trap: reason=array_check action=maybe_recompile pc=0x00007fa1453439d8 method=java.util.ComparableTimSort.binarySort([Ljava/lang/Object;III)V @ 215
Event: 10.990 Thread 0x00007fa14800b800 Uncommon trap: reason=array_check action=maybe_recompile pc=0x00007fa145343a90 method=java.util.ComparableTimSort.binarySort([Ljava/lang/Object;III)V @ 193
Event: 11.054 Thread 0x00007fa14800b800 Uncommon trap: reason=array_check action=maybe_recompile pc=0x00007fa1453439d8 method=java.util.ComparableTimSort.binarySort([Ljava/lang/Object;III)V @ 215
Event: 11.055 Thread 0x00007fa14800b800 Uncommon trap: reason=array_check action=maybe_recompile pc=0x00007fa145343a90 method=java.util.ComparableTimSort.binarySort([Ljava/lang/Object;III)V @ 193

Internal exceptions (10 events):
Event: 10.268 Thread 0x00007fa14800b800 Threw 0x00000000ed678008 at /build/openjdk-7-UoaBYD/openjdk-7-7u95-2.6.4/build/openjdk/hotspot/src/share/vm/prims/jvm.cpp:1322
Event: 10.268 Thread 0x00007fa14800b800 Threw 0x00000000ed67bc88 at /build/openjdk-7-UoaBYD/openjdk-7-7u95-2.6.4/build/openjdk/hotspot/src/share/vm/prims/jvm.cpp:1322
Event: 10.268 Thread 0x00007fa14800b800 Threw 0x00000000ed67fa58 at /build/openjdk-7-UoaBYD/openjdk-7-7u95-2.6.4/build/openjdk/hotspot/src/share/vm/prims/jvm.cpp:1322
Event: 10.270 Thread 0x00007fa14800b800 Threw 0x00000000ed685a28 at /build/openjdk-7-UoaBYD/openjdk-7-7u95-2.6.4/build/openjdk/hotspot/src/share/vm/prims/jvm.cpp:1322
Event: 10.270 Thread 0x00007fa14800b800 Threw 0x00000000ed689530 at /build/openjdk-7-UoaBYD/openjdk-7-7u95-2.6.4/build/openjdk/hotspot/src/share/vm/prims/jvm.cpp:1322
Event: 10.270 Thread 0x00007fa14800b800 Threw 0x00000000ed68d230 at /build/openjdk-7-UoaBYD/openjdk-7-7u95-2.6.4/build/openjdk/hotspot/src/share/vm/prims/jvm.cpp:1322
Event: 10.271 Thread 0x00007fa14800b800 Threw 0x00000000ed690c80 at /build/openjdk-7-UoaBYD/openjdk-7-7u95-2.6.4/build/openjdk/hotspot/src/share/vm/prims/jvm.cpp:1322
Event: 10.273 Thread 0x00007fa14800b800 Threw 0x00000000ed698758 at /build/openjdk-7-UoaBYD/openjdk-7-7u95-2.6.4/build/openjdk/hotspot/src/share/vm/prims/jvm.cpp:1322
Event: 10.273 Thread 0x00007fa14800b800 Threw 0x00000000ed69b300 at /build/openjdk-7-UoaBYD/openjdk-7-7u95-2.6.4/build/openjdk/hotspot/src/share/vm/prims/jvm.cpp:1322
Event: 10.652 Thread 0x00007fa14800b800 Threw 0x00000000eec34270 at /build/openjdk-7-UoaBYD/openjdk-7-7u95-2.6.4/build/openjdk/hotspot/src/share/vm/prims/jvm.cpp:1322

Events (10 events):
Event: 10.990 Thread 0x00007fa14800b800 Uncommon trap: trap_request=0xffffffd6 fr.pc=0x00007fa145343a90
Event: 10.990 Thread 0x00007fa14800b800 DEOPT PACKING pc=0x00007fa145343a90 sp=0x00007fa150fcb4b0
Event: 10.990 Thread 0x00007fa14800b800 DEOPT UNPACKING pc=0x00007fa145039045 sp=0x00007fa150fcb478 mode 2
Event: 11.054 Thread 0x00007fa14800b800 Uncommon trap: trap_request=0xffffffd6 fr.pc=0x00007fa1453439d8
Event: 11.054 Thread 0x00007fa14800b800 DEOPT PACKING pc=0x00007fa1453439d8 sp=0x00007fa150fcb4b0
Event: 11.054 Thread 0x00007fa14800b800 DEOPT UNPACKING pc=0x00007fa145039045 sp=0x00007fa150fcb478 mode 2
Event: 11.055 Thread 0x00007fa14800b800 Uncommon trap: trap_request=0xffffffd6 fr.pc=0x00007fa145343a90
Event: 11.055 Thread 0x00007fa14800b800 DEOPT PACKING pc=0x00007fa145343a90 sp=0x00007fa150fcb4b0
Event: 11.055 Thread 0x00007fa14800b800 DEOPT UNPACKING pc=0x00007fa145039045 sp=0x00007fa150fcb478 mode 2
Event: 11.100 Executing VM operation: ParallelGCFailedAllocation


Dynamic libraries:
00400000-00401000 r-xp 00000000 08:06 1065180                            /usr/lib/jvm/java-7-openjdk-amd64/jre/bin/java
00600000-00601000 r--p 00000000 08:06 1065180                            /usr/lib/jvm/java-7-openjdk-amd64/jre/bin/java
00601000-00602000 rw-p 00001000 08:06 1065180                            /usr/lib/jvm/java-7-openjdk-amd64/jre/bin/java
01f4a000-01f6b000 rw-p 00000000 00:00 0                                  [heap]
b5a00000-b6f00000 rw-p 00000000 00:00 0 
b6f00000-c0000000 rw-p 00000000 00:00 0 
c0000000-c5100000 rw-p 00000000 00:00 0 
c5100000-eaa80000 rw-p 00000000 00:00 0 
eaa80000-f2e80000 rw-p 00000000 00:00 0 
fc880000-100000000 rw-p 00000000 00:00 0 
7fa0f8000000-7fa0f802d000 rw-p 00000000 00:00 0 
7fa0f802d000-7fa0fc000000 ---p 00000000 00:00 0 
7fa0fc000000-7fa0fc021000 rw-p 00000000 00:00 0 
7fa0fc021000-7fa100000000 ---p 00000000 00:00 0 
7fa100000000-7fa100021000 rw-p 00000000 00:00 0 
7fa100021000-7fa104000000 ---p 00000000 00:00 0 
7fa104000000-7fa104025000 rw-p 00000000 00:00 0 
7fa104025000-7fa108000000 ---p 00000000 00:00 0 
7fa108000000-7fa108021000 rw-p 00000000 00:00 0 
7fa108021000-7fa10c000000 ---p 00000000 00:00 0 
7fa10c000000-7fa10c040000 rw-p 00000000 00:00 0 
7fa10c040000-7fa110000000 ---p 00000000 00:00 0 
7fa110000000-7fa11178f000 rw-p 00000000 00:00 0 
7fa11178f000-7fa114000000 ---p 00000000 00:00 0 
7fa114000000-7fa114021000 rw-p 00000000 00:00 0 
7fa114021000-7fa118000000 ---p 00000000 00:00 0 
7fa118000000-7fa118021000 rw-p 00000000 00:00 0 
7fa118021000-7fa11c000000 ---p 00000000 00:00 0 
7fa11c000000-7fa11d75b000 rw-p 00000000 00:00 0 
7fa11d75b000-7fa120000000 ---p 00000000 00:00 0 
7fa120000000-7fa120021000 rw-p 00000000 00:00 0 
7fa120021000-7fa124000000 ---p 00000000 00:00 0 
7fa124000000-7fa124021000 rw-p 00000000 00:00 0 
7fa124021000-7fa128000000 ---p 00000000 00:00 0 
7fa128000000-7fa128021000 rw-p 00000000 00:00 0 
7fa128021000-7fa12c000000 ---p 00000000 00:00 0 
7fa12c000000-7fa12c021000 rw-p 00000000 00:00 0 
7fa12c021000-7fa130000000 ---p 00000000 00:00 0 
7fa130000000-7fa130021000 rw-p 00000000 00:00 0 
7fa130021000-7fa134000000 ---p 00000000 00:00 0 
7fa137889000-7fa137b8a000 rw-p 00000000 00:00 0 
7fa137b8a000-7fa137bf6000 r-xp 00000000 08:06 4484047                    /lib/x86_64-linux-gnu/libpcre.so.3.13.1
7fa137bf6000-7fa137df6000 ---p 0006c000 08:06 4484047                    /lib/x86_64-linux-gnu/libpcre.so.3.13.1
7fa137df6000-7fa137df7000 r--p 0006c000 08:06 4484047                    /lib/x86_64-linux-gnu/libpcre.so.3.13.1
7fa137df7000-7fa137df8000 rw-p 0006d000 08:06 4484047                    /lib/x86_64-linux-gnu/libpcre.so.3.13.1
7fa137df8000-7fa137dff000 r-xp 00000000 08:06 535049                     /usr/lib/x86_64-linux-gnu/libffi.so.6.0.4
7fa137dff000-7fa137ffe000 ---p 00007000 08:06 535049                     /usr/lib/x86_64-linux-gnu/libffi.so.6.0.4
7fa137ffe000-7fa137fff000 r--p 00006000 08:06 535049                     /usr/lib/x86_64-linux-gnu/libffi.so.6.0.4
7fa137fff000-7fa138000000 rw-p 00007000 08:06 535049                     /usr/lib/x86_64-linux-gnu/libffi.so.6.0.4
7fa138000000-7fa138021000 rw-p 00000000 00:00 0 
7fa138021000-7fa13c000000 ---p 00000000 00:00 0 
7fa13c078000-7fa13c08f000 r-xp 00000000 08:06 4473596                    /lib/x86_64-linux-gnu/libresolv-2.21.so
7fa13c08f000-7fa13c28f000 ---p 00017000 08:06 4473596                    /lib/x86_64-linux-gnu/libresolv-2.21.so
7fa13c28f000-7fa13c290000 r--p 00017000 08:06 4473596                    /lib/x86_64-linux-gnu/libresolv-2.21.so
7fa13c290000-7fa13c291000 rw-p 00018000 08:06 4473596                    /lib/x86_64-linux-gnu/libresolv-2.21.so
7fa13c291000-7fa13c293000 rw-p 00000000 00:00 0 
7fa13c293000-7fa13c2b4000 r-xp 00000000 08:06 4469960                    /lib/x86_64-linux-gnu/libselinux.so.1
7fa13c2b4000-7fa13c4b3000 ---p 00021000 08:06 4469960                    /lib/x86_64-linux-gnu/libselinux.so.1
7fa13c4b3000-7fa13c4b4000 r--p 00020000 08:06 4469960                    /lib/x86_64-linux-gnu/libselinux.so.1
7fa13c4b4000-7fa13c4b5000 rw-p 00021000 08:06 4469960                    /lib/x86_64-linux-gnu/libselinux.so.1
7fa13c4b5000-7fa13c4b7000 rw-p 00000000 00:00 0 
7fa13c4b7000-7fa13c4ba000 r-xp 00000000 08:06 525735                     /usr/lib/x86_64-linux-gnu/libgmodule-2.0.so.0.4600.2
7fa13c4ba000-7fa13c6b9000 ---p 00003000 08:06 525735                     /usr/lib/x86_64-linux-gnu/libgmodule-2.0.so.0.4600.2
7fa13c6b9000-7fa13c6ba000 r--p 00002000 08:06 525735                     /usr/lib/x86_64-linux-gnu/libgmodule-2.0.so.0.4600.2
7fa13c6ba000-7fa13c6bb000 rw-p 00003000 08:06 525735                     /usr/lib/x86_64-linux-gnu/libgmodule-2.0.so.0.4600.2
7fa13c6bb000-7fa13c7c8000 r-xp 00000000 08:06 4472394                    /lib/x86_64-linux-gnu/libglib-2.0.so.0.4600.2
7fa13c7c8000-7fa13c9c7000 ---p 0010d000 08:06 4472394                    /lib/x86_64-linux-gnu/libglib-2.0.so.0.4600.2
7fa13c9c7000-7fa13c9c8000 r--p 0010c000 08:06 4472394                    /lib/x86_64-linux-gnu/libglib-2.0.so.0.4600.2
7fa13c9c8000-7fa13c9c9000 rw-p 0010d000 08:06 4472394                    /lib/x86_64-linux-gnu/libglib-2.0.so.0.4600.2
7fa13c9c9000-7fa13c9ca000 rw-p 00000000 00:00 0 
7fa13c9ca000-7fa13ca1c000 r-xp 00000000 08:06 525738                     /usr/lib/x86_64-linux-gnu/libgobject-2.0.so.0.4600.2
7fa13ca1c000-7fa13cc1b000 ---p 00052000 08:06 525738                     /usr/lib/x86_64-linux-gnu/libgobject-2.0.so.0.4600.2
7fa13cc1b000-7fa13cc1c000 r--p 00051000 08:06 525738                     /usr/lib/x86_64-linux-gnu/libgobject-2.0.so.0.4600.2
7fa13cc1c000-7fa13cc1d000 rw-p 00052000 08:06 525738                     /usr/lib/x86_64-linux-gnu/libgobject-2.0.so.0.4600.2
7fa13cc1d000-7fa13cd97000 r-xp 00000000 08:06 525717                     /usr/lib/x86_64-linux-gnu/libgio-2.0.so.0.4600.2
7fa13cd97000-7fa13cf96000 ---p 0017a000 08:06 525717                     /usr/lib/x86_64-linux-gnu/libgio-2.0.so.0.4600.2
7fa13cf96000-7fa13cf9a000 r--p 00179000 08:06 525717                     /usr/lib/x86_64-linux-gnu/libgio-2.0.so.0.4600.2
7fa13cf9a000-7fa13cf9c000 rw-p 0017d000 08:06 525717                     /usr/lib/x86_64-linux-gnu/libgio-2.0.so.0.4600.2
7fa13cf9c000-7fa13cf9e000 rw-p 00000000 00:00 0 
7fa13cf9e000-7fa13cfb5000 r-xp 00000000 08:06 1065268                    /usr/lib/jvm/java-7-openjdk-amd64/jre/lib/amd64/libnet.so
7fa13cfb5000-7fa13d1b5000 ---p 00017000 08:06 1065268                    /usr/lib/jvm/java-7-openjdk-amd64/jre/lib/amd64/libnet.so
7fa13d1b5000-7fa13d1b6000 r--p 00017000 08:06 1065268                    /usr/lib/jvm/java-7-openjdk-amd64/jre/lib/amd64/libnet.so
7fa13d1b6000-7fa13d1b7000 rw-p 00018000 08:06 1065268                    /usr/lib/jvm/java-7-openjdk-amd64/jre/lib/amd64/libnet.so
7fa13d1b7000-7fa13d1c8000 r-xp 00000000 08:06 1065289                    /usr/lib/jvm/java-7-openjdk-amd64/jre/lib/amd64/libnio.so
7fa13d1c8000-7fa13d3c7000 ---p 00011000 08:06 1065289                    /usr/lib/jvm/java-7-openjdk-amd64/jre/lib/amd64/libnio.so
7fa13d3c7000-7fa13d3c8000 r--p 00010000 08:06 1065289                    /usr/lib/jvm/java-7-openjdk-amd64/jre/lib/amd64/libnio.so
7fa13d3c8000-7fa13d3c9000 rw-p 00011000 08:06 1065289                    /usr/lib/jvm/java-7-openjdk-amd64/jre/lib/amd64/libnio.so
7fa13d3c9000-7fa13d3cc000 ---p 00000000 00:00 0 
7fa13d3cc000-7fa13d4ca000 rw-p 00000000 00:00 0 
7fa13d4ca000-7fa13d4cd000 ---p 00000000 00:00 0 
7fa13d4cd000-7fa13d5cb000 rw-p 00000000 00:00 0 
7fa13d5cb000-7fa13d5ce000 ---p 00000000 00:00 0 
7fa13d5ce000-7fa13d6cc000 rw-p 00000000 00:00 0 
7fa13d6cc000-7fa13d6cf000 ---p 00000000 00:00 0 
7fa13d6cf000-7fa13d7cd000 rw-p 00000000 00:00 0 
7fa13d7cd000-7fa13d7d0000 ---p 00000000 00:00 0 
7fa13d7d0000-7fa13d8ce000 rw-p 00000000 00:00 0 
7fa13d8ce000-7fa13d8cf000 ---p 00000000 00:00 0 
7fa13d8cf000-7fa13d9cf000 rw-p 00000000 00:00 0                          [stack:32373]
7fa13d9cf000-7fa13d9d2000 ---p 00000000 00:00 0 
7fa13d9d2000-7fa140000000 rw-p 00000000 00:00 0                          [stack:32372]
7fa140000000-7fa140021000 rw-p 00000000 00:00 0 
7fa140021000-7fa144000000 ---p 00000000 00:00 0 
7fa144014000-7fa144017000 ---p 00000000 00:00 0 
7fa144017000-7fa144115000 rw-p 00000000 00:00 0                          [stack:32371]
7fa144115000-7fa144118000 ---p 00000000 00:00 0 
7fa144118000-7fa144216000 rw-p 00000000 00:00 0                          [stack:32370]
7fa144216000-7fa144219000 ---p 00000000 00:00 0 
7fa144219000-7fa144317000 rw-p 00000000 00:00 0                          [stack:32369]
7fa144317000-7fa1449fa000 r--p 00000000 08:06 533298                     /usr/lib/locale/locale-archive
7fa1449fa000-7fa1449fd000 ---p 00000000 00:00 0 
7fa1449fd000-7fa144afb000 rw-p 00000000 00:00 0                          [stack:32368]
7fa144afb000-7fa144afe000 ---p 00000000 00:00 0 
7fa144afe000-7fa144bfc000 rw-p 00000000 00:00 0                          [stack:32367]
7fa144bfc000-7fa144bfd000 ---p 00000000 00:00 0 
7fa144bfd000-7fa145000000 rw-p 00000000 00:00 0                          [stack:32366]
7fa145000000-7fa145390000 rwxp 00000000 00:00 0 
7fa145390000-7fa148210000 rw-p 00000000 00:00 0 
7fa148210000-7fa14c000000 ---p 00000000 00:00 0 
7fa14c04f000-7fa14c053000 r--s 0004f000 08:06 1065325                    /usr/lib/jvm/java-7-openjdk-amd64/jre/lib/jsse.jar
7fa14c053000-7fa14c062000 r--s 000df000 08:06 2908841                    /home/prajit/Android/Sdk/build-tools/23.0.1/lib/dx.jar
7fa14c062000-7fa14c066000 r--s 00034000 08:06 1065320                    /usr/lib/jvm/java-7-openjdk-amd64/jre/lib/ext/sunjce_provider.jar
7fa14c066000-7fa14cd60000 rw-p 00000000 00:00 0 
7fa14cd60000-7fa14cf11000 r--s 01d30000 08:06 1065308                    /usr/lib/jvm/java-7-openjdk-amd64/jre/lib/rt.jar
7fa14cf11000-7fa14d25d000 rw-p 00000000 00:00 0 
7fa14d25d000-7fa14d25e000 ---p 00000000 00:00 0 
7fa14d25e000-7fa14d35e000 rw-p 00000000 00:00 0                          [stack:32365]
7fa14d35e000-7fa14d35f000 ---p 00000000 00:00 0 
7fa14d35f000-7fa14d45f000 rw-p 00000000 00:00 0                          [stack:32364]
7fa14d45f000-7fa14d460000 ---p 00000000 00:00 0 
7fa14d460000-7fa14d560000 rw-p 00000000 00:00 0                          [stack:32363]
7fa14d560000-7fa14d561000 ---p 00000000 00:00 0 
7fa14d561000-7fa14d66c000 rw-p 00000000 00:00 0                          [stack:32362]
7fa14d66c000-7fa14d6b4000 rw-p 00000000 00:00 0 
7fa14d6b4000-7fa14d6dd000 rw-p 00000000 00:00 0 
7fa14d6dd000-7fa14d80a000 rw-p 00000000 00:00 0 
7fa14d80a000-7fa14d815000 rw-p 00000000 00:00 0 
7fa14d815000-7fa14d85d000 rw-p 00000000 00:00 0 
7fa14d85d000-7fa14d886000 rw-p 00000000 00:00 0 
7fa14d886000-7fa14d9b2000 rw-p 00000000 00:00 0 
7fa14d9b2000-7fa14d9f5000 rw-p 00000000 00:00 0 
7fa14d9f5000-7fa14da5d000 rw-p 00000000 00:00 0 
7fa14da5d000-7fa14da5e000 rw-p 00000000 00:00 0 
7fa14da5e000-7fa14da66000 r-xp 00000000 08:06 1065273                    /usr/lib/jvm/java-7-openjdk-amd64/jre/lib/amd64/libzip.so
7fa14da66000-7fa14dc65000 ---p 00008000 08:06 1065273                    /usr/lib/jvm/java-7-openjdk-amd64/jre/lib/amd64/libzip.so
7fa14dc65000-7fa14dc66000 r--p 00007000 08:06 1065273                    /usr/lib/jvm/java-7-openjdk-amd64/jre/lib/amd64/libzip.so
7fa14dc66000-7fa14dc67000 rw-p 00008000 08:06 1065273                    /usr/lib/jvm/java-7-openjdk-amd64/jre/lib/amd64/libzip.so
7fa14dc67000-7fa14dc73000 r-xp 00000000 08:06 4473139                    /lib/x86_64-linux-gnu/libnss_files-2.21.so
7fa14dc73000-7fa14de72000 ---p 0000c000 08:06 4473139                    /lib/x86_64-linux-gnu/libnss_files-2.21.so
7fa14de72000-7fa14de73000 r--p 0000b000 08:06 4473139                    /lib/x86_64-linux-gnu/libnss_files-2.21.so
7fa14de73000-7fa14de74000 rw-p 0000c000 08:06 4473139                    /lib/x86_64-linux-gnu/libnss_files-2.21.so
7fa14de74000-7fa14de7f000 r-xp 00000000 08:06 4473191                    /lib/x86_64-linux-gnu/libnss_nis-2.21.so
7fa14de7f000-7fa14e07e000 ---p 0000b000 08:06 4473191                    /lib/x86_64-linux-gnu/libnss_nis-2.21.so
7fa14e07e000-7fa14e07f000 r--p 0000a000 08:06 4473191                    /lib/x86_64-linux-gnu/libnss_nis-2.21.so
7fa14e07f000-7fa14e080000 rw-p 0000b000 08:06 4473191                    /lib/x86_64-linux-gnu/libnss_nis-2.21.so
7fa14e080000-7fa14e097000 r-xp 00000000 08:06 4473170                    /lib/x86_64-linux-gnu/libnsl-2.21.so
7fa14e097000-7fa14e296000 ---p 00017000 08:06 4473170                    /lib/x86_64-linux-gnu/libnsl-2.21.so
7fa14e296000-7fa14e297000 r--p 00016000 08:06 4473170                    /lib/x86_64-linux-gnu/libnsl-2.21.so
7fa14e297000-7fa14e298000 rw-p 00017000 08:06 4473170                    /lib/x86_64-linux-gnu/libnsl-2.21.so
7fa14e298000-7fa14e29a000 rw-p 00000000 00:00 0 
7fa14e29a000-7fa14e2a2000 r-xp 00000000 08:06 4473140                    /lib/x86_64-linux-gnu/libnss_compat-2.21.so
7fa14e2a2000-7fa14e4a1000 ---p 00008000 08:06 4473140                    /lib/x86_64-linux-gnu/libnss_compat-2.21.so
7fa14e4a1000-7fa14e4a2000 r--p 00007000 08:06 4473140                    /lib/x86_64-linux-gnu/libnss_compat-2.21.so
7fa14e4a2000-7fa14e4a3000 rw-p 00008000 08:06 4473140                    /lib/x86_64-linux-gnu/libnss_compat-2.21.so
7fa14e4a3000-7fa14e4cf000 r-xp 00000000 08:06 1065258                    /usr/lib/jvm/java-7-openjdk-amd64/jre/lib/amd64/libjava.so
7fa14e4cf000-7fa14e6ce000 ---p 0002c000 08:06 1065258                    /usr/lib/jvm/java-7-openjdk-amd64/jre/lib/amd64/libjava.so
7fa14e6ce000-7fa14e6cf000 r--p 0002b000 08:06 1065258                    /usr/lib/jvm/java-7-openjdk-amd64/jre/lib/amd64/libjava.so
7fa14e6cf000-7fa14e6d1000 rw-p 0002c000 08:06 1065258                    /usr/lib/jvm/java-7-openjdk-amd64/jre/lib/amd64/libjava.so
7fa14e6d1000-7fa14e6e0000 r-xp 00000000 08:06 1065260                    /usr/lib/jvm/java-7-openjdk-amd64/jre/lib/amd64/libverify.so
7fa14e6e0000-7fa14e8df000 ---p 0000f000 08:06 1065260                    /usr/lib/jvm/java-7-openjdk-amd64/jre/lib/amd64/libverify.so
7fa14e8df000-7fa14e8e1000 r--p 0000e000 08:06 1065260                    /usr/lib/jvm/java-7-openjdk-amd64/jre/lib/amd64/libverify.so
7fa14e8e1000-7fa14e8e2000 rw-p 00010000 08:06 1065260                    /usr/lib/jvm/java-7-openjdk-amd64/jre/lib/amd64/libverify.so
7fa14e8e2000-7fa14e8e9000 r-xp 00000000 08:06 4473137                    /lib/x86_64-linux-gnu/librt-2.21.so
7fa14e8e9000-7fa14eae8000 ---p 00007000 08:06 4473137                    /lib/x86_64-linux-gnu/librt-2.21.so
7fa14eae8000-7fa14eae9000 r--p 00006000 08:06 4473137                    /lib/x86_64-linux-gnu/librt-2.21.so
7fa14eae9000-7fa14eaea000 rw-p 00007000 08:06 4473137                    /lib/x86_64-linux-gnu/librt-2.21.so
7fa14eaea000-7fa14eb00000 r-xp 00000000 08:06 4469845                    /lib/x86_64-linux-gnu/libgcc_s.so.1
7fa14eb00000-7fa14ecff000 ---p 00016000 08:06 4469845                    /lib/x86_64-linux-gnu/libgcc_s.so.1
7fa14ecff000-7fa14ed00000 r--p 00015000 08:06 4469845                    /lib/x86_64-linux-gnu/libgcc_s.so.1
7fa14ed00000-7fa14ed01000 rw-p 00016000 08:06 4469845                    /lib/x86_64-linux-gnu/libgcc_s.so.1
7fa14ed01000-7fa14ee08000 r-xp 00000000 08:06 4473194                    /lib/x86_64-linux-gnu/libm-2.21.so
7fa14ee08000-7fa14f007000 ---p 00107000 08:06 4473194                    /lib/x86_64-linux-gnu/libm-2.21.so
7fa14f007000-7fa14f008000 r--p 00106000 08:06 4473194                    /lib/x86_64-linux-gnu/libm-2.21.so
7fa14f008000-7fa14f009000 rw-p 00107000 08:06 4473194                    /lib/x86_64-linux-gnu/libm-2.21.so
7fa14f009000-7fa14f17c000 r-xp 00000000 08:06 535706                     /usr/lib/x86_64-linux-gnu/libstdc++.so.6.0.21
7fa14f17c000-7fa14f37b000 ---p 00173000 08:06 535706                     /usr/lib/x86_64-linux-gnu/libstdc++.so.6.0.21
7fa14f37b000-7fa14f385000 r--p 00172000 08:06 535706                     /usr/lib/x86_64-linux-gnu/libstdc++.so.6.0.21
7fa14f385000-7fa14f387000 rw-p 0017c000 08:06 535706                     /usr/lib/x86_64-linux-gnu/libstdc++.so.6.0.21
7fa14f387000-7fa14f38b000 rw-p 00000000 00:00 0 
7fa14f38b000-7fa14fedc000 r-xp 00000000 08:06 1065271                    /usr/lib/jvm/java-7-openjdk-amd64/jre/lib/amd64/server/libjvm.so
7fa14fedc000-7fa1500db000 ---p 00b51000 08:06 1065271                    /usr/lib/jvm/java-7-openjdk-amd64/jre/lib/amd64/server/libjvm.so
7fa1500db000-7fa15016c000 r--p 00b50000 08:06 1065271                    /usr/lib/jvm/java-7-openjdk-amd64/jre/lib/amd64/server/libjvm.so
7fa15016c000-7fa15018f000 rw-p 00be1000 08:06 1065271                    /usr/lib/jvm/java-7-openjdk-amd64/jre/lib/amd64/server/libjvm.so
7fa15018f000-7fa1501ba000 rw-p 00000000 00:00 0 
7fa1501ba000-7fa1501d3000 r-xp 00000000 08:06 4469991                    /lib/x86_64-linux-gnu/libz.so.1.2.8
7fa1501d3000-7fa1503d2000 ---p 00019000 08:06 4469991                    /lib/x86_64-linux-gnu/libz.so.1.2.8
7fa1503d2000-7fa1503d3000 r--p 00018000 08:06 4469991                    /lib/x86_64-linux-gnu/libz.so.1.2.8
7fa1503d3000-7fa1503d4000 rw-p 00019000 08:06 4469991                    /lib/x86_64-linux-gnu/libz.so.1.2.8
7fa1503d4000-7fa1503ec000 r-xp 00000000 08:06 4473138                    /lib/x86_64-linux-gnu/libpthread-2.21.so
7fa1503ec000-7fa1505ec000 ---p 00018000 08:06 4473138                    /lib/x86_64-linux-gnu/libpthread-2.21.so
7fa1505ec000-7fa1505ed000 r--p 00018000 08:06 4473138                    /lib/x86_64-linux-gnu/libpthread-2.21.so
7fa1505ed000-7fa1505ee000 rw-p 00019000 08:06 4473138                    /lib/x86_64-linux-gnu/libpthread-2.21.so
7fa1505ee000-7fa1505f2000 rw-p 00000000 00:00 0 
7fa1505f2000-7fa1505f5000 r-xp 00000000 08:06 4473190                    /lib/x86_64-linux-gnu/libdl-2.21.so
7fa1505f5000-7fa1507f4000 ---p 00003000 08:06 4473190                    /lib/x86_64-linux-gnu/libdl-2.21.so
7fa1507f4000-7fa1507f5000 r--p 00002000 08:06 4473190                    /lib/x86_64-linux-gnu/libdl-2.21.so
7fa1507f5000-7fa1507f6000 rw-p 00003000 08:06 4473190                    /lib/x86_64-linux-gnu/libdl-2.21.so
7fa1507f6000-7fa1509b6000 r-xp 00000000 08:06 4473593                    /lib/x86_64-linux-gnu/libc-2.21.so
7fa1509b6000-7fa150bb6000 ---p 001c0000 08:06 4473593                    /lib/x86_64-linux-gnu/libc-2.21.so
7fa150bb6000-7fa150bba000 r--p 001c0000 08:06 4473593                    /lib/x86_64-linux-gnu/libc-2.21.so
7fa150bba000-7fa150bbc000 rw-p 001c4000 08:06 4473593                    /lib/x86_64-linux-gnu/libc-2.21.so
7fa150bbc000-7fa150bc0000 rw-p 00000000 00:00 0 
7fa150bc0000-7fa150bcd000 r-xp 00000000 08:06 1065286                    /usr/lib/jvm/java-7-openjdk-amd64/jre/lib/amd64/jli/libjli.so
7fa150bcd000-7fa150dcc000 ---p 0000d000 08:06 1065286                    /usr/lib/jvm/java-7-openjdk-amd64/jre/lib/amd64/jli/libjli.so
7fa150dcc000-7fa150dcd000 r--p 0000c000 08:06 1065286                    /usr/lib/jvm/java-7-openjdk-amd64/jre/lib/amd64/jli/libjli.so
7fa150dcd000-7fa150dce000 rw-p 0000d000 08:06 1065286                    /usr/lib/jvm/java-7-openjdk-amd64/jre/lib/amd64/jli/libjli.so
7fa150dce000-7fa150df2000 r-xp 00000000 08:06 4473183                    /lib/x86_64-linux-gnu/ld-2.21.so
7fa150df4000-7fa150e1b000 rw-p 00000000 00:00 0 
7fa150e1b000-7fa150ecc000 rw-p 00000000 00:00 0 
7fa150ecc000-7fa150ecf000 ---p 00000000 00:00 0 
7fa150ecf000-7fa150fd2000 rw-p 00000000 00:00 0                          [stack:32361]
7fa150fd4000-7fa150fd5000 rw-p 00000000 00:00 0 
7fa150fd5000-7fa150fd6000 r--s 00002000 08:06 1065318                    /usr/lib/jvm/java-7-openjdk-amd64/jre/lib/ext/dnsns.jar
7fa150fd6000-7fa150fd8000 r--s 00007000 08:06 1065162                    /usr/share/java/java-atk-wrapper.jar
7fa150fd8000-7fa150fdb000 r--s 0000f000 08:06 1065321                    /usr/lib/jvm/java-7-openjdk-amd64/jre/lib/ext/icedtea-sound.jar
7fa150fdb000-7fa150fdf000 r--s 0003c000 08:06 1065323                    /usr/lib/jvm/java-7-openjdk-amd64/jre/lib/ext/sunpkcs11.jar
7fa150fdf000-7fa150fe1000 r--s 00012000 08:06 1065319                    /usr/lib/jvm/java-7-openjdk-amd64/jre/lib/ext/zipfs.jar
7fa150fe1000-7fa150fe5000 r--s 00085000 08:06 1065322                    /usr/lib/jvm/java-7-openjdk-amd64/jre/lib/ext/localedata.jar
7fa150fe5000-7fa150fed000 rw-s 00000000 08:06 3824304                    /tmp/hsperfdata_prajit/32355
7fa150fed000-7fa150fee000 rw-p 00000000 00:00 0 
7fa150fee000-7fa150fef000 ---p 00000000 00:00 0 
7fa150fef000-7fa150ff1000 rw-p 00000000 00:00 0 
7fa150ff1000-7fa150ff2000 r--p 00023000 08:06 4473183                    /lib/x86_64-linux-gnu/ld-2.21.so
7fa150ff2000-7fa150ff3000 rw-p 00024000 08:06 4473183                    /lib/x86_64-linux-gnu/ld-2.21.so
7fa150ff3000-7fa150ff4000 rw-p 00000000 00:00 0 
7ffe56836000-7ffe56858000 rw-p 00000000 00:00 0                          [stack]
7ffe569d5000-7ffe569d7000 r--p 00000000 00:00 0                          [vvar]
7ffe569d7000-7ffe569d9000 r-xp 00000000 00:00 0                          [vdso]
ffffffffff600000-ffffffffff601000 r-xp 00000000 00:00 0                  [vsyscall]

VM Arguments:
jvm_args: -Xmx1024M -Dfile.encoding=UTF-8 -Duser.country=US -Duser.language=en -Duser.variant 
java_command: com.android.dx.command.Main --dex --num-threads=4 --output /home/prajit/AndroidStudioProjects/QMS/app/build/intermediates/dex/debug /home/prajit/AndroidStudioProjects/QMS/app/build/intermediates/classes/debug /home/prajit/AndroidStudioProjects/QMS/app/build/intermediates/pre-dexed/debug/support-annotations-23.2.0-3a7746c041dd855e0d5c066307be5e2cdd7c57af.jar /home/prajit/AndroidStudioProjects/QMS/app/build/intermediates/pre-dexed/debug/classes-a9324a343310b8ef0dbbd1d3a7349af6ac2440fc.jar /home/prajit/AndroidStudioProjects/QMS/app/build/intermediates/pre-dexed/debug/classes-f76fc46938cb48822a4be7dda9c5b950abb8e2af.jar /home/prajit/AndroidStudioProjects/QMS/app/build/intermediates/pre-dexed/debug/classes-a198eed160dba1fba74b24127079bfb8de739506.jar /home/prajit/AndroidStudioProjects/QMS/app/build/intermediates/pre-dexed/debug/httpmime-4.3-3fda06e08bda9d739ba22eb9b396cf7a79c1928e.jar /home/prajit/AndroidStudioProjects/QMS/app/build/intermediates/pre-dexed/debug/ormlite-android-4.48-b6569c0c14941c99557c9b09ecee0363e4954dc7.jar /home/prajit/AndroidStudioProjects/QMS/app/build/intermediates/pre-dexed/debug/volley-c0cba6698b7beec96d5e0f477cf13f4ca8157572.jar /home/prajit/AndroidStudioProjects/QMS/app/build/intermediates/pre-dexed/debug/picasso-2.4.0-023c6538e8b25248ff5d7437e8910fa40006f0fb.jar /home/prajit/AndroidStudioProjects/QMS/app/build/intermediates/pre-dexed/debug/aws-android-sdk-cognito-2.2.14-b583bfbc3f6d65b25ec4af1f803f1e2c055f3c2f.jar /home/prajit/AndroidStudioProjects/QMS/app/build/intermediates/pre-dexed/debug/gson-2.3-a9cee03b0d2bc6e590333aaa4c4d42670f7ff4a6.jar /home/prajit/AndroidStudioProjects/QMS/app/build/intermediates/pre-dexed/debug/aws-android-sdk-ddb-2.2.14-1d64ec407f005f688d331c3f4b936233f4db4458.jar /home/prajit/AndroidStudioProjects/QMS/app/build/intermediates/pre-dexed/debug/internal_impl-23.2.0-6619ed6ec79d15d2fe470cc9fcde667915af0e69.jar /home/prajit/AndroidStudioProjects/QMS/app/build/intermediates/pre-dexed/debug/classes-74a23b
Launcher Type: SUN_STANDARD

Environment Variables:
PATH=/usr/local/sbin:/usr/local/bin:/usr/sbin:/usr/bin:/sbin:/bin:/usr/games:/usr/local/games
LD_LIBRARY_PATH=/home/prajit/android-studio/bin:
SHELL=/bin/bash
DISPLAY=:0

Signal Handlers:
SIGSEGV: [libjvm.so+0x995450], sa_mask[0]=0x7ffbfeff, sa_flags=0x10000004
SIGBUS: [libjvm.so+0x995450], sa_mask[0]=0x7ffbfeff, sa_flags=0x10000004
SIGFPE: [libjvm.so+0x7fc6a0], sa_mask[0]=0x7ffbfeff, sa_flags=0x10000004
SIGPIPE: [libjvm.so+0x7fc6a0], sa_mask[0]=0x7ffbfeff, sa_flags=0x10000004
SIGXFSZ: [libjvm.so+0x7fc6a0], sa_mask[0]=0x7ffbfeff, sa_flags=0x10000004
SIGILL: [libjvm.so+0x7fc6a0], sa_mask[0]=0x7ffbfeff, sa_flags=0x10000004
SIGUSR1: SIG_DFL, sa_mask[0]=0x00000000, sa_flags=0x00000000
SIGUSR2: [libjvm.so+0x7fc520], sa_mask[0]=0x00000004, sa_flags=0x10000004
SIGHUP: [libjvm.so+0x7fc6b0], sa_mask[0]=0x7ffbfeff, sa_flags=0x10000004
SIGINT: [libjvm.so+0x7fc6b0], sa_mask[0]=0x7ffbfeff, sa_flags=0x10000004
SIGTERM: [libjvm.so+0x7fc6b0], sa_mask[0]=0x7ffbfeff, sa_flags=0x10000004
SIGQUIT: [libjvm.so+0x7fc6b0], sa_mask[0]=0x7ffbfeff, sa_flags=0x10000004
SIGTRAP: SIG_DFL, sa_mask[0]=0x00000000, sa_flags=0x00000000


---------------  S Y S T E M  ---------------

OS:Ubuntu 15.10 (wily)
uname:Linux 4.2.0-34-generic #39-Ubuntu SMP Thu Mar 10 22:13:01 UTC 2016 x86_64
libc:glibc 2.21 NPTL 2.21 
rlimit: STACK 8192k, CORE 0k, NPROC 30985, NOFILE 65536, AS infinity
load average:4.56 3.55 2.37

/proc/meminfo:
MemTotal:        7966900 kB
MemFree:           49320 kB
MemAvailable:     110692 kB
Buffers:            3888 kB
Cached:          1675392 kB
SwapCached:            0 kB
Active:          6104336 kB
Inactive:        1607500 kB
Active(anon):    6074748 kB
Inactive(anon):  1576248 kB
Active(file):      29588 kB
Inactive(file):    31252 kB
Unevictable:          32 kB
Mlocked:              32 kB
SwapTotal:             0 kB
SwapFree:              0 kB
Dirty:              4612 kB
Writeback:             0 kB
AnonPages:       6032644 kB
Mapped:           206044 kB
Shmem:           1618392 kB
Slab:              85732 kB
SReclaimable:      42568 kB
SUnreclaim:        43164 kB
KernelStack:       13984 kB
PageTables:        65668 kB
NFS_Unstable:          0 kB
Bounce:                0 kB
WritebackTmp:          0 kB
CommitLimit:     3983448 kB
Committed_AS:   14053668 kB
VmallocTotal:   34359738367 kB
VmallocUsed:      359420 kB
VmallocChunk:   34358945788 kB
HardwareCorrupted:     0 kB
AnonHugePages:   3495936 kB
CmaTotal:              0 kB
CmaFree:               0 kB
HugePages_Total:       0
HugePages_Free:        0
HugePages_Rsvd:        0
HugePages_Surp:        0
Hugepagesize:       2048 kB
DirectMap4k:      157404 kB
DirectMap2M:     8024064 kB


CPU:total 4 (2 cores per cpu, 2 threads per core) family 6 model 37 stepping 5, cmov, cx8, fxsr, mmx, sse, sse2, sse3, ssse3, sse4.1, sse4.2, popcnt, ht, tsc, tscinvbit

/proc/cpuinfo:
processor	: 0
vendor_id	: GenuineIntel
cpu family	: 6
model		: 37
model name	: Intel(R) Core(TM) i3 CPU         540  @ 3.07GHz
stepping	: 5
microcode	: 0x2
cpu MHz		: 3059.000
cache size	: 4096 KB
physical id	: 0
siblings	: 4
core id		: 0
cpu cores	: 2
apicid		: 0
initial apicid	: 0
fpu		: yes
fpu_exception	: yes
cpuid level	: 11
wp		: yes
flags		: fpu vme de pse tsc msr pae mce cx8 apic sep mtrr pge mca cmov pat pse36 clflush dts acpi mmx fxsr sse sse2 ss ht tm pbe syscall nx rdtscp lm constant_tsc arch_perfmon pebs bts rep_good nopl xtopology nonstop_tsc aperfmperf pni dtes64 monitor ds_cpl vmx est tm2 ssse3 cx16 xtpr pdcm pcid sse4_1 sse4_2 popcnt lahf_lm arat dtherm tpr_shadow vnmi flexpriority ept vpid
bugs		:
bogomips	: 6117.86
clflush size	: 64
cache_alignment	: 64
address sizes	: 36 bits physical, 48 bits virtual
power management:

processor	: 1
vendor_id	: GenuineIntel
cpu family	: 6
model		: 37
model name	: Intel(R) Core(TM) i3 CPU         540  @ 3.07GHz
stepping	: 5
microcode	: 0x2
cpu MHz		: 3059.000
cache size	: 4096 KB
physical id	: 0
siblings	: 4
core id		: 0
cpu cores	: 2
apicid		: 1
initial apicid	: 1
fpu		: yes
fpu_exception	: yes
cpuid level	: 11
wp		: yes
flags		: fpu vme de pse tsc msr pae mce cx8 apic sep mtrr pge mca cmov pat pse36 clflush dts acpi mmx fxsr sse sse2 ss ht tm pbe syscall nx rdtscp lm constant_tsc arch_perfmon pebs bts rep_good nopl xtopology nonstop_tsc aperfmperf pni dtes64 monitor ds_cpl vmx est tm2 ssse3 cx16 xtpr pdcm pcid sse4_1 sse4_2 popcnt lahf_lm arat dtherm tpr_shadow vnmi flexpriority ept vpid
bugs		:
bogomips	: 6117.86
clflush size	: 64
cache_alignment	: 64
address sizes	: 36 bits physical, 48 bits virtual
power management:

processor	: 2
vendor_id	: GenuineIntel
cpu family	: 6
model		: 37
model name	: Intel(R) Core(TM) i3 CPU         540  @ 3.07GHz
stepping	: 5
microcode	: 0x2
cpu MHz		: 3059.000
cache size	: 4096 KB
physical id	: 0
siblings	: 4
core id		: 2
cpu cores	: 2
apicid		: 4
initial apicid	: 4
fpu		: yes
fpu_exception	: yes
cpuid level	: 11
wp		: yes
flags		: fpu vme de pse tsc msr pae mce cx8 apic sep mtrr pge mca cmov pat pse36 clflush dts acpi mmx fxsr sse sse2 ss ht tm pbe syscall nx rdtscp lm constant_tsc arch_perfmon pebs bts rep_good nopl xtopology nonstop_tsc aperfmperf pni dtes64 monitor ds_cpl vmx est tm2 ssse3 cx16 xtpr pdcm pcid sse4_1 sse4_2 popcnt lahf_lm arat dtherm tpr_shadow vnmi flexpriority ept vpid
bugs		:
bogomips	: 6117.86
clflush size	: 64
cache_alignment	: 64
address sizes	: 36 bits physical, 48 bits virtual
power management:

processor	: 3
vendor_id	: GenuineIntel
cpu family	: 6
model		: 37
model name	: Intel(R) Core(TM) i3 CPU         540  @ 3.07GHz
stepping	: 5
microcode	: 0x2
cpu MHz		: 1197.000
cache size	: 4096 KB
physical id	: 0
siblings	: 4
core id		: 2
cpu cores	: 2
apicid		: 5
initial apicid	: 5
fpu		: yes
fpu_exception	: yes
cpuid level	: 11
wp		: yes
flags		: fpu vme de pse tsc msr pae mce cx8 apic sep mtrr pge mca cmov pat pse36 clflush dts acpi mmx fxsr sse sse2 ss ht tm pbe syscall nx rdtscp lm constant_tsc arch_perfmon pebs bts rep_good nopl xtopology nonstop_tsc aperfmperf pni dtes64 monitor ds_cpl vmx est tm2 ssse3 cx16 xtpr pdcm pcid sse4_1 sse4_2 popcnt lahf_lm arat dtherm tpr_shadow vnmi flexpriority ept vpid
bugs		:
bogomips	: 6117.86
clflush size	: 64
cache_alignment	: 64
address sizes	: 36 bits physical, 48 bits virtual
power management:



Memory: 4k page, physical 7966900k(49320k free), swap 0k(0k free)

vm_info: OpenJDK 64-Bit Server VM (24.95-b01) for linux-amd64 JRE (1.7.0_95-b00), built on Mar 24 2016 06:07:15 by "buildd" with gcc 5.2.1 20151010

time: Mon Apr  4 16:57:53 2016
elapsed time: 12 seconds

