#
# There is insufficient memory for the Java Runtime Environment to continue.
# Native memory allocation (malloc) failed to allocate 158334976 bytes for committing reserved memory.
# Possible reasons:
#   The system is out of physical RAM or swap space
#   In 32 bit mode, the process size limit was hit
# Possible solutions:
#   Reduce memory load on the system
#   Increase physical memory or swap space
#   Check if swap backing store is full
#   Use 64 bit Java on a 64 bit OS
#   Decrease Java heap size (-Xmx/-Xms)
#   Decrease number of Java threads
#   Decrease Java thread stack sizes (-Xss)
#   Set larger code cache with -XX:ReservedCodeCacheSize=
# This output file may be truncated or incomplete.
#
#  Out of Memory Error (os_linux.cpp:2827), pid=7841, tid=139999197312768
#
# JRE version: OpenJDK Runtime Environment (7.0_95) (build 1.7.0_95-b00)
# Java VM: OpenJDK 64-Bit Server VM (24.95-b01 mixed mode linux-amd64 compressed oops)
# Derivative: IcedTea 2.6.4
# Distribution: Ubuntu 15.10, package 7u95-2.6.4-0ubuntu0.15.10.1
# Failed to write core dump. Core dumps have been disabled. To enable core dumping, try "ulimit -c unlimited" before starting Java again
#

---------------  T H R E A D  ---------------

Current thread (0x00007f5420077000):  VMThread [stack: 0x00007f541a5cb000,0x00007f541a6cc000] [id=7850]

Stack: [0x00007f541a5cb000,0x00007f541a6cc000],  sp=0x00007f541a6ca4f0,  free space=1021k
Native frames: (J=compiled Java code, j=interpreted, Vv=VM code, C=native code)
V  [libjvm.so+0x9948f3]
V  [libjvm.so+0x48a9df]
V  [libjvm.so+0x80143b]
V  [libjvm.so+0x7fb82e]
V  [libjvm.so+0x871c4b]
V  [libjvm.so+0x873593]
V  [libjvm.so+0x86f818]
V  [libjvm.so+0x86fafc]
V  [libjvm.so+0x824df3]
V  [libjvm.so+0x996392]
V  [libjvm.so+0x99b0d7]
V  [libjvm.so+0x998968]
V  [libjvm.so+0x999cdf]
V  [libjvm.so+0x99a1d1]
V  [libjvm.so+0x7fe362]

VM_Operation (0x00007f5428f11450): ParallelGCFailedAllocation, mode: safepoint, requested by thread 0x00007f542000b800


---------------  P R O C E S S  ---------------

Java Threads: ( => current thread )
  0x00007f54200b0000 JavaThread "Service Thread" daemon [_thread_blocked, id=7856, stack(0x00007f54198e2000,0x00007f54199e3000)]
  0x00007f54200ad800 JavaThread "C2 CompilerThread1" daemon [_thread_blocked, id=7855, stack(0x00007f54199e3000,0x00007f5419ae4000)]
  0x00007f54200aa800 JavaThread "C2 CompilerThread0" daemon [_thread_blocked, id=7854, stack(0x00007f5419ae4000,0x00007f5419be5000)]
  0x00007f54200a8800 JavaThread "Signal Dispatcher" daemon [_thread_blocked, id=7853, stack(0x00007f5419be5000,0x00007f5419ce6000)]
  0x00007f542007d800 JavaThread "Finalizer" daemon [_thread_blocked, id=7852, stack(0x00007f541a3c9000,0x00007f541a4ca000)]
  0x00007f542007b800 JavaThread "Reference Handler" daemon [_thread_blocked, id=7851, stack(0x00007f541a4ca000,0x00007f541a5cb000)]
  0x00007f542000b800 JavaThread "main" [_thread_blocked, id=7845, stack(0x00007f5428e12000,0x00007f5428f13000)]

Other Threads:
=>0x00007f5420077000 VMThread [stack: 0x00007f541a5cb000,0x00007f541a6cc000] [id=7850]
  0x00007f54200ba800 WatcherThread [stack: 0x00007f54197e1000,0x00007f54198e2000] [id=7857]

VM state:at safepoint (normal execution)

VM Mutex/Monitor currently owned by a thread:  ([mutex/lock_event])
[0x00007f5420007e10] Threads_lock - owner thread: 0x00007f5420077000
[0x00007f5420008310] Heap_lock - owner thread: 0x00007f542000b800

Heap
 PSYoungGen      total 130048K, used 5117K [0x00000000eaa80000, 0x00000000f2e80000, 0x0000000100000000)
  eden space 124928K, 0% used [0x00000000eaa80000,0x00000000eaa80000,0x00000000f2480000)
  from space 5120K, 99% used [0x00000000f2480000,0x00000000f297f5a8,0x00000000f2980000)
  to   space 5120K, 0% used [0x00000000f2980000,0x00000000f2980000,0x00000000f2e80000)
 ParOldGen       total 82944K, used 37114K [0x00000000c0000000, 0x00000000c5100000, 0x00000000eaa80000)
  object space 82944K, 44% used [0x00000000c0000000,0x00000000c243e900,0x00000000c5100000)
 PSPermGen       total 21504K, used 7591K [0x00000000b5a00000, 0x00000000b6f00000, 0x00000000c0000000)
  object space 21504K, 35% used [0x00000000b5a00000,0x00000000b6169d98,0x00000000b6f00000)

Card table byte_map: [0x00007f542574d000,0x00007f54259a1000] byte_map_base: 0x00007f54251a0000

Polling page: 0x00007f5428f31000

Code Cache  [0x00007f541d000000, 0x00007f541d380000, 0x00007f5420000000)
 total_blobs=1357 nmethods=1106 adapters=205 free_code_cache=45690Kb largest_free_block=46721600

Compilation events (10 events):
Event: 10.296 Thread 0x00007f54200aa800 nmethod 1126 0x00007f541d364b90 code [0x00007f541d364ce0, 0x00007f541d364e38]
Event: 10.296 Thread 0x00007f54200aa800 1127             com.android.dx.io.instructions.InstructionCodec$3::encode (25 bytes)
Event: 10.298 Thread 0x00007f54200aa800 nmethod 1127 0x00007f541d35b950 code [0x00007f541d35bac0, 0x00007f541d35bcb8]
Event: 10.319 Thread 0x00007f54200ad800 nmethod 1118 0x00007f541d36b890 code [0x00007f541d36bca0, 0x00007f541d36dca8]
Event: 10.326 Thread 0x00007f54200ad800 1129             com.android.dx.util.ByteArrayAnnotatedOutput::<init> (9 bytes)
Event: 10.326 Thread 0x00007f54200aa800 1128             com.android.dx.util.ByteArrayAnnotatedOutput::<init> (54 bytes)
Event: 10.327 Thread 0x00007f54200aa800 nmethod 1128 0x00007f541d364950 code [0x00007f541d364a80, 0x00007f541d364b18]
Event: 10.327 Thread 0x00007f54200aa800 1130             com.android.dx.util.ByteArrayAnnotatedOutput::toByteArray (23 bytes)
Event: 10.327 Thread 0x00007f54200ad800 nmethod 1129 0x00007f541d35b650 code [0x00007f541d35b7a0, 0x00007f541d35b8b8]
Event: 10.328 Thread 0x00007f54200aa800 nmethod 1130 0x00007f541d35b290 code [0x00007f541d35b3e0, 0x00007f541d35b558]

GC Heap History (9 events):
Event: 1.487 GC heap before
{Heap before GC invocations=1 (full 0):
 PSYoungGen      total 36352K, used 31232K [0x00000000eaa80000, 0x00000000ed300000, 0x0000000100000000)
  eden space 31232K, 100% used [0x00000000eaa80000,0x00000000ec900000,0x00000000ec900000)
  from space 5120K, 0% used [0x00000000ece00000,0x00000000ece00000,0x00000000ed300000)
  to   space 5120K, 0% used [0x00000000ec900000,0x00000000ec900000,0x00000000ece00000)
 ParOldGen       total 82944K, used 0K [0x00000000c0000000, 0x00000000c5100000, 0x00000000eaa80000)
  object space 82944K, 0% used [0x00000000c0000000,0x00000000c0000000,0x00000000c5100000)
 PSPermGen       total 21504K, used 5518K [0x00000000b5a00000, 0x00000000b6f00000, 0x00000000c0000000)
  object space 21504K, 25% used [0x00000000b5a00000,0x00000000b5f63860,0x00000000b6f00000)
Event: 1.513 GC heap after
Heap after GC invocations=1 (full 0):
 PSYoungGen      total 36352K, used 5104K [0x00000000eaa80000, 0x00000000ef180000, 0x0000000100000000)
  eden space 31232K, 0% used [0x00000000eaa80000,0x00000000eaa80000,0x00000000ec900000)
  from space 5120K, 99% used [0x00000000ec900000,0x00000000ecdfc038,0x00000000ece00000)
  to   space 5120K, 0% used [0x00000000eec80000,0x00000000eec80000,0x00000000ef180000)
 ParOldGen       total 82944K, used 1709K [0x00000000c0000000, 0x00000000c5100000, 0x00000000eaa80000)
  object space 82944K, 2% used [0x00000000c0000000,0x00000000c01ab510,0x00000000c5100000)
 PSPermGen       total 21504K, used 5518K [0x00000000b5a00000, 0x00000000b6f00000, 0x00000000c0000000)
  object space 21504K, 25% used [0x00000000b5a00000,0x00000000b5f63860,0x00000000b6f00000)
}
Event: 2.266 GC heap before
{Heap before GC invocations=2 (full 0):
 PSYoungGen      total 36352K, used 36336K [0x00000000eaa80000, 0x00000000ef180000, 0x0000000100000000)
  eden space 31232K, 100% used [0x00000000eaa80000,0x00000000ec900000,0x00000000ec900000)
  from space 5120K, 99% used [0x00000000ec900000,0x00000000ecdfc038,0x00000000ece00000)
  to   space 5120K, 0% used [0x00000000eec80000,0x00000000eec80000,0x00000000ef180000)
 ParOldGen       total 82944K, used 1709K [0x00000000c0000000, 0x00000000c5100000, 0x00000000eaa80000)
  object space 82944K, 2% used [0x00000000c0000000,0x00000000c01ab510,0x00000000c5100000)
 PSPermGen       total 21504K, used 5582K [0x00000000b5a00000, 0x00000000b6f00000, 0x00000000c0000000)
  object space 21504K, 25% used [0x00000000b5a00000,0x00000000b5f73800,0x00000000b6f00000)
Event: 2.314 GC heap after
Heap after GC invocations=2 (full 0):
 PSYoungGen      total 67584K, used 5091K [0x00000000eaa80000, 0x00000000ef180000, 0x0000000100000000)
  eden space 62464K, 0% used [0x00000000eaa80000,0x00000000eaa80000,0x00000000ee780000)
  from space 5120K, 99% used [0x00000000eec80000,0x00000000ef178da8,0x00000000ef180000)
  to   space 5120K, 0% used [0x00000000ee780000,0x00000000ee780000,0x00000000eec80000)
 ParOldGen       total 82944K, used 6741K [0x00000000c0000000, 0x00000000c5100000, 0x00000000eaa80000)
  object space 82944K, 8% used [0x00000000c0000000,0x00000000c0695460,0x00000000c5100000)
 PSPermGen       total 21504K, used 5582K [0x00000000b5a00000, 0x00000000b6f00000, 0x00000000c0000000)
  object space 21504K, 25% used [0x00000000b5a00000,0x00000000b5f73800,0x00000000b6f00000)
}
Event: 3.611 GC heap before
{Heap before GC invocations=3 (full 0):
 PSYoungGen      total 67584K, used 67555K [0x00000000eaa80000, 0x00000000ef180000, 0x0000000100000000)
  eden space 62464K, 100% used [0x00000000eaa80000,0x00000000ee780000,0x00000000ee780000)
  from space 5120K, 99% used [0x00000000eec80000,0x00000000ef178da8,0x00000000ef180000)
  to   space 5120K, 0% used [0x00000000ee780000,0x00000000ee780000,0x00000000eec80000)
 ParOldGen       total 82944K, used 6741K [0x00000000c0000000, 0x00000000c5100000, 0x00000000eaa80000)
  object space 82944K, 8% used [0x00000000c0000000,0x00000000c0695460,0x00000000c5100000)
 PSPermGen       total 21504K, used 5641K [0x00000000b5a00000, 0x00000000b6f00000, 0x00000000c0000000)
  object space 21504K, 26% used [0x00000000b5a00000,0x00000000b5f82670,0x00000000b6f00000)
Event: 3.739 GC heap after
Heap after GC invocations=3 (full 0):
 PSYoungGen      total 67584K, used 5092K [0x00000000eaa80000, 0x00000000f2e80000, 0x0000000100000000)
  eden space 62464K, 0% used [0x00000000eaa80000,0x00000000eaa80000,0x00000000ee780000)
  from space 5120K, 99% used [0x00000000ee780000,0x00000000eec79138,0x00000000eec80000)
  to   space 5120K, 0% used [0x00000000f2980000,0x00000000f2980000,0x00000000f2e80000)
 ParOldGen       total 82944K, used 16597K [0x00000000c0000000, 0x00000000c5100000, 0x00000000eaa80000)
  object space 82944K, 20% used [0x00000000c0000000,0x00000000c1035628,0x00000000c5100000)
 PSPermGen       total 21504K, used 5641K [0x00000000b5a00000, 0x00000000b6f00000, 0x00000000c0000000)
  object space 21504K, 26% used [0x00000000b5a00000,0x00000000b5f82670,0x00000000b6f00000)
}
Event: 9.681 GC heap before
{Heap before GC invocations=4 (full 0):
 PSYoungGen      total 67584K, used 67556K [0x00000000eaa80000, 0x00000000f2e80000, 0x0000000100000000)
  eden space 62464K, 100% used [0x00000000eaa80000,0x00000000ee780000,0x00000000ee780000)
  from space 5120K, 99% used [0x00000000ee780000,0x00000000eec79138,0x00000000eec80000)
  to   space 5120K, 0% used [0x00000000f2980000,0x00000000f2980000,0x00000000f2e80000)
 ParOldGen       total 82944K, used 16597K [0x00000000c0000000, 0x00000000c5100000, 0x00000000eaa80000)
  object space 82944K, 20% used [0x00000000c0000000,0x00000000c1035628,0x00000000c5100000)
 PSPermGen       total 21504K, used 7517K [0x00000000b5a00000, 0x00000000b6f00000, 0x00000000c0000000)
  object space 21504K, 34% used [0x00000000b5a00000,0x00000000b61574f0,0x00000000b6f00000)
Event: 9.714 GC heap after
Heap after GC invocations=4 (full 0):
 PSYoungGen      total 130048K, used 5115K [0x00000000eaa80000, 0x00000000f2e80000, 0x0000000100000000)
  eden space 124928K, 0% used [0x00000000eaa80000,0x00000000eaa80000,0x00000000f2480000)
  from space 5120K, 99% used [0x00000000f2980000,0x00000000f2e7ed60,0x00000000f2e80000)
  to   space 5120K, 0% used [0x00000000f2480000,0x00000000f2480000,0x00000000f2980000)
 ParOldGen       total 82944K, used 27336K [0x00000000c0000000, 0x00000000c5100000, 0x00000000eaa80000)
  object space 82944K, 32% used [0x00000000c0000000,0x00000000c1ab22a0,0x00000000c5100000)
 PSPermGen       total 21504K, used 7517K [0x00000000b5a00000, 0x00000000b6f00000, 0x00000000c0000000)
  object space 21504K, 34% used [0x00000000b5a00000,0x00000000b61574f0,0x00000000b6f00000)
}
Event: 10.398 GC heap before
{Heap before GC invocations=5 (full 0):
 PSYoungGen      total 130048K, used 130043K [0x00000000eaa80000, 0x00000000f2e80000, 0x0000000100000000)
  eden space 124928K, 100% used [0x00000000eaa80000,0x00000000f2480000,0x00000000f2480000)
  from space 5120K, 99% used [0x00000000f2980000,0x00000000f2e7ed60,0x00000000f2e80000)
  to   space 5120K, 0% used [0x00000000f2480000,0x00000000f2480000,0x00000000f2980000)
 ParOldGen       total 82944K, used 27336K [0x00000000c0000000, 0x00000000c5100000, 0x00000000eaa80000)
  object space 82944K, 32% used [0x00000000c0000000,0x00000000c1ab22a0,0x00000000c5100000)
 PSPermGen       total 21504K, used 7591K [0x00000000b5a00000, 0x00000000b6f00000, 0x00000000c0000000)
  object space 21504K, 35% used [0x00000000b5a00000,0x00000000b6169d98,0x00000000b6f00000)

Deoptimization events (10 events):
Event: 10.127 Thread 0x00007f542000b800 Uncommon trap: reason=array_check action=maybe_recompile pc=0x00007f541d336118 method=java.util.ComparableTimSort.binarySort([Ljava/lang/Object;III)V @ 215
Event: 10.127 Thread 0x00007f542000b800 Uncommon trap: reason=array_check action=maybe_recompile pc=0x00007f541d3361d0 method=java.util.ComparableTimSort.binarySort([Ljava/lang/Object;III)V @ 193
Event: 10.242 Thread 0x00007f542000b800 Uncommon trap: reason=predicate action=maybe_recompile pc=0x00007f541d359fd0 method=java.util.TimSort.binarySort([Ljava/lang/Object;IIILjava/util/Comparator;)V @ 37
Event: 10.311 Thread 0x00007f542000b800 Uncommon trap: reason=array_check action=maybe_recompile pc=0x00007f541d362438 method=java.util.ComparableTimSort.binarySort([Ljava/lang/Object;III)V @ 183
Event: 10.329 Thread 0x00007f542000b800 Uncommon trap: reason=unstable_if action=reinterpret pc=0x00007f541d36d5d0 method=com.android.dx.merge.DexMerger.transformAnnotationDirectory(Lcom/android/dex/Dex$Section;Lcom/android/dx/merge/IndexMap;)V @ 199
Event: 10.332 Thread 0x00007f542000b800 Uncommon trap: reason=array_check action=maybe_recompile pc=0x00007f541d364064 method=java.util.TimSort.binarySort([Ljava/lang/Object;IIILjava/util/Comparator;)V @ 183
Event: 10.332 Thread 0x00007f542000b800 Uncommon trap: reason=array_check action=maybe_recompile pc=0x00007f541d363f7c method=java.util.TimSort.binarySort([Ljava/lang/Object;IIILjava/util/Comparator;)V @ 193
Event: 10.332 Thread 0x00007f542000b800 Uncommon trap: reason=array_check action=maybe_recompile pc=0x00007f541d363f7c method=java.util.TimSort.binarySort([Ljava/lang/Object;IIILjava/util/Comparator;)V @ 193
Event: 10.332 Thread 0x00007f542000b800 Uncommon trap: reason=array_check action=maybe_recompile pc=0x00007f541d363e78 method=java.util.TimSort.binarySort([Ljava/lang/Object;IIILjava/util/Comparator;)V @ 215
Event: 10.332 Thread 0x00007f542000b800 Uncommon trap: reason=array_check action=maybe_recompile pc=0x00007f541d363f7c method=java.util.TimSort.binarySort([Ljava/lang/Object;IIILjava/util/Comparator;)V @ 193

Internal exceptions (10 events):
Event: 8.662 Thread 0x00007f542000b800 Threw 0x00000000ed6cc1e0 at /build/openjdk-7-Fct0ZC/openjdk-7-7u95-2.6.4/build/openjdk/hotspot/src/share/vm/prims/jvm.cpp:1322
Event: 8.663 Thread 0x00007f542000b800 Threw 0x00000000ed6cfe60 at /build/openjdk-7-Fct0ZC/openjdk-7-7u95-2.6.4/build/openjdk/hotspot/src/share/vm/prims/jvm.cpp:1322
Event: 8.663 Thread 0x00007f542000b800 Threw 0x00000000ed6d3c30 at /build/openjdk-7-Fct0ZC/openjdk-7-7u95-2.6.4/build/openjdk/hotspot/src/share/vm/prims/jvm.cpp:1322
Event: 8.666 Thread 0x00007f542000b800 Threw 0x00000000ed6d9c00 at /build/openjdk-7-Fct0ZC/openjdk-7-7u95-2.6.4/build/openjdk/hotspot/src/share/vm/prims/jvm.cpp:1322
Event: 8.666 Thread 0x00007f542000b800 Threw 0x00000000ed6dd708 at /build/openjdk-7-Fct0ZC/openjdk-7-7u95-2.6.4/build/openjdk/hotspot/src/share/vm/prims/jvm.cpp:1322
Event: 8.667 Thread 0x00007f542000b800 Threw 0x00000000ed6e1408 at /build/openjdk-7-Fct0ZC/openjdk-7-7u95-2.6.4/build/openjdk/hotspot/src/share/vm/prims/jvm.cpp:1322
Event: 8.668 Thread 0x00007f542000b800 Threw 0x00000000ed6e4e58 at /build/openjdk-7-Fct0ZC/openjdk-7-7u95-2.6.4/build/openjdk/hotspot/src/share/vm/prims/jvm.cpp:1322
Event: 8.672 Thread 0x00007f542000b800 Threw 0x00000000ed72c948 at /build/openjdk-7-Fct0ZC/openjdk-7-7u95-2.6.4/build/openjdk/hotspot/src/share/vm/prims/jvm.cpp:1322
Event: 8.672 Thread 0x00007f542000b800 Threw 0x00000000ed72f4f0 at /build/openjdk-7-Fct0ZC/openjdk-7-7u95-2.6.4/build/openjdk/hotspot/src/share/vm/prims/jvm.cpp:1322
Event: 9.774 Thread 0x00007f542000b800 Threw 0x00000000eb281088 at /build/openjdk-7-Fct0ZC/openjdk-7-7u95-2.6.4/build/openjdk/hotspot/src/share/vm/prims/jvm.cpp:1322

Events (10 events):
Event: 10.332 Thread 0x00007f542000b800 Uncommon trap: trap_request=0xffffffd6 fr.pc=0x00007f541d363f7c
Event: 10.332 Thread 0x00007f542000b800 DEOPT PACKING pc=0x00007f541d363f7c sp=0x00007f5428f11520
Event: 10.332 Thread 0x00007f542000b800 DEOPT UNPACKING pc=0x00007f541d039045 sp=0x00007f5428f114e8 mode 2
Event: 10.332 Thread 0x00007f542000b800 Uncommon trap: trap_request=0xffffffd6 fr.pc=0x00007f541d363e78
Event: 10.332 Thread 0x00007f542000b800 DEOPT PACKING pc=0x00007f541d363e78 sp=0x00007f5428f11520
Event: 10.332 Thread 0x00007f542000b800 DEOPT UNPACKING pc=0x00007f541d039045 sp=0x00007f5428f114e8 mode 2
Event: 10.332 Thread 0x00007f542000b800 Uncommon trap: trap_request=0xffffffd6 fr.pc=0x00007f541d363f7c
Event: 10.332 Thread 0x00007f542000b800 DEOPT PACKING pc=0x00007f541d363f7c sp=0x00007f5428f11520
Event: 10.332 Thread 0x00007f542000b800 DEOPT UNPACKING pc=0x00007f541d039045 sp=0x00007f5428f114e8 mode 2
Event: 10.398 Executing VM operation: ParallelGCFailedAllocation


Dynamic libraries:
00400000-00401000 r-xp 00000000 08:06 1060470                            /usr/lib/jvm/java-7-openjdk-amd64/jre/bin/java
00600000-00601000 r--p 00000000 08:06 1060470                            /usr/lib/jvm/java-7-openjdk-amd64/jre/bin/java
00601000-00602000 rw-p 00001000 08:06 1060470                            /usr/lib/jvm/java-7-openjdk-amd64/jre/bin/java
008e4000-00905000 rw-p 00000000 00:00 0                                  [heap]
b5a00000-b6f00000 rw-p 00000000 00:00 0 
b6f00000-c0000000 rw-p 00000000 00:00 0 
c0000000-c5100000 rw-p 00000000 00:00 0 
c5100000-eaa80000 rw-p 00000000 00:00 0 
eaa80000-f2e80000 rw-p 00000000 00:00 0 
fc580000-100000000 rw-p 00000000 00:00 0 
7f53cc000000-7f53cc030000 rw-p 00000000 00:00 0 
7f53cc030000-7f53d0000000 ---p 00000000 00:00 0 
7f53d0000000-7f53d0021000 rw-p 00000000 00:00 0 
7f53d0021000-7f53d4000000 ---p 00000000 00:00 0 
7f53d4000000-7f53d4021000 rw-p 00000000 00:00 0 
7f53d4021000-7f53d8000000 ---p 00000000 00:00 0 
7f53d8000000-7f53d804f000 rw-p 00000000 00:00 0 
7f53d804f000-7f53dc000000 ---p 00000000 00:00 0 
7f53dc000000-7f53dc021000 rw-p 00000000 00:00 0 
7f53dc021000-7f53e0000000 ---p 00000000 00:00 0 
7f53e0000000-7f53e003a000 rw-p 00000000 00:00 0 
7f53e003a000-7f53e4000000 ---p 00000000 00:00 0 
7f53e4000000-7f53e5448000 rw-p 00000000 00:00 0 
7f53e5448000-7f53e8000000 ---p 00000000 00:00 0 
7f53e8000000-7f53e8021000 rw-p 00000000 00:00 0 
7f53e8021000-7f53ec000000 ---p 00000000 00:00 0 
7f53ec000000-7f53ec021000 rw-p 00000000 00:00 0 
7f53ec021000-7f53f0000000 ---p 00000000 00:00 0 
7f53f0000000-7f53f18f7000 rw-p 00000000 00:00 0 
7f53f18f7000-7f53f4000000 ---p 00000000 00:00 0 
7f53f4000000-7f53f4021000 rw-p 00000000 00:00 0 
7f53f4021000-7f53f8000000 ---p 00000000 00:00 0 
7f53f8000000-7f53f8021000 rw-p 00000000 00:00 0 
7f53f8021000-7f53fc000000 ---p 00000000 00:00 0 
7f53fc000000-7f53fc021000 rw-p 00000000 00:00 0 
7f53fc021000-7f5400000000 ---p 00000000 00:00 0 
7f5400000000-7f5400021000 rw-p 00000000 00:00 0 
7f5400021000-7f5404000000 ---p 00000000 00:00 0 
7f5404000000-7f5404021000 rw-p 00000000 00:00 0 
7f5404021000-7f5408000000 ---p 00000000 00:00 0 
7f540c000000-7f540c021000 rw-p 00000000 00:00 0 
7f540c021000-7f5410000000 ---p 00000000 00:00 0 
7f541366e000-7f541396f000 rw-p 00000000 00:00 0 
7f541396f000-7f54139db000 r-xp 00000000 08:06 4469931                    /lib/x86_64-linux-gnu/libpcre.so.3.13.1
7f54139db000-7f5413bda000 ---p 0006c000 08:06 4469931                    /lib/x86_64-linux-gnu/libpcre.so.3.13.1
7f5413bda000-7f5413bdb000 r--p 0006b000 08:06 4469931                    /lib/x86_64-linux-gnu/libpcre.so.3.13.1
7f5413bdb000-7f5413bdc000 rw-p 0006c000 08:06 4469931                    /lib/x86_64-linux-gnu/libpcre.so.3.13.1
7f5413bdc000-7f5413be3000 r-xp 00000000 08:06 535049                     /usr/lib/x86_64-linux-gnu/libffi.so.6.0.4
7f5413be3000-7f5413de2000 ---p 00007000 08:06 535049                     /usr/lib/x86_64-linux-gnu/libffi.so.6.0.4
7f5413de2000-7f5413de3000 r--p 00006000 08:06 535049                     /usr/lib/x86_64-linux-gnu/libffi.so.6.0.4
7f5413de3000-7f5413de4000 rw-p 00007000 08:06 535049                     /usr/lib/x86_64-linux-gnu/libffi.so.6.0.4
7f5413de4000-7f5413dfb000 r-xp 00000000 08:06 4469954                    /lib/x86_64-linux-gnu/libresolv-2.21.so
7f5413dfb000-7f5413ffb000 ---p 00017000 08:06 4469954                    /lib/x86_64-linux-gnu/libresolv-2.21.so
7f5413ffb000-7f5413ffd000 r--p 00017000 08:06 4469954                    /lib/x86_64-linux-gnu/libresolv-2.21.so
7f5413ffd000-7f5413ffe000 rw-p 00019000 08:06 4469954                    /lib/x86_64-linux-gnu/libresolv-2.21.so
7f5413ffe000-7f5414000000 rw-p 00000000 00:00 0 
7f5414000000-7f5414021000 rw-p 00000000 00:00 0 
7f5414021000-7f5418000000 ---p 00000000 00:00 0 
7f54181a6000-7f54181c7000 r-xp 00000000 08:06 4469960                    /lib/x86_64-linux-gnu/libselinux.so.1
7f54181c7000-7f54183c6000 ---p 00021000 08:06 4469960                    /lib/x86_64-linux-gnu/libselinux.so.1
7f54183c6000-7f54183c7000 r--p 00020000 08:06 4469960                    /lib/x86_64-linux-gnu/libselinux.so.1
7f54183c7000-7f54183c8000 rw-p 00021000 08:06 4469960                    /lib/x86_64-linux-gnu/libselinux.so.1
7f54183c8000-7f54183ca000 rw-p 00000000 00:00 0 
7f54183ca000-7f54183cd000 r-xp 00000000 08:06 535168                     /usr/lib/x86_64-linux-gnu/libgmodule-2.0.so.0.4600.1
7f54183cd000-7f54185cc000 ---p 00003000 08:06 535168                     /usr/lib/x86_64-linux-gnu/libgmodule-2.0.so.0.4600.1
7f54185cc000-7f54185cd000 r--p 00002000 08:06 535168                     /usr/lib/x86_64-linux-gnu/libgmodule-2.0.so.0.4600.1
7f54185cd000-7f54185ce000 rw-p 00003000 08:06 535168                     /usr/lib/x86_64-linux-gnu/libgmodule-2.0.so.0.4600.1
7f54185ce000-7f54186db000 r-xp 00000000 08:06 4469849                    /lib/x86_64-linux-gnu/libglib-2.0.so.0.4600.1
7f54186db000-7f54188da000 ---p 0010d000 08:06 4469849                    /lib/x86_64-linux-gnu/libglib-2.0.so.0.4600.1
7f54188da000-7f54188db000 r--p 0010c000 08:06 4469849                    /lib/x86_64-linux-gnu/libglib-2.0.so.0.4600.1
7f54188db000-7f54188dc000 rw-p 0010d000 08:06 4469849                    /lib/x86_64-linux-gnu/libglib-2.0.so.0.4600.1
7f54188dc000-7f54188dd000 rw-p 00000000 00:00 0 
7f54188dd000-7f541892f000 r-xp 00000000 08:06 535184                     /usr/lib/x86_64-linux-gnu/libgobject-2.0.so.0.4600.1
7f541892f000-7f5418b2e000 ---p 00052000 08:06 535184                     /usr/lib/x86_64-linux-gnu/libgobject-2.0.so.0.4600.1
7f5418b2e000-7f5418b2f000 r--p 00051000 08:06 535184                     /usr/lib/x86_64-linux-gnu/libgobject-2.0.so.0.4600.1
7f5418b2f000-7f5418b30000 rw-p 00052000 08:06 535184                     /usr/lib/x86_64-linux-gnu/libgobject-2.0.so.0.4600.1
7f5418b30000-7f5418caa000 r-xp 00000000 08:06 535154                     /usr/lib/x86_64-linux-gnu/libgio-2.0.so.0.4600.1
7f5418caa000-7f5418ea9000 ---p 0017a000 08:06 535154                     /usr/lib/x86_64-linux-gnu/libgio-2.0.so.0.4600.1
7f5418ea9000-7f5418ead000 r--p 00179000 08:06 535154                     /usr/lib/x86_64-linux-gnu/libgio-2.0.so.0.4600.1
7f5418ead000-7f5418eaf000 rw-p 0017d000 08:06 535154                     /usr/lib/x86_64-linux-gnu/libgio-2.0.so.0.4600.1
7f5418eaf000-7f5418eb1000 rw-p 00000000 00:00 0 
7f5418eb1000-7f5418ec8000 r-xp 00000000 08:06 1061829                    /usr/lib/jvm/java-7-openjdk-amd64/jre/lib/amd64/libnet.so
7f5418ec8000-7f54190c8000 ---p 00017000 08:06 1061829                    /usr/lib/jvm/java-7-openjdk-amd64/jre/lib/amd64/libnet.so
7f54190c8000-7f54190c9000 r--p 00017000 08:06 1061829                    /usr/lib/jvm/java-7-openjdk-amd64/jre/lib/amd64/libnet.so
7f54190c9000-7f54190ca000 rw-p 00018000 08:06 1061829                    /usr/lib/jvm/java-7-openjdk-amd64/jre/lib/amd64/libnet.so
7f54190ca000-7f54190db000 r-xp 00000000 08:06 1060666                    /usr/lib/jvm/java-7-openjdk-amd64/jre/lib/amd64/libnio.so
7f54190db000-7f54192da000 ---p 00011000 08:06 1060666                    /usr/lib/jvm/java-7-openjdk-amd64/jre/lib/amd64/libnio.so
7f54192da000-7f54192db000 r--p 00010000 08:06 1060666                    /usr/lib/jvm/java-7-openjdk-amd64/jre/lib/amd64/libnio.so
7f54192db000-7f54192dc000 rw-p 00011000 08:06 1060666                    /usr/lib/jvm/java-7-openjdk-amd64/jre/lib/amd64/libnio.so
7f54192dc000-7f54192df000 ---p 00000000 00:00 0 
7f54192df000-7f54193dd000 rw-p 00000000 00:00 0 
7f54193dd000-7f54193e0000 ---p 00000000 00:00 0 
7f54193e0000-7f54194de000 rw-p 00000000 00:00 0 
7f54194de000-7f54194e1000 ---p 00000000 00:00 0 
7f54194e1000-7f54195df000 rw-p 00000000 00:00 0 
7f54195df000-7f54195e2000 ---p 00000000 00:00 0 
7f54195e2000-7f54196e0000 rw-p 00000000 00:00 0 
7f54196e0000-7f54196e3000 ---p 00000000 00:00 0 
7f54196e3000-7f54197e1000 rw-p 00000000 00:00 0 
7f54197e1000-7f54197e2000 ---p 00000000 00:00 0 
7f54197e2000-7f54198e2000 rw-p 00000000 00:00 0                          [stack:7857]
7f54198e2000-7f54198e5000 ---p 00000000 00:00 0 
7f54198e5000-7f54199e3000 rw-p 00000000 00:00 0                          [stack:7856]
7f54199e3000-7f54199e6000 ---p 00000000 00:00 0 
7f54199e6000-7f5419ae4000 rw-p 00000000 00:00 0                          [stack:7855]
7f5419ae4000-7f5419ae7000 ---p 00000000 00:00 0 
7f5419ae7000-7f5419be5000 rw-p 00000000 00:00 0                          [stack:7854]
7f5419be5000-7f5419be8000 ---p 00000000 00:00 0 
7f5419be8000-7f5419ce6000 rw-p 00000000 00:00 0                          [stack:7853]
7f5419ce6000-7f541a3c9000 r--p 00000000 08:06 533298                     /usr/lib/locale/locale-archive
7f541a3c9000-7f541a3cc000 ---p 00000000 00:00 0 
7f541a3cc000-7f541a4ca000 rw-p 00000000 00:00 0                          [stack:7852]
7f541a4ca000-7f541a4cd000 ---p 00000000 00:00 0 
7f541a4cd000-7f541a5cb000 rw-p 00000000 00:00 0                          [stack:7851]
7f541a5cb000-7f541a5cc000 ---p 00000000 00:00 0 
7f541a5cc000-7f541d000000 rw-p 00000000 00:00 0                          [stack:7850]
7f541d000000-7f541d380000 rwxp 00000000 00:00 0 
7f541d380000-7f5420203000 rw-p 00000000 00:00 0 
7f5420203000-7f5424000000 ---p 00000000 00:00 0 
7f5424096000-7f542409a000 r--s 0004f000 08:06 1064974                    /usr/lib/jvm/java-7-openjdk-amd64/jre/lib/jsse.jar
7f542409a000-7f54240a9000 r--s 000df000 08:06 2908841                    /home/prajit/Android/Sdk/build-tools/23.0.1/lib/dx.jar
7f54240a9000-7f5424ca2000 rw-p 00000000 00:00 0 
7f5424ca2000-7f5424e54000 r--s 01d2f000 08:06 1060638                    /usr/lib/jvm/java-7-openjdk-amd64/jre/lib/rt.jar
7f5424e54000-7f54251a0000 rw-p 00000000 00:00 0 
7f54251a0000-7f54251a1000 ---p 00000000 00:00 0 
7f54251a1000-7f54252a1000 rw-p 00000000 00:00 0                          [stack:7849]
7f54252a1000-7f54252a2000 ---p 00000000 00:00 0 
7f54252a2000-7f54253a2000 rw-p 00000000 00:00 0                          [stack:7848]
7f54253a2000-7f54253a3000 ---p 00000000 00:00 0 
7f54253a3000-7f54254a3000 rw-p 00000000 00:00 0                          [stack:7847]
7f54254a3000-7f54254a4000 ---p 00000000 00:00 0 
7f54254a4000-7f54255af000 rw-p 00000000 00:00 0                          [stack:7846]
7f54255af000-7f54255f7000 rw-p 00000000 00:00 0 
7f54255f7000-7f5425620000 rw-p 00000000 00:00 0 
7f5425620000-7f542574d000 rw-p 00000000 00:00 0 
7f542574d000-7f5425758000 rw-p 00000000 00:00 0 
7f5425758000-7f54257a0000 rw-p 00000000 00:00 0 
7f54257a0000-7f54257c9000 rw-p 00000000 00:00 0 
7f54257c9000-7f54258f5000 rw-p 00000000 00:00 0 
7f54258f5000-7f5425938000 rw-p 00000000 00:00 0 
7f5425938000-7f54259a0000 rw-p 00000000 00:00 0 
7f54259a0000-7f54259a1000 rw-p 00000000 00:00 0 
7f54259a1000-7f54259a9000 r-xp 00000000 08:06 1061301                    /usr/lib/jvm/java-7-openjdk-amd64/jre/lib/amd64/libzip.so
7f54259a9000-7f5425ba8000 ---p 00008000 08:06 1061301                    /usr/lib/jvm/java-7-openjdk-amd64/jre/lib/amd64/libzip.so
7f5425ba8000-7f5425ba9000 r--p 00007000 08:06 1061301                    /usr/lib/jvm/java-7-openjdk-amd64/jre/lib/amd64/libzip.so
7f5425ba9000-7f5425baa000 rw-p 00008000 08:06 1061301                    /usr/lib/jvm/java-7-openjdk-amd64/jre/lib/amd64/libzip.so
7f5425baa000-7f5425bb6000 r-xp 00000000 08:06 4469901                    /lib/x86_64-linux-gnu/libnss_files-2.21.so
7f5425bb6000-7f5425db5000 ---p 0000c000 08:06 4469901                    /lib/x86_64-linux-gnu/libnss_files-2.21.so
7f5425db5000-7f5425db6000 r--p 0000b000 08:06 4469901                    /lib/x86_64-linux-gnu/libnss_files-2.21.so
7f5425db6000-7f5425db7000 rw-p 0000c000 08:06 4469901                    /lib/x86_64-linux-gnu/libnss_files-2.21.so
7f5425db7000-7f5425dc2000 r-xp 00000000 08:06 4469911                    /lib/x86_64-linux-gnu/libnss_nis-2.21.so
7f5425dc2000-7f5425fc1000 ---p 0000b000 08:06 4469911                    /lib/x86_64-linux-gnu/libnss_nis-2.21.so
7f5425fc1000-7f5425fc2000 r--p 0000a000 08:06 4469911                    /lib/x86_64-linux-gnu/libnss_nis-2.21.so
7f5425fc2000-7f5425fc3000 rw-p 0000b000 08:06 4469911                    /lib/x86_64-linux-gnu/libnss_nis-2.21.so
7f5425fc3000-7f5425fda000 r-xp 00000000 08:06 4469895                    /lib/x86_64-linux-gnu/libnsl-2.21.so
7f5425fda000-7f54261d9000 ---p 00017000 08:06 4469895                    /lib/x86_64-linux-gnu/libnsl-2.21.so
7f54261d9000-7f54261da000 r--p 00016000 08:06 4469895                    /lib/x86_64-linux-gnu/libnsl-2.21.so
7f54261da000-7f54261db000 rw-p 00017000 08:06 4469895                    /lib/x86_64-linux-gnu/libnsl-2.21.so
7f54261db000-7f54261dd000 rw-p 00000000 00:00 0 
7f54261dd000-7f54261e5000 r-xp 00000000 08:06 4469897                    /lib/x86_64-linux-gnu/libnss_compat-2.21.so
7f54261e5000-7f54263e4000 ---p 00008000 08:06 4469897                    /lib/x86_64-linux-gnu/libnss_compat-2.21.so
7f54263e4000-7f54263e5000 r--p 00007000 08:06 4469897                    /lib/x86_64-linux-gnu/libnss_compat-2.21.so
7f54263e5000-7f54263e6000 rw-p 00008000 08:06 4469897                    /lib/x86_64-linux-gnu/libnss_compat-2.21.so
7f54263e6000-7f5426412000 r-xp 00000000 08:06 1061309                    /usr/lib/jvm/java-7-openjdk-amd64/jre/lib/amd64/libjava.so
7f5426412000-7f5426611000 ---p 0002c000 08:06 1061309                    /usr/lib/jvm/java-7-openjdk-amd64/jre/lib/amd64/libjava.so
7f5426611000-7f5426612000 r--p 0002b000 08:06 1061309                    /usr/lib/jvm/java-7-openjdk-amd64/jre/lib/amd64/libjava.so
7f5426612000-7f5426614000 rw-p 0002c000 08:06 1061309                    /usr/lib/jvm/java-7-openjdk-amd64/jre/lib/amd64/libjava.so
7f5426614000-7f5426623000 r-xp 00000000 08:06 1061824                    /usr/lib/jvm/java-7-openjdk-amd64/jre/lib/amd64/libverify.so
7f5426623000-7f5426822000 ---p 0000f000 08:06 1061824                    /usr/lib/jvm/java-7-openjdk-amd64/jre/lib/amd64/libverify.so
7f5426822000-7f5426824000 r--p 0000e000 08:06 1061824                    /usr/lib/jvm/java-7-openjdk-amd64/jre/lib/amd64/libverify.so
7f5426824000-7f5426825000 rw-p 00010000 08:06 1061824                    /usr/lib/jvm/java-7-openjdk-amd64/jre/lib/amd64/libverify.so
7f5426825000-7f542682c000 r-xp 00000000 08:06 4469956                    /lib/x86_64-linux-gnu/librt-2.21.so
7f542682c000-7f5426a2b000 ---p 00007000 08:06 4469956                    /lib/x86_64-linux-gnu/librt-2.21.so
7f5426a2b000-7f5426a2c000 r--p 00006000 08:06 4469956                    /lib/x86_64-linux-gnu/librt-2.21.so
7f5426a2c000-7f5426a2d000 rw-p 00007000 08:06 4469956                    /lib/x86_64-linux-gnu/librt-2.21.so
7f5426a2d000-7f5426a43000 r-xp 00000000 08:06 4469845                    /lib/x86_64-linux-gnu/libgcc_s.so.1
7f5426a43000-7f5426c42000 ---p 00016000 08:06 4469845                    /lib/x86_64-linux-gnu/libgcc_s.so.1
7f5426c42000-7f5426c43000 r--p 00015000 08:06 4469845                    /lib/x86_64-linux-gnu/libgcc_s.so.1
7f5426c43000-7f5426c44000 rw-p 00016000 08:06 4469845                    /lib/x86_64-linux-gnu/libgcc_s.so.1
7f5426c44000-7f5426d4b000 r-xp 00000000 08:06 4469874                    /lib/x86_64-linux-gnu/libm-2.21.so
7f5426d4b000-7f5426f4a000 ---p 00107000 08:06 4469874                    /lib/x86_64-linux-gnu/libm-2.21.so
7f5426f4a000-7f5426f4b000 r--p 00106000 08:06 4469874                    /lib/x86_64-linux-gnu/libm-2.21.so
7f5426f4b000-7f5426f4c000 rw-p 00107000 08:06 4469874                    /lib/x86_64-linux-gnu/libm-2.21.so
7f5426f4c000-7f54270bf000 r-xp 00000000 08:06 535706                     /usr/lib/x86_64-linux-gnu/libstdc++.so.6.0.21
7f54270bf000-7f54272be000 ---p 00173000 08:06 535706                     /usr/lib/x86_64-linux-gnu/libstdc++.so.6.0.21
7f54272be000-7f54272c8000 r--p 00172000 08:06 535706                     /usr/lib/x86_64-linux-gnu/libstdc++.so.6.0.21
7f54272c8000-7f54272ca000 rw-p 0017c000 08:06 535706                     /usr/lib/x86_64-linux-gnu/libstdc++.so.6.0.21
7f54272ca000-7f54272ce000 rw-p 00000000 00:00 0 
7f54272ce000-7f5427e1f000 r-xp 00000000 08:06 1061655                    /usr/lib/jvm/java-7-openjdk-amd64/jre/lib/amd64/server/libjvm.so
7f5427e1f000-7f542801e000 ---p 00b51000 08:06 1061655                    /usr/lib/jvm/java-7-openjdk-amd64/jre/lib/amd64/server/libjvm.so
7f542801e000-7f54280af000 r--p 00b50000 08:06 1061655                    /usr/lib/jvm/java-7-openjdk-amd64/jre/lib/amd64/server/libjvm.so
7f54280af000-7f54280d2000 rw-p 00be1000 08:06 1061655                    /usr/lib/jvm/java-7-openjdk-amd64/jre/lib/amd64/server/libjvm.so
7f54280d2000-7f54280fd000 rw-p 00000000 00:00 0 
7f54280fd000-7f5428116000 r-xp 00000000 08:06 4469991                    /lib/x86_64-linux-gnu/libz.so.1.2.8
7f5428116000-7f5428315000 ---p 00019000 08:06 4469991                    /lib/x86_64-linux-gnu/libz.so.1.2.8
7f5428315000-7f5428316000 r--p 00018000 08:06 4469991                    /lib/x86_64-linux-gnu/libz.so.1.2.8
7f5428316000-7f5428317000 rw-p 00019000 08:06 4469991                    /lib/x86_64-linux-gnu/libz.so.1.2.8
7f5428317000-7f542832f000 r-xp 00000000 08:06 4469948                    /lib/x86_64-linux-gnu/libpthread-2.21.so
7f542832f000-7f542852f000 ---p 00018000 08:06 4469948                    /lib/x86_64-linux-gnu/libpthread-2.21.so
7f542852f000-7f5428530000 r--p 00018000 08:06 4469948                    /lib/x86_64-linux-gnu/libpthread-2.21.so
7f5428530000-7f5428531000 rw-p 00019000 08:06 4469948                    /lib/x86_64-linux-gnu/libpthread-2.21.so
7f5428531000-7f5428535000 rw-p 00000000 00:00 0 
7f5428535000-7f5428538000 r-xp 00000000 08:06 4469831                    /lib/x86_64-linux-gnu/libdl-2.21.so
7f5428538000-7f5428737000 ---p 00003000 08:06 4469831                    /lib/x86_64-linux-gnu/libdl-2.21.so
7f5428737000-7f5428738000 r--p 00002000 08:06 4469831                    /lib/x86_64-linux-gnu/libdl-2.21.so
7f5428738000-7f5428739000 rw-p 00003000 08:06 4469831                    /lib/x86_64-linux-gnu/libdl-2.21.so
7f5428739000-7f54288f9000 r-xp 00000000 08:06 4469812                    /lib/x86_64-linux-gnu/libc-2.21.so
7f54288f9000-7f5428af9000 ---p 001c0000 08:06 4469812                    /lib/x86_64-linux-gnu/libc-2.21.so
7f5428af9000-7f5428afd000 r--p 001c0000 08:06 4469812                    /lib/x86_64-linux-gnu/libc-2.21.so
7f5428afd000-7f5428aff000 rw-p 001c4000 08:06 4469812                    /lib/x86_64-linux-gnu/libc-2.21.so
7f5428aff000-7f5428b03000 rw-p 00000000 00:00 0 
7f5428b03000-7f5428b10000 r-xp 00000000 08:06 1061826                    /usr/lib/jvm/java-7-openjdk-amd64/jre/lib/amd64/jli/libjli.so
7f5428b10000-7f5428d0f000 ---p 0000d000 08:06 1061826                    /usr/lib/jvm/java-7-openjdk-amd64/jre/lib/amd64/jli/libjli.so
7f5428d0f000-7f5428d10000 r--p 0000c000 08:06 1061826                    /usr/lib/jvm/java-7-openjdk-amd64/jre/lib/amd64/jli/libjli.so
7f5428d10000-7f5428d11000 rw-p 0000d000 08:06 1061826                    /usr/lib/jvm/java-7-openjdk-amd64/jre/lib/amd64/jli/libjli.so
7f5428d11000-7f5428d35000 r-xp 00000000 08:06 4469784                    /lib/x86_64-linux-gnu/ld-2.21.so
7f5428d35000-7f5428d36000 rw-p 00000000 00:00 0 
7f5428d36000-7f5428d3a000 r--s 00034000 08:06 1060614                    /usr/lib/jvm/java-7-openjdk-amd64/jre/lib/ext/sunjce_provider.jar
7f5428d3a000-7f5428d60000 rw-p 00000000 00:00 0 
7f5428d60000-7f5428e12000 rw-p 00000000 00:00 0 
7f5428e12000-7f5428e15000 ---p 00000000 00:00 0 
7f5428e15000-7f5428f18000 rw-p 00000000 00:00 0                          [stack:7845]
7f5428f18000-7f5428f19000 r--s 00002000 08:06 1060624                    /usr/lib/jvm/java-7-openjdk-amd64/jre/lib/ext/dnsns.jar
7f5428f19000-7f5428f1b000 r--s 00007000 08:06 1065162                    /usr/share/java/java-atk-wrapper.jar
7f5428f1b000-7f5428f1e000 r--s 0000f000 08:06 1060613                    /usr/lib/jvm/java-7-openjdk-amd64/jre/lib/ext/icedtea-sound.jar
7f5428f1e000-7f5428f22000 r--s 0003c000 08:06 1060615                    /usr/lib/jvm/java-7-openjdk-amd64/jre/lib/ext/sunpkcs11.jar
7f5428f22000-7f5428f24000 r--s 00012000 08:06 1060611                    /usr/lib/jvm/java-7-openjdk-amd64/jre/lib/ext/zipfs.jar
7f5428f24000-7f5428f28000 r--s 00085000 08:06 1060612                    /usr/lib/jvm/java-7-openjdk-amd64/jre/lib/ext/localedata.jar
7f5428f28000-7f5428f30000 rw-s 00000000 08:06 3813000                    /tmp/hsperfdata_prajit/7841
7f5428f30000-7f5428f31000 rw-p 00000000 00:00 0 
7f5428f31000-7f5428f32000 ---p 00000000 00:00 0 
7f5428f32000-7f5428f34000 rw-p 00000000 00:00 0 
7f5428f34000-7f5428f35000 r--p 00023000 08:06 4469784                    /lib/x86_64-linux-gnu/ld-2.21.so
7f5428f35000-7f5428f36000 rw-p 00024000 08:06 4469784                    /lib/x86_64-linux-gnu/ld-2.21.so
7f5428f36000-7f5428f37000 rw-p 00000000 00:00 0 
7ffe39f78000-7ffe39f9a000 rw-p 00000000 00:00 0                          [stack]
7ffe39fa4000-7ffe39fa6000 r--p 00000000 00:00 0                          [vvar]
7ffe39fa6000-7ffe39fa8000 r-xp 00000000 00:00 0                          [vdso]
ffffffffff600000-ffffffffff601000 r-xp 00000000 00:00 0                  [vsyscall]

VM Arguments:
jvm_args: -Xmx1024M -Dfile.encoding=UTF-8 -Duser.country=US -Duser.language=en -Duser.variant 
java_command: com.android.dx.command.Main --dex --num-threads=4 --output /home/prajit/AndroidStudioProjects/QMS/app/build/intermediates/dex/debug /home/prajit/AndroidStudioProjects/QMS/app/build/intermediates/classes/debug /home/prajit/AndroidStudioProjects/QMS/app/build/intermediates/pre-dexed/debug/support-annotations-23.2.0-3a7746c041dd855e0d5c066307be5e2cdd7c57af.jar /home/prajit/AndroidStudioProjects/QMS/app/build/intermediates/pre-dexed/debug/classes-a9324a343310b8ef0dbbd1d3a7349af6ac2440fc.jar /home/prajit/AndroidStudioProjects/QMS/app/build/intermediates/pre-dexed/debug/classes-f76fc46938cb48822a4be7dda9c5b950abb8e2af.jar /home/prajit/AndroidStudioProjects/QMS/app/build/intermediates/pre-dexed/debug/classes-a198eed160dba1fba74b24127079bfb8de739506.jar /home/prajit/AndroidStudioProjects/QMS/app/build/intermediates/pre-dexed/debug/httpmime-4.3-3fda06e08bda9d739ba22eb9b396cf7a79c1928e.jar /home/prajit/AndroidStudioProjects/QMS/app/build/intermediates/pre-dexed/debug/ormlite-android-4.48-b6569c0c14941c99557c9b09ecee0363e4954dc7.jar /home/prajit/AndroidStudioProjects/QMS/app/build/intermediates/pre-dexed/debug/volley-c0cba6698b7beec96d5e0f477cf13f4ca8157572.jar /home/prajit/AndroidStudioProjects/QMS/app/build/intermediates/pre-dexed/debug/picasso-2.5.2-20e328a78b03fd74e61bb7d2a008ad1afb2797dc.jar /home/prajit/AndroidStudioProjects/QMS/app/build/intermediates/pre-dexed/debug/aws-android-sdk-cognito-2.2.13-1ec1c0c0eb41bb56ee531cf70d3f108568de61de.jar /home/prajit/AndroidStudioProjects/QMS/app/build/intermediates/pre-dexed/debug/gson-2.3-a9cee03b0d2bc6e590333aaa4c4d42670f7ff4a6.jar /home/prajit/AndroidStudioProjects/QMS/app/build/intermediates/pre-dexed/debug/aws-android-sdk-ddb-2.2.13-b1ace29ee19b8cb3cbc041379012c447ad4d559a.jar /home/prajit/AndroidStudioProjects/QMS/app/build/intermediates/pre-dexed/debug/internal_impl-23.2.0-6619ed6ec79d15d2fe470cc9fcde667915af0e69.jar /home/prajit/AndroidStudioProjects/QMS/app/build/intermediates/pre-dexed/debug/classes-74a23b
Launcher Type: SUN_STANDARD

Environment Variables:
PATH=/usr/local/sbin:/usr/local/bin:/usr/sbin:/usr/bin:/sbin:/bin:/usr/games:/usr/local/games
LD_LIBRARY_PATH=/home/prajit/android-studio/bin:
SHELL=/bin/bash
DISPLAY=:0

Signal Handlers:
SIGSEGV: [libjvm.so+0x995450], sa_mask[0]=0x7ffbfeff, sa_flags=0x10000004
SIGBUS: [libjvm.so+0x995450], sa_mask[0]=0x7ffbfeff, sa_flags=0x10000004
SIGFPE: [libjvm.so+0x7fc6a0], sa_mask[0]=0x7ffbfeff, sa_flags=0x10000004
SIGPIPE: [libjvm.so+0x7fc6a0], sa_mask[0]=0x7ffbfeff, sa_flags=0x10000004
SIGXFSZ: [libjvm.so+0x7fc6a0], sa_mask[0]=0x7ffbfeff, sa_flags=0x10000004
SIGILL: [libjvm.so+0x7fc6a0], sa_mask[0]=0x7ffbfeff, sa_flags=0x10000004
SIGUSR1: SIG_DFL, sa_mask[0]=0x00000000, sa_flags=0x00000000
SIGUSR2: [libjvm.so+0x7fc520], sa_mask[0]=0x00000004, sa_flags=0x10000004
SIGHUP: [libjvm.so+0x7fc6b0], sa_mask[0]=0x7ffbfeff, sa_flags=0x10000004
SIGINT: [libjvm.so+0x7fc6b0], sa_mask[0]=0x7ffbfeff, sa_flags=0x10000004
SIGTERM: [libjvm.so+0x7fc6b0], sa_mask[0]=0x7ffbfeff, sa_flags=0x10000004
SIGQUIT: [libjvm.so+0x7fc6b0], sa_mask[0]=0x7ffbfeff, sa_flags=0x10000004
SIGTRAP: SIG_DFL, sa_mask[0]=0x00000000, sa_flags=0x00000000


---------------  S Y S T E M  ---------------

OS:Ubuntu 15.10 (wily)
uname:Linux 4.2.0-16-generic #19-Ubuntu SMP Thu Oct 8 15:35:06 UTC 2015 x86_64
libc:glibc 2.21 NPTL 2.21 
rlimit: STACK 8192k, CORE 0k, NPROC 30985, NOFILE 65536, AS infinity
load average:2.64 1.72 1.18

/proc/meminfo:
MemTotal:        7966920 kB
MemFree:           55528 kB
MemAvailable:     150828 kB
Buffers:            9436 kB
Cached:          2210212 kB
SwapCached:            0 kB
Active:          5582144 kB
Inactive:        2139860 kB
Active(anon):    5534424 kB
Inactive(anon):  2094036 kB
Active(file):      47720 kB
Inactive(file):    45824 kB
Unevictable:          32 kB
Mlocked:              32 kB
SwapTotal:             0 kB
SwapFree:              0 kB
Dirty:                28 kB
Writeback:            96 kB
AnonPages:       5503260 kB
Mapped:           173712 kB
Shmem:           2125284 kB
Slab:              82680 kB
SReclaimable:      43792 kB
SUnreclaim:        38888 kB
KernelStack:       11728 kB
PageTables:        56984 kB
NFS_Unstable:          0 kB
Bounce:                0 kB
WritebackTmp:          0 kB
CommitLimit:     3983460 kB
Committed_AS:   11813780 kB
VmallocTotal:   34359738367 kB
VmallocUsed:      359352 kB
VmallocChunk:   34358945788 kB
HardwareCorrupted:     0 kB
AnonHugePages:   3131392 kB
CmaTotal:              0 kB
CmaFree:               0 kB
HugePages_Total:       0
HugePages_Free:        0
HugePages_Rsvd:        0
HugePages_Surp:        0
Hugepagesize:       2048 kB
DirectMap4k:      128732 kB
DirectMap2M:     8052736 kB


CPU:total 4 (2 cores per cpu, 2 threads per core) family 6 model 37 stepping 5, cmov, cx8, fxsr, mmx, sse, sse2, sse3, ssse3, sse4.1, sse4.2, popcnt, ht, tsc, tscinvbit

/proc/cpuinfo:
processor	: 0
vendor_id	: GenuineIntel
cpu family	: 6
model		: 37
model name	: Intel(R) Core(TM) i3 CPU         540  @ 3.07GHz
stepping	: 5
microcode	: 0x2
cpu MHz		: 1197.000
cache size	: 4096 KB
physical id	: 0
siblings	: 4
core id		: 0
cpu cores	: 2
apicid		: 0
initial apicid	: 0
fpu		: yes
fpu_exception	: yes
cpuid level	: 11
wp		: yes
flags		: fpu vme de pse tsc msr pae mce cx8 apic sep mtrr pge mca cmov pat pse36 clflush dts acpi mmx fxsr sse sse2 ss ht tm pbe syscall nx rdtscp lm constant_tsc arch_perfmon pebs bts rep_good nopl xtopology nonstop_tsc aperfmperf pni dtes64 monitor ds_cpl vmx est tm2 ssse3 cx16 xtpr pdcm pcid sse4_1 sse4_2 popcnt lahf_lm arat dtherm tpr_shadow vnmi flexpriority ept vpid
bugs		:
bogomips	: 6117.68
clflush size	: 64
cache_alignment	: 64
address sizes	: 36 bits physical, 48 bits virtual
power management:

processor	: 1
vendor_id	: GenuineIntel
cpu family	: 6
model		: 37
model name	: Intel(R) Core(TM) i3 CPU         540  @ 3.07GHz
stepping	: 5
microcode	: 0x2
cpu MHz		: 3059.000
cache size	: 4096 KB
physical id	: 0
siblings	: 4
core id		: 0
cpu cores	: 2
apicid		: 1
initial apicid	: 1
fpu		: yes
fpu_exception	: yes
cpuid level	: 11
wp		: yes
flags		: fpu vme de pse tsc msr pae mce cx8 apic sep mtrr pge mca cmov pat pse36 clflush dts acpi mmx fxsr sse sse2 ss ht tm pbe syscall nx rdtscp lm constant_tsc arch_perfmon pebs bts rep_good nopl xtopology nonstop_tsc aperfmperf pni dtes64 monitor ds_cpl vmx est tm2 ssse3 cx16 xtpr pdcm pcid sse4_1 sse4_2 popcnt lahf_lm arat dtherm tpr_shadow vnmi flexpriority ept vpid
bugs		:
bogomips	: 6117.68
clflush size	: 64
cache_alignment	: 64
address sizes	: 36 bits physical, 48 bits virtual
power management:

processor	: 2
vendor_id	: GenuineIntel
cpu family	: 6
model		: 37
model name	: Intel(R) Core(TM) i3 CPU         540  @ 3.07GHz
stepping	: 5
microcode	: 0x2
cpu MHz		: 3059.000
cache size	: 4096 KB
physical id	: 0
siblings	: 4
core id		: 2
cpu cores	: 2
apicid		: 4
initial apicid	: 4
fpu		: yes
fpu_exception	: yes
cpuid level	: 11
wp		: yes
flags		: fpu vme de pse tsc msr pae mce cx8 apic sep mtrr pge mca cmov pat pse36 clflush dts acpi mmx fxsr sse sse2 ss ht tm pbe syscall nx rdtscp lm constant_tsc arch_perfmon pebs bts rep_good nopl xtopology nonstop_tsc aperfmperf pni dtes64 monitor ds_cpl vmx est tm2 ssse3 cx16 xtpr pdcm pcid sse4_1 sse4_2 popcnt lahf_lm arat dtherm tpr_shadow vnmi flexpriority ept vpid
bugs		:
bogomips	: 6117.68
clflush size	: 64
cache_alignment	: 64
address sizes	: 36 bits physical, 48 bits virtual
power management:

processor	: 3
vendor_id	: GenuineIntel
cpu family	: 6
model		: 37
model name	: Intel(R) Core(TM) i3 CPU         540  @ 3.07GHz
stepping	: 5
microcode	: 0x2
cpu MHz		: 1197.000
cache size	: 4096 KB
physical id	: 0
siblings	: 4
core id		: 2
cpu cores	: 2
apicid		: 5
initial apicid	: 5
fpu		: yes
fpu_exception	: yes
cpuid level	: 11
wp		: yes
flags		: fpu vme de pse tsc msr pae mce cx8 apic sep mtrr pge mca cmov pat pse36 clflush dts acpi mmx fxsr sse sse2 ss ht tm pbe syscall nx rdtscp lm constant_tsc arch_perfmon pebs bts rep_good nopl xtopology nonstop_tsc aperfmperf pni dtes64 monitor ds_cpl vmx est tm2 ssse3 cx16 xtpr pdcm pcid sse4_1 sse4_2 popcnt lahf_lm arat dtherm tpr_shadow vnmi flexpriority ept vpid
bugs		:
bogomips	: 6117.68
clflush size	: 64
cache_alignment	: 64
address sizes	: 36 bits physical, 48 bits virtual
power management:



Memory: 4k page, physical 7966920k(55528k free), swap 0k(0k free)

vm_info: OpenJDK 64-Bit Server VM (24.95-b01) for linux-amd64 JRE (1.7.0_95-b00), built on Jan 21 2016 03:36:38 by "buildd" with gcc 5.2.1 20151010

time: Wed Mar  2 10:21:21 2016
elapsed time: 11 seconds

