#
# There is insufficient memory for the Java Runtime Environment to continue.
# Native memory allocation (malloc) failed to allocate 152043520 bytes for committing reserved memory.
# Possible reasons:
#   The system is out of physical RAM or swap space
#   In 32 bit mode, the process size limit was hit
# Possible solutions:
#   Reduce memory load on the system
#   Increase physical memory or swap space
#   Check if swap backing store is full
#   Use 64 bit Java on a 64 bit OS
#   Decrease Java heap size (-Xmx/-Xms)
#   Decrease number of Java threads
#   Decrease Java thread stack sizes (-Xss)
#   Set larger code cache with -XX:ReservedCodeCacheSize=
# This output file may be truncated or incomplete.
#
#  Out of Memory Error (os_linux.cpp:2827), pid=18328, tid=140092113630976
#
# JRE version: OpenJDK Runtime Environment (7.0_95) (build 1.7.0_95-b00)
# Java VM: OpenJDK 64-Bit Server VM (24.95-b01 mixed mode linux-amd64 compressed oops)
# Derivative: IcedTea 2.6.4
# Distribution: Ubuntu 15.10, package 7u95-2.6.4-0ubuntu0.15.10.1
# Failed to write core dump. Core dumps have been disabled. To enable core dumping, try "ulimit -c unlimited" before starting Java again
#

---------------  T H R E A D  ---------------

Current thread (0x00007f69b8077000):  VMThread [stack: 0x00007f69bc9b3000,0x00007f69bcab4000] [id=18338]

Stack: [0x00007f69bc9b3000,0x00007f69bcab4000],  sp=0x00007f69bcab24f0,  free space=1021k
Native frames: (J=compiled Java code, j=interpreted, Vv=VM code, C=native code)
V  [libjvm.so+0x9948f3]
V  [libjvm.so+0x48a9df]
V  [libjvm.so+0x80143b]
V  [libjvm.so+0x7fb82e]
V  [libjvm.so+0x871c4b]
V  [libjvm.so+0x873593]
V  [libjvm.so+0x86f818]
V  [libjvm.so+0x86fafc]
V  [libjvm.so+0x824df3]
V  [libjvm.so+0x996392]
V  [libjvm.so+0x99b0d7]
V  [libjvm.so+0x998968]
V  [libjvm.so+0x999cdf]
V  [libjvm.so+0x99a1d1]
V  [libjvm.so+0x7fe362]

VM_Operation (0x00007f69c1d202f0): ParallelGCFailedAllocation, mode: safepoint, requested by thread 0x00007f69b800b800


---------------  P R O C E S S  ---------------

Java Threads: ( => current thread )
  0x00007f69b80b2000 JavaThread "Service Thread" daemon [_thread_blocked, id=18344, stack(0x00007f69b4bfc000,0x00007f69b4cfd000)]
  0x00007f69b80af800 JavaThread "C2 CompilerThread1" daemon [_thread_blocked, id=18343, stack(0x00007f69b4cfd000,0x00007f69b4dfe000)]
  0x00007f69b80ac800 JavaThread "C2 CompilerThread0" daemon [_thread_blocked, id=18342, stack(0x00007f69b4dfe000,0x00007f69b4eff000)]
  0x00007f69b80aa800 JavaThread "Signal Dispatcher" daemon [_thread_blocked, id=18341, stack(0x00007f69b4eff000,0x00007f69b5000000)]
  0x00007f69b807d800 JavaThread "Finalizer" daemon [_thread_blocked, id=18340, stack(0x00007f69bc7b1000,0x00007f69bc8b2000)]
  0x00007f69b807b800 JavaThread "Reference Handler" daemon [_thread_blocked, id=18339, stack(0x00007f69bc8b2000,0x00007f69bc9b3000)]
  0x00007f69b800b800 JavaThread "main" [_thread_blocked, id=18333, stack(0x00007f69c1c21000,0x00007f69c1d22000)]

Other Threads:
=>0x00007f69b8077000 VMThread [stack: 0x00007f69bc9b3000,0x00007f69bcab4000] [id=18338]
  0x00007f69b80bd000 WatcherThread [stack: 0x00007f69b4afb000,0x00007f69b4bfc000] [id=18345]

VM state:at safepoint (normal execution)

VM Mutex/Monitor currently owned by a thread:  ([mutex/lock_event])
[0x00007f69b8007e10] Threads_lock - owner thread: 0x00007f69b8077000
[0x00007f69b8008310] Heap_lock - owner thread: 0x00007f69b800b800

Heap
 PSYoungGen      total 130048K, used 5117K [0x00000000eaa80000, 0x00000000f2e80000, 0x0000000100000000)
  eden space 124928K, 0% used [0x00000000eaa80000,0x00000000eaa80000,0x00000000f2480000)
  from space 5120K, 99% used [0x00000000f2480000,0x00000000f297f458,0x00000000f2980000)
  to   space 5120K, 0% used [0x00000000f2980000,0x00000000f2980000,0x00000000f2e80000)
 ParOldGen       total 82944K, used 29615K [0x00000000c0000000, 0x00000000c5100000, 0x00000000eaa80000)
  object space 82944K, 35% used [0x00000000c0000000,0x00000000c1cebe78,0x00000000c5100000)
 PSPermGen       total 21504K, used 7673K [0x00000000b5a00000, 0x00000000b6f00000, 0x00000000c0000000)
  object space 21504K, 35% used [0x00000000b5a00000,0x00000000b617e518,0x00000000b6f00000)

Card table byte_map: [0x00007f69be55c000,0x00007f69be7b0000] byte_map_base: 0x00007f69bdfaf000

Polling page: 0x00007f69c1d40000

Code Cache  [0x00007f69b5000000, 0x00007f69b5360000, 0x00007f69b8000000)
 total_blobs=1331 nmethods=1078 adapters=207 free_code_cache=45763Kb largest_free_block=46808640

Compilation events (10 events):
Event: 8.914 Thread 0x00007f69b80af800 1092             com.android.dx.merge.IndexMap::adjust (53 bytes)
Event: 8.914 Thread 0x00007f69b80ac800 1091             com.android.dex.Dex$Section::readAnnotation (51 bytes)
Event: 8.924 Thread 0x00007f69b80ac800 nmethod 1091 0x00007f69b534dc90 code [0x00007f69b534de40, 0x00007f69b534e548]
Event: 8.924 Thread 0x00007f69b80ac800 1093             com.android.dex.Annotation::getReader (14 bytes)
Event: 8.926 Thread 0x00007f69b80ac800 nmethod 1093 0x00007f69b5352410 code [0x00007f69b5352560, 0x00007f69b53526d8]
Event: 8.926 Thread 0x00007f69b80ac800 1094             com.android.dx.merge.IndexMap$EncodedValueTransformer::access$100 (6 bytes)
Event: 8.937 Thread 0x00007f69b80af800 nmethod 1092 0x00007f69b5350350 code [0x00007f69b53505a0, 0x00007f69b5351060]
Event: 8.937 Thread 0x00007f69b80af800 1095             com.android.dex.Annotation::getVisibility (5 bytes)
Event: 8.938 Thread 0x00007f69b80af800 nmethod 1095 0x00007f69b5350150 code [0x00007f69b5350280, 0x00007f69b53502d8]
Event: 8.938 Thread 0x00007f69b80af800 1096             java.util.ComparableTimSort::mergeHi (716 bytes)

GC Heap History (9 events):
Event: 1.925 GC heap before
{Heap before GC invocations=1 (full 0):
 PSYoungGen      total 36352K, used 31232K [0x00000000eaa80000, 0x00000000ed300000, 0x0000000100000000)
  eden space 31232K, 100% used [0x00000000eaa80000,0x00000000ec900000,0x00000000ec900000)
  from space 5120K, 0% used [0x00000000ece00000,0x00000000ece00000,0x00000000ed300000)
  to   space 5120K, 0% used [0x00000000ec900000,0x00000000ec900000,0x00000000ece00000)
 ParOldGen       total 82944K, used 0K [0x00000000c0000000, 0x00000000c5100000, 0x00000000eaa80000)
  object space 82944K, 0% used [0x00000000c0000000,0x00000000c0000000,0x00000000c5100000)
 PSPermGen       total 21504K, used 5490K [0x00000000b5a00000, 0x00000000b6f00000, 0x00000000c0000000)
  object space 21504K, 25% used [0x00000000b5a00000,0x00000000b5f5c948,0x00000000b6f00000)
Event: 1.946 GC heap after
Heap after GC invocations=1 (full 0):
 PSYoungGen      total 36352K, used 5119K [0x00000000eaa80000, 0x00000000ef180000, 0x0000000100000000)
  eden space 31232K, 0% used [0x00000000eaa80000,0x00000000eaa80000,0x00000000ec900000)
  from space 5120K, 99% used [0x00000000ec900000,0x00000000ecdffc40,0x00000000ece00000)
  to   space 5120K, 0% used [0x00000000eec80000,0x00000000eec80000,0x00000000ef180000)
 ParOldGen       total 82944K, used 2472K [0x00000000c0000000, 0x00000000c5100000, 0x00000000eaa80000)
  object space 82944K, 2% used [0x00000000c0000000,0x00000000c026a0d8,0x00000000c5100000)
 PSPermGen       total 21504K, used 5490K [0x00000000b5a00000, 0x00000000b6f00000, 0x00000000c0000000)
  object space 21504K, 25% used [0x00000000b5a00000,0x00000000b5f5c948,0x00000000b6f00000)
}
Event: 2.862 GC heap before
{Heap before GC invocations=2 (full 0):
 PSYoungGen      total 36352K, used 36351K [0x00000000eaa80000, 0x00000000ef180000, 0x0000000100000000)
  eden space 31232K, 100% used [0x00000000eaa80000,0x00000000ec900000,0x00000000ec900000)
  from space 5120K, 99% used [0x00000000ec900000,0x00000000ecdffc40,0x00000000ece00000)
  to   space 5120K, 0% used [0x00000000eec80000,0x00000000eec80000,0x00000000ef180000)
 ParOldGen       total 82944K, used 2472K [0x00000000c0000000, 0x00000000c5100000, 0x00000000eaa80000)
  object space 82944K, 2% used [0x00000000c0000000,0x00000000c026a0d8,0x00000000c5100000)
 PSPermGen       total 21504K, used 5597K [0x00000000b5a00000, 0x00000000b6f00000, 0x00000000c0000000)
  object space 21504K, 26% used [0x00000000b5a00000,0x00000000b5f77508,0x00000000b6f00000)
Event: 2.915 GC heap after
Heap after GC invocations=2 (full 0):
 PSYoungGen      total 67584K, used 5117K [0x00000000eaa80000, 0x00000000ef180000, 0x0000000100000000)
  eden space 62464K, 0% used [0x00000000eaa80000,0x00000000eaa80000,0x00000000ee780000)
  from space 5120K, 99% used [0x00000000eec80000,0x00000000ef17f658,0x00000000ef180000)
  to   space 5120K, 0% used [0x00000000ee780000,0x00000000ee780000,0x00000000eec80000)
 ParOldGen       total 82944K, used 7062K [0x00000000c0000000, 0x00000000c5100000, 0x00000000eaa80000)
  object space 82944K, 8% used [0x00000000c0000000,0x00000000c06e5b40,0x00000000c5100000)
 PSPermGen       total 21504K, used 5597K [0x00000000b5a00000, 0x00000000b6f00000, 0x00000000c0000000)
  object space 21504K, 26% used [0x00000000b5a00000,0x00000000b5f77508,0x00000000b6f00000)
}
Event: 5.741 GC heap before
{Heap before GC invocations=3 (full 0):
 PSYoungGen      total 67584K, used 67581K [0x00000000eaa80000, 0x00000000ef180000, 0x0000000100000000)
  eden space 62464K, 100% used [0x00000000eaa80000,0x00000000ee780000,0x00000000ee780000)
  from space 5120K, 99% used [0x00000000eec80000,0x00000000ef17f658,0x00000000ef180000)
  to   space 5120K, 0% used [0x00000000ee780000,0x00000000ee780000,0x00000000eec80000)
 ParOldGen       total 82944K, used 7062K [0x00000000c0000000, 0x00000000c5100000, 0x00000000eaa80000)
  object space 82944K, 8% used [0x00000000c0000000,0x00000000c06e5b40,0x00000000c5100000)
 PSPermGen       total 21504K, used 6093K [0x00000000b5a00000, 0x00000000b6f00000, 0x00000000c0000000)
  object space 21504K, 28% used [0x00000000b5a00000,0x00000000b5ff37a0,0x00000000b6f00000)
Event: 5.786 GC heap after
Heap after GC invocations=3 (full 0):
 PSYoungGen      total 67584K, used 5099K [0x00000000eaa80000, 0x00000000f2e80000, 0x0000000100000000)
  eden space 62464K, 0% used [0x00000000eaa80000,0x00000000eaa80000,0x00000000ee780000)
  from space 5120K, 99% used [0x00000000ee780000,0x00000000eec7ad90,0x00000000eec80000)
  to   space 5120K, 0% used [0x00000000f2980000,0x00000000f2980000,0x00000000f2e80000)
 ParOldGen       total 82944K, used 17021K [0x00000000c0000000, 0x00000000c5100000, 0x00000000eaa80000)
  object space 82944K, 20% used [0x00000000c0000000,0x00000000c109f5a8,0x00000000c5100000)
 PSPermGen       total 21504K, used 6093K [0x00000000b5a00000, 0x00000000b6f00000, 0x00000000c0000000)
  object space 21504K, 28% used [0x00000000b5a00000,0x00000000b5ff37a0,0x00000000b6f00000)
}
Event: 8.277 GC heap before
{Heap before GC invocations=4 (full 0):
 PSYoungGen      total 67584K, used 67563K [0x00000000eaa80000, 0x00000000f2e80000, 0x0000000100000000)
  eden space 62464K, 100% used [0x00000000eaa80000,0x00000000ee780000,0x00000000ee780000)
  from space 5120K, 99% used [0x00000000ee780000,0x00000000eec7ad90,0x00000000eec80000)
  to   space 5120K, 0% used [0x00000000f2980000,0x00000000f2980000,0x00000000f2e80000)
 ParOldGen       total 82944K, used 17021K [0x00000000c0000000, 0x00000000c5100000, 0x00000000eaa80000)
  object space 82944K, 20% used [0x00000000c0000000,0x00000000c109f5a8,0x00000000c5100000)
 PSPermGen       total 21504K, used 7536K [0x00000000b5a00000, 0x00000000b6f00000, 0x00000000c0000000)
  object space 21504K, 35% used [0x00000000b5a00000,0x00000000b615c3d0,0x00000000b6f00000)
Event: 8.312 GC heap after
Heap after GC invocations=4 (full 0):
 PSYoungGen      total 130048K, used 5103K [0x00000000eaa80000, 0x00000000f2e80000, 0x0000000100000000)
  eden space 124928K, 0% used [0x00000000eaa80000,0x00000000eaa80000,0x00000000f2480000)
  from space 5120K, 99% used [0x00000000f2980000,0x00000000f2e7bff8,0x00000000f2e80000)
  to   space 5120K, 0% used [0x00000000f2480000,0x00000000f2480000,0x00000000f2980000)
 ParOldGen       total 82944K, used 25423K [0x00000000c0000000, 0x00000000c5100000, 0x00000000eaa80000)
  object space 82944K, 30% used [0x00000000c0000000,0x00000000c18d3f70,0x00000000c5100000)
 PSPermGen       total 21504K, used 7536K [0x00000000b5a00000, 0x00000000b6f00000, 0x00000000c0000000)
  object space 21504K, 35% used [0x00000000b5a00000,0x00000000b615c3d0,0x00000000b6f00000)
}
Event: 8.945 GC heap before
{Heap before GC invocations=5 (full 0):
 PSYoungGen      total 130048K, used 130031K [0x00000000eaa80000, 0x00000000f2e80000, 0x0000000100000000)
  eden space 124928K, 100% used [0x00000000eaa80000,0x00000000f2480000,0x00000000f2480000)
  from space 5120K, 99% used [0x00000000f2980000,0x00000000f2e7bff8,0x00000000f2e80000)
  to   space 5120K, 0% used [0x00000000f2480000,0x00000000f2480000,0x00000000f2980000)
 ParOldGen       total 82944K, used 25423K [0x00000000c0000000, 0x00000000c5100000, 0x00000000eaa80000)
  object space 82944K, 30% used [0x00000000c0000000,0x00000000c18d3f70,0x00000000c5100000)
 PSPermGen       total 21504K, used 7673K [0x00000000b5a00000, 0x00000000b6f00000, 0x00000000c0000000)
  object space 21504K, 35% used [0x00000000b5a00000,0x00000000b617e518,0x00000000b6f00000)

Deoptimization events (10 events):
Event: 8.625 Thread 0x00007f69b800b800 Uncommon trap: reason=array_check action=maybe_recompile pc=0x00007f69b5322790 method=java.util.ComparableTimSort.binarySort([Ljava/lang/Object;III)V @ 193
Event: 8.724 Thread 0x00007f69b800b800 Uncommon trap: reason=array_check action=maybe_recompile pc=0x00007f69b5344f64 method=java.util.TimSort.binarySort([Ljava/lang/Object;IIILjava/util/Comparator;)V @ 183
Event: 8.725 Thread 0x00007f69b800b800 Uncommon trap: reason=array_check action=maybe_recompile pc=0x00007f69b5344e7c method=java.util.TimSort.binarySort([Ljava/lang/Object;IIILjava/util/Comparator;)V @ 193
Event: 8.725 Thread 0x00007f69b800b800 Uncommon trap: reason=array_check action=maybe_recompile pc=0x00007f69b5344e7c method=java.util.TimSort.binarySort([Ljava/lang/Object;IIILjava/util/Comparator;)V @ 193
Event: 8.725 Thread 0x00007f69b800b800 Uncommon trap: reason=array_check action=maybe_recompile pc=0x00007f69b5344e7c method=java.util.TimSort.binarySort([Ljava/lang/Object;IIILjava/util/Comparator;)V @ 193
Event: 8.803 Thread 0x00007f69b800b800 Uncommon trap: reason=unstable_if action=reinterpret pc=0x00007f69b5355d84 method=com.android.dx.merge.DexMerger.transformAnnotationDirectory(Lcom/android/dex/Dex$Section;Lcom/android/dx/merge/IndexMap;)V @ 199
Event: 8.903 Thread 0x00007f69b800b800 Uncommon trap: reason=array_check action=maybe_recompile pc=0x00007f69b534bf68 method=java.util.ComparableTimSort.binarySort([Ljava/lang/Object;III)V @ 183
Event: 8.920 Thread 0x00007f69b800b800 Uncommon trap: reason=unstable_if action=reinterpret pc=0x00007f69b50a13f4 method=java.lang.Long.numberOfTrailingZeros(J)I @ 3
Event: 8.922 Thread 0x00007f69b800b800 Uncommon trap: reason=array_check action=maybe_recompile pc=0x00007f69b534f51c method=java.util.TimSort.binarySort([Ljava/lang/Object;IIILjava/util/Comparator;)V @ 215
Event: 8.922 Thread 0x00007f69b800b800 Uncommon trap: reason=array_check action=maybe_recompile pc=0x00007f69b534f51c method=java.util.TimSort.binarySort([Ljava/lang/Object;IIILjava/util/Comparator;)V @ 215

Internal exceptions (10 events):
Event: 7.788 Thread 0x00007f69b800b800 Threw 0x00000000ec1799e0 at /build/openjdk-7-Fct0ZC/openjdk-7-7u95-2.6.4/build/openjdk/hotspot/src/share/vm/prims/jvm.cpp:1322
Event: 7.788 Thread 0x00007f69b800b800 Threw 0x00000000ec17d660 at /build/openjdk-7-Fct0ZC/openjdk-7-7u95-2.6.4/build/openjdk/hotspot/src/share/vm/prims/jvm.cpp:1322
Event: 7.788 Thread 0x00007f69b800b800 Threw 0x00000000ec181430 at /build/openjdk-7-Fct0ZC/openjdk-7-7u95-2.6.4/build/openjdk/hotspot/src/share/vm/prims/jvm.cpp:1322
Event: 7.790 Thread 0x00007f69b800b800 Threw 0x00000000ec187400 at /build/openjdk-7-Fct0ZC/openjdk-7-7u95-2.6.4/build/openjdk/hotspot/src/share/vm/prims/jvm.cpp:1322
Event: 7.790 Thread 0x00007f69b800b800 Threw 0x00000000ec18b1f8 at /build/openjdk-7-Fct0ZC/openjdk-7-7u95-2.6.4/build/openjdk/hotspot/src/share/vm/prims/jvm.cpp:1322
Event: 7.790 Thread 0x00007f69b800b800 Threw 0x00000000ec18eef8 at /build/openjdk-7-Fct0ZC/openjdk-7-7u95-2.6.4/build/openjdk/hotspot/src/share/vm/prims/jvm.cpp:1322
Event: 7.791 Thread 0x00007f69b800b800 Threw 0x00000000ec192948 at /build/openjdk-7-Fct0ZC/openjdk-7-7u95-2.6.4/build/openjdk/hotspot/src/share/vm/prims/jvm.cpp:1322
Event: 7.793 Thread 0x00007f69b800b800 Threw 0x00000000ec1da438 at /build/openjdk-7-Fct0ZC/openjdk-7-7u95-2.6.4/build/openjdk/hotspot/src/share/vm/prims/jvm.cpp:1322
Event: 7.793 Thread 0x00007f69b800b800 Threw 0x00000000ec1dcfe0 at /build/openjdk-7-Fct0ZC/openjdk-7-7u95-2.6.4/build/openjdk/hotspot/src/share/vm/prims/jvm.cpp:1322
Event: 8.185 Thread 0x00007f69b800b800 Threw 0x00000000ed8be500 at /build/openjdk-7-Fct0ZC/openjdk-7-7u95-2.6.4/build/openjdk/hotspot/src/share/vm/prims/jvm.cpp:1322

Events (10 events):
Event: 8.919 Thread 0x00007f69b800b800 Uncommon trap: trap_request=0xffffff75 fr.pc=0x00007f69b50a13f4
Event: 8.920 Thread 0x00007f69b800b800 DEOPT PACKING pc=0x00007f69b50a13f4 sp=0x00007f69c1d203b0
Event: 8.920 Thread 0x00007f69b800b800 DEOPT UNPACKING pc=0x00007f69b5039045 sp=0x00007f69c1d20360 mode 2
Event: 8.922 Thread 0x00007f69b800b800 Uncommon trap: trap_request=0xffffffd6 fr.pc=0x00007f69b534f51c
Event: 8.922 Thread 0x00007f69b800b800 DEOPT PACKING pc=0x00007f69b534f51c sp=0x00007f69c1d20510
Event: 8.922 Thread 0x00007f69b800b800 DEOPT UNPACKING pc=0x00007f69b5039045 sp=0x00007f69c1d204e8 mode 2
Event: 8.922 Thread 0x00007f69b800b800 Uncommon trap: trap_request=0xffffffd6 fr.pc=0x00007f69b534f51c
Event: 8.922 Thread 0x00007f69b800b800 DEOPT PACKING pc=0x00007f69b534f51c sp=0x00007f69c1d20510
Event: 8.922 Thread 0x00007f69b800b800 DEOPT UNPACKING pc=0x00007f69b5039045 sp=0x00007f69c1d204e8 mode 2
Event: 8.945 Executing VM operation: ParallelGCFailedAllocation


Dynamic libraries:
00400000-00401000 r-xp 00000000 08:06 1060470                            /usr/lib/jvm/java-7-openjdk-amd64/jre/bin/java
00600000-00601000 r--p 00000000 08:06 1060470                            /usr/lib/jvm/java-7-openjdk-amd64/jre/bin/java
00601000-00602000 rw-p 00001000 08:06 1060470                            /usr/lib/jvm/java-7-openjdk-amd64/jre/bin/java
014aa000-014cb000 rw-p 00000000 00:00 0                                  [heap]
b5a00000-b6f00000 rw-p 00000000 00:00 0 
b6f00000-c0000000 rw-p 00000000 00:00 0 
c0000000-c5100000 rw-p 00000000 00:00 0 
c5100000-eaa80000 rw-p 00000000 00:00 0 
eaa80000-f2e80000 rw-p 00000000 00:00 0 
fbf80000-100000000 rw-p 00000000 00:00 0 
7f6968000000-7f696802f000 rw-p 00000000 00:00 0 
7f696802f000-7f696c000000 ---p 00000000 00:00 0 
7f696c000000-7f696c038000 rw-p 00000000 00:00 0 
7f696c038000-7f6970000000 ---p 00000000 00:00 0 
7f6970000000-7f6970021000 rw-p 00000000 00:00 0 
7f6970021000-7f6974000000 ---p 00000000 00:00 0 
7f6974000000-7f6974023000 rw-p 00000000 00:00 0 
7f6974023000-7f6978000000 ---p 00000000 00:00 0 
7f6978000000-7f6978021000 rw-p 00000000 00:00 0 
7f6978021000-7f697c000000 ---p 00000000 00:00 0 
7f697c000000-7f697c035000 rw-p 00000000 00:00 0 
7f697c035000-7f6980000000 ---p 00000000 00:00 0 
7f6980000000-7f698146b000 rw-p 00000000 00:00 0 
7f698146b000-7f6984000000 ---p 00000000 00:00 0 
7f6984000000-7f6984021000 rw-p 00000000 00:00 0 
7f6984021000-7f6988000000 ---p 00000000 00:00 0 
7f6988000000-7f6988021000 rw-p 00000000 00:00 0 
7f6988021000-7f698c000000 ---p 00000000 00:00 0 
7f698c000000-7f698d7e9000 rw-p 00000000 00:00 0 
7f698d7e9000-7f6990000000 ---p 00000000 00:00 0 
7f6990000000-7f6990021000 rw-p 00000000 00:00 0 
7f6990021000-7f6994000000 ---p 00000000 00:00 0 
7f6994000000-7f6994021000 rw-p 00000000 00:00 0 
7f6994021000-7f6998000000 ---p 00000000 00:00 0 
7f6998000000-7f6998021000 rw-p 00000000 00:00 0 
7f6998021000-7f699c000000 ---p 00000000 00:00 0 
7f699c000000-7f699c021000 rw-p 00000000 00:00 0 
7f699c021000-7f69a0000000 ---p 00000000 00:00 0 
7f69a0000000-7f69a0021000 rw-p 00000000 00:00 0 
7f69a0021000-7f69a4000000 ---p 00000000 00:00 0 
7f69a8000000-7f69a8021000 rw-p 00000000 00:00 0 
7f69a8021000-7f69ac000000 ---p 00000000 00:00 0 
7f69ac433000-7f69ac734000 rw-p 00000000 00:00 0 
7f69ac734000-7f69ac7a0000 r-xp 00000000 08:06 4469931                    /lib/x86_64-linux-gnu/libpcre.so.3.13.1
7f69ac7a0000-7f69ac99f000 ---p 0006c000 08:06 4469931                    /lib/x86_64-linux-gnu/libpcre.so.3.13.1
7f69ac99f000-7f69ac9a0000 r--p 0006b000 08:06 4469931                    /lib/x86_64-linux-gnu/libpcre.so.3.13.1
7f69ac9a0000-7f69ac9a1000 rw-p 0006c000 08:06 4469931                    /lib/x86_64-linux-gnu/libpcre.so.3.13.1
7f69ac9a1000-7f69ac9a8000 r-xp 00000000 08:06 535049                     /usr/lib/x86_64-linux-gnu/libffi.so.6.0.4
7f69ac9a8000-7f69acba7000 ---p 00007000 08:06 535049                     /usr/lib/x86_64-linux-gnu/libffi.so.6.0.4
7f69acba7000-7f69acba8000 r--p 00006000 08:06 535049                     /usr/lib/x86_64-linux-gnu/libffi.so.6.0.4
7f69acba8000-7f69acba9000 rw-p 00007000 08:06 535049                     /usr/lib/x86_64-linux-gnu/libffi.so.6.0.4
7f69acba9000-7f69acbc0000 r-xp 00000000 08:06 4469954                    /lib/x86_64-linux-gnu/libresolv-2.21.so
7f69acbc0000-7f69acdc0000 ---p 00017000 08:06 4469954                    /lib/x86_64-linux-gnu/libresolv-2.21.so
7f69acdc0000-7f69acdc2000 r--p 00017000 08:06 4469954                    /lib/x86_64-linux-gnu/libresolv-2.21.so
7f69acdc2000-7f69acdc3000 rw-p 00019000 08:06 4469954                    /lib/x86_64-linux-gnu/libresolv-2.21.so
7f69acdc3000-7f69acdc5000 rw-p 00000000 00:00 0 
7f69acdc5000-7f69acde6000 r-xp 00000000 08:06 4469960                    /lib/x86_64-linux-gnu/libselinux.so.1
7f69acde6000-7f69acfe5000 ---p 00021000 08:06 4469960                    /lib/x86_64-linux-gnu/libselinux.so.1
7f69acfe5000-7f69acfe6000 r--p 00020000 08:06 4469960                    /lib/x86_64-linux-gnu/libselinux.so.1
7f69acfe6000-7f69acfe7000 rw-p 00021000 08:06 4469960                    /lib/x86_64-linux-gnu/libselinux.so.1
7f69acfe7000-7f69acfe9000 rw-p 00000000 00:00 0 
7f69acfe9000-7f69acfec000 r-xp 00000000 08:06 535168                     /usr/lib/x86_64-linux-gnu/libgmodule-2.0.so.0.4600.1
7f69acfec000-7f69ad1eb000 ---p 00003000 08:06 535168                     /usr/lib/x86_64-linux-gnu/libgmodule-2.0.so.0.4600.1
7f69ad1eb000-7f69ad1ec000 r--p 00002000 08:06 535168                     /usr/lib/x86_64-linux-gnu/libgmodule-2.0.so.0.4600.1
7f69ad1ec000-7f69ad1ed000 rw-p 00003000 08:06 535168                     /usr/lib/x86_64-linux-gnu/libgmodule-2.0.so.0.4600.1
7f69ad1ed000-7f69ad2fa000 r-xp 00000000 08:06 4469849                    /lib/x86_64-linux-gnu/libglib-2.0.so.0.4600.1
7f69ad2fa000-7f69ad4f9000 ---p 0010d000 08:06 4469849                    /lib/x86_64-linux-gnu/libglib-2.0.so.0.4600.1
7f69ad4f9000-7f69ad4fa000 r--p 0010c000 08:06 4469849                    /lib/x86_64-linux-gnu/libglib-2.0.so.0.4600.1
7f69ad4fa000-7f69ad4fb000 rw-p 0010d000 08:06 4469849                    /lib/x86_64-linux-gnu/libglib-2.0.so.0.4600.1
7f69ad4fb000-7f69ad4fc000 rw-p 00000000 00:00 0 
7f69ad4fc000-7f69ad54e000 r-xp 00000000 08:06 535184                     /usr/lib/x86_64-linux-gnu/libgobject-2.0.so.0.4600.1
7f69ad54e000-7f69ad74d000 ---p 00052000 08:06 535184                     /usr/lib/x86_64-linux-gnu/libgobject-2.0.so.0.4600.1
7f69ad74d000-7f69ad74e000 r--p 00051000 08:06 535184                     /usr/lib/x86_64-linux-gnu/libgobject-2.0.so.0.4600.1
7f69ad74e000-7f69ad74f000 rw-p 00052000 08:06 535184                     /usr/lib/x86_64-linux-gnu/libgobject-2.0.so.0.4600.1
7f69ad74f000-7f69ad8c9000 r-xp 00000000 08:06 535154                     /usr/lib/x86_64-linux-gnu/libgio-2.0.so.0.4600.1
7f69ad8c9000-7f69adac8000 ---p 0017a000 08:06 535154                     /usr/lib/x86_64-linux-gnu/libgio-2.0.so.0.4600.1
7f69adac8000-7f69adacc000 r--p 00179000 08:06 535154                     /usr/lib/x86_64-linux-gnu/libgio-2.0.so.0.4600.1
7f69adacc000-7f69adace000 rw-p 0017d000 08:06 535154                     /usr/lib/x86_64-linux-gnu/libgio-2.0.so.0.4600.1
7f69adace000-7f69b0000000 rw-p 00000000 00:00 0 
7f69b0000000-7f69b0021000 rw-p 00000000 00:00 0 
7f69b0021000-7f69b4000000 ---p 00000000 00:00 0 
7f69b41cb000-7f69b41e2000 r-xp 00000000 08:06 1061829                    /usr/lib/jvm/java-7-openjdk-amd64/jre/lib/amd64/libnet.so
7f69b41e2000-7f69b43e2000 ---p 00017000 08:06 1061829                    /usr/lib/jvm/java-7-openjdk-amd64/jre/lib/amd64/libnet.so
7f69b43e2000-7f69b43e3000 r--p 00017000 08:06 1061829                    /usr/lib/jvm/java-7-openjdk-amd64/jre/lib/amd64/libnet.so
7f69b43e3000-7f69b43e4000 rw-p 00018000 08:06 1061829                    /usr/lib/jvm/java-7-openjdk-amd64/jre/lib/amd64/libnet.so
7f69b43e4000-7f69b43f5000 r-xp 00000000 08:06 1060666                    /usr/lib/jvm/java-7-openjdk-amd64/jre/lib/amd64/libnio.so
7f69b43f5000-7f69b45f4000 ---p 00011000 08:06 1060666                    /usr/lib/jvm/java-7-openjdk-amd64/jre/lib/amd64/libnio.so
7f69b45f4000-7f69b45f5000 r--p 00010000 08:06 1060666                    /usr/lib/jvm/java-7-openjdk-amd64/jre/lib/amd64/libnio.so
7f69b45f5000-7f69b45f6000 rw-p 00011000 08:06 1060666                    /usr/lib/jvm/java-7-openjdk-amd64/jre/lib/amd64/libnio.so
7f69b45f6000-7f69b45f9000 ---p 00000000 00:00 0 
7f69b45f9000-7f69b46f7000 rw-p 00000000 00:00 0 
7f69b46f7000-7f69b46fa000 ---p 00000000 00:00 0 
7f69b46fa000-7f69b47f8000 rw-p 00000000 00:00 0 
7f69b47f8000-7f69b47fb000 ---p 00000000 00:00 0 
7f69b47fb000-7f69b48f9000 rw-p 00000000 00:00 0 
7f69b48f9000-7f69b48fc000 ---p 00000000 00:00 0 
7f69b48fc000-7f69b49fa000 rw-p 00000000 00:00 0 
7f69b49fa000-7f69b49fd000 ---p 00000000 00:00 0 
7f69b49fd000-7f69b4afb000 rw-p 00000000 00:00 0 
7f69b4afb000-7f69b4afc000 ---p 00000000 00:00 0 
7f69b4afc000-7f69b4bfc000 rw-p 00000000 00:00 0                          [stack:18345]
7f69b4bfc000-7f69b4bff000 ---p 00000000 00:00 0 
7f69b4bff000-7f69b4cfd000 rw-p 00000000 00:00 0                          [stack:18344]
7f69b4cfd000-7f69b4d00000 ---p 00000000 00:00 0 
7f69b4d00000-7f69b4dfe000 rw-p 00000000 00:00 0                          [stack:18343]
7f69b4dfe000-7f69b4e01000 ---p 00000000 00:00 0 
7f69b4e01000-7f69b4eff000 rw-p 00000000 00:00 0                          [stack:18342]
7f69b4eff000-7f69b4f02000 ---p 00000000 00:00 0 
7f69b4f02000-7f69b5000000 rw-p 00000000 00:00 0                          [stack:18341]
7f69b5000000-7f69b5360000 rwxp 00000000 00:00 0 
7f69b5360000-7f69b8201000 rw-p 00000000 00:00 0 
7f69b8201000-7f69bc000000 ---p 00000000 00:00 0 
7f69bc0bb000-7f69bc0bf000 r--s 0004f000 08:06 1064974                    /usr/lib/jvm/java-7-openjdk-amd64/jre/lib/jsse.jar
7f69bc0bf000-7f69bc0ce000 r--s 000df000 08:06 2908841                    /home/prajit/Android/Sdk/build-tools/23.0.1/lib/dx.jar
7f69bc0ce000-7f69bc7b1000 r--p 00000000 08:06 533298                     /usr/lib/locale/locale-archive
7f69bc7b1000-7f69bc7b4000 ---p 00000000 00:00 0 
7f69bc7b4000-7f69bc8b2000 rw-p 00000000 00:00 0                          [stack:18340]
7f69bc8b2000-7f69bc8b5000 ---p 00000000 00:00 0 
7f69bc8b5000-7f69bc9b3000 rw-p 00000000 00:00 0                          [stack:18339]
7f69bc9b3000-7f69bc9b4000 ---p 00000000 00:00 0 
7f69bc9b4000-7f69bdab1000 rw-p 00000000 00:00 0                          [stack:18338]
7f69bdab1000-7f69bdc63000 r--s 01d2f000 08:06 1060638                    /usr/lib/jvm/java-7-openjdk-amd64/jre/lib/rt.jar
7f69bdc63000-7f69bdfaf000 rw-p 00000000 00:00 0 
7f69bdfaf000-7f69bdfb0000 ---p 00000000 00:00 0 
7f69bdfb0000-7f69be0b0000 rw-p 00000000 00:00 0                          [stack:18337]
7f69be0b0000-7f69be0b1000 ---p 00000000 00:00 0 
7f69be0b1000-7f69be1b1000 rw-p 00000000 00:00 0                          [stack:18336]
7f69be1b1000-7f69be1b2000 ---p 00000000 00:00 0 
7f69be1b2000-7f69be2b2000 rw-p 00000000 00:00 0                          [stack:18335]
7f69be2b2000-7f69be2b3000 ---p 00000000 00:00 0 
7f69be2b3000-7f69be3be000 rw-p 00000000 00:00 0                          [stack:18334]
7f69be3be000-7f69be406000 rw-p 00000000 00:00 0 
7f69be406000-7f69be42f000 rw-p 00000000 00:00 0 
7f69be42f000-7f69be55c000 rw-p 00000000 00:00 0 
7f69be55c000-7f69be567000 rw-p 00000000 00:00 0 
7f69be567000-7f69be5af000 rw-p 00000000 00:00 0 
7f69be5af000-7f69be5d8000 rw-p 00000000 00:00 0 
7f69be5d8000-7f69be704000 rw-p 00000000 00:00 0 
7f69be704000-7f69be747000 rw-p 00000000 00:00 0 
7f69be747000-7f69be7af000 rw-p 00000000 00:00 0 
7f69be7af000-7f69be7b0000 rw-p 00000000 00:00 0 
7f69be7b0000-7f69be7b8000 r-xp 00000000 08:06 1061301                    /usr/lib/jvm/java-7-openjdk-amd64/jre/lib/amd64/libzip.so
7f69be7b8000-7f69be9b7000 ---p 00008000 08:06 1061301                    /usr/lib/jvm/java-7-openjdk-amd64/jre/lib/amd64/libzip.so
7f69be9b7000-7f69be9b8000 r--p 00007000 08:06 1061301                    /usr/lib/jvm/java-7-openjdk-amd64/jre/lib/amd64/libzip.so
7f69be9b8000-7f69be9b9000 rw-p 00008000 08:06 1061301                    /usr/lib/jvm/java-7-openjdk-amd64/jre/lib/amd64/libzip.so
7f69be9b9000-7f69be9c5000 r-xp 00000000 08:06 4469901                    /lib/x86_64-linux-gnu/libnss_files-2.21.so
7f69be9c5000-7f69bebc4000 ---p 0000c000 08:06 4469901                    /lib/x86_64-linux-gnu/libnss_files-2.21.so
7f69bebc4000-7f69bebc5000 r--p 0000b000 08:06 4469901                    /lib/x86_64-linux-gnu/libnss_files-2.21.so
7f69bebc5000-7f69bebc6000 rw-p 0000c000 08:06 4469901                    /lib/x86_64-linux-gnu/libnss_files-2.21.so
7f69bebc6000-7f69bebd1000 r-xp 00000000 08:06 4469911                    /lib/x86_64-linux-gnu/libnss_nis-2.21.so
7f69bebd1000-7f69bedd0000 ---p 0000b000 08:06 4469911                    /lib/x86_64-linux-gnu/libnss_nis-2.21.so
7f69bedd0000-7f69bedd1000 r--p 0000a000 08:06 4469911                    /lib/x86_64-linux-gnu/libnss_nis-2.21.so
7f69bedd1000-7f69bedd2000 rw-p 0000b000 08:06 4469911                    /lib/x86_64-linux-gnu/libnss_nis-2.21.so
7f69bedd2000-7f69bede9000 r-xp 00000000 08:06 4469895                    /lib/x86_64-linux-gnu/libnsl-2.21.so
7f69bede9000-7f69befe8000 ---p 00017000 08:06 4469895                    /lib/x86_64-linux-gnu/libnsl-2.21.so
7f69befe8000-7f69befe9000 r--p 00016000 08:06 4469895                    /lib/x86_64-linux-gnu/libnsl-2.21.so
7f69befe9000-7f69befea000 rw-p 00017000 08:06 4469895                    /lib/x86_64-linux-gnu/libnsl-2.21.so
7f69befea000-7f69befec000 rw-p 00000000 00:00 0 
7f69befec000-7f69beff4000 r-xp 00000000 08:06 4469897                    /lib/x86_64-linux-gnu/libnss_compat-2.21.so
7f69beff4000-7f69bf1f3000 ---p 00008000 08:06 4469897                    /lib/x86_64-linux-gnu/libnss_compat-2.21.so
7f69bf1f3000-7f69bf1f4000 r--p 00007000 08:06 4469897                    /lib/x86_64-linux-gnu/libnss_compat-2.21.so
7f69bf1f4000-7f69bf1f5000 rw-p 00008000 08:06 4469897                    /lib/x86_64-linux-gnu/libnss_compat-2.21.so
7f69bf1f5000-7f69bf221000 r-xp 00000000 08:06 1061309                    /usr/lib/jvm/java-7-openjdk-amd64/jre/lib/amd64/libjava.so
7f69bf221000-7f69bf420000 ---p 0002c000 08:06 1061309                    /usr/lib/jvm/java-7-openjdk-amd64/jre/lib/amd64/libjava.so
7f69bf420000-7f69bf421000 r--p 0002b000 08:06 1061309                    /usr/lib/jvm/java-7-openjdk-amd64/jre/lib/amd64/libjava.so
7f69bf421000-7f69bf423000 rw-p 0002c000 08:06 1061309                    /usr/lib/jvm/java-7-openjdk-amd64/jre/lib/amd64/libjava.so
7f69bf423000-7f69bf432000 r-xp 00000000 08:06 1061824                    /usr/lib/jvm/java-7-openjdk-amd64/jre/lib/amd64/libverify.so
7f69bf432000-7f69bf631000 ---p 0000f000 08:06 1061824                    /usr/lib/jvm/java-7-openjdk-amd64/jre/lib/amd64/libverify.so
7f69bf631000-7f69bf633000 r--p 0000e000 08:06 1061824                    /usr/lib/jvm/java-7-openjdk-amd64/jre/lib/amd64/libverify.so
7f69bf633000-7f69bf634000 rw-p 00010000 08:06 1061824                    /usr/lib/jvm/java-7-openjdk-amd64/jre/lib/amd64/libverify.so
7f69bf634000-7f69bf63b000 r-xp 00000000 08:06 4469956                    /lib/x86_64-linux-gnu/librt-2.21.so
7f69bf63b000-7f69bf83a000 ---p 00007000 08:06 4469956                    /lib/x86_64-linux-gnu/librt-2.21.so
7f69bf83a000-7f69bf83b000 r--p 00006000 08:06 4469956                    /lib/x86_64-linux-gnu/librt-2.21.so
7f69bf83b000-7f69bf83c000 rw-p 00007000 08:06 4469956                    /lib/x86_64-linux-gnu/librt-2.21.so
7f69bf83c000-7f69bf852000 r-xp 00000000 08:06 4469845                    /lib/x86_64-linux-gnu/libgcc_s.so.1
7f69bf852000-7f69bfa51000 ---p 00016000 08:06 4469845                    /lib/x86_64-linux-gnu/libgcc_s.so.1
7f69bfa51000-7f69bfa52000 r--p 00015000 08:06 4469845                    /lib/x86_64-linux-gnu/libgcc_s.so.1
7f69bfa52000-7f69bfa53000 rw-p 00016000 08:06 4469845                    /lib/x86_64-linux-gnu/libgcc_s.so.1
7f69bfa53000-7f69bfb5a000 r-xp 00000000 08:06 4469874                    /lib/x86_64-linux-gnu/libm-2.21.so
7f69bfb5a000-7f69bfd59000 ---p 00107000 08:06 4469874                    /lib/x86_64-linux-gnu/libm-2.21.so
7f69bfd59000-7f69bfd5a000 r--p 00106000 08:06 4469874                    /lib/x86_64-linux-gnu/libm-2.21.so
7f69bfd5a000-7f69bfd5b000 rw-p 00107000 08:06 4469874                    /lib/x86_64-linux-gnu/libm-2.21.so
7f69bfd5b000-7f69bfece000 r-xp 00000000 08:06 535706                     /usr/lib/x86_64-linux-gnu/libstdc++.so.6.0.21
7f69bfece000-7f69c00cd000 ---p 00173000 08:06 535706                     /usr/lib/x86_64-linux-gnu/libstdc++.so.6.0.21
7f69c00cd000-7f69c00d7000 r--p 00172000 08:06 535706                     /usr/lib/x86_64-linux-gnu/libstdc++.so.6.0.21
7f69c00d7000-7f69c00d9000 rw-p 0017c000 08:06 535706                     /usr/lib/x86_64-linux-gnu/libstdc++.so.6.0.21
7f69c00d9000-7f69c00dd000 rw-p 00000000 00:00 0 
7f69c00dd000-7f69c0c2e000 r-xp 00000000 08:06 1061655                    /usr/lib/jvm/java-7-openjdk-amd64/jre/lib/amd64/server/libjvm.so
7f69c0c2e000-7f69c0e2d000 ---p 00b51000 08:06 1061655                    /usr/lib/jvm/java-7-openjdk-amd64/jre/lib/amd64/server/libjvm.so
7f69c0e2d000-7f69c0ebe000 r--p 00b50000 08:06 1061655                    /usr/lib/jvm/java-7-openjdk-amd64/jre/lib/amd64/server/libjvm.so
7f69c0ebe000-7f69c0ee1000 rw-p 00be1000 08:06 1061655                    /usr/lib/jvm/java-7-openjdk-amd64/jre/lib/amd64/server/libjvm.so
7f69c0ee1000-7f69c0f0c000 rw-p 00000000 00:00 0 
7f69c0f0c000-7f69c0f25000 r-xp 00000000 08:06 4469991                    /lib/x86_64-linux-gnu/libz.so.1.2.8
7f69c0f25000-7f69c1124000 ---p 00019000 08:06 4469991                    /lib/x86_64-linux-gnu/libz.so.1.2.8
7f69c1124000-7f69c1125000 r--p 00018000 08:06 4469991                    /lib/x86_64-linux-gnu/libz.so.1.2.8
7f69c1125000-7f69c1126000 rw-p 00019000 08:06 4469991                    /lib/x86_64-linux-gnu/libz.so.1.2.8
7f69c1126000-7f69c113e000 r-xp 00000000 08:06 4469948                    /lib/x86_64-linux-gnu/libpthread-2.21.so
7f69c113e000-7f69c133e000 ---p 00018000 08:06 4469948                    /lib/x86_64-linux-gnu/libpthread-2.21.so
7f69c133e000-7f69c133f000 r--p 00018000 08:06 4469948                    /lib/x86_64-linux-gnu/libpthread-2.21.so
7f69c133f000-7f69c1340000 rw-p 00019000 08:06 4469948                    /lib/x86_64-linux-gnu/libpthread-2.21.so
7f69c1340000-7f69c1344000 rw-p 00000000 00:00 0 
7f69c1344000-7f69c1347000 r-xp 00000000 08:06 4469831                    /lib/x86_64-linux-gnu/libdl-2.21.so
7f69c1347000-7f69c1546000 ---p 00003000 08:06 4469831                    /lib/x86_64-linux-gnu/libdl-2.21.so
7f69c1546000-7f69c1547000 r--p 00002000 08:06 4469831                    /lib/x86_64-linux-gnu/libdl-2.21.so
7f69c1547000-7f69c1548000 rw-p 00003000 08:06 4469831                    /lib/x86_64-linux-gnu/libdl-2.21.so
7f69c1548000-7f69c1708000 r-xp 00000000 08:06 4469812                    /lib/x86_64-linux-gnu/libc-2.21.so
7f69c1708000-7f69c1908000 ---p 001c0000 08:06 4469812                    /lib/x86_64-linux-gnu/libc-2.21.so
7f69c1908000-7f69c190c000 r--p 001c0000 08:06 4469812                    /lib/x86_64-linux-gnu/libc-2.21.so
7f69c190c000-7f69c190e000 rw-p 001c4000 08:06 4469812                    /lib/x86_64-linux-gnu/libc-2.21.so
7f69c190e000-7f69c1912000 rw-p 00000000 00:00 0 
7f69c1912000-7f69c191f000 r-xp 00000000 08:06 1061826                    /usr/lib/jvm/java-7-openjdk-amd64/jre/lib/amd64/jli/libjli.so
7f69c191f000-7f69c1b1e000 ---p 0000d000 08:06 1061826                    /usr/lib/jvm/java-7-openjdk-amd64/jre/lib/amd64/jli/libjli.so
7f69c1b1e000-7f69c1b1f000 r--p 0000c000 08:06 1061826                    /usr/lib/jvm/java-7-openjdk-amd64/jre/lib/amd64/jli/libjli.so
7f69c1b1f000-7f69c1b20000 rw-p 0000d000 08:06 1061826                    /usr/lib/jvm/java-7-openjdk-amd64/jre/lib/amd64/jli/libjli.so
7f69c1b20000-7f69c1b44000 r-xp 00000000 08:06 4469784                    /lib/x86_64-linux-gnu/ld-2.21.so
7f69c1b44000-7f69c1b45000 rw-p 00000000 00:00 0 
7f69c1b45000-7f69c1b49000 r--s 00034000 08:06 1060614                    /usr/lib/jvm/java-7-openjdk-amd64/jre/lib/ext/sunjce_provider.jar
7f69c1b49000-7f69c1b6f000 rw-p 00000000 00:00 0 
7f69c1b6f000-7f69c1c21000 rw-p 00000000 00:00 0 
7f69c1c21000-7f69c1c24000 ---p 00000000 00:00 0 
7f69c1c24000-7f69c1d27000 rw-p 00000000 00:00 0                          [stack:18333]
7f69c1d27000-7f69c1d28000 r--s 00002000 08:06 1060624                    /usr/lib/jvm/java-7-openjdk-amd64/jre/lib/ext/dnsns.jar
7f69c1d28000-7f69c1d2a000 r--s 00007000 08:06 1065162                    /usr/share/java/java-atk-wrapper.jar
7f69c1d2a000-7f69c1d2d000 r--s 0000f000 08:06 1060613                    /usr/lib/jvm/java-7-openjdk-amd64/jre/lib/ext/icedtea-sound.jar
7f69c1d2d000-7f69c1d31000 r--s 0003c000 08:06 1060615                    /usr/lib/jvm/java-7-openjdk-amd64/jre/lib/ext/sunpkcs11.jar
7f69c1d31000-7f69c1d33000 r--s 00012000 08:06 1060611                    /usr/lib/jvm/java-7-openjdk-amd64/jre/lib/ext/zipfs.jar
7f69c1d33000-7f69c1d37000 r--s 00085000 08:06 1060612                    /usr/lib/jvm/java-7-openjdk-amd64/jre/lib/ext/localedata.jar
7f69c1d37000-7f69c1d3f000 rw-s 00000000 08:06 3810430                    /tmp/hsperfdata_prajit/18328
7f69c1d3f000-7f69c1d40000 rw-p 00000000 00:00 0 
7f69c1d40000-7f69c1d41000 ---p 00000000 00:00 0 
7f69c1d41000-7f69c1d43000 rw-p 00000000 00:00 0 
7f69c1d43000-7f69c1d44000 r--p 00023000 08:06 4469784                    /lib/x86_64-linux-gnu/ld-2.21.so
7f69c1d44000-7f69c1d45000 rw-p 00024000 08:06 4469784                    /lib/x86_64-linux-gnu/ld-2.21.so
7f69c1d45000-7f69c1d46000 rw-p 00000000 00:00 0 
7fff9586f000-7fff95891000 rw-p 00000000 00:00 0                          [stack]
7fff95922000-7fff95924000 r--p 00000000 00:00 0                          [vvar]
7fff95924000-7fff95926000 r-xp 00000000 00:00 0                          [vdso]
ffffffffff600000-ffffffffff601000 r-xp 00000000 00:00 0                  [vsyscall]

VM Arguments:
jvm_args: -Xmx1024M -Dfile.encoding=UTF-8 -Duser.country=US -Duser.language=en -Duser.variant 
java_command: com.android.dx.command.Main --dex --num-threads=4 --output /media/prajit/New Volume/Projects/QMS/app/build/intermediates/dex/debug /media/prajit/New Volume/Projects/QMS/app/build/intermediates/classes/debug /media/prajit/New Volume/Projects/QMS/app/build/intermediates/pre-dexed/debug/support-annotations-23.1.1-c590b88c4538e11e049c0087e7ffdd3c0d0b6a06.jar /media/prajit/New Volume/Projects/QMS/app/build/intermediates/pre-dexed/debug/classes-770634c680a6dd6b48e019f99c429f14a91c938d.jar /media/prajit/New Volume/Projects/QMS/app/build/intermediates/pre-dexed/debug/classes-96e1fbba4e21c473a79b0f1b594e6aedd1751d20.jar /media/prajit/New Volume/Projects/QMS/app/build/intermediates/pre-dexed/debug/classes-d13c8c228bc2586b85e5720d0e6496c520fbd941.jar /media/prajit/New Volume/Projects/QMS/app/build/intermediates/pre-dexed/debug/httpmime-4.3-3fda06e08bda9d739ba22eb9b396cf7a79c1928e.jar /media/prajit/New Volume/Projects/QMS/app/build/intermediates/pre-dexed/debug/ormlite-android-4.48-b6569c0c14941c99557c9b09ecee0363e4954dc7.jar /media/prajit/New Volume/Projects/QMS/app/build/intermediates/pre-dexed/debug/volley-5dd7e63f9ddc8db32d209ea251b0bc7b0f4bf764.jar /media/prajit/New Volume/Projects/QMS/app/build/intermediates/pre-dexed/debug/picasso-2.5.2-20e328a78b03fd74e61bb7d2a008ad1afb2797dc.jar /media/prajit/New Volume/Projects/QMS/app/build/intermediates/pre-dexed/debug/aws-android-sdk-cognito-2.2.12-8cc3c17b1ad28b557c6af898cb06d968c217a089.jar /media/prajit/New Volume/Projects/QMS/app/build/intermediates/pre-dexed/debug/gson-2.3-a9cee03b0d2bc6e590333aaa4c4d42670f7ff4a6.jar /media/prajit/New Volume/Projects/QMS/app/build/intermediates/pre-dexed/debug/aws-android-sdk-ddb-2.2.12-1d2c750ef84f83f64b4d749c2668cc594a2c261c.jar /media/prajit/New Volume/Projects/QMS/app/build/intermediates/pre-dexed/debug/internal_impl-23.1.1-ad2a90eba14307e4ee054d8dd49fb3c82ba1740f.jar /media/prajit/New Volume/Projects/QMS/app/build/intermediates/pre-dexed/debug/classes-220b8e40f4696aa907a4a
Launcher Type: SUN_STANDARD

Environment Variables:
PATH=/usr/local/sbin:/usr/local/bin:/usr/sbin:/usr/bin:/sbin:/bin:/usr/games:/usr/local/games
LD_LIBRARY_PATH=/media/prajit/New Volume/Android Studio/bin:
SHELL=/bin/bash
DISPLAY=:0

Signal Handlers:
SIGSEGV: [libjvm.so+0x995450], sa_mask[0]=0x7ffbfeff, sa_flags=0x10000004
SIGBUS: [libjvm.so+0x995450], sa_mask[0]=0x7ffbfeff, sa_flags=0x10000004
SIGFPE: [libjvm.so+0x7fc6a0], sa_mask[0]=0x7ffbfeff, sa_flags=0x10000004
SIGPIPE: [libjvm.so+0x7fc6a0], sa_mask[0]=0x7ffbfeff, sa_flags=0x10000004
SIGXFSZ: [libjvm.so+0x7fc6a0], sa_mask[0]=0x7ffbfeff, sa_flags=0x10000004
SIGILL: [libjvm.so+0x7fc6a0], sa_mask[0]=0x7ffbfeff, sa_flags=0x10000004
SIGUSR1: SIG_DFL, sa_mask[0]=0x00000000, sa_flags=0x00000000
SIGUSR2: [libjvm.so+0x7fc520], sa_mask[0]=0x00000004, sa_flags=0x10000004
SIGHUP: [libjvm.so+0x7fc6b0], sa_mask[0]=0x7ffbfeff, sa_flags=0x10000004
SIGINT: [libjvm.so+0x7fc6b0], sa_mask[0]=0x7ffbfeff, sa_flags=0x10000004
SIGTERM: [libjvm.so+0x7fc6b0], sa_mask[0]=0x7ffbfeff, sa_flags=0x10000004
SIGQUIT: [libjvm.so+0x7fc6b0], sa_mask[0]=0x7ffbfeff, sa_flags=0x10000004
SIGTRAP: SIG_DFL, sa_mask[0]=0x00000000, sa_flags=0x00000000


---------------  S Y S T E M  ---------------

OS:Ubuntu 15.10 (wily)
uname:Linux 4.2.0-16-generic #19-Ubuntu SMP Thu Oct 8 15:35:06 UTC 2015 x86_64
libc:glibc 2.21 NPTL 2.21 
rlimit: STACK 8192k, CORE 0k, NPROC 30985, NOFILE 65536, AS infinity
load average:3.93 2.11 1.56

/proc/meminfo:
MemTotal:        7966920 kB
MemFree:           63104 kB
MemAvailable:     162920 kB
Buffers:            8832 kB
Cached:          2634732 kB
SwapCached:            0 kB
Active:          5133732 kB
Inactive:        2570488 kB
Active(anon):    5085708 kB
Inactive(anon):  2523508 kB
Active(file):      48024 kB
Inactive(file):    46980 kB
Unevictable:          32 kB
Mlocked:              32 kB
SwapTotal:             0 kB
SwapFree:              0 kB
Dirty:              5460 kB
Writeback:             0 kB
AnonPages:       5060996 kB
Mapped:           193284 kB
Shmem:           2548268 kB
Slab:              91172 kB
SReclaimable:      46848 kB
SUnreclaim:        44324 kB
KernelStack:       11840 kB
PageTables:        58136 kB
NFS_Unstable:          0 kB
Bounce:                0 kB
WritebackTmp:          0 kB
CommitLimit:     3983460 kB
Committed_AS:   12463604 kB
VmallocTotal:   34359738367 kB
VmallocUsed:      359448 kB
VmallocChunk:   34358945788 kB
HardwareCorrupted:     0 kB
AnonHugePages:   2805760 kB
CmaTotal:              0 kB
CmaFree:               0 kB
HugePages_Total:       0
HugePages_Free:        0
HugePages_Rsvd:        0
HugePages_Surp:        0
Hugepagesize:       2048 kB
DirectMap4k:      159452 kB
DirectMap2M:     8022016 kB


CPU:total 4 (2 cores per cpu, 2 threads per core) family 6 model 37 stepping 5, cmov, cx8, fxsr, mmx, sse, sse2, sse3, ssse3, sse4.1, sse4.2, popcnt, ht, tsc, tscinvbit

/proc/cpuinfo:
processor	: 0
vendor_id	: GenuineIntel
cpu family	: 6
model		: 37
model name	: Intel(R) Core(TM) i3 CPU         540  @ 3.07GHz
stepping	: 5
microcode	: 0x2
cpu MHz		: 1197.000
cache size	: 4096 KB
physical id	: 0
siblings	: 4
core id		: 0
cpu cores	: 2
apicid		: 0
initial apicid	: 0
fpu		: yes
fpu_exception	: yes
cpuid level	: 11
wp		: yes
flags		: fpu vme de pse tsc msr pae mce cx8 apic sep mtrr pge mca cmov pat pse36 clflush dts acpi mmx fxsr sse sse2 ss ht tm pbe syscall nx rdtscp lm constant_tsc arch_perfmon pebs bts rep_good nopl xtopology nonstop_tsc aperfmperf pni dtes64 monitor ds_cpl vmx est tm2 ssse3 cx16 xtpr pdcm pcid sse4_1 sse4_2 popcnt lahf_lm arat dtherm tpr_shadow vnmi flexpriority ept vpid
bugs		:
bogomips	: 6117.34
clflush size	: 64
cache_alignment	: 64
address sizes	: 36 bits physical, 48 bits virtual
power management:

processor	: 1
vendor_id	: GenuineIntel
cpu family	: 6
model		: 37
model name	: Intel(R) Core(TM) i3 CPU         540  @ 3.07GHz
stepping	: 5
microcode	: 0x2
cpu MHz		: 3059.000
cache size	: 4096 KB
physical id	: 0
siblings	: 4
core id		: 0
cpu cores	: 2
apicid		: 1
initial apicid	: 1
fpu		: yes
fpu_exception	: yes
cpuid level	: 11
wp		: yes
flags		: fpu vme de pse tsc msr pae mce cx8 apic sep mtrr pge mca cmov pat pse36 clflush dts acpi mmx fxsr sse sse2 ss ht tm pbe syscall nx rdtscp lm constant_tsc arch_perfmon pebs bts rep_good nopl xtopology nonstop_tsc aperfmperf pni dtes64 monitor ds_cpl vmx est tm2 ssse3 cx16 xtpr pdcm pcid sse4_1 sse4_2 popcnt lahf_lm arat dtherm tpr_shadow vnmi flexpriority ept vpid
bugs		:
bogomips	: 6117.34
clflush size	: 64
cache_alignment	: 64
address sizes	: 36 bits physical, 48 bits virtual
power management:

processor	: 2
vendor_id	: GenuineIntel
cpu family	: 6
model		: 37
model name	: Intel(R) Core(TM) i3 CPU         540  @ 3.07GHz
stepping	: 5
microcode	: 0x2
cpu MHz		: 1197.000
cache size	: 4096 KB
physical id	: 0
siblings	: 4
core id		: 2
cpu cores	: 2
apicid		: 4
initial apicid	: 4
fpu		: yes
fpu_exception	: yes
cpuid level	: 11
wp		: yes
flags		: fpu vme de pse tsc msr pae mce cx8 apic sep mtrr pge mca cmov pat pse36 clflush dts acpi mmx fxsr sse sse2 ss ht tm pbe syscall nx rdtscp lm constant_tsc arch_perfmon pebs bts rep_good nopl xtopology nonstop_tsc aperfmperf pni dtes64 monitor ds_cpl vmx est tm2 ssse3 cx16 xtpr pdcm pcid sse4_1 sse4_2 popcnt lahf_lm arat dtherm tpr_shadow vnmi flexpriority ept vpid
bugs		:
bogomips	: 6117.34
clflush size	: 64
cache_alignment	: 64
address sizes	: 36 bits physical, 48 bits virtual
power management:

processor	: 3
vendor_id	: GenuineIntel
cpu family	: 6
model		: 37
model name	: Intel(R) Core(TM) i3 CPU         540  @ 3.07GHz
stepping	: 5
microcode	: 0x2
cpu MHz		: 1197.000
cache size	: 4096 KB
physical id	: 0
siblings	: 4
core id		: 2
cpu cores	: 2
apicid		: 5
initial apicid	: 5
fpu		: yes
fpu_exception	: yes
cpuid level	: 11
wp		: yes
flags		: fpu vme de pse tsc msr pae mce cx8 apic sep mtrr pge mca cmov pat pse36 clflush dts acpi mmx fxsr sse sse2 ss ht tm pbe syscall nx rdtscp lm constant_tsc arch_perfmon pebs bts rep_good nopl xtopology nonstop_tsc aperfmperf pni dtes64 monitor ds_cpl vmx est tm2 ssse3 cx16 xtpr pdcm pcid sse4_1 sse4_2 popcnt lahf_lm arat dtherm tpr_shadow vnmi flexpriority ept vpid
bugs		:
bogomips	: 6117.34
clflush size	: 64
cache_alignment	: 64
address sizes	: 36 bits physical, 48 bits virtual
power management:



Memory: 4k page, physical 7966920k(63104k free), swap 0k(0k free)

vm_info: OpenJDK 64-Bit Server VM (24.95-b01) for linux-amd64 JRE (1.7.0_95-b00), built on Jan 21 2016 03:36:38 by "buildd" with gcc 5.2.1 20151010

time: Thu Feb 18 11:46:30 2016
elapsed time: 9 seconds

