#
# There is insufficient memory for the Java Runtime Environment to continue.
# Native memory allocation (malloc) failed to allocate 161480704 bytes for committing reserved memory.
# Possible reasons:
#   The system is out of physical RAM or swap space
#   In 32 bit mode, the process size limit was hit
# Possible solutions:
#   Reduce memory load on the system
#   Increase physical memory or swap space
#   Check if swap backing store is full
#   Use 64 bit Java on a 64 bit OS
#   Decrease Java heap size (-Xmx/-Xms)
#   Decrease number of Java threads
#   Decrease Java thread stack sizes (-Xss)
#   Set larger code cache with -XX:ReservedCodeCacheSize=
# This output file may be truncated or incomplete.
#
#  Out of Memory Error (os_linux.cpp:2827), pid=10688, tid=140589120808704
#
# JRE version: OpenJDK Runtime Environment (7.0_95) (build 1.7.0_95-b00)
# Java VM: OpenJDK 64-Bit Server VM (24.95-b01 mixed mode linux-amd64 compressed oops)
# Derivative: IcedTea 2.6.4
# Distribution: Ubuntu 15.10, package 7u95-2.6.4-0ubuntu0.15.10.2
# Failed to write core dump. Core dumps have been disabled. To enable core dumping, try "ulimit -c unlimited" before starting Java again
#

---------------  T H R E A D  ---------------

Current thread (0x00007fdd70077000):  VMThread [stack: 0x00007fdd748ae000,0x00007fdd749af000] [id=10698]

Stack: [0x00007fdd748ae000,0x00007fdd749af000],  sp=0x00007fdd749ad4f0,  free space=1021k
Native frames: (J=compiled Java code, j=interpreted, Vv=VM code, C=native code)
V  [libjvm.so+0x9948f3]
V  [libjvm.so+0x48a9df]
V  [libjvm.so+0x80143b]
V  [libjvm.so+0x7fb82e]
V  [libjvm.so+0x871c4b]
V  [libjvm.so+0x873593]
V  [libjvm.so+0x86f818]
V  [libjvm.so+0x86fafc]
V  [libjvm.so+0x824df3]
V  [libjvm.so+0x996392]
V  [libjvm.so+0x99b0d7]
V  [libjvm.so+0x998968]
V  [libjvm.so+0x999cdf]
V  [libjvm.so+0x99a1d1]
V  [libjvm.so+0x7fe362]

VM_Operation (0x00007fdd79c17320): ParallelGCFailedAllocation, mode: safepoint, requested by thread 0x00007fdd7000b800


---------------  P R O C E S S  ---------------

Java Threads: ( => current thread )
  0x00007fdd700b0000 JavaThread "Service Thread" daemon [_thread_blocked, id=10704, stack(0x00007fdd742a8000,0x00007fdd743a9000)]
  0x00007fdd700ad800 JavaThread "C2 CompilerThread1" daemon [_thread_blocked, id=10703, stack(0x00007fdd743a9000,0x00007fdd744aa000)]
  0x00007fdd700aa800 JavaThread "C2 CompilerThread0" daemon [_thread_blocked, id=10702, stack(0x00007fdd744aa000,0x00007fdd745ab000)]
  0x00007fdd700a8800 JavaThread "Signal Dispatcher" daemon [_thread_blocked, id=10701, stack(0x00007fdd745ab000,0x00007fdd746ac000)]
  0x00007fdd7007d800 JavaThread "Finalizer" daemon [_thread_blocked, id=10700, stack(0x00007fdd746ac000,0x00007fdd747ad000)]
  0x00007fdd7007b800 JavaThread "Reference Handler" daemon [_thread_blocked, id=10699, stack(0x00007fdd747ad000,0x00007fdd748ae000)]
  0x00007fdd7000b800 JavaThread "main" [_thread_blocked, id=10693, stack(0x00007fdd79b18000,0x00007fdd79c19000)]

Other Threads:
=>0x00007fdd70077000 VMThread [stack: 0x00007fdd748ae000,0x00007fdd749af000] [id=10698]
  0x00007fdd700bb000 WatcherThread [stack: 0x00007fdd741a7000,0x00007fdd742a8000] [id=10705]

VM state:at safepoint (normal execution)

VM Mutex/Monitor currently owned by a thread:  ([mutex/lock_event])
[0x00007fdd70007e10] Threads_lock - owner thread: 0x00007fdd70077000
[0x00007fdd70008310] Heap_lock - owner thread: 0x00007fdd7000b800

Heap
 PSYoungGen      total 130048K, used 5106K [0x00000000eaa80000, 0x00000000f2e80000, 0x0000000100000000)
  eden space 124928K, 0% used [0x00000000eaa80000,0x00000000eaa80000,0x00000000f2480000)
  from space 5120K, 99% used [0x00000000f2480000,0x00000000f297c928,0x00000000f2980000)
  to   space 5120K, 0% used [0x00000000f2980000,0x00000000f2980000,0x00000000f2e80000)
 ParOldGen       total 82944K, used 37685K [0x00000000c0000000, 0x00000000c5100000, 0x00000000eaa80000)
  object space 82944K, 45% used [0x00000000c0000000,0x00000000c24cd690,0x00000000c5100000)
 PSPermGen       total 21504K, used 7617K [0x00000000b5a00000, 0x00000000b6f00000, 0x00000000c0000000)
  object space 21504K, 35% used [0x00000000b5a00000,0x00000000b6170768,0x00000000b6f00000)

Card table byte_map: [0x00007fdd76456000,0x00007fdd766aa000] byte_map_base: 0x00007fdd75ea9000

Polling page: 0x00007fdd79c3a000

Code Cache  [0x00007fdd6d000000, 0x00007fdd6d3a0000, 0x00007fdd70000000)
 total_blobs=1336 nmethods=1085 adapters=205 free_code_cache=45488Kb largest_free_block=46533312

Compilation events (10 events):
Event: 10.493 Thread 0x00007fdd700ad800 nmethod 1099 0x00007fdd6d39d190 code [0x00007fdd6d39d2c0, 0x00007fdd6d39d338]
Event: 10.501 Thread 0x00007fdd700aa800 1100             com.android.dx.merge.IndexMap::adjustTypeListOffset (18 bytes)
Event: 10.505 Thread 0x00007fdd700ad800 1101             com.android.dex.EncodedValueCodec::writeUnsignedIntegralValue (66 bytes)
Event: 10.507 Thread 0x00007fdd700aa800 nmethod 1100 0x00007fdd6d394050 code [0x00007fdd6d3941e0, 0x00007fdd6d3944f8]
Event: 10.513 Thread 0x00007fdd700aa800 1102             com.android.dex.ClassDef::getClassDataOffset (5 bytes)
Event: 10.513 Thread 0x00007fdd700aa800 nmethod 1102 0x00007fdd6d393dd0 code [0x00007fdd6d393f00, 0x00007fdd6d393f58]
Event: 10.515 Thread 0x00007fdd700aa800 1103             com.android.dx.io.instructions.InstructionCodec$34::decode (314 bytes)
Event: 10.515 Thread 0x00007fdd700ad800 nmethod 1101 0x00007fdd6d39e7d0 code [0x00007fdd6d39e940, 0x00007fdd6d39f098]
Event: 10.515 Thread 0x00007fdd700ad800 1104             com.android.dx.io.instructions.ShortArrayCodeOutput::write (33 bytes)
Event: 10.519 Thread 0x00007fdd700ad800 nmethod 1104 0x00007fdd6d391850 code [0x00007fdd6d3919a0, 0x00007fdd6d391c38]

GC Heap History (9 events):
Event: 1.367 GC heap before
{Heap before GC invocations=1 (full 0):
 PSYoungGen      total 36352K, used 31232K [0x00000000eaa80000, 0x00000000ed300000, 0x0000000100000000)
  eden space 31232K, 100% used [0x00000000eaa80000,0x00000000ec900000,0x00000000ec900000)
  from space 5120K, 0% used [0x00000000ece00000,0x00000000ece00000,0x00000000ed300000)
  to   space 5120K, 0% used [0x00000000ec900000,0x00000000ec900000,0x00000000ece00000)
 ParOldGen       total 82944K, used 0K [0x00000000c0000000, 0x00000000c5100000, 0x00000000eaa80000)
  object space 82944K, 0% used [0x00000000c0000000,0x00000000c0000000,0x00000000c5100000)
 PSPermGen       total 21504K, used 5512K [0x00000000b5a00000, 0x00000000b6f00000, 0x00000000c0000000)
  object space 21504K, 25% used [0x00000000b5a00000,0x00000000b5f62310,0x00000000b6f00000)
Event: 1.387 GC heap after
Heap after GC invocations=1 (full 0):
 PSYoungGen      total 36352K, used 5088K [0x00000000eaa80000, 0x00000000ef180000, 0x0000000100000000)
  eden space 31232K, 0% used [0x00000000eaa80000,0x00000000eaa80000,0x00000000ec900000)
  from space 5120K, 99% used [0x00000000ec900000,0x00000000ecdf8048,0x00000000ece00000)
  to   space 5120K, 0% used [0x00000000eec80000,0x00000000eec80000,0x00000000ef180000)
 ParOldGen       total 82944K, used 1822K [0x00000000c0000000, 0x00000000c5100000, 0x00000000eaa80000)
  object space 82944K, 2% used [0x00000000c0000000,0x00000000c01c78d8,0x00000000c5100000)
 PSPermGen       total 21504K, used 5512K [0x00000000b5a00000, 0x00000000b6f00000, 0x00000000c0000000)
  object space 21504K, 25% used [0x00000000b5a00000,0x00000000b5f62310,0x00000000b6f00000)
}
Event: 2.121 GC heap before
{Heap before GC invocations=2 (full 0):
 PSYoungGen      total 36352K, used 36320K [0x00000000eaa80000, 0x00000000ef180000, 0x0000000100000000)
  eden space 31232K, 100% used [0x00000000eaa80000,0x00000000ec900000,0x00000000ec900000)
  from space 5120K, 99% used [0x00000000ec900000,0x00000000ecdf8048,0x00000000ece00000)
  to   space 5120K, 0% used [0x00000000eec80000,0x00000000eec80000,0x00000000ef180000)
 ParOldGen       total 82944K, used 1822K [0x00000000c0000000, 0x00000000c5100000, 0x00000000eaa80000)
  object space 82944K, 2% used [0x00000000c0000000,0x00000000c01c78d8,0x00000000c5100000)
 PSPermGen       total 21504K, used 5581K [0x00000000b5a00000, 0x00000000b6f00000, 0x00000000c0000000)
  object space 21504K, 25% used [0x00000000b5a00000,0x00000000b5f73430,0x00000000b6f00000)
Event: 2.195 GC heap after
Heap after GC invocations=2 (full 0):
 PSYoungGen      total 67584K, used 5104K [0x00000000eaa80000, 0x00000000ef180000, 0x0000000100000000)
  eden space 62464K, 0% used [0x00000000eaa80000,0x00000000eaa80000,0x00000000ee780000)
  from space 5120K, 99% used [0x00000000eec80000,0x00000000ef17c038,0x00000000ef180000)
  to   space 5120K, 0% used [0x00000000ee780000,0x00000000ee780000,0x00000000eec80000)
 ParOldGen       total 82944K, used 5964K [0x00000000c0000000, 0x00000000c5100000, 0x00000000eaa80000)
  object space 82944K, 7% used [0x00000000c0000000,0x00000000c05d3270,0x00000000c5100000)
 PSPermGen       total 21504K, used 5581K [0x00000000b5a00000, 0x00000000b6f00000, 0x00000000c0000000)
  object space 21504K, 25% used [0x00000000b5a00000,0x00000000b5f73430,0x00000000b6f00000)
}
Event: 3.535 GC heap before
{Heap before GC invocations=3 (full 0):
 PSYoungGen      total 67584K, used 67568K [0x00000000eaa80000, 0x00000000ef180000, 0x0000000100000000)
  eden space 62464K, 100% used [0x00000000eaa80000,0x00000000ee780000,0x00000000ee780000)
  from space 5120K, 99% used [0x00000000eec80000,0x00000000ef17c038,0x00000000ef180000)
  to   space 5120K, 0% used [0x00000000ee780000,0x00000000ee780000,0x00000000eec80000)
 ParOldGen       total 82944K, used 5964K [0x00000000c0000000, 0x00000000c5100000, 0x00000000eaa80000)
  object space 82944K, 7% used [0x00000000c0000000,0x00000000c05d3270,0x00000000c5100000)
 PSPermGen       total 21504K, used 5633K [0x00000000b5a00000, 0x00000000b6f00000, 0x00000000c0000000)
  object space 21504K, 26% used [0x00000000b5a00000,0x00000000b5f807b8,0x00000000b6f00000)
Event: 3.579 GC heap after
Heap after GC invocations=3 (full 0):
 PSYoungGen      total 67584K, used 5093K [0x00000000eaa80000, 0x00000000f2e80000, 0x0000000100000000)
  eden space 62464K, 0% used [0x00000000eaa80000,0x00000000eaa80000,0x00000000ee780000)
  from space 5120K, 99% used [0x00000000ee780000,0x00000000eec794f0,0x00000000eec80000)
  to   space 5120K, 0% used [0x00000000f2980000,0x00000000f2980000,0x00000000f2e80000)
 ParOldGen       total 82944K, used 15134K [0x00000000c0000000, 0x00000000c5100000, 0x00000000eaa80000)
  object space 82944K, 18% used [0x00000000c0000000,0x00000000c0ec78e8,0x00000000c5100000)
 PSPermGen       total 21504K, used 5633K [0x00000000b5a00000, 0x00000000b6f00000, 0x00000000c0000000)
  object space 21504K, 26% used [0x00000000b5a00000,0x00000000b5f807b8,0x00000000b6f00000)
}
Event: 4.656 GC heap before
{Heap before GC invocations=4 (full 0):
 PSYoungGen      total 67584K, used 67557K [0x00000000eaa80000, 0x00000000f2e80000, 0x0000000100000000)
  eden space 62464K, 100% used [0x00000000eaa80000,0x00000000ee780000,0x00000000ee780000)
  from space 5120K, 99% used [0x00000000ee780000,0x00000000eec794f0,0x00000000eec80000)
  to   space 5120K, 0% used [0x00000000f2980000,0x00000000f2980000,0x00000000f2e80000)
 ParOldGen       total 82944K, used 15134K [0x00000000c0000000, 0x00000000c5100000, 0x00000000eaa80000)
  object space 82944K, 18% used [0x00000000c0000000,0x00000000c0ec78e8,0x00000000c5100000)
 PSPermGen       total 21504K, used 5673K [0x00000000b5a00000, 0x00000000b6f00000, 0x00000000c0000000)
  object space 21504K, 26% used [0x00000000b5a00000,0x00000000b5f8a648,0x00000000b6f00000)
Event: 4.716 GC heap after
Heap after GC invocations=4 (full 0):
 PSYoungGen      total 130048K, used 5096K [0x00000000eaa80000, 0x00000000f2e80000, 0x0000000100000000)
  eden space 124928K, 0% used [0x00000000eaa80000,0x00000000eaa80000,0x00000000f2480000)
  from space 5120K, 99% used [0x00000000f2980000,0x00000000f2e7a1d8,0x00000000f2e80000)
  to   space 5120K, 0% used [0x00000000f2480000,0x00000000f2480000,0x00000000f2980000)
 ParOldGen       total 82944K, used 25176K [0x00000000c0000000, 0x00000000c5100000, 0x00000000eaa80000)
  object space 82944K, 30% used [0x00000000c0000000,0x00000000c18962b0,0x00000000c5100000)
 PSPermGen       total 21504K, used 5673K [0x00000000b5a00000, 0x00000000b6f00000, 0x00000000c0000000)
  object space 21504K, 26% used [0x00000000b5a00000,0x00000000b5f8a648,0x00000000b6f00000)
}
Event: 10.531 GC heap before
{Heap before GC invocations=5 (full 0):
 PSYoungGen      total 130048K, used 130024K [0x00000000eaa80000, 0x00000000f2e80000, 0x0000000100000000)
  eden space 124928K, 100% used [0x00000000eaa80000,0x00000000f2480000,0x00000000f2480000)
  from space 5120K, 99% used [0x00000000f2980000,0x00000000f2e7a1d8,0x00000000f2e80000)
  to   space 5120K, 0% used [0x00000000f2480000,0x00000000f2480000,0x00000000f2980000)
 ParOldGen       total 82944K, used 25176K [0x00000000c0000000, 0x00000000c5100000, 0x00000000eaa80000)
  object space 82944K, 30% used [0x00000000c0000000,0x00000000c18962b0,0x00000000c5100000)
 PSPermGen       total 21504K, used 7617K [0x00000000b5a00000, 0x00000000b6f00000, 0x00000000c0000000)
  object space 21504K, 35% used [0x00000000b5a00000,0x00000000b6170768,0x00000000b6f00000)

Deoptimization events (10 events):
Event: 9.643 Thread 0x00007fdd7000b800 Uncommon trap: reason=class_check action=maybe_recompile pc=0x00007fdd6d3253c4 method=com.android.dex.Leb128.writeUnsignedLeb128(Lcom/android/dex/util/ByteOutput;I)V @ 40
Event: 9.643 Thread 0x00007fdd7000b800 Uncommon trap: reason=class_check action=maybe_recompile pc=0x00007fdd6d3253c4 method=com.android.dex.Leb128.writeUnsignedLeb128(Lcom/android/dex/util/ByteOutput;I)V @ 40
Event: 9.670 Thread 0x00007fdd7000b800 Uncommon trap: reason=predicate action=maybe_recompile pc=0x00007fdd6d341f18 method=com.android.dex.Leb128.writeUnsignedLeb128(Lcom/android/dex/util/ByteOutput;I)V @ 9
Event: 9.810 Thread 0x00007fdd7000b800 Uncommon trap: reason=unstable_if action=reinterpret pc=0x00007fdd6d1b3684 method=com.android.dx.merge.IndexMap.adjustString(I)I @ 2
Event: 9.999 Thread 0x00007fdd7000b800 Uncommon trap: reason=predicate action=maybe_recompile pc=0x00007fdd6d1b4b24 method=com.android.dex.Leb128.readUnsignedLeb128(Lcom/android/dex/util/ByteInput;)I @ 41
Event: 10.011 Thread 0x00007fdd7000b800 Uncommon trap: reason=unstable_if action=reinterpret pc=0x00007fdd6d10b8dc method=java.util.TimSort.countRunAndMakeAscending([Ljava/lang/Object;IILjava/util/Comparator;)I @ 48
Event: 10.162 Thread 0x00007fdd7000b800 Uncommon trap: reason=predicate action=maybe_recompile pc=0x00007fdd6d37c948 method=java.util.ComparableTimSort.binarySort([Ljava/lang/Object;III)V @ 37
Event: 10.403 Thread 0x00007fdd7000b800 Uncommon trap: reason=unstable_if action=reinterpret pc=0x00007fdd6d336820 method=java.util.ComparableTimSort.countRunAndMakeAscending([Ljava/lang/Object;II)I @ 25
Event: 10.494 Thread 0x00007fdd7000b800 Uncommon trap: reason=array_check action=maybe_recompile pc=0x00007fdd6d395198 method=java.util.ComparableTimSort.binarySort([Ljava/lang/Object;III)V @ 215
Event: 10.494 Thread 0x00007fdd7000b800 Uncommon trap: reason=array_check action=maybe_recompile pc=0x00007fdd6d395250 method=java.util.ComparableTimSort.binarySort([Ljava/lang/Object;III)V @ 193

Internal exceptions (10 events):
Event: 9.797 Thread 0x00007fdd7000b800 Threw 0x00000000ee041488 at /build/openjdk-7-UoaBYD/openjdk-7-7u95-2.6.4/build/openjdk/hotspot/src/share/vm/prims/jvm.cpp:1322
Event: 9.798 Thread 0x00007fdd7000b800 Threw 0x00000000ee045108 at /build/openjdk-7-UoaBYD/openjdk-7-7u95-2.6.4/build/openjdk/hotspot/src/share/vm/prims/jvm.cpp:1322
Event: 9.798 Thread 0x00007fdd7000b800 Threw 0x00000000ee048ed8 at /build/openjdk-7-UoaBYD/openjdk-7-7u95-2.6.4/build/openjdk/hotspot/src/share/vm/prims/jvm.cpp:1322
Event: 9.799 Thread 0x00007fdd7000b800 Threw 0x00000000ee04eea8 at /build/openjdk-7-UoaBYD/openjdk-7-7u95-2.6.4/build/openjdk/hotspot/src/share/vm/prims/jvm.cpp:1322
Event: 9.799 Thread 0x00007fdd7000b800 Threw 0x00000000ee0529b0 at /build/openjdk-7-UoaBYD/openjdk-7-7u95-2.6.4/build/openjdk/hotspot/src/share/vm/prims/jvm.cpp:1322
Event: 9.800 Thread 0x00007fdd7000b800 Threw 0x00000000ee0566b0 at /build/openjdk-7-UoaBYD/openjdk-7-7u95-2.6.4/build/openjdk/hotspot/src/share/vm/prims/jvm.cpp:1322
Event: 9.800 Thread 0x00007fdd7000b800 Threw 0x00000000ee05a100 at /build/openjdk-7-UoaBYD/openjdk-7-7u95-2.6.4/build/openjdk/hotspot/src/share/vm/prims/jvm.cpp:1322
Event: 9.802 Thread 0x00007fdd7000b800 Threw 0x00000000ee061bd8 at /build/openjdk-7-UoaBYD/openjdk-7-7u95-2.6.4/build/openjdk/hotspot/src/share/vm/prims/jvm.cpp:1322
Event: 9.802 Thread 0x00007fdd7000b800 Threw 0x00000000ee064780 at /build/openjdk-7-UoaBYD/openjdk-7-7u95-2.6.4/build/openjdk/hotspot/src/share/vm/prims/jvm.cpp:1322
Event: 10.196 Thread 0x00007fdd7000b800 Threw 0x00000000ef663330 at /build/openjdk-7-UoaBYD/openjdk-7-7u95-2.6.4/build/openjdk/hotspot/src/share/vm/prims/jvm.cpp:1322

Events (10 events):
Event: 10.403 Thread 0x00007fdd7000b800 Uncommon trap: trap_request=0xffffff75 fr.pc=0x00007fdd6d336820
Event: 10.403 Thread 0x00007fdd7000b800 DEOPT PACKING pc=0x00007fdd6d336820 sp=0x00007fdd79c17520
Event: 10.403 Thread 0x00007fdd7000b800 DEOPT UNPACKING pc=0x00007fdd6d039045 sp=0x00007fdd79c174e8 mode 2
Event: 10.494 Thread 0x00007fdd7000b800 Uncommon trap: trap_request=0xffffffd6 fr.pc=0x00007fdd6d395198
Event: 10.494 Thread 0x00007fdd7000b800 DEOPT PACKING pc=0x00007fdd6d395198 sp=0x00007fdd79c174b0
Event: 10.494 Thread 0x00007fdd7000b800 DEOPT UNPACKING pc=0x00007fdd6d039045 sp=0x00007fdd79c17478 mode 2
Event: 10.494 Thread 0x00007fdd7000b800 Uncommon trap: trap_request=0xffffffd6 fr.pc=0x00007fdd6d395250
Event: 10.494 Thread 0x00007fdd7000b800 DEOPT PACKING pc=0x00007fdd6d395250 sp=0x00007fdd79c174b0
Event: 10.494 Thread 0x00007fdd7000b800 DEOPT UNPACKING pc=0x00007fdd6d039045 sp=0x00007fdd79c17478 mode 2
Event: 10.531 Executing VM operation: ParallelGCFailedAllocation


Dynamic libraries:
00400000-00401000 r-xp 00000000 08:06 1065180                            /usr/lib/jvm/java-7-openjdk-amd64/jre/bin/java
00600000-00601000 r--p 00000000 08:06 1065180                            /usr/lib/jvm/java-7-openjdk-amd64/jre/bin/java
00601000-00602000 rw-p 00001000 08:06 1065180                            /usr/lib/jvm/java-7-openjdk-amd64/jre/bin/java
01698000-016b9000 rw-p 00000000 00:00 0                                  [heap]
b5a00000-b6f00000 rw-p 00000000 00:00 0 
b6f00000-c0000000 rw-p 00000000 00:00 0 
c0000000-c5100000 rw-p 00000000 00:00 0 
c5100000-eaa80000 rw-p 00000000 00:00 0 
eaa80000-f2e80000 rw-p 00000000 00:00 0 
fc880000-100000000 rw-p 00000000 00:00 0 
7fdd1c000000-7fdd1c037000 rw-p 00000000 00:00 0 
7fdd1c037000-7fdd20000000 ---p 00000000 00:00 0 
7fdd20000000-7fdd20038000 rw-p 00000000 00:00 0 
7fdd20038000-7fdd24000000 ---p 00000000 00:00 0 
7fdd24000000-7fdd24021000 rw-p 00000000 00:00 0 
7fdd24021000-7fdd28000000 ---p 00000000 00:00 0 
7fdd28000000-7fdd28022000 rw-p 00000000 00:00 0 
7fdd28022000-7fdd2c000000 ---p 00000000 00:00 0 
7fdd2c000000-7fdd2c021000 rw-p 00000000 00:00 0 
7fdd2c021000-7fdd30000000 ---p 00000000 00:00 0 
7fdd30000000-7fdd3002e000 rw-p 00000000 00:00 0 
7fdd3002e000-7fdd34000000 ---p 00000000 00:00 0 
7fdd34000000-7fdd35688000 rw-p 00000000 00:00 0 
7fdd35688000-7fdd38000000 ---p 00000000 00:00 0 
7fdd38000000-7fdd38021000 rw-p 00000000 00:00 0 
7fdd38021000-7fdd3c000000 ---p 00000000 00:00 0 
7fdd3c000000-7fdd3c021000 rw-p 00000000 00:00 0 
7fdd3c021000-7fdd40000000 ---p 00000000 00:00 0 
7fdd40000000-7fdd4185b000 rw-p 00000000 00:00 0 
7fdd4185b000-7fdd44000000 ---p 00000000 00:00 0 
7fdd44000000-7fdd44021000 rw-p 00000000 00:00 0 
7fdd44021000-7fdd48000000 ---p 00000000 00:00 0 
7fdd48000000-7fdd48021000 rw-p 00000000 00:00 0 
7fdd48021000-7fdd4c000000 ---p 00000000 00:00 0 
7fdd4c000000-7fdd4c021000 rw-p 00000000 00:00 0 
7fdd4c021000-7fdd50000000 ---p 00000000 00:00 0 
7fdd50000000-7fdd50021000 rw-p 00000000 00:00 0 
7fdd50021000-7fdd54000000 ---p 00000000 00:00 0 
7fdd54000000-7fdd54021000 rw-p 00000000 00:00 0 
7fdd54021000-7fdd58000000 ---p 00000000 00:00 0 
7fdd5c000000-7fdd5c021000 rw-p 00000000 00:00 0 
7fdd5c021000-7fdd60000000 ---p 00000000 00:00 0 
7fdd64000000-7fdd64021000 rw-p 00000000 00:00 0 
7fdd64021000-7fdd68000000 ---p 00000000 00:00 0 
7fdd68521000-7fdd68822000 rw-p 00000000 00:00 0 
7fdd68822000-7fdd6888e000 r-xp 00000000 08:06 4484047                    /lib/x86_64-linux-gnu/libpcre.so.3.13.1
7fdd6888e000-7fdd68a8e000 ---p 0006c000 08:06 4484047                    /lib/x86_64-linux-gnu/libpcre.so.3.13.1
7fdd68a8e000-7fdd68a8f000 r--p 0006c000 08:06 4484047                    /lib/x86_64-linux-gnu/libpcre.so.3.13.1
7fdd68a8f000-7fdd68a90000 rw-p 0006d000 08:06 4484047                    /lib/x86_64-linux-gnu/libpcre.so.3.13.1
7fdd68a90000-7fdd68a97000 r-xp 00000000 08:06 535049                     /usr/lib/x86_64-linux-gnu/libffi.so.6.0.4
7fdd68a97000-7fdd68c96000 ---p 00007000 08:06 535049                     /usr/lib/x86_64-linux-gnu/libffi.so.6.0.4
7fdd68c96000-7fdd68c97000 r--p 00006000 08:06 535049                     /usr/lib/x86_64-linux-gnu/libffi.so.6.0.4
7fdd68c97000-7fdd68c98000 rw-p 00007000 08:06 535049                     /usr/lib/x86_64-linux-gnu/libffi.so.6.0.4
7fdd68c98000-7fdd68caf000 r-xp 00000000 08:06 4473596                    /lib/x86_64-linux-gnu/libresolv-2.21.so
7fdd68caf000-7fdd68eaf000 ---p 00017000 08:06 4473596                    /lib/x86_64-linux-gnu/libresolv-2.21.so
7fdd68eaf000-7fdd68eb0000 r--p 00017000 08:06 4473596                    /lib/x86_64-linux-gnu/libresolv-2.21.so
7fdd68eb0000-7fdd68eb1000 rw-p 00018000 08:06 4473596                    /lib/x86_64-linux-gnu/libresolv-2.21.so
7fdd68eb1000-7fdd68eb3000 rw-p 00000000 00:00 0 
7fdd68eb3000-7fdd68ed4000 r-xp 00000000 08:06 4469960                    /lib/x86_64-linux-gnu/libselinux.so.1
7fdd68ed4000-7fdd690d3000 ---p 00021000 08:06 4469960                    /lib/x86_64-linux-gnu/libselinux.so.1
7fdd690d3000-7fdd690d4000 r--p 00020000 08:06 4469960                    /lib/x86_64-linux-gnu/libselinux.so.1
7fdd690d4000-7fdd690d5000 rw-p 00021000 08:06 4469960                    /lib/x86_64-linux-gnu/libselinux.so.1
7fdd690d5000-7fdd690d7000 rw-p 00000000 00:00 0 
7fdd690d7000-7fdd690da000 r-xp 00000000 08:06 525735                     /usr/lib/x86_64-linux-gnu/libgmodule-2.0.so.0.4600.2
7fdd690da000-7fdd692d9000 ---p 00003000 08:06 525735                     /usr/lib/x86_64-linux-gnu/libgmodule-2.0.so.0.4600.2
7fdd692d9000-7fdd692da000 r--p 00002000 08:06 525735                     /usr/lib/x86_64-linux-gnu/libgmodule-2.0.so.0.4600.2
7fdd692da000-7fdd692db000 rw-p 00003000 08:06 525735                     /usr/lib/x86_64-linux-gnu/libgmodule-2.0.so.0.4600.2
7fdd692db000-7fdd693e8000 r-xp 00000000 08:06 4472394                    /lib/x86_64-linux-gnu/libglib-2.0.so.0.4600.2
7fdd693e8000-7fdd695e7000 ---p 0010d000 08:06 4472394                    /lib/x86_64-linux-gnu/libglib-2.0.so.0.4600.2
7fdd695e7000-7fdd695e8000 r--p 0010c000 08:06 4472394                    /lib/x86_64-linux-gnu/libglib-2.0.so.0.4600.2
7fdd695e8000-7fdd695e9000 rw-p 0010d000 08:06 4472394                    /lib/x86_64-linux-gnu/libglib-2.0.so.0.4600.2
7fdd695e9000-7fdd695ea000 rw-p 00000000 00:00 0 
7fdd695ea000-7fdd6963c000 r-xp 00000000 08:06 525738                     /usr/lib/x86_64-linux-gnu/libgobject-2.0.so.0.4600.2
7fdd6963c000-7fdd6983b000 ---p 00052000 08:06 525738                     /usr/lib/x86_64-linux-gnu/libgobject-2.0.so.0.4600.2
7fdd6983b000-7fdd6983c000 r--p 00051000 08:06 525738                     /usr/lib/x86_64-linux-gnu/libgobject-2.0.so.0.4600.2
7fdd6983c000-7fdd6983d000 rw-p 00052000 08:06 525738                     /usr/lib/x86_64-linux-gnu/libgobject-2.0.so.0.4600.2
7fdd6983d000-7fdd699b7000 r-xp 00000000 08:06 525717                     /usr/lib/x86_64-linux-gnu/libgio-2.0.so.0.4600.2
7fdd699b7000-7fdd69bb6000 ---p 0017a000 08:06 525717                     /usr/lib/x86_64-linux-gnu/libgio-2.0.so.0.4600.2
7fdd69bb6000-7fdd69bba000 r--p 00179000 08:06 525717                     /usr/lib/x86_64-linux-gnu/libgio-2.0.so.0.4600.2
7fdd69bba000-7fdd69bbc000 rw-p 0017d000 08:06 525717                     /usr/lib/x86_64-linux-gnu/libgio-2.0.so.0.4600.2
7fdd69bbc000-7fdd69bbe000 rw-p 00000000 00:00 0 
7fdd69bbe000-7fdd69bd5000 r-xp 00000000 08:06 1065268                    /usr/lib/jvm/java-7-openjdk-amd64/jre/lib/amd64/libnet.so
7fdd69bd5000-7fdd69dd5000 ---p 00017000 08:06 1065268                    /usr/lib/jvm/java-7-openjdk-amd64/jre/lib/amd64/libnet.so
7fdd69dd5000-7fdd69dd6000 r--p 00017000 08:06 1065268                    /usr/lib/jvm/java-7-openjdk-amd64/jre/lib/amd64/libnet.so
7fdd69dd6000-7fdd69dd7000 rw-p 00018000 08:06 1065268                    /usr/lib/jvm/java-7-openjdk-amd64/jre/lib/amd64/libnet.so
7fdd69dd7000-7fdd69de8000 r-xp 00000000 08:06 1065289                    /usr/lib/jvm/java-7-openjdk-amd64/jre/lib/amd64/libnio.so
7fdd69de8000-7fdd69fe7000 ---p 00011000 08:06 1065289                    /usr/lib/jvm/java-7-openjdk-amd64/jre/lib/amd64/libnio.so
7fdd69fe7000-7fdd69fe8000 r--p 00010000 08:06 1065289                    /usr/lib/jvm/java-7-openjdk-amd64/jre/lib/amd64/libnio.so
7fdd69fe8000-7fdd69fe9000 rw-p 00011000 08:06 1065289                    /usr/lib/jvm/java-7-openjdk-amd64/jre/lib/amd64/libnio.so
7fdd69fe9000-7fdd69fec000 ---p 00000000 00:00 0 
7fdd69fec000-7fdd6a0ea000 rw-p 00000000 00:00 0 
7fdd6a0ea000-7fdd6a0ed000 ---p 00000000 00:00 0 
7fdd6a0ed000-7fdd6a1eb000 rw-p 00000000 00:00 0 
7fdd6a1eb000-7fdd6a1ee000 ---p 00000000 00:00 0 
7fdd6a1ee000-7fdd6a2ec000 rw-p 00000000 00:00 0 
7fdd6a2ec000-7fdd6a2ef000 ---p 00000000 00:00 0 
7fdd6a2ef000-7fdd6a3ed000 rw-p 00000000 00:00 0 
7fdd6a3ed000-7fdd6aad0000 r--p 00000000 08:06 533298                     /usr/lib/locale/locale-archive
7fdd6aad0000-7fdd6d000000 rw-p 00000000 00:00 0 
7fdd6d000000-7fdd6d3a0000 rwxp 00000000 00:00 0 
7fdd6d3a0000-7fdd701ed000 rw-p 00000000 00:00 0 
7fdd701ed000-7fdd74000000 ---p 00000000 00:00 0 
7fdd7408f000-7fdd74093000 r--s 0004f000 08:06 1065325                    /usr/lib/jvm/java-7-openjdk-amd64/jre/lib/jsse.jar
7fdd74093000-7fdd74096000 ---p 00000000 00:00 0 
7fdd74096000-7fdd74194000 rw-p 00000000 00:00 0 
7fdd74194000-7fdd741a3000 r--s 000df000 08:06 2908841                    /home/prajit/Android/Sdk/build-tools/23.0.1/lib/dx.jar
7fdd741a3000-7fdd741a7000 r--s 00034000 08:06 1065320                    /usr/lib/jvm/java-7-openjdk-amd64/jre/lib/ext/sunjce_provider.jar
7fdd741a7000-7fdd741a8000 ---p 00000000 00:00 0 
7fdd741a8000-7fdd742a8000 rw-p 00000000 00:00 0                          [stack:10705]
7fdd742a8000-7fdd742ab000 ---p 00000000 00:00 0 
7fdd742ab000-7fdd743a9000 rw-p 00000000 00:00 0                          [stack:10704]
7fdd743a9000-7fdd743ac000 ---p 00000000 00:00 0 
7fdd743ac000-7fdd744aa000 rw-p 00000000 00:00 0                          [stack:10703]
7fdd744aa000-7fdd744ad000 ---p 00000000 00:00 0 
7fdd744ad000-7fdd745ab000 rw-p 00000000 00:00 0                          [stack:10702]
7fdd745ab000-7fdd745ae000 ---p 00000000 00:00 0 
7fdd745ae000-7fdd746ac000 rw-p 00000000 00:00 0                          [stack:10701]
7fdd746ac000-7fdd746af000 ---p 00000000 00:00 0 
7fdd746af000-7fdd747ad000 rw-p 00000000 00:00 0                          [stack:10700]
7fdd747ad000-7fdd747b0000 ---p 00000000 00:00 0 
7fdd747b0000-7fdd748ae000 rw-p 00000000 00:00 0                          [stack:10699]
7fdd748ae000-7fdd748af000 ---p 00000000 00:00 0 
7fdd748af000-7fdd759ac000 rw-p 00000000 00:00 0                          [stack:10698]
7fdd759ac000-7fdd75b5d000 r--s 01d30000 08:06 1065308                    /usr/lib/jvm/java-7-openjdk-amd64/jre/lib/rt.jar
7fdd75b5d000-7fdd75ea9000 rw-p 00000000 00:00 0 
7fdd75ea9000-7fdd75eaa000 ---p 00000000 00:00 0 
7fdd75eaa000-7fdd75faa000 rw-p 00000000 00:00 0                          [stack:10697]
7fdd75faa000-7fdd75fab000 ---p 00000000 00:00 0 
7fdd75fab000-7fdd760ab000 rw-p 00000000 00:00 0                          [stack:10696]
7fdd760ab000-7fdd760ac000 ---p 00000000 00:00 0 
7fdd760ac000-7fdd761ac000 rw-p 00000000 00:00 0                          [stack:10695]
7fdd761ac000-7fdd761ad000 ---p 00000000 00:00 0 
7fdd761ad000-7fdd762b8000 rw-p 00000000 00:00 0                          [stack:10694]
7fdd762b8000-7fdd76300000 rw-p 00000000 00:00 0 
7fdd76300000-7fdd76329000 rw-p 00000000 00:00 0 
7fdd76329000-7fdd76456000 rw-p 00000000 00:00 0 
7fdd76456000-7fdd76461000 rw-p 00000000 00:00 0 
7fdd76461000-7fdd764a9000 rw-p 00000000 00:00 0 
7fdd764a9000-7fdd764d2000 rw-p 00000000 00:00 0 
7fdd764d2000-7fdd765fe000 rw-p 00000000 00:00 0 
7fdd765fe000-7fdd76641000 rw-p 00000000 00:00 0 
7fdd76641000-7fdd766a9000 rw-p 00000000 00:00 0 
7fdd766a9000-7fdd766aa000 rw-p 00000000 00:00 0 
7fdd766aa000-7fdd766b2000 r-xp 00000000 08:06 1065273                    /usr/lib/jvm/java-7-openjdk-amd64/jre/lib/amd64/libzip.so
7fdd766b2000-7fdd768b1000 ---p 00008000 08:06 1065273                    /usr/lib/jvm/java-7-openjdk-amd64/jre/lib/amd64/libzip.so
7fdd768b1000-7fdd768b2000 r--p 00007000 08:06 1065273                    /usr/lib/jvm/java-7-openjdk-amd64/jre/lib/amd64/libzip.so
7fdd768b2000-7fdd768b3000 rw-p 00008000 08:06 1065273                    /usr/lib/jvm/java-7-openjdk-amd64/jre/lib/amd64/libzip.so
7fdd768b3000-7fdd768bf000 r-xp 00000000 08:06 4473139                    /lib/x86_64-linux-gnu/libnss_files-2.21.so
7fdd768bf000-7fdd76abe000 ---p 0000c000 08:06 4473139                    /lib/x86_64-linux-gnu/libnss_files-2.21.so
7fdd76abe000-7fdd76abf000 r--p 0000b000 08:06 4473139                    /lib/x86_64-linux-gnu/libnss_files-2.21.so
7fdd76abf000-7fdd76ac0000 rw-p 0000c000 08:06 4473139                    /lib/x86_64-linux-gnu/libnss_files-2.21.so
7fdd76ac0000-7fdd76acb000 r-xp 00000000 08:06 4473191                    /lib/x86_64-linux-gnu/libnss_nis-2.21.so
7fdd76acb000-7fdd76cca000 ---p 0000b000 08:06 4473191                    /lib/x86_64-linux-gnu/libnss_nis-2.21.so
7fdd76cca000-7fdd76ccb000 r--p 0000a000 08:06 4473191                    /lib/x86_64-linux-gnu/libnss_nis-2.21.so
7fdd76ccb000-7fdd76ccc000 rw-p 0000b000 08:06 4473191                    /lib/x86_64-linux-gnu/libnss_nis-2.21.so
7fdd76ccc000-7fdd76ce3000 r-xp 00000000 08:06 4473170                    /lib/x86_64-linux-gnu/libnsl-2.21.so
7fdd76ce3000-7fdd76ee2000 ---p 00017000 08:06 4473170                    /lib/x86_64-linux-gnu/libnsl-2.21.so
7fdd76ee2000-7fdd76ee3000 r--p 00016000 08:06 4473170                    /lib/x86_64-linux-gnu/libnsl-2.21.so
7fdd76ee3000-7fdd76ee4000 rw-p 00017000 08:06 4473170                    /lib/x86_64-linux-gnu/libnsl-2.21.so
7fdd76ee4000-7fdd76ee6000 rw-p 00000000 00:00 0 
7fdd76ee6000-7fdd76eee000 r-xp 00000000 08:06 4473140                    /lib/x86_64-linux-gnu/libnss_compat-2.21.so
7fdd76eee000-7fdd770ed000 ---p 00008000 08:06 4473140                    /lib/x86_64-linux-gnu/libnss_compat-2.21.so
7fdd770ed000-7fdd770ee000 r--p 00007000 08:06 4473140                    /lib/x86_64-linux-gnu/libnss_compat-2.21.so
7fdd770ee000-7fdd770ef000 rw-p 00008000 08:06 4473140                    /lib/x86_64-linux-gnu/libnss_compat-2.21.so
7fdd770ef000-7fdd7711b000 r-xp 00000000 08:06 1065258                    /usr/lib/jvm/java-7-openjdk-amd64/jre/lib/amd64/libjava.so
7fdd7711b000-7fdd7731a000 ---p 0002c000 08:06 1065258                    /usr/lib/jvm/java-7-openjdk-amd64/jre/lib/amd64/libjava.so
7fdd7731a000-7fdd7731b000 r--p 0002b000 08:06 1065258                    /usr/lib/jvm/java-7-openjdk-amd64/jre/lib/amd64/libjava.so
7fdd7731b000-7fdd7731d000 rw-p 0002c000 08:06 1065258                    /usr/lib/jvm/java-7-openjdk-amd64/jre/lib/amd64/libjava.so
7fdd7731d000-7fdd7732c000 r-xp 00000000 08:06 1065260                    /usr/lib/jvm/java-7-openjdk-amd64/jre/lib/amd64/libverify.so
7fdd7732c000-7fdd7752b000 ---p 0000f000 08:06 1065260                    /usr/lib/jvm/java-7-openjdk-amd64/jre/lib/amd64/libverify.so
7fdd7752b000-7fdd7752d000 r--p 0000e000 08:06 1065260                    /usr/lib/jvm/java-7-openjdk-amd64/jre/lib/amd64/libverify.so
7fdd7752d000-7fdd7752e000 rw-p 00010000 08:06 1065260                    /usr/lib/jvm/java-7-openjdk-amd64/jre/lib/amd64/libverify.so
7fdd7752e000-7fdd77535000 r-xp 00000000 08:06 4473137                    /lib/x86_64-linux-gnu/librt-2.21.so
7fdd77535000-7fdd77734000 ---p 00007000 08:06 4473137                    /lib/x86_64-linux-gnu/librt-2.21.so
7fdd77734000-7fdd77735000 r--p 00006000 08:06 4473137                    /lib/x86_64-linux-gnu/librt-2.21.so
7fdd77735000-7fdd77736000 rw-p 00007000 08:06 4473137                    /lib/x86_64-linux-gnu/librt-2.21.so
7fdd77736000-7fdd7774c000 r-xp 00000000 08:06 4469845                    /lib/x86_64-linux-gnu/libgcc_s.so.1
7fdd7774c000-7fdd7794b000 ---p 00016000 08:06 4469845                    /lib/x86_64-linux-gnu/libgcc_s.so.1
7fdd7794b000-7fdd7794c000 r--p 00015000 08:06 4469845                    /lib/x86_64-linux-gnu/libgcc_s.so.1
7fdd7794c000-7fdd7794d000 rw-p 00016000 08:06 4469845                    /lib/x86_64-linux-gnu/libgcc_s.so.1
7fdd7794d000-7fdd77a54000 r-xp 00000000 08:06 4473194                    /lib/x86_64-linux-gnu/libm-2.21.so
7fdd77a54000-7fdd77c53000 ---p 00107000 08:06 4473194                    /lib/x86_64-linux-gnu/libm-2.21.so
7fdd77c53000-7fdd77c54000 r--p 00106000 08:06 4473194                    /lib/x86_64-linux-gnu/libm-2.21.so
7fdd77c54000-7fdd77c55000 rw-p 00107000 08:06 4473194                    /lib/x86_64-linux-gnu/libm-2.21.so
7fdd77c55000-7fdd77dc8000 r-xp 00000000 08:06 535706                     /usr/lib/x86_64-linux-gnu/libstdc++.so.6.0.21
7fdd77dc8000-7fdd77fc7000 ---p 00173000 08:06 535706                     /usr/lib/x86_64-linux-gnu/libstdc++.so.6.0.21
7fdd77fc7000-7fdd77fd1000 r--p 00172000 08:06 535706                     /usr/lib/x86_64-linux-gnu/libstdc++.so.6.0.21
7fdd77fd1000-7fdd77fd3000 rw-p 0017c000 08:06 535706                     /usr/lib/x86_64-linux-gnu/libstdc++.so.6.0.21
7fdd77fd3000-7fdd77fd7000 rw-p 00000000 00:00 0 
7fdd77fd7000-7fdd78b28000 r-xp 00000000 08:06 1065271                    /usr/lib/jvm/java-7-openjdk-amd64/jre/lib/amd64/server/libjvm.so
7fdd78b28000-7fdd78d27000 ---p 00b51000 08:06 1065271                    /usr/lib/jvm/java-7-openjdk-amd64/jre/lib/amd64/server/libjvm.so
7fdd78d27000-7fdd78db8000 r--p 00b50000 08:06 1065271                    /usr/lib/jvm/java-7-openjdk-amd64/jre/lib/amd64/server/libjvm.so
7fdd78db8000-7fdd78ddb000 rw-p 00be1000 08:06 1065271                    /usr/lib/jvm/java-7-openjdk-amd64/jre/lib/amd64/server/libjvm.so
7fdd78ddb000-7fdd78e06000 rw-p 00000000 00:00 0 
7fdd78e06000-7fdd78e1f000 r-xp 00000000 08:06 4469991                    /lib/x86_64-linux-gnu/libz.so.1.2.8
7fdd78e1f000-7fdd7901e000 ---p 00019000 08:06 4469991                    /lib/x86_64-linux-gnu/libz.so.1.2.8
7fdd7901e000-7fdd7901f000 r--p 00018000 08:06 4469991                    /lib/x86_64-linux-gnu/libz.so.1.2.8
7fdd7901f000-7fdd79020000 rw-p 00019000 08:06 4469991                    /lib/x86_64-linux-gnu/libz.so.1.2.8
7fdd79020000-7fdd79038000 r-xp 00000000 08:06 4473138                    /lib/x86_64-linux-gnu/libpthread-2.21.so
7fdd79038000-7fdd79238000 ---p 00018000 08:06 4473138                    /lib/x86_64-linux-gnu/libpthread-2.21.so
7fdd79238000-7fdd79239000 r--p 00018000 08:06 4473138                    /lib/x86_64-linux-gnu/libpthread-2.21.so
7fdd79239000-7fdd7923a000 rw-p 00019000 08:06 4473138                    /lib/x86_64-linux-gnu/libpthread-2.21.so
7fdd7923a000-7fdd7923e000 rw-p 00000000 00:00 0 
7fdd7923e000-7fdd79241000 r-xp 00000000 08:06 4473190                    /lib/x86_64-linux-gnu/libdl-2.21.so
7fdd79241000-7fdd79440000 ---p 00003000 08:06 4473190                    /lib/x86_64-linux-gnu/libdl-2.21.so
7fdd79440000-7fdd79441000 r--p 00002000 08:06 4473190                    /lib/x86_64-linux-gnu/libdl-2.21.so
7fdd79441000-7fdd79442000 rw-p 00003000 08:06 4473190                    /lib/x86_64-linux-gnu/libdl-2.21.so
7fdd79442000-7fdd79602000 r-xp 00000000 08:06 4473593                    /lib/x86_64-linux-gnu/libc-2.21.so
7fdd79602000-7fdd79802000 ---p 001c0000 08:06 4473593                    /lib/x86_64-linux-gnu/libc-2.21.so
7fdd79802000-7fdd79806000 r--p 001c0000 08:06 4473593                    /lib/x86_64-linux-gnu/libc-2.21.so
7fdd79806000-7fdd79808000 rw-p 001c4000 08:06 4473593                    /lib/x86_64-linux-gnu/libc-2.21.so
7fdd79808000-7fdd7980c000 rw-p 00000000 00:00 0 
7fdd7980c000-7fdd79819000 r-xp 00000000 08:06 1065286                    /usr/lib/jvm/java-7-openjdk-amd64/jre/lib/amd64/jli/libjli.so
7fdd79819000-7fdd79a18000 ---p 0000d000 08:06 1065286                    /usr/lib/jvm/java-7-openjdk-amd64/jre/lib/amd64/jli/libjli.so
7fdd79a18000-7fdd79a19000 r--p 0000c000 08:06 1065286                    /usr/lib/jvm/java-7-openjdk-amd64/jre/lib/amd64/jli/libjli.so
7fdd79a19000-7fdd79a1a000 rw-p 0000d000 08:06 1065286                    /usr/lib/jvm/java-7-openjdk-amd64/jre/lib/amd64/jli/libjli.so
7fdd79a1a000-7fdd79a3e000 r-xp 00000000 08:06 4473183                    /lib/x86_64-linux-gnu/ld-2.21.so
7fdd79a40000-7fdd79a67000 rw-p 00000000 00:00 0 
7fdd79a67000-7fdd79b18000 rw-p 00000000 00:00 0 
7fdd79b18000-7fdd79b1b000 ---p 00000000 00:00 0 
7fdd79b1b000-7fdd79c1e000 rw-p 00000000 00:00 0                          [stack:10693]
7fdd79c20000-7fdd79c21000 rw-p 00000000 00:00 0 
7fdd79c21000-7fdd79c22000 r--s 00002000 08:06 1065318                    /usr/lib/jvm/java-7-openjdk-amd64/jre/lib/ext/dnsns.jar
7fdd79c22000-7fdd79c24000 r--s 00007000 08:06 1065162                    /usr/share/java/java-atk-wrapper.jar
7fdd79c24000-7fdd79c27000 r--s 0000f000 08:06 1065321                    /usr/lib/jvm/java-7-openjdk-amd64/jre/lib/ext/icedtea-sound.jar
7fdd79c27000-7fdd79c2b000 r--s 0003c000 08:06 1065323                    /usr/lib/jvm/java-7-openjdk-amd64/jre/lib/ext/sunpkcs11.jar
7fdd79c2b000-7fdd79c2d000 r--s 00012000 08:06 1065319                    /usr/lib/jvm/java-7-openjdk-amd64/jre/lib/ext/zipfs.jar
7fdd79c2d000-7fdd79c31000 r--s 00085000 08:06 1065322                    /usr/lib/jvm/java-7-openjdk-amd64/jre/lib/ext/localedata.jar
7fdd79c31000-7fdd79c39000 rw-s 00000000 08:06 4743007                    /tmp/hsperfdata_prajit/10688
7fdd79c39000-7fdd79c3a000 rw-p 00000000 00:00 0 
7fdd79c3a000-7fdd79c3b000 ---p 00000000 00:00 0 
7fdd79c3b000-7fdd79c3d000 rw-p 00000000 00:00 0 
7fdd79c3d000-7fdd79c3e000 r--p 00023000 08:06 4473183                    /lib/x86_64-linux-gnu/ld-2.21.so
7fdd79c3e000-7fdd79c3f000 rw-p 00024000 08:06 4473183                    /lib/x86_64-linux-gnu/ld-2.21.so
7fdd79c3f000-7fdd79c40000 rw-p 00000000 00:00 0 
7ffec1a7d000-7ffec1a9f000 rw-p 00000000 00:00 0                          [stack]
7ffec1ad2000-7ffec1ad4000 r--p 00000000 00:00 0                          [vvar]
7ffec1ad4000-7ffec1ad6000 r-xp 00000000 00:00 0                          [vdso]
ffffffffff600000-ffffffffff601000 r-xp 00000000 00:00 0                  [vsyscall]

VM Arguments:
jvm_args: -Xmx1024M -Dfile.encoding=UTF-8 -Duser.country=US -Duser.language=en -Duser.variant 
java_command: com.android.dx.command.Main --dex --num-threads=4 --output /home/prajit/AndroidStudioProjects/QMS/app/build/intermediates/dex/debug /home/prajit/AndroidStudioProjects/QMS/app/build/intermediates/classes/debug /home/prajit/AndroidStudioProjects/QMS/app/build/intermediates/pre-dexed/debug/support-annotations-23.2.0-3a7746c041dd855e0d5c066307be5e2cdd7c57af.jar /home/prajit/AndroidStudioProjects/QMS/app/build/intermediates/pre-dexed/debug/classes-a9324a343310b8ef0dbbd1d3a7349af6ac2440fc.jar /home/prajit/AndroidStudioProjects/QMS/app/build/intermediates/pre-dexed/debug/classes-f76fc46938cb48822a4be7dda9c5b950abb8e2af.jar /home/prajit/AndroidStudioProjects/QMS/app/build/intermediates/pre-dexed/debug/classes-a198eed160dba1fba74b24127079bfb8de739506.jar /home/prajit/AndroidStudioProjects/QMS/app/build/intermediates/pre-dexed/debug/httpmime-4.3-3fda06e08bda9d739ba22eb9b396cf7a79c1928e.jar /home/prajit/AndroidStudioProjects/QMS/app/build/intermediates/pre-dexed/debug/ormlite-android-4.48-b6569c0c14941c99557c9b09ecee0363e4954dc7.jar /home/prajit/AndroidStudioProjects/QMS/app/build/intermediates/pre-dexed/debug/volley-c0cba6698b7beec96d5e0f477cf13f4ca8157572.jar /home/prajit/AndroidStudioProjects/QMS/app/build/intermediates/pre-dexed/debug/picasso-2.4.0-023c6538e8b25248ff5d7437e8910fa40006f0fb.jar /home/prajit/AndroidStudioProjects/QMS/app/build/intermediates/pre-dexed/debug/aws-android-sdk-cognito-2.2.14-b583bfbc3f6d65b25ec4af1f803f1e2c055f3c2f.jar /home/prajit/AndroidStudioProjects/QMS/app/build/intermediates/pre-dexed/debug/gson-2.3-a9cee03b0d2bc6e590333aaa4c4d42670f7ff4a6.jar /home/prajit/AndroidStudioProjects/QMS/app/build/intermediates/pre-dexed/debug/aws-android-sdk-ddb-2.2.14-1d64ec407f005f688d331c3f4b936233f4db4458.jar /home/prajit/AndroidStudioProjects/QMS/app/build/intermediates/pre-dexed/debug/internal_impl-23.2.0-6619ed6ec79d15d2fe470cc9fcde667915af0e69.jar /home/prajit/AndroidStudioProjects/QMS/app/build/intermediates/pre-dexed/debug/classes-74a23b
Launcher Type: SUN_STANDARD

Environment Variables:
PATH=/usr/local/sbin:/usr/local/bin:/usr/sbin:/usr/bin:/sbin:/bin:/usr/games:/usr/local/games
LD_LIBRARY_PATH=/home/prajit/android-studio/bin:
SHELL=/bin/bash
DISPLAY=:0

Signal Handlers:
SIGSEGV: [libjvm.so+0x995450], sa_mask[0]=0x7ffbfeff, sa_flags=0x10000004
SIGBUS: [libjvm.so+0x995450], sa_mask[0]=0x7ffbfeff, sa_flags=0x10000004
SIGFPE: [libjvm.so+0x7fc6a0], sa_mask[0]=0x7ffbfeff, sa_flags=0x10000004
SIGPIPE: [libjvm.so+0x7fc6a0], sa_mask[0]=0x7ffbfeff, sa_flags=0x10000004
SIGXFSZ: [libjvm.so+0x7fc6a0], sa_mask[0]=0x7ffbfeff, sa_flags=0x10000004
SIGILL: [libjvm.so+0x7fc6a0], sa_mask[0]=0x7ffbfeff, sa_flags=0x10000004
SIGUSR1: SIG_DFL, sa_mask[0]=0x00000000, sa_flags=0x00000000
SIGUSR2: [libjvm.so+0x7fc520], sa_mask[0]=0x00000004, sa_flags=0x10000004
SIGHUP: [libjvm.so+0x7fc6b0], sa_mask[0]=0x7ffbfeff, sa_flags=0x10000004
SIGINT: [libjvm.so+0x7fc6b0], sa_mask[0]=0x7ffbfeff, sa_flags=0x10000004
SIGTERM: [libjvm.so+0x7fc6b0], sa_mask[0]=0x7ffbfeff, sa_flags=0x10000004
SIGQUIT: [libjvm.so+0x7fc6b0], sa_mask[0]=0x7ffbfeff, sa_flags=0x10000004
SIGTRAP: SIG_DFL, sa_mask[0]=0x00000000, sa_flags=0x00000000


---------------  S Y S T E M  ---------------

OS:Ubuntu 15.10 (wily)
uname:Linux 4.2.0-34-generic #39-Ubuntu SMP Thu Mar 10 22:13:01 UTC 2016 x86_64
libc:glibc 2.21 NPTL 2.21 
rlimit: STACK 8192k, CORE 0k, NPROC 30985, NOFILE 65536, AS infinity
load average:3.14 2.05 1.33

/proc/meminfo:
MemTotal:        7966900 kB
MemFree:           68376 kB
MemAvailable:     169344 kB
Buffers:            4444 kB
Cached:          2278556 kB
SwapCached:            0 kB
Active:          5504480 kB
Inactive:        2192560 kB
Active(anon):    5454372 kB
Inactive(anon):  2143500 kB
Active(file):      50108 kB
Inactive(file):    49060 kB
Unevictable:          32 kB
Mlocked:              32 kB
SwapTotal:             0 kB
SwapFree:              0 kB
Dirty:              3936 kB
Writeback:             0 kB
AnonPages:       5414136 kB
Mapped:           177932 kB
Shmem:           2183772 kB
Slab:              87272 kB
SReclaimable:      43836 kB
SUnreclaim:        43436 kB
KernelStack:       12880 kB
PageTables:        60380 kB
NFS_Unstable:          0 kB
Bounce:                0 kB
WritebackTmp:          0 kB
CommitLimit:     3983448 kB
Committed_AS:   13262772 kB
VmallocTotal:   34359738367 kB
VmallocUsed:      360444 kB
VmallocChunk:   34358945788 kB
HardwareCorrupted:     0 kB
AnonHugePages:   3401728 kB
CmaTotal:              0 kB
CmaFree:               0 kB
HugePages_Total:       0
HugePages_Free:        0
HugePages_Rsvd:        0
HugePages_Surp:        0
Hugepagesize:       2048 kB
DirectMap4k:      163548 kB
DirectMap2M:     8017920 kB


CPU:total 4 (2 cores per cpu, 2 threads per core) family 6 model 37 stepping 5, cmov, cx8, fxsr, mmx, sse, sse2, sse3, ssse3, sse4.1, sse4.2, popcnt, ht, tsc, tscinvbit

/proc/cpuinfo:
processor	: 0
vendor_id	: GenuineIntel
cpu family	: 6
model		: 37
model name	: Intel(R) Core(TM) i3 CPU         540  @ 3.07GHz
stepping	: 5
microcode	: 0x2
cpu MHz		: 1197.000
cache size	: 4096 KB
physical id	: 0
siblings	: 4
core id		: 0
cpu cores	: 2
apicid		: 0
initial apicid	: 0
fpu		: yes
fpu_exception	: yes
cpuid level	: 11
wp		: yes
flags		: fpu vme de pse tsc msr pae mce cx8 apic sep mtrr pge mca cmov pat pse36 clflush dts acpi mmx fxsr sse sse2 ss ht tm pbe syscall nx rdtscp lm constant_tsc arch_perfmon pebs bts rep_good nopl xtopology nonstop_tsc aperfmperf pni dtes64 monitor ds_cpl vmx est tm2 ssse3 cx16 xtpr pdcm pcid sse4_1 sse4_2 popcnt lahf_lm arat dtherm tpr_shadow vnmi flexpriority ept vpid
bugs		:
bogomips	: 6118.09
clflush size	: 64
cache_alignment	: 64
address sizes	: 36 bits physical, 48 bits virtual
power management:

processor	: 1
vendor_id	: GenuineIntel
cpu family	: 6
model		: 37
model name	: Intel(R) Core(TM) i3 CPU         540  @ 3.07GHz
stepping	: 5
microcode	: 0x2
cpu MHz		: 1197.000
cache size	: 4096 KB
physical id	: 0
siblings	: 4
core id		: 0
cpu cores	: 2
apicid		: 1
initial apicid	: 1
fpu		: yes
fpu_exception	: yes
cpuid level	: 11
wp		: yes
flags		: fpu vme de pse tsc msr pae mce cx8 apic sep mtrr pge mca cmov pat pse36 clflush dts acpi mmx fxsr sse sse2 ss ht tm pbe syscall nx rdtscp lm constant_tsc arch_perfmon pebs bts rep_good nopl xtopology nonstop_tsc aperfmperf pni dtes64 monitor ds_cpl vmx est tm2 ssse3 cx16 xtpr pdcm pcid sse4_1 sse4_2 popcnt lahf_lm arat dtherm tpr_shadow vnmi flexpriority ept vpid
bugs		:
bogomips	: 6118.09
clflush size	: 64
cache_alignment	: 64
address sizes	: 36 bits physical, 48 bits virtual
power management:

processor	: 2
vendor_id	: GenuineIntel
cpu family	: 6
model		: 37
model name	: Intel(R) Core(TM) i3 CPU         540  @ 3.07GHz
stepping	: 5
microcode	: 0x2
cpu MHz		: 3059.000
cache size	: 4096 KB
physical id	: 0
siblings	: 4
core id		: 2
cpu cores	: 2
apicid		: 4
initial apicid	: 4
fpu		: yes
fpu_exception	: yes
cpuid level	: 11
wp		: yes
flags		: fpu vme de pse tsc msr pae mce cx8 apic sep mtrr pge mca cmov pat pse36 clflush dts acpi mmx fxsr sse sse2 ss ht tm pbe syscall nx rdtscp lm constant_tsc arch_perfmon pebs bts rep_good nopl xtopology nonstop_tsc aperfmperf pni dtes64 monitor ds_cpl vmx est tm2 ssse3 cx16 xtpr pdcm pcid sse4_1 sse4_2 popcnt lahf_lm arat dtherm tpr_shadow vnmi flexpriority ept vpid
bugs		:
bogomips	: 6118.09
clflush size	: 64
cache_alignment	: 64
address sizes	: 36 bits physical, 48 bits virtual
power management:

processor	: 3
vendor_id	: GenuineIntel
cpu family	: 6
model		: 37
model name	: Intel(R) Core(TM) i3 CPU         540  @ 3.07GHz
stepping	: 5
microcode	: 0x2
cpu MHz		: 1197.000
cache size	: 4096 KB
physical id	: 0
siblings	: 4
core id		: 2
cpu cores	: 2
apicid		: 5
initial apicid	: 5
fpu		: yes
fpu_exception	: yes
cpuid level	: 11
wp		: yes
flags		: fpu vme de pse tsc msr pae mce cx8 apic sep mtrr pge mca cmov pat pse36 clflush dts acpi mmx fxsr sse sse2 ss ht tm pbe syscall nx rdtscp lm constant_tsc arch_perfmon pebs bts rep_good nopl xtopology nonstop_tsc aperfmperf pni dtes64 monitor ds_cpl vmx est tm2 ssse3 cx16 xtpr pdcm pcid sse4_1 sse4_2 popcnt lahf_lm arat dtherm tpr_shadow vnmi flexpriority ept vpid
bugs		:
bogomips	: 6118.09
clflush size	: 64
cache_alignment	: 64
address sizes	: 36 bits physical, 48 bits virtual
power management:



Memory: 4k page, physical 7966900k(68376k free), swap 0k(0k free)

vm_info: OpenJDK 64-Bit Server VM (24.95-b01) for linux-amd64 JRE (1.7.0_95-b00), built on Mar 24 2016 06:07:15 by "buildd" with gcc 5.2.1 20151010

time: Thu Apr  7 17:43:36 2016
elapsed time: 10 seconds

