#
# There is insufficient memory for the Java Runtime Environment to continue.
# Native memory allocation (malloc) failed to allocate 171966464 bytes for committing reserved memory.
# Possible reasons:
#   The system is out of physical RAM or swap space
#   In 32 bit mode, the process size limit was hit
# Possible solutions:
#   Reduce memory load on the system
#   Increase physical memory or swap space
#   Check if swap backing store is full
#   Use 64 bit Java on a 64 bit OS
#   Decrease Java heap size (-Xmx/-Xms)
#   Decrease number of Java threads
#   Decrease Java thread stack sizes (-Xss)
#   Set larger code cache with -XX:ReservedCodeCacheSize=
# This output file may be truncated or incomplete.
#
#  Out of Memory Error (os_linux.cpp:2827), pid=10202, tid=139815595484928
#
# JRE version: OpenJDK Runtime Environment (7.0_95) (build 1.7.0_95-b00)
# Java VM: OpenJDK 64-Bit Server VM (24.95-b01 mixed mode linux-amd64 compressed oops)
# Derivative: IcedTea 2.6.4
# Distribution: Ubuntu 15.10, package 7u95-2.6.4-0ubuntu0.15.10.2
# Failed to write core dump. Core dumps have been disabled. To enable core dumping, try "ulimit -c unlimited" before starting Java again
#

---------------  T H R E A D  ---------------

Current thread (0x00007f2964076000):  VMThread [stack: 0x00007f295ad72000,0x00007f295ae73000] [id=10213]

Stack: [0x00007f295ad72000,0x00007f295ae73000],  sp=0x00007f295ae714f0,  free space=1021k
Native frames: (J=compiled Java code, j=interpreted, Vv=VM code, C=native code)
V  [libjvm.so+0x9948f3]
V  [libjvm.so+0x48a9df]
V  [libjvm.so+0x80143b]
V  [libjvm.so+0x7fb82e]
V  [libjvm.so+0x871c4b]
V  [libjvm.so+0x873593]
V  [libjvm.so+0x86f818]
V  [libjvm.so+0x86fafc]
V  [libjvm.so+0x824df3]
V  [libjvm.so+0x996392]
V  [libjvm.so+0x99b0d7]
V  [libjvm.so+0x998968]
V  [libjvm.so+0x999cdf]
V  [libjvm.so+0x99a1d1]
V  [libjvm.so+0x7fe362]

VM_Operation (0x00007f2955c52010): ParallelGCFailedAllocation, mode: safepoint, requested by thread 0x00007f296419c800


---------------  P R O C E S S  ---------------

Java Threads: ( => current thread )
  0x00007f296419e800 JavaThread "pool-1-thread-4" [_thread_blocked, id=10225, stack(0x00007f2955a52000,0x00007f2955b53000)]
  0x00007f296419c800 JavaThread "pool-1-thread-3" [_thread_blocked, id=10224, stack(0x00007f2955b53000,0x00007f2955c54000)]
  0x00007f296419a800 JavaThread "pool-1-thread-2" [_thread_blocked, id=10223, stack(0x00007f2955c54000,0x00007f2955d55000)]
  0x00007f296419a000 JavaThread "pool-2-thread-1" [_thread_blocked, id=10222, stack(0x00007f2955d55000,0x00007f2955e56000)]
  0x00007f2964197800 JavaThread "pool-1-thread-1" [_thread_blocked, id=10221, stack(0x00007f295838c000,0x00007f295848d000)]
  0x00007f29640b1000 JavaThread "Service Thread" daemon [_thread_blocked, id=10219, stack(0x00007f295a089000,0x00007f295a18a000)]
  0x00007f29640ae800 JavaThread "C2 CompilerThread1" daemon [_thread_blocked, id=10218, stack(0x00007f295a18a000,0x00007f295a28b000)]
  0x00007f29640ab800 JavaThread "C2 CompilerThread0" daemon [_thread_blocked, id=10217, stack(0x00007f295a28b000,0x00007f295a38c000)]
  0x00007f29640a9000 JavaThread "Signal Dispatcher" daemon [_thread_blocked, id=10216, stack(0x00007f295a38c000,0x00007f295a48d000)]
  0x00007f296407c800 JavaThread "Finalizer" daemon [_thread_blocked, id=10215, stack(0x00007f295ab70000,0x00007f295ac71000)]
  0x00007f296407a800 JavaThread "Reference Handler" daemon [_thread_blocked, id=10214, stack(0x00007f295ac71000,0x00007f295ad72000)]
  0x00007f296400a000 JavaThread "main" [_thread_blocked, id=10208, stack(0x00007f296aff7000,0x00007f296b0f8000)]

Other Threads:
=>0x00007f2964076000 VMThread [stack: 0x00007f295ad72000,0x00007f295ae73000] [id=10213]
  0x00007f29640bb800 WatcherThread [stack: 0x00007f2959f88000,0x00007f295a089000] [id=10220]

VM state:at safepoint (normal execution)

VM Mutex/Monitor currently owned by a thread:  ([mutex/lock_event])
[0x00007f2964006930] Threads_lock - owner thread: 0x00007f2964076000
[0x00007f2964006e30] Heap_lock - owner thread: 0x00007f296419c800

Heap
 PSYoungGen      total 130048K, used 5095K [0x00000000eaa80000, 0x00000000f2e80000, 0x0000000100000000)
  eden space 124928K, 0% used [0x00000000eaa80000,0x00000000eaa80000,0x00000000f2480000)
  from space 5120K, 99% used [0x00000000f2480000,0x00000000f2979ee0,0x00000000f2980000)
  to   space 5120K, 0% used [0x00000000f2980000,0x00000000f2980000,0x00000000f2e80000)
 ParOldGen       total 82944K, used 44148K [0x00000000c0000000, 0x00000000c5100000, 0x00000000eaa80000)
  object space 82944K, 53% used [0x00000000c0000000,0x00000000c2b1d020,0x00000000c5100000)
 PSPermGen       total 21504K, used 6226K [0x00000000b5a00000, 0x00000000b6f00000, 0x00000000c0000000)
  object space 21504K, 28% used [0x00000000b5a00000,0x00000000b6014918,0x00000000b6f00000)

Card table byte_map: [0x00007f296078a000,0x00007f29609de000] byte_map_base: 0x00007f29601dd000

Polling page: 0x00007f296b119000

Code Cache  [0x00007f29609de000, 0x00007f2960c4e000, 0x00007f29639de000)
 total_blobs=594 nmethods=363 adapters=184 free_code_cache=47513Kb largest_free_block=48584960

Compilation events (10 events):
Event: 24.617 Thread 0x00007f29640ab800 nmethod 366 0x00007f2960b82c90 code [0x00007f2960b830a0, 0x00007f2960b84cb0]
Event: 24.617 Thread 0x00007f29640ab800  374             com.android.dx.ssa.SCCP::replaceConstants (209 bytes)
Event: 24.917 Thread 0x00007f29640ab800 nmethod 374 0x00007f2960ac1a90 code [0x00007f2960ac1d60, 0x00007f2960ac2c50]
Event: 24.917 Thread 0x00007f29640ab800  375             com.android.dx.ssa.SCCP::<init> (142 bytes)
Event: 25.141 Thread 0x00007f29640ab800 nmethod 375 0x00007f2960a9f690 code [0x00007f2960a9f840, 0x00007f2960aa0098]
Event: 25.310 Thread 0x00007f29640ab800  376             com.android.dx.rop.code.Insn::getLocalAssignment (48 bytes)
Event: 25.312 Thread 0x00007f29640ab800 nmethod 376 0x00007f2960ac89d0 code [0x00007f2960ac8b20, 0x00007f2960ac8c18]
Event: 25.312 Thread 0x00007f29640ab800  377             com.android.dx.rop.code.RegisterSpecSet::intersect (117 bytes)
Event: 25.344 Thread 0x00007f29640ab800 nmethod 377 0x00007f2960b6a350 code [0x00007f2960b6a500, 0x00007f2960b6aa28]
Event: 25.344 Thread 0x00007f29640ab800  378   !         com.android.dx.rop.code.RegisterSpecSet::put (104 bytes)

GC Heap History (9 events):
Event: 5.224 GC heap before
{Heap before GC invocations=1 (full 0):
 PSYoungGen      total 36352K, used 31232K [0x00000000eaa80000, 0x00000000ed300000, 0x0000000100000000)
  eden space 31232K, 100% used [0x00000000eaa80000,0x00000000ec900000,0x00000000ec900000)
  from space 5120K, 0% used [0x00000000ece00000,0x00000000ece00000,0x00000000ed300000)
  to   space 5120K, 0% used [0x00000000ec900000,0x00000000ec900000,0x00000000ece00000)
 ParOldGen       total 82944K, used 0K [0x00000000c0000000, 0x00000000c5100000, 0x00000000eaa80000)
  object space 82944K, 0% used [0x00000000c0000000,0x00000000c0000000,0x00000000c5100000)
 PSPermGen       total 21504K, used 5954K [0x00000000b5a00000, 0x00000000b6f00000, 0x00000000c0000000)
  object space 21504K, 27% used [0x00000000b5a00000,0x00000000b5fd0b28,0x00000000b6f00000)
Event: 5.511 GC heap after
Heap after GC invocations=1 (full 0):
 PSYoungGen      total 36352K, used 5092K [0x00000000eaa80000, 0x00000000ef180000, 0x0000000100000000)
  eden space 31232K, 0% used [0x00000000eaa80000,0x00000000eaa80000,0x00000000ec900000)
  from space 5120K, 99% used [0x00000000ec900000,0x00000000ecdf9208,0x00000000ece00000)
  to   space 5120K, 0% used [0x00000000eec80000,0x00000000eec80000,0x00000000ef180000)
 ParOldGen       total 82944K, used 1071K [0x00000000c0000000, 0x00000000c5100000, 0x00000000eaa80000)
  object space 82944K, 1% used [0x00000000c0000000,0x00000000c010be30,0x00000000c5100000)
 PSPermGen       total 21504K, used 5954K [0x00000000b5a00000, 0x00000000b6f00000, 0x00000000c0000000)
  object space 21504K, 27% used [0x00000000b5a00000,0x00000000b5fd0b28,0x00000000b6f00000)
}
Event: 8.455 GC heap before
{Heap before GC invocations=2 (full 0):
 PSYoungGen      total 36352K, used 36324K [0x00000000eaa80000, 0x00000000ef180000, 0x0000000100000000)
  eden space 31232K, 100% used [0x00000000eaa80000,0x00000000ec900000,0x00000000ec900000)
  from space 5120K, 99% used [0x00000000ec900000,0x00000000ecdf9208,0x00000000ece00000)
  to   space 5120K, 0% used [0x00000000eec80000,0x00000000eec80000,0x00000000ef180000)
 ParOldGen       total 82944K, used 1071K [0x00000000c0000000, 0x00000000c5100000, 0x00000000eaa80000)
  object space 82944K, 1% used [0x00000000c0000000,0x00000000c010be30,0x00000000c5100000)
 PSPermGen       total 21504K, used 6055K [0x00000000b5a00000, 0x00000000b6f00000, 0x00000000c0000000)
  object space 21504K, 28% used [0x00000000b5a00000,0x00000000b5fe9d60,0x00000000b6f00000)
Event: 8.576 GC heap after
Heap after GC invocations=2 (full 0):
 PSYoungGen      total 67584K, used 5106K [0x00000000eaa80000, 0x00000000ef180000, 0x0000000100000000)
  eden space 62464K, 0% used [0x00000000eaa80000,0x00000000eaa80000,0x00000000ee780000)
  from space 5120K, 99% used [0x00000000eec80000,0x00000000ef17caf0,0x00000000ef180000)
  to   space 5120K, 0% used [0x00000000ee780000,0x00000000ee780000,0x00000000eec80000)
 ParOldGen       total 82944K, used 4855K [0x00000000c0000000, 0x00000000c5100000, 0x00000000eaa80000)
  object space 82944K, 5% used [0x00000000c0000000,0x00000000c04bdd38,0x00000000c5100000)
 PSPermGen       total 21504K, used 6055K [0x00000000b5a00000, 0x00000000b6f00000, 0x00000000c0000000)
  object space 21504K, 28% used [0x00000000b5a00000,0x00000000b5fe9d60,0x00000000b6f00000)
}
Event: 12.826 GC heap before
{Heap before GC invocations=3 (full 0):
 PSYoungGen      total 67584K, used 67543K [0x00000000eaa80000, 0x00000000ef180000, 0x0000000100000000)
  eden space 62464K, 99% used [0x00000000eaa80000,0x00000000ee779398,0x00000000ee780000)
  from space 5120K, 99% used [0x00000000eec80000,0x00000000ef17caf0,0x00000000ef180000)
  to   space 5120K, 0% used [0x00000000ee780000,0x00000000ee780000,0x00000000eec80000)
 ParOldGen       total 82944K, used 4855K [0x00000000c0000000, 0x00000000c5100000, 0x00000000eaa80000)
  object space 82944K, 5% used [0x00000000c0000000,0x00000000c04bdd38,0x00000000c5100000)
 PSPermGen       total 21504K, used 6120K [0x00000000b5a00000, 0x00000000b6f00000, 0x00000000c0000000)
  object space 21504K, 28% used [0x00000000b5a00000,0x00000000b5ffa180,0x00000000b6f00000)
Event: 12.949 GC heap after
Heap after GC invocations=3 (full 0):
 PSYoungGen      total 67584K, used 5117K [0x00000000eaa80000, 0x00000000f2e80000, 0x0000000100000000)
  eden space 62464K, 0% used [0x00000000eaa80000,0x00000000eaa80000,0x00000000ee780000)
  from space 5120K, 99% used [0x00000000ee780000,0x00000000eec7f678,0x00000000eec80000)
  to   space 5120K, 0% used [0x00000000f2980000,0x00000000f2980000,0x00000000f2e80000)
 ParOldGen       total 82944K, used 15179K [0x00000000c0000000, 0x00000000c5100000, 0x00000000eaa80000)
  object space 82944K, 18% used [0x00000000c0000000,0x00000000c0ed2c20,0x00000000c5100000)
 PSPermGen       total 21504K, used 6120K [0x00000000b5a00000, 0x00000000b6f00000, 0x00000000c0000000)
  object space 21504K, 28% used [0x00000000b5a00000,0x00000000b5ffa180,0x00000000b6f00000)
}
Event: 17.721 GC heap before
{Heap before GC invocations=4 (full 0):
 PSYoungGen      total 67584K, used 67581K [0x00000000eaa80000, 0x00000000f2e80000, 0x0000000100000000)
  eden space 62464K, 100% used [0x00000000eaa80000,0x00000000ee780000,0x00000000ee780000)
  from space 5120K, 99% used [0x00000000ee780000,0x00000000eec7f678,0x00000000eec80000)
  to   space 5120K, 0% used [0x00000000f2980000,0x00000000f2980000,0x00000000f2e80000)
 ParOldGen       total 82944K, used 15179K [0x00000000c0000000, 0x00000000c5100000, 0x00000000eaa80000)
  object space 82944K, 18% used [0x00000000c0000000,0x00000000c0ed2c20,0x00000000c5100000)
 PSPermGen       total 21504K, used 6158K [0x00000000b5a00000, 0x00000000b6f00000, 0x00000000c0000000)
  object space 21504K, 28% used [0x00000000b5a00000,0x00000000b60038c0,0x00000000b6f00000)
Event: 17.926 GC heap after
Heap after GC invocations=4 (full 0):
 PSYoungGen      total 130048K, used 5107K [0x00000000eaa80000, 0x00000000f2e80000, 0x0000000100000000)
  eden space 124928K, 0% used [0x00000000eaa80000,0x00000000eaa80000,0x00000000f2480000)
  from space 5120K, 99% used [0x00000000f2980000,0x00000000f2e7ce58,0x00000000f2e80000)
  to   space 5120K, 0% used [0x00000000f2480000,0x00000000f2480000,0x00000000f2980000)
 ParOldGen       total 82944K, used 25073K [0x00000000c0000000, 0x00000000c5100000, 0x00000000eaa80000)
  object space 82944K, 30% used [0x00000000c0000000,0x00000000c187c4e0,0x00000000c5100000)
 PSPermGen       total 21504K, used 6158K [0x00000000b5a00000, 0x00000000b6f00000, 0x00000000c0000000)
  object space 21504K, 28% used [0x00000000b5a00000,0x00000000b60038c0,0x00000000b6f00000)
}
Event: 50.836 GC heap before
{Heap before GC invocations=5 (full 0):
 PSYoungGen      total 130048K, used 130035K [0x00000000eaa80000, 0x00000000f2e80000, 0x0000000100000000)
  eden space 124928K, 100% used [0x00000000eaa80000,0x00000000f2480000,0x00000000f2480000)
  from space 5120K, 99% used [0x00000000f2980000,0x00000000f2e7ce58,0x00000000f2e80000)
  to   space 5120K, 0% used [0x00000000f2480000,0x00000000f2480000,0x00000000f2980000)
 ParOldGen       total 82944K, used 25073K [0x00000000c0000000, 0x00000000c5100000, 0x00000000eaa80000)
  object space 82944K, 30% used [0x00000000c0000000,0x00000000c187c4e0,0x00000000c5100000)
 PSPermGen       total 21504K, used 6226K [0x00000000b5a00000, 0x00000000b6f00000, 0x00000000c0000000)
  object space 21504K, 28% used [0x00000000b5a00000,0x00000000b6014918,0x00000000b6f00000)

Deoptimization events (10 events):
Event: 17.376 Thread 0x00007f296419e800 Uncommon trap: reason=unstable_if action=reinterpret pc=0x00007f2960ad01f4 method=com.android.dx.util.IntList.binarysearch(I)I @ 105
Event: 17.387 Thread 0x00007f296419e800 Uncommon trap: reason=unstable_if action=reinterpret pc=0x00007f2960ad1a74 method=com.android.dx.ssa.SsaBasicBlock.newFromRop(Lcom/android/dx/rop/code/RopMethod;ILcom/android/dx/ssa/SsaMethod;)Lcom/android/dx/ssa/SsaBasicBlock; @ 164
Event: 19.469 Thread 0x00007f296419e800 Uncommon trap: reason=bimorphic action=maybe_recompile pc=0x00007f2960b2b940 method=com.android.dx.cf.code.BytecodeArray.parseInstruction(ILcom/android/dx/cf/code/BytecodeArray$Visitor;)I @ 1501
Event: 19.523 Thread 0x00007f296419e800 Uncommon trap: reason=bimorphic action=maybe_recompile pc=0x00007f2960b2b940 method=com.android.dx.cf.code.BytecodeArray.parseInstruction(ILcom/android/dx/cf/code/BytecodeArray$Visitor;)I @ 1501
Event: 19.753 Thread 0x00007f296419c800 Uncommon trap: reason=bimorphic action=maybe_recompile pc=0x00007f2960b2c6bc method=com.android.dx.cf.code.BytecodeArray.parseInstruction(ILcom/android/dx/cf/code/BytecodeArray$Visitor;)I @ 1287
Event: 19.753 Thread 0x00007f296419c800 Uncommon trap: reason=bimorphic action=maybe_recompile pc=0x00007f2960b2c6bc method=com.android.dx.cf.code.BytecodeArray.parseInstruction(ILcom/android/dx/cf/code/BytecodeArray$Visitor;)I @ 1287
Event: 21.546 Thread 0x00007f296419c800 Uncommon trap: reason=null_check action=make_not_entrant pc=0x00007f2960b4d568 method=com.android.dx.cf.code.Ropper$CatchInfo.getSetup(Lcom/android/dx/rop/type/Type;)Lcom/android/dx/cf/code/Ropper$ExceptionHandlerSetup; @ 10
Event: 22.869 Thread 0x00007f296419a800 Uncommon trap: reason=unstable_if action=reinterpret pc=0x00007f2960a66f74 method=com.android.dx.util.IntList.binarysearch(I)I @ 105
Event: 22.913 Thread 0x00007f296419a800 Uncommon trap: reason=unstable_if action=reinterpret pc=0x00007f2960afc07c method=com.android.dx.ssa.SCCP.simulateStmt(Lcom/android/dx/ssa/SsaInsn;)V @ 59
Event: 23.869 Thread 0x00007f296419e800 Uncommon trap: reason=unstable_if action=reinterpret pc=0x00007f2960b6491c method=java.util.BitSet.ensureCapacity(I)V @ 6

Internal exceptions (10 events):
Event: 6.325 Thread 0x00007f296419c800 Threw 0x00000000eb158348 at /build/openjdk-7-UoaBYD/openjdk-7-7u95-2.6.4/build/openjdk/hotspot/src/share/vm/prims/jvm.cpp:1322
Event: 6.355 Thread 0x00007f296400a000 Threw 0x00000000eb2ded50 at /build/openjdk-7-UoaBYD/openjdk-7-7u95-2.6.4/build/openjdk/hotspot/src/share/vm/prims/jvm.cpp:1322
Event: 10.047 Thread 0x00007f296419e800 Implicit null exception at 0x00007f2960a7f29b to 0x00007f2960a809c9
Event: 10.799 Thread 0x00007f296400a000 Threw 0x00000000ec797bb0 at /build/openjdk-7-UoaBYD/openjdk-7-7u95-2.6.4/build/openjdk/hotspot/src/share/vm/prims/jvm.cpp:1322
Event: 11.463 Thread 0x00007f296419a800 Implicit null exception at 0x00007f2960a6b2d2 to 0x00007f2960a6b3c3
Event: 11.705 Thread 0x00007f296419e800 Threw 0x00000000ed5dce78 at /build/openjdk-7-UoaBYD/openjdk-7-7u95-2.6.4/build/openjdk/hotspot/src/share/vm/prims/jvm.cpp:1322
Event: 15.251 Thread 0x00007f296400a000 Threw 0x00000000ec8fd140 at /build/openjdk-7-UoaBYD/openjdk-7-7u95-2.6.4/build/openjdk/hotspot/src/share/vm/prims/jvm.cpp:1322
Event: 16.594 Thread 0x00007f296419a800 Threw 0x00000000ed86a1e8 at /build/openjdk-7-UoaBYD/openjdk-7-7u95-2.6.4/build/openjdk/hotspot/src/share/vm/prims/jvm.cpp:1322
Event: 16.850 Thread 0x00007f2964197800 Implicit null exception at 0x00007f2960a88616 to 0x00007f2960a8900d
Event: 21.546 Thread 0x00007f296419c800 Implicit null exception at 0x00007f2960b49a21 to 0x00007f2960b4d53d

Events (10 events):
Event: 22.869 Thread 0x00007f296419a800 DEOPT PACKING pc=0x00007f2960a66f74 sp=0x00007f2955d53210
Event: 22.869 Thread 0x00007f296419a800 DEOPT UNPACKING pc=0x00007f2960a17045 sp=0x00007f2955d531b8 mode 2
Event: 22.913 Thread 0x00007f296419a800 Uncommon trap: trap_request=0xffffff75 fr.pc=0x00007f2960afc07c
Event: 22.913 Thread 0x00007f296419a800 DEOPT PACKING pc=0x00007f2960afc07c sp=0x00007f2955d53220
Event: 22.913 Thread 0x00007f296419a800 DEOPT UNPACKING pc=0x00007f2960a17045 sp=0x00007f2955d531b8 mode 2
Event: 23.869 Thread 0x00007f296419e800 Uncommon trap: trap_request=0xffffff75 fr.pc=0x00007f2960b6491c
Event: 23.869 Thread 0x00007f296419e800 DEOPT PACKING pc=0x00007f2960b6491c sp=0x00007f2955b51200
Event: 23.869 Thread 0x00007f296419e800 DEOPT UNPACKING pc=0x00007f2960a17045 sp=0x00007f2955b51010 mode 2
Event: 25.141 Thread 0x00007f29640ab800 flushing nmethod 0x00007f2960aa8750
Event: 50.836 Executing VM operation: ParallelGCFailedAllocation


Dynamic libraries:
00400000-00401000 r-xp 00000000 08:06 1065180                            /usr/lib/jvm/java-7-openjdk-amd64/jre/bin/java
00600000-00601000 r--p 00000000 08:06 1065180                            /usr/lib/jvm/java-7-openjdk-amd64/jre/bin/java
00601000-00602000 rw-p 00001000 08:06 1065180                            /usr/lib/jvm/java-7-openjdk-amd64/jre/bin/java
00dd2000-00df3000 rw-p 00000000 00:00 0                                  [heap]
b5a00000-b6f00000 rw-p 00000000 00:00 0 
b6f00000-c0000000 rw-p 00000000 00:00 0 
c0000000-c5100000 rw-p 00000000 00:00 0 
c5100000-eaa80000 rw-p 00000000 00:00 0 
eaa80000-f2e80000 rw-p 00000000 00:00 0 
fd280000-100000000 rw-p 00000000 00:00 0 
7f2910000000-7f2910035000 rw-p 00000000 00:00 0 
7f2910035000-7f2914000000 ---p 00000000 00:00 0 
7f2914000000-7f2914021000 rw-p 00000000 00:00 0 
7f2914021000-7f2918000000 ---p 00000000 00:00 0 
7f2918000000-7f2918021000 rw-p 00000000 00:00 0 
7f2918021000-7f291c000000 ---p 00000000 00:00 0 
7f291c000000-7f291c02c000 rw-p 00000000 00:00 0 
7f291c02c000-7f2920000000 ---p 00000000 00:00 0 
7f2920000000-7f2920021000 rw-p 00000000 00:00 0 
7f2920021000-7f2924000000 ---p 00000000 00:00 0 
7f2924000000-7f292402e000 rw-p 00000000 00:00 0 
7f292402e000-7f2928000000 ---p 00000000 00:00 0 
7f2928000000-7f2929297000 rw-p 00000000 00:00 0 
7f2929297000-7f292c000000 ---p 00000000 00:00 0 
7f292c000000-7f292c021000 rw-p 00000000 00:00 0 
7f292c021000-7f2930000000 ---p 00000000 00:00 0 
7f2930000000-7f2930021000 rw-p 00000000 00:00 0 
7f2930021000-7f2934000000 ---p 00000000 00:00 0 
7f2934000000-7f29352bc000 rw-p 00000000 00:00 0 
7f29352bc000-7f2938000000 ---p 00000000 00:00 0 
7f2938000000-7f2938021000 rw-p 00000000 00:00 0 
7f2938021000-7f293c000000 ---p 00000000 00:00 0 
7f293c000000-7f293c021000 rw-p 00000000 00:00 0 
7f293c021000-7f2940000000 ---p 00000000 00:00 0 
7f2940000000-7f2940021000 rw-p 00000000 00:00 0 
7f2940021000-7f2944000000 ---p 00000000 00:00 0 
7f2944000000-7f2944021000 rw-p 00000000 00:00 0 
7f2944021000-7f2948000000 ---p 00000000 00:00 0 
7f2948000000-7f2948021000 rw-p 00000000 00:00 0 
7f2948021000-7f294c000000 ---p 00000000 00:00 0 
7f2950000000-7f2950021000 rw-p 00000000 00:00 0 
7f2950021000-7f2954000000 ---p 00000000 00:00 0 
7f2955a52000-7f2955a55000 ---p 00000000 00:00 0 
7f2955a55000-7f2955b53000 rw-p 00000000 00:00 0                          [stack:10225]
7f2955b53000-7f2955b56000 ---p 00000000 00:00 0 
7f2955b56000-7f2955c54000 rw-p 00000000 00:00 0                          [stack:10224]
7f2955c54000-7f2955c57000 ---p 00000000 00:00 0 
7f2955c57000-7f2955d55000 rw-p 00000000 00:00 0                          [stack:10223]
7f2955d55000-7f2955d58000 ---p 00000000 00:00 0 
7f2955d58000-7f2958386000 rw-p 00000000 00:00 0                          [stack:10222]
7f295838c000-7f295838f000 ---p 00000000 00:00 0 
7f295838f000-7f295878e000 rw-p 00000000 00:00 0                          [stack:10221]
7f295878e000-7f29587fa000 r-xp 00000000 08:06 4484047                    /lib/x86_64-linux-gnu/libpcre.so.3.13.1
7f29587fa000-7f29589fa000 ---p 0006c000 08:06 4484047                    /lib/x86_64-linux-gnu/libpcre.so.3.13.1
7f29589fa000-7f29589fb000 r--p 0006c000 08:06 4484047                    /lib/x86_64-linux-gnu/libpcre.so.3.13.1
7f29589fb000-7f29589fc000 rw-p 0006d000 08:06 4484047                    /lib/x86_64-linux-gnu/libpcre.so.3.13.1
7f29589fc000-7f2958a03000 r-xp 00000000 08:06 535049                     /usr/lib/x86_64-linux-gnu/libffi.so.6.0.4
7f2958a03000-7f2958c02000 ---p 00007000 08:06 535049                     /usr/lib/x86_64-linux-gnu/libffi.so.6.0.4
7f2958c02000-7f2958c03000 r--p 00006000 08:06 535049                     /usr/lib/x86_64-linux-gnu/libffi.so.6.0.4
7f2958c03000-7f2958c04000 rw-p 00007000 08:06 535049                     /usr/lib/x86_64-linux-gnu/libffi.so.6.0.4
7f2958c04000-7f2958c1b000 r-xp 00000000 08:06 4473596                    /lib/x86_64-linux-gnu/libresolv-2.21.so
7f2958c1b000-7f2958e1b000 ---p 00017000 08:06 4473596                    /lib/x86_64-linux-gnu/libresolv-2.21.so
7f2958e1b000-7f2958e1c000 r--p 00017000 08:06 4473596                    /lib/x86_64-linux-gnu/libresolv-2.21.so
7f2958e1c000-7f2958e1d000 rw-p 00018000 08:06 4473596                    /lib/x86_64-linux-gnu/libresolv-2.21.so
7f2958e1d000-7f2958e1f000 rw-p 00000000 00:00 0 
7f2958e1f000-7f2958e40000 r-xp 00000000 08:06 4469960                    /lib/x86_64-linux-gnu/libselinux.so.1
7f2958e40000-7f295903f000 ---p 00021000 08:06 4469960                    /lib/x86_64-linux-gnu/libselinux.so.1
7f295903f000-7f2959040000 r--p 00020000 08:06 4469960                    /lib/x86_64-linux-gnu/libselinux.so.1
7f2959040000-7f2959041000 rw-p 00021000 08:06 4469960                    /lib/x86_64-linux-gnu/libselinux.so.1
7f2959041000-7f2959043000 rw-p 00000000 00:00 0 
7f2959043000-7f2959046000 r-xp 00000000 08:06 525735                     /usr/lib/x86_64-linux-gnu/libgmodule-2.0.so.0.4600.2
7f2959046000-7f2959245000 ---p 00003000 08:06 525735                     /usr/lib/x86_64-linux-gnu/libgmodule-2.0.so.0.4600.2
7f2959245000-7f2959246000 r--p 00002000 08:06 525735                     /usr/lib/x86_64-linux-gnu/libgmodule-2.0.so.0.4600.2
7f2959246000-7f2959247000 rw-p 00003000 08:06 525735                     /usr/lib/x86_64-linux-gnu/libgmodule-2.0.so.0.4600.2
7f2959247000-7f2959354000 r-xp 00000000 08:06 4472394                    /lib/x86_64-linux-gnu/libglib-2.0.so.0.4600.2
7f2959354000-7f2959553000 ---p 0010d000 08:06 4472394                    /lib/x86_64-linux-gnu/libglib-2.0.so.0.4600.2
7f2959553000-7f2959554000 r--p 0010c000 08:06 4472394                    /lib/x86_64-linux-gnu/libglib-2.0.so.0.4600.2
7f2959554000-7f2959555000 rw-p 0010d000 08:06 4472394                    /lib/x86_64-linux-gnu/libglib-2.0.so.0.4600.2
7f2959555000-7f2959556000 rw-p 00000000 00:00 0 
7f2959556000-7f29595a8000 r-xp 00000000 08:06 525738                     /usr/lib/x86_64-linux-gnu/libgobject-2.0.so.0.4600.2
7f29595a8000-7f29597a7000 ---p 00052000 08:06 525738                     /usr/lib/x86_64-linux-gnu/libgobject-2.0.so.0.4600.2
7f29597a7000-7f29597a8000 r--p 00051000 08:06 525738                     /usr/lib/x86_64-linux-gnu/libgobject-2.0.so.0.4600.2
7f29597a8000-7f29597a9000 rw-p 00052000 08:06 525738                     /usr/lib/x86_64-linux-gnu/libgobject-2.0.so.0.4600.2
7f29597a9000-7f2959923000 r-xp 00000000 08:06 525717                     /usr/lib/x86_64-linux-gnu/libgio-2.0.so.0.4600.2
7f2959923000-7f2959b22000 ---p 0017a000 08:06 525717                     /usr/lib/x86_64-linux-gnu/libgio-2.0.so.0.4600.2
7f2959b22000-7f2959b26000 r--p 00179000 08:06 525717                     /usr/lib/x86_64-linux-gnu/libgio-2.0.so.0.4600.2
7f2959b26000-7f2959b28000 rw-p 0017d000 08:06 525717                     /usr/lib/x86_64-linux-gnu/libgio-2.0.so.0.4600.2
7f2959b28000-7f2959b2a000 rw-p 00000000 00:00 0 
7f2959b47000-7f2959b5e000 r-xp 00000000 08:06 1065268                    /usr/lib/jvm/java-7-openjdk-amd64/jre/lib/amd64/libnet.so
7f2959b5e000-7f2959d5e000 ---p 00017000 08:06 1065268                    /usr/lib/jvm/java-7-openjdk-amd64/jre/lib/amd64/libnet.so
7f2959d5e000-7f2959d5f000 r--p 00017000 08:06 1065268                    /usr/lib/jvm/java-7-openjdk-amd64/jre/lib/amd64/libnet.so
7f2959d5f000-7f2959d60000 rw-p 00018000 08:06 1065268                    /usr/lib/jvm/java-7-openjdk-amd64/jre/lib/amd64/libnet.so
7f2959d60000-7f2959d71000 r-xp 00000000 08:06 1065289                    /usr/lib/jvm/java-7-openjdk-amd64/jre/lib/amd64/libnio.so
7f2959d71000-7f2959f70000 ---p 00011000 08:06 1065289                    /usr/lib/jvm/java-7-openjdk-amd64/jre/lib/amd64/libnio.so
7f2959f70000-7f2959f71000 r--p 00010000 08:06 1065289                    /usr/lib/jvm/java-7-openjdk-amd64/jre/lib/amd64/libnio.so
7f2959f71000-7f2959f72000 rw-p 00011000 08:06 1065289                    /usr/lib/jvm/java-7-openjdk-amd64/jre/lib/amd64/libnio.so
7f2959f72000-7f2959f88000 r--s 000f1000 08:06 2914797                    /home/prajit/AndroidStudioProjects/QMS/app/build/intermediates/exploded-aar/com.android.support/support-v4/23.3.0/jars/classes.jar
7f2959f88000-7f2959f89000 ---p 00000000 00:00 0 
7f2959f89000-7f295a089000 rw-p 00000000 00:00 0                          [stack:10220]
7f295a089000-7f295a08c000 ---p 00000000 00:00 0 
7f295a08c000-7f295a18a000 rw-p 00000000 00:00 0                          [stack:10219]
7f295a18a000-7f295a18d000 ---p 00000000 00:00 0 
7f295a18d000-7f295a28b000 rw-p 00000000 00:00 0                          [stack:10218]
7f295a28b000-7f295a28e000 ---p 00000000 00:00 0 
7f295a28e000-7f295a38c000 rw-p 00000000 00:00 0                          [stack:10217]
7f295a38c000-7f295a38f000 ---p 00000000 00:00 0 
7f295a38f000-7f295a48d000 rw-p 00000000 00:00 0                          [stack:10216]
7f295a48d000-7f295ab70000 r--p 00000000 08:06 533298                     /usr/lib/locale/locale-archive
7f295ab70000-7f295ab73000 ---p 00000000 00:00 0 
7f295ab73000-7f295ac71000 rw-p 00000000 00:00 0                          [stack:10215]
7f295ac71000-7f295ac74000 ---p 00000000 00:00 0 
7f295ac74000-7f295ad72000 rw-p 00000000 00:00 0                          [stack:10214]
7f295ad72000-7f295ad73000 ---p 00000000 00:00 0 
7f295ad73000-7f295be4f000 rw-p 00000000 00:00 0                          [stack:10213]
7f295be4f000-7f295c000000 r--s 01d30000 08:06 1065308                    /usr/lib/jvm/java-7-openjdk-amd64/jre/lib/rt.jar
7f295c000000-7f295c021000 rw-p 00000000 00:00 0 
7f295c021000-7f2960000000 ---p 00000000 00:00 0 
7f2960006000-7f2960015000 r--s 000df000 08:06 2908841                    /home/prajit/Android/Sdk/build-tools/23.0.1/lib/dx.jar
7f2960015000-7f2960019000 r--s 00034000 08:06 1065320                    /usr/lib/jvm/java-7-openjdk-amd64/jre/lib/ext/sunjce_provider.jar
7f2960019000-7f2960386000 rw-p 00000000 00:00 0 
7f2960386000-7f2960387000 ---p 00000000 00:00 0 
7f2960387000-7f2960487000 rw-p 00000000 00:00 0                          [stack:10212]
7f2960487000-7f2960488000 ---p 00000000 00:00 0 
7f2960488000-7f2960588000 rw-p 00000000 00:00 0                          [stack:10211]
7f2960588000-7f2960589000 ---p 00000000 00:00 0 
7f2960589000-7f2960689000 rw-p 00000000 00:00 0                          [stack:10210]
7f2960689000-7f296068a000 ---p 00000000 00:00 0 
7f296068a000-7f2960795000 rw-p 00000000 00:00 0                          [stack:10209]
7f2960795000-7f29607dd000 rw-p 00000000 00:00 0 
7f29607dd000-7f2960806000 rw-p 00000000 00:00 0 
7f2960806000-7f2960932000 rw-p 00000000 00:00 0 
7f2960932000-7f2960975000 rw-p 00000000 00:00 0 
7f2960975000-7f29609dd000 rw-p 00000000 00:00 0 
7f29609dd000-7f29609de000 rw-p 00000000 00:00 0 
7f29609de000-7f2960c4e000 rwxp 00000000 00:00 0 
7f2960c4e000-7f29639de000 rw-p 00000000 00:00 0 
7f29639de000-7f29639e6000 r-xp 00000000 08:06 1065273                    /usr/lib/jvm/java-7-openjdk-amd64/jre/lib/amd64/libzip.so
7f29639e6000-7f2963be5000 ---p 00008000 08:06 1065273                    /usr/lib/jvm/java-7-openjdk-amd64/jre/lib/amd64/libzip.so
7f2963be5000-7f2963be6000 r--p 00007000 08:06 1065273                    /usr/lib/jvm/java-7-openjdk-amd64/jre/lib/amd64/libzip.so
7f2963be6000-7f2963be7000 rw-p 00008000 08:06 1065273                    /usr/lib/jvm/java-7-openjdk-amd64/jre/lib/amd64/libzip.so
7f2963be7000-7f2963bf3000 r-xp 00000000 08:06 4473139                    /lib/x86_64-linux-gnu/libnss_files-2.21.so
7f2963bf3000-7f2963df2000 ---p 0000c000 08:06 4473139                    /lib/x86_64-linux-gnu/libnss_files-2.21.so
7f2963df2000-7f2963df3000 r--p 0000b000 08:06 4473139                    /lib/x86_64-linux-gnu/libnss_files-2.21.so
7f2963df3000-7f2963df4000 rw-p 0000c000 08:06 4473139                    /lib/x86_64-linux-gnu/libnss_files-2.21.so
7f2963df4000-7f2963dff000 r-xp 00000000 08:06 4473191                    /lib/x86_64-linux-gnu/libnss_nis-2.21.so
7f2963dff000-7f2963ffe000 ---p 0000b000 08:06 4473191                    /lib/x86_64-linux-gnu/libnss_nis-2.21.so
7f2963ffe000-7f2963fff000 r--p 0000a000 08:06 4473191                    /lib/x86_64-linux-gnu/libnss_nis-2.21.so
7f2963fff000-7f2964000000 rw-p 0000b000 08:06 4473191                    /lib/x86_64-linux-gnu/libnss_nis-2.21.so
7f2964000000-7f29641d3000 rw-p 00000000 00:00 0 
7f29641d3000-7f2968000000 ---p 00000000 00:00 0 
7f2968002000-7f296800d000 rw-p 00000000 00:00 0 
7f296800d000-7f2968055000 rw-p 00000000 00:00 0 
7f2968055000-7f296807e000 rw-p 00000000 00:00 0 
7f296807e000-7f29681ab000 rw-p 00000000 00:00 0 
7f29681ab000-7f29681c2000 r-xp 00000000 08:06 4473170                    /lib/x86_64-linux-gnu/libnsl-2.21.so
7f29681c2000-7f29683c1000 ---p 00017000 08:06 4473170                    /lib/x86_64-linux-gnu/libnsl-2.21.so
7f29683c1000-7f29683c2000 r--p 00016000 08:06 4473170                    /lib/x86_64-linux-gnu/libnsl-2.21.so
7f29683c2000-7f29683c3000 rw-p 00017000 08:06 4473170                    /lib/x86_64-linux-gnu/libnsl-2.21.so
7f29683c3000-7f29683c5000 rw-p 00000000 00:00 0 
7f29683c5000-7f29683cd000 r-xp 00000000 08:06 4473140                    /lib/x86_64-linux-gnu/libnss_compat-2.21.so
7f29683cd000-7f29685cc000 ---p 00008000 08:06 4473140                    /lib/x86_64-linux-gnu/libnss_compat-2.21.so
7f29685cc000-7f29685cd000 r--p 00007000 08:06 4473140                    /lib/x86_64-linux-gnu/libnss_compat-2.21.so
7f29685cd000-7f29685ce000 rw-p 00008000 08:06 4473140                    /lib/x86_64-linux-gnu/libnss_compat-2.21.so
7f29685ce000-7f29685fa000 r-xp 00000000 08:06 1065258                    /usr/lib/jvm/java-7-openjdk-amd64/jre/lib/amd64/libjava.so
7f29685fa000-7f29687f9000 ---p 0002c000 08:06 1065258                    /usr/lib/jvm/java-7-openjdk-amd64/jre/lib/amd64/libjava.so
7f29687f9000-7f29687fa000 r--p 0002b000 08:06 1065258                    /usr/lib/jvm/java-7-openjdk-amd64/jre/lib/amd64/libjava.so
7f29687fa000-7f29687fc000 rw-p 0002c000 08:06 1065258                    /usr/lib/jvm/java-7-openjdk-amd64/jre/lib/amd64/libjava.so
7f29687fc000-7f296880b000 r-xp 00000000 08:06 1065260                    /usr/lib/jvm/java-7-openjdk-amd64/jre/lib/amd64/libverify.so
7f296880b000-7f2968a0a000 ---p 0000f000 08:06 1065260                    /usr/lib/jvm/java-7-openjdk-amd64/jre/lib/amd64/libverify.so
7f2968a0a000-7f2968a0c000 r--p 0000e000 08:06 1065260                    /usr/lib/jvm/java-7-openjdk-amd64/jre/lib/amd64/libverify.so
7f2968a0c000-7f2968a0d000 rw-p 00010000 08:06 1065260                    /usr/lib/jvm/java-7-openjdk-amd64/jre/lib/amd64/libverify.so
7f2968a0d000-7f2968a14000 r-xp 00000000 08:06 4473137                    /lib/x86_64-linux-gnu/librt-2.21.so
7f2968a14000-7f2968c13000 ---p 00007000 08:06 4473137                    /lib/x86_64-linux-gnu/librt-2.21.so
7f2968c13000-7f2968c14000 r--p 00006000 08:06 4473137                    /lib/x86_64-linux-gnu/librt-2.21.so
7f2968c14000-7f2968c15000 rw-p 00007000 08:06 4473137                    /lib/x86_64-linux-gnu/librt-2.21.so
7f2968c15000-7f2968c2b000 r-xp 00000000 08:06 4469845                    /lib/x86_64-linux-gnu/libgcc_s.so.1
7f2968c2b000-7f2968e2a000 ---p 00016000 08:06 4469845                    /lib/x86_64-linux-gnu/libgcc_s.so.1
7f2968e2a000-7f2968e2b000 r--p 00015000 08:06 4469845                    /lib/x86_64-linux-gnu/libgcc_s.so.1
7f2968e2b000-7f2968e2c000 rw-p 00016000 08:06 4469845                    /lib/x86_64-linux-gnu/libgcc_s.so.1
7f2968e2c000-7f2968f33000 r-xp 00000000 08:06 4473194                    /lib/x86_64-linux-gnu/libm-2.21.so
7f2968f33000-7f2969132000 ---p 00107000 08:06 4473194                    /lib/x86_64-linux-gnu/libm-2.21.so
7f2969132000-7f2969133000 r--p 00106000 08:06 4473194                    /lib/x86_64-linux-gnu/libm-2.21.so
7f2969133000-7f2969134000 rw-p 00107000 08:06 4473194                    /lib/x86_64-linux-gnu/libm-2.21.so
7f2969134000-7f29692a7000 r-xp 00000000 08:06 535706                     /usr/lib/x86_64-linux-gnu/libstdc++.so.6.0.21
7f29692a7000-7f29694a6000 ---p 00173000 08:06 535706                     /usr/lib/x86_64-linux-gnu/libstdc++.so.6.0.21
7f29694a6000-7f29694b0000 r--p 00172000 08:06 535706                     /usr/lib/x86_64-linux-gnu/libstdc++.so.6.0.21
7f29694b0000-7f29694b2000 rw-p 0017c000 08:06 535706                     /usr/lib/x86_64-linux-gnu/libstdc++.so.6.0.21
7f29694b2000-7f29694b6000 rw-p 00000000 00:00 0 
7f29694b6000-7f296a007000 r-xp 00000000 08:06 1065271                    /usr/lib/jvm/java-7-openjdk-amd64/jre/lib/amd64/server/libjvm.so
7f296a007000-7f296a206000 ---p 00b51000 08:06 1065271                    /usr/lib/jvm/java-7-openjdk-amd64/jre/lib/amd64/server/libjvm.so
7f296a206000-7f296a297000 r--p 00b50000 08:06 1065271                    /usr/lib/jvm/java-7-openjdk-amd64/jre/lib/amd64/server/libjvm.so
7f296a297000-7f296a2ba000 rw-p 00be1000 08:06 1065271                    /usr/lib/jvm/java-7-openjdk-amd64/jre/lib/amd64/server/libjvm.so
7f296a2ba000-7f296a2e5000 rw-p 00000000 00:00 0 
7f296a2e5000-7f296a2fe000 r-xp 00000000 08:06 4469991                    /lib/x86_64-linux-gnu/libz.so.1.2.8
7f296a2fe000-7f296a4fd000 ---p 00019000 08:06 4469991                    /lib/x86_64-linux-gnu/libz.so.1.2.8
7f296a4fd000-7f296a4fe000 r--p 00018000 08:06 4469991                    /lib/x86_64-linux-gnu/libz.so.1.2.8
7f296a4fe000-7f296a4ff000 rw-p 00019000 08:06 4469991                    /lib/x86_64-linux-gnu/libz.so.1.2.8
7f296a4ff000-7f296a517000 r-xp 00000000 08:06 4473138                    /lib/x86_64-linux-gnu/libpthread-2.21.so
7f296a517000-7f296a717000 ---p 00018000 08:06 4473138                    /lib/x86_64-linux-gnu/libpthread-2.21.so
7f296a717000-7f296a718000 r--p 00018000 08:06 4473138                    /lib/x86_64-linux-gnu/libpthread-2.21.so
7f296a718000-7f296a719000 rw-p 00019000 08:06 4473138                    /lib/x86_64-linux-gnu/libpthread-2.21.so
7f296a719000-7f296a71d000 rw-p 00000000 00:00 0 
7f296a71d000-7f296a720000 r-xp 00000000 08:06 4473190                    /lib/x86_64-linux-gnu/libdl-2.21.so
7f296a720000-7f296a91f000 ---p 00003000 08:06 4473190                    /lib/x86_64-linux-gnu/libdl-2.21.so
7f296a91f000-7f296a920000 r--p 00002000 08:06 4473190                    /lib/x86_64-linux-gnu/libdl-2.21.so
7f296a920000-7f296a921000 rw-p 00003000 08:06 4473190                    /lib/x86_64-linux-gnu/libdl-2.21.so
7f296a921000-7f296aae1000 r-xp 00000000 08:06 4473593                    /lib/x86_64-linux-gnu/libc-2.21.so
7f296aae1000-7f296ace1000 ---p 001c0000 08:06 4473593                    /lib/x86_64-linux-gnu/libc-2.21.so
7f296ace1000-7f296ace5000 r--p 001c0000 08:06 4473593                    /lib/x86_64-linux-gnu/libc-2.21.so
7f296ace5000-7f296ace7000 rw-p 001c4000 08:06 4473593                    /lib/x86_64-linux-gnu/libc-2.21.so
7f296ace7000-7f296aceb000 rw-p 00000000 00:00 0 
7f296aceb000-7f296acf8000 r-xp 00000000 08:06 1065286                    /usr/lib/jvm/java-7-openjdk-amd64/jre/lib/amd64/jli/libjli.so
7f296acf8000-7f296aef7000 ---p 0000d000 08:06 1065286                    /usr/lib/jvm/java-7-openjdk-amd64/jre/lib/amd64/jli/libjli.so
7f296aef7000-7f296aef8000 r--p 0000c000 08:06 1065286                    /usr/lib/jvm/java-7-openjdk-amd64/jre/lib/amd64/jli/libjli.so
7f296aef8000-7f296aef9000 rw-p 0000d000 08:06 1065286                    /usr/lib/jvm/java-7-openjdk-amd64/jre/lib/amd64/jli/libjli.so
7f296aef9000-7f296af1d000 r-xp 00000000 08:06 4473183                    /lib/x86_64-linux-gnu/ld-2.21.so
7f296af1f000-7f296af41000 rw-p 00000000 00:00 0 
7f296af41000-7f296aff7000 rw-p 00000000 00:00 0 
7f296aff7000-7f296affa000 ---p 00000000 00:00 0 
7f296affa000-7f296b0fd000 rw-p 00000000 00:00 0                          [stack:10208]
7f296b0ff000-7f296b100000 rw-p 00000000 00:00 0 
7f296b100000-7f296b101000 r--s 00002000 08:06 1065318                    /usr/lib/jvm/java-7-openjdk-amd64/jre/lib/ext/dnsns.jar
7f296b101000-7f296b103000 r--s 00007000 08:06 1065162                    /usr/share/java/java-atk-wrapper.jar
7f296b103000-7f296b106000 r--s 0000f000 08:06 1065321                    /usr/lib/jvm/java-7-openjdk-amd64/jre/lib/ext/icedtea-sound.jar
7f296b106000-7f296b10a000 r--s 0003c000 08:06 1065323                    /usr/lib/jvm/java-7-openjdk-amd64/jre/lib/ext/sunpkcs11.jar
7f296b10a000-7f296b10c000 r--s 00012000 08:06 1065319                    /usr/lib/jvm/java-7-openjdk-amd64/jre/lib/ext/zipfs.jar
7f296b10c000-7f296b110000 r--s 00085000 08:06 1065322                    /usr/lib/jvm/java-7-openjdk-amd64/jre/lib/ext/localedata.jar
7f296b110000-7f296b118000 rw-s 00000000 08:06 4727996                    /tmp/hsperfdata_prajit/10202
7f296b118000-7f296b119000 rw-p 00000000 00:00 0 
7f296b119000-7f296b11a000 ---p 00000000 00:00 0 
7f296b11a000-7f296b11c000 rw-p 00000000 00:00 0 
7f296b11c000-7f296b11d000 r--p 00023000 08:06 4473183                    /lib/x86_64-linux-gnu/ld-2.21.so
7f296b11d000-7f296b11e000 rw-p 00024000 08:06 4473183                    /lib/x86_64-linux-gnu/ld-2.21.so
7f296b11e000-7f296b11f000 rw-p 00000000 00:00 0 
7fffae895000-7fffae8b6000 rw-p 00000000 00:00 0                          [stack]
7fffae9e7000-7fffae9e9000 r--p 00000000 00:00 0                          [vvar]
7fffae9e9000-7fffae9eb000 r-xp 00000000 00:00 0                          [vdso]
ffffffffff600000-ffffffffff601000 r-xp 00000000 00:00 0                  [vsyscall]

VM Arguments:
jvm_args: -Xmx1024M -Dfile.encoding=UTF-8 -Duser.country=US -Duser.language=en -Duser.variant 
java_command: com.android.dx.command.Main --dex --num-threads=4 --output /home/prajit/AndroidStudioProjects/QMS/app/build/intermediates/pre-dexed/debug/classes-617bf8a182a3d061b5f894c7c176c163719ead16.jar /home/prajit/AndroidStudioProjects/QMS/app/build/intermediates/exploded-aar/com.android.support/support-v4/23.3.0/jars/classes.jar
Launcher Type: SUN_STANDARD

Environment Variables:
PATH=/usr/local/sbin:/usr/local/bin:/usr/sbin:/usr/bin:/sbin:/bin:/usr/games:/usr/local/games
LD_LIBRARY_PATH=/home/prajit/android-studio/bin:
SHELL=/bin/bash
DISPLAY=:0

Signal Handlers:
SIGSEGV: [libjvm.so+0x995450], sa_mask[0]=0x7ffbfeff, sa_flags=0x10000004
SIGBUS: [libjvm.so+0x995450], sa_mask[0]=0x7ffbfeff, sa_flags=0x10000004
SIGFPE: [libjvm.so+0x7fc6a0], sa_mask[0]=0x7ffbfeff, sa_flags=0x10000004
SIGPIPE: [libjvm.so+0x7fc6a0], sa_mask[0]=0x7ffbfeff, sa_flags=0x10000004
SIGXFSZ: [libjvm.so+0x7fc6a0], sa_mask[0]=0x7ffbfeff, sa_flags=0x10000004
SIGILL: [libjvm.so+0x7fc6a0], sa_mask[0]=0x7ffbfeff, sa_flags=0x10000004
SIGUSR1: SIG_DFL, sa_mask[0]=0x00000000, sa_flags=0x00000000
SIGUSR2: [libjvm.so+0x7fc520], sa_mask[0]=0x00000004, sa_flags=0x10000004
SIGHUP: [libjvm.so+0x7fc6b0], sa_mask[0]=0x7ffbfeff, sa_flags=0x10000004
SIGINT: [libjvm.so+0x7fc6b0], sa_mask[0]=0x7ffbfeff, sa_flags=0x10000004
SIGTERM: [libjvm.so+0x7fc6b0], sa_mask[0]=0x7ffbfeff, sa_flags=0x10000004
SIGQUIT: [libjvm.so+0x7fc6b0], sa_mask[0]=0x7ffbfeff, sa_flags=0x10000004
SIGTRAP: SIG_DFL, sa_mask[0]=0x00000000, sa_flags=0x00000000


---------------  S Y S T E M  ---------------

OS:Ubuntu 15.10 (wily)
uname:Linux 4.2.0-34-generic #39-Ubuntu SMP Thu Mar 10 22:13:01 UTC 2016 x86_64
libc:glibc 2.21 NPTL 2.21 
rlimit: STACK 8192k, CORE 0k, NPROC 30985, NOFILE 65536, AS infinity
load average:41.41 15.88 8.01

/proc/meminfo:
MemTotal:        7966900 kB
MemFree:           51936 kB
MemAvailable:     130428 kB
Buffers:             716 kB
Cached:           833228 kB
SwapCached:            0 kB
Active:          6879916 kB
Inactive:         778968 kB
Active(anon):    6861048 kB
Inactive(anon):   764448 kB
Active(file):      18868 kB
Inactive(file):    14520 kB
Unevictable:          48 kB
Mlocked:              48 kB
SwapTotal:             0 kB
SwapFree:              0 kB
Dirty:              2916 kB
Writeback:             0 kB
AnonPages:       6825152 kB
Mapped:           136292 kB
Shmem:            800392 kB
Slab:             130112 kB
SReclaimable:      87140 kB
SUnreclaim:        42972 kB
KernelStack:       15504 kB
PageTables:        67772 kB
NFS_Unstable:          0 kB
Bounce:                0 kB
WritebackTmp:          0 kB
CommitLimit:     3983448 kB
Committed_AS:   15350680 kB
VmallocTotal:   34359738367 kB
VmallocUsed:      360480 kB
VmallocChunk:   34358945788 kB
HardwareCorrupted:     0 kB
AnonHugePages:   1464320 kB
CmaTotal:              0 kB
CmaFree:               0 kB
HugePages_Total:       0
HugePages_Free:        0
HugePages_Rsvd:        0
HugePages_Surp:        0
Hugepagesize:       2048 kB
DirectMap4k:      141020 kB
DirectMap2M:     8040448 kB


CPU:total 4 (2 cores per cpu, 2 threads per core) family 6 model 37 stepping 5, cmov, cx8, fxsr, mmx, sse, sse2, sse3, ssse3, sse4.1, sse4.2, popcnt, ht, tsc, tscinvbit

/proc/cpuinfo:
processor	: 0
vendor_id	: GenuineIntel
cpu family	: 6
model		: 37
model name	: Intel(R) Core(TM) i3 CPU         540  @ 3.07GHz
stepping	: 5
microcode	: 0x2
cpu MHz		: 3059.000
cache size	: 4096 KB
physical id	: 0
siblings	: 4
core id		: 0
cpu cores	: 2
apicid		: 0
initial apicid	: 0
fpu		: yes
fpu_exception	: yes
cpuid level	: 11
wp		: yes
flags		: fpu vme de pse tsc msr pae mce cx8 apic sep mtrr pge mca cmov pat pse36 clflush dts acpi mmx fxsr sse sse2 ss ht tm pbe syscall nx rdtscp lm constant_tsc arch_perfmon pebs bts rep_good nopl xtopology nonstop_tsc aperfmperf pni dtes64 monitor ds_cpl vmx est tm2 ssse3 cx16 xtpr pdcm pcid sse4_1 sse4_2 popcnt lahf_lm arat dtherm tpr_shadow vnmi flexpriority ept vpid
bugs		:
bogomips	: 6117.89
clflush size	: 64
cache_alignment	: 64
address sizes	: 36 bits physical, 48 bits virtual
power management:

processor	: 1
vendor_id	: GenuineIntel
cpu family	: 6
model		: 37
model name	: Intel(R) Core(TM) i3 CPU         540  @ 3.07GHz
stepping	: 5
microcode	: 0x2
cpu MHz		: 3059.000
cache size	: 4096 KB
physical id	: 0
siblings	: 4
core id		: 0
cpu cores	: 2
apicid		: 1
initial apicid	: 1
fpu		: yes
fpu_exception	: yes
cpuid level	: 11
wp		: yes
flags		: fpu vme de pse tsc msr pae mce cx8 apic sep mtrr pge mca cmov pat pse36 clflush dts acpi mmx fxsr sse sse2 ss ht tm pbe syscall nx rdtscp lm constant_tsc arch_perfmon pebs bts rep_good nopl xtopology nonstop_tsc aperfmperf pni dtes64 monitor ds_cpl vmx est tm2 ssse3 cx16 xtpr pdcm pcid sse4_1 sse4_2 popcnt lahf_lm arat dtherm tpr_shadow vnmi flexpriority ept vpid
bugs		:
bogomips	: 6117.89
clflush size	: 64
cache_alignment	: 64
address sizes	: 36 bits physical, 48 bits virtual
power management:

processor	: 2
vendor_id	: GenuineIntel
cpu family	: 6
model		: 37
model name	: Intel(R) Core(TM) i3 CPU         540  @ 3.07GHz
stepping	: 5
microcode	: 0x2
cpu MHz		: 3059.000
cache size	: 4096 KB
physical id	: 0
siblings	: 4
core id		: 2
cpu cores	: 2
apicid		: 4
initial apicid	: 4
fpu		: yes
fpu_exception	: yes
cpuid level	: 11
wp		: yes
flags		: fpu vme de pse tsc msr pae mce cx8 apic sep mtrr pge mca cmov pat pse36 clflush dts acpi mmx fxsr sse sse2 ss ht tm pbe syscall nx rdtscp lm constant_tsc arch_perfmon pebs bts rep_good nopl xtopology nonstop_tsc aperfmperf pni dtes64 monitor ds_cpl vmx est tm2 ssse3 cx16 xtpr pdcm pcid sse4_1 sse4_2 popcnt lahf_lm arat dtherm tpr_shadow vnmi flexpriority ept vpid
bugs		:
bogomips	: 6117.89
clflush size	: 64
cache_alignment	: 64
address sizes	: 36 bits physical, 48 bits virtual
power management:

processor	: 3
vendor_id	: GenuineIntel
cpu family	: 6
model		: 37
model name	: Intel(R) Core(TM) i3 CPU         540  @ 3.07GHz
stepping	: 5
microcode	: 0x2
cpu MHz		: 3059.000
cache size	: 4096 KB
physical id	: 0
siblings	: 4
core id		: 2
cpu cores	: 2
apicid		: 5
initial apicid	: 5
fpu		: yes
fpu_exception	: yes
cpuid level	: 11
wp		: yes
flags		: fpu vme de pse tsc msr pae mce cx8 apic sep mtrr pge mca cmov pat pse36 clflush dts acpi mmx fxsr sse sse2 ss ht tm pbe syscall nx rdtscp lm constant_tsc arch_perfmon pebs bts rep_good nopl xtopology nonstop_tsc aperfmperf pni dtes64 monitor ds_cpl vmx est tm2 ssse3 cx16 xtpr pdcm pcid sse4_1 sse4_2 popcnt lahf_lm arat dtherm tpr_shadow vnmi flexpriority ept vpid
bugs		:
bogomips	: 6117.89
clflush size	: 64
cache_alignment	: 64
address sizes	: 36 bits physical, 48 bits virtual
power management:



Memory: 4k page, physical 7966900k(51936k free), swap 0k(0k free)

vm_info: OpenJDK 64-Bit Server VM (24.95-b01) for linux-amd64 JRE (1.7.0_95-b00), built on Mar 24 2016 06:07:15 by "buildd" with gcc 5.2.1 20151010

time: Fri Apr  8 10:02:42 2016
elapsed time: 63 seconds

